[2024-10-16T03:51:27.732+0000] {processor.py:186} INFO - Started process (PID=94) to work on /home/airflow/.local/lib/python3.12/site-packages/airflow/example_dags/example_skip_dag.py
[2024-10-16T03:51:27.732+0000] {processor.py:914} INFO - Processing file /home/airflow/.local/lib/python3.12/site-packages/airflow/example_dags/example_skip_dag.py for tasks to queue
[2024-10-16T03:51:27.733+0000] {logging_mixin.py:190} INFO - [2024-10-16T03:51:27.733+0000] {dagbag.py:588} INFO - Filling up the DagBag from /home/airflow/.local/lib/python3.12/site-packages/airflow/example_dags/example_skip_dag.py
[2024-10-16T03:51:27.737+0000] {processor.py:925} INFO - DAG(s) 'example_skip_dag' retrieved from /home/airflow/.local/lib/python3.12/site-packages/airflow/example_dags/example_skip_dag.py
[2024-10-16T03:51:27.746+0000] {logging_mixin.py:190} INFO - [2024-10-16T03:51:27.746+0000] {dag.py:3239} INFO - Sync 1 DAGs
[2024-10-16T03:51:27.755+0000] {logging_mixin.py:190} INFO - [2024-10-16T03:51:27.755+0000] {dag.py:4180} INFO - Setting next_dagrun for example_skip_dag to 2024-10-15 00:00:00+00:00, run_after=2024-10-16 00:00:00+00:00
[2024-10-16T03:51:27.761+0000] {processor.py:208} INFO - Processing /home/airflow/.local/lib/python3.12/site-packages/airflow/example_dags/example_skip_dag.py took 0.032 seconds
[2024-10-16T03:51:59.113+0000] {processor.py:186} INFO - Started process (PID=155) to work on /home/airflow/.local/lib/python3.12/site-packages/airflow/example_dags/example_skip_dag.py
[2024-10-16T03:51:59.115+0000] {processor.py:914} INFO - Processing file /home/airflow/.local/lib/python3.12/site-packages/airflow/example_dags/example_skip_dag.py for tasks to queue
[2024-10-16T03:51:59.116+0000] {logging_mixin.py:190} INFO - [2024-10-16T03:51:59.116+0000] {dagbag.py:588} INFO - Filling up the DagBag from /home/airflow/.local/lib/python3.12/site-packages/airflow/example_dags/example_skip_dag.py
[2024-10-16T03:51:59.120+0000] {processor.py:925} INFO - DAG(s) 'example_skip_dag' retrieved from /home/airflow/.local/lib/python3.12/site-packages/airflow/example_dags/example_skip_dag.py
[2024-10-16T03:51:59.129+0000] {logging_mixin.py:190} INFO - [2024-10-16T03:51:59.129+0000] {dag.py:3239} INFO - Sync 1 DAGs
[2024-10-16T03:51:59.140+0000] {logging_mixin.py:190} INFO - [2024-10-16T03:51:59.140+0000] {dag.py:4180} INFO - Setting next_dagrun for example_skip_dag to 2024-10-15 00:00:00+00:00, run_after=2024-10-16 00:00:00+00:00
[2024-10-16T03:51:59.149+0000] {processor.py:208} INFO - Processing /home/airflow/.local/lib/python3.12/site-packages/airflow/example_dags/example_skip_dag.py took 0.039 seconds
[2024-10-16T03:52:29.222+0000] {processor.py:186} INFO - Started process (PID=217) to work on /home/airflow/.local/lib/python3.12/site-packages/airflow/example_dags/example_skip_dag.py
[2024-10-16T03:52:29.223+0000] {processor.py:914} INFO - Processing file /home/airflow/.local/lib/python3.12/site-packages/airflow/example_dags/example_skip_dag.py for tasks to queue
[2024-10-16T03:52:29.223+0000] {logging_mixin.py:190} INFO - [2024-10-16T03:52:29.223+0000] {dagbag.py:588} INFO - Filling up the DagBag from /home/airflow/.local/lib/python3.12/site-packages/airflow/example_dags/example_skip_dag.py
[2024-10-16T03:52:29.227+0000] {processor.py:925} INFO - DAG(s) 'example_skip_dag' retrieved from /home/airflow/.local/lib/python3.12/site-packages/airflow/example_dags/example_skip_dag.py
[2024-10-16T03:52:29.236+0000] {logging_mixin.py:190} INFO - [2024-10-16T03:52:29.235+0000] {dag.py:3239} INFO - Sync 1 DAGs
[2024-10-16T03:52:29.245+0000] {logging_mixin.py:190} INFO - [2024-10-16T03:52:29.245+0000] {dag.py:4180} INFO - Setting next_dagrun for example_skip_dag to 2024-10-15 00:00:00+00:00, run_after=2024-10-16 00:00:00+00:00
[2024-10-16T03:52:29.251+0000] {processor.py:208} INFO - Processing /home/airflow/.local/lib/python3.12/site-packages/airflow/example_dags/example_skip_dag.py took 0.032 seconds
[2024-10-16T03:52:59.286+0000] {processor.py:186} INFO - Started process (PID=279) to work on /home/airflow/.local/lib/python3.12/site-packages/airflow/example_dags/example_skip_dag.py
[2024-10-16T03:52:59.287+0000] {processor.py:914} INFO - Processing file /home/airflow/.local/lib/python3.12/site-packages/airflow/example_dags/example_skip_dag.py for tasks to queue
[2024-10-16T03:52:59.290+0000] {logging_mixin.py:190} INFO - [2024-10-16T03:52:59.290+0000] {dagbag.py:588} INFO - Filling up the DagBag from /home/airflow/.local/lib/python3.12/site-packages/airflow/example_dags/example_skip_dag.py
[2024-10-16T03:52:59.295+0000] {processor.py:925} INFO - DAG(s) 'example_skip_dag' retrieved from /home/airflow/.local/lib/python3.12/site-packages/airflow/example_dags/example_skip_dag.py
[2024-10-16T03:52:59.307+0000] {logging_mixin.py:190} INFO - [2024-10-16T03:52:59.307+0000] {dag.py:3239} INFO - Sync 1 DAGs
[2024-10-16T03:52:59.317+0000] {logging_mixin.py:190} INFO - [2024-10-16T03:52:59.317+0000] {dag.py:4180} INFO - Setting next_dagrun for example_skip_dag to 2024-10-15 00:00:00+00:00, run_after=2024-10-16 00:00:00+00:00
[2024-10-16T03:52:59.325+0000] {processor.py:208} INFO - Processing /home/airflow/.local/lib/python3.12/site-packages/airflow/example_dags/example_skip_dag.py took 0.043 seconds
[2024-10-16T03:53:30.282+0000] {processor.py:186} INFO - Started process (PID=341) to work on /home/airflow/.local/lib/python3.12/site-packages/airflow/example_dags/example_skip_dag.py
[2024-10-16T03:53:30.283+0000] {processor.py:914} INFO - Processing file /home/airflow/.local/lib/python3.12/site-packages/airflow/example_dags/example_skip_dag.py for tasks to queue
[2024-10-16T03:53:30.284+0000] {logging_mixin.py:190} INFO - [2024-10-16T03:53:30.284+0000] {dagbag.py:588} INFO - Filling up the DagBag from /home/airflow/.local/lib/python3.12/site-packages/airflow/example_dags/example_skip_dag.py
[2024-10-16T03:53:30.287+0000] {processor.py:925} INFO - DAG(s) 'example_skip_dag' retrieved from /home/airflow/.local/lib/python3.12/site-packages/airflow/example_dags/example_skip_dag.py
[2024-10-16T03:53:30.295+0000] {logging_mixin.py:190} INFO - [2024-10-16T03:53:30.295+0000] {dag.py:3239} INFO - Sync 1 DAGs
[2024-10-16T03:53:30.304+0000] {logging_mixin.py:190} INFO - [2024-10-16T03:53:30.304+0000] {dag.py:4180} INFO - Setting next_dagrun for example_skip_dag to 2024-10-15 00:00:00+00:00, run_after=2024-10-16 00:00:00+00:00
[2024-10-16T03:53:30.310+0000] {processor.py:208} INFO - Processing /home/airflow/.local/lib/python3.12/site-packages/airflow/example_dags/example_skip_dag.py took 0.031 seconds
[2024-10-16T03:54:01.270+0000] {processor.py:186} INFO - Started process (PID=403) to work on /home/airflow/.local/lib/python3.12/site-packages/airflow/example_dags/example_skip_dag.py
[2024-10-16T03:54:01.271+0000] {processor.py:914} INFO - Processing file /home/airflow/.local/lib/python3.12/site-packages/airflow/example_dags/example_skip_dag.py for tasks to queue
[2024-10-16T03:54:01.272+0000] {logging_mixin.py:190} INFO - [2024-10-16T03:54:01.272+0000] {dagbag.py:588} INFO - Filling up the DagBag from /home/airflow/.local/lib/python3.12/site-packages/airflow/example_dags/example_skip_dag.py
[2024-10-16T03:54:01.276+0000] {processor.py:925} INFO - DAG(s) 'example_skip_dag' retrieved from /home/airflow/.local/lib/python3.12/site-packages/airflow/example_dags/example_skip_dag.py
[2024-10-16T03:54:01.285+0000] {logging_mixin.py:190} INFO - [2024-10-16T03:54:01.285+0000] {dag.py:3239} INFO - Sync 1 DAGs
[2024-10-16T03:54:01.296+0000] {logging_mixin.py:190} INFO - [2024-10-16T03:54:01.296+0000] {dag.py:4180} INFO - Setting next_dagrun for example_skip_dag to 2024-10-15 00:00:00+00:00, run_after=2024-10-16 00:00:00+00:00
[2024-10-16T03:54:01.303+0000] {processor.py:208} INFO - Processing /home/airflow/.local/lib/python3.12/site-packages/airflow/example_dags/example_skip_dag.py took 0.035 seconds
[2024-10-16T03:54:32.202+0000] {processor.py:186} INFO - Started process (PID=465) to work on /home/airflow/.local/lib/python3.12/site-packages/airflow/example_dags/example_skip_dag.py
[2024-10-16T03:54:32.202+0000] {processor.py:914} INFO - Processing file /home/airflow/.local/lib/python3.12/site-packages/airflow/example_dags/example_skip_dag.py for tasks to queue
[2024-10-16T03:54:32.203+0000] {logging_mixin.py:190} INFO - [2024-10-16T03:54:32.203+0000] {dagbag.py:588} INFO - Filling up the DagBag from /home/airflow/.local/lib/python3.12/site-packages/airflow/example_dags/example_skip_dag.py
[2024-10-16T03:54:32.207+0000] {processor.py:925} INFO - DAG(s) 'example_skip_dag' retrieved from /home/airflow/.local/lib/python3.12/site-packages/airflow/example_dags/example_skip_dag.py
[2024-10-16T03:54:32.217+0000] {logging_mixin.py:190} INFO - [2024-10-16T03:54:32.217+0000] {dag.py:3239} INFO - Sync 1 DAGs
[2024-10-16T03:54:32.230+0000] {logging_mixin.py:190} INFO - [2024-10-16T03:54:32.230+0000] {dag.py:4180} INFO - Setting next_dagrun for example_skip_dag to 2024-10-15 00:00:00+00:00, run_after=2024-10-16 00:00:00+00:00
[2024-10-16T03:54:32.237+0000] {processor.py:208} INFO - Processing /home/airflow/.local/lib/python3.12/site-packages/airflow/example_dags/example_skip_dag.py took 0.039 seconds
[2024-10-16T03:55:03.210+0000] {processor.py:186} INFO - Started process (PID=527) to work on /home/airflow/.local/lib/python3.12/site-packages/airflow/example_dags/example_skip_dag.py
[2024-10-16T03:55:03.210+0000] {processor.py:914} INFO - Processing file /home/airflow/.local/lib/python3.12/site-packages/airflow/example_dags/example_skip_dag.py for tasks to queue
[2024-10-16T03:55:03.211+0000] {logging_mixin.py:190} INFO - [2024-10-16T03:55:03.211+0000] {dagbag.py:588} INFO - Filling up the DagBag from /home/airflow/.local/lib/python3.12/site-packages/airflow/example_dags/example_skip_dag.py
[2024-10-16T03:55:03.215+0000] {processor.py:925} INFO - DAG(s) 'example_skip_dag' retrieved from /home/airflow/.local/lib/python3.12/site-packages/airflow/example_dags/example_skip_dag.py
[2024-10-16T03:55:03.223+0000] {logging_mixin.py:190} INFO - [2024-10-16T03:55:03.223+0000] {dag.py:3239} INFO - Sync 1 DAGs
[2024-10-16T03:55:03.231+0000] {logging_mixin.py:190} INFO - [2024-10-16T03:55:03.231+0000] {dag.py:4180} INFO - Setting next_dagrun for example_skip_dag to 2024-10-15 00:00:00+00:00, run_after=2024-10-16 00:00:00+00:00
[2024-10-16T03:55:03.238+0000] {processor.py:208} INFO - Processing /home/airflow/.local/lib/python3.12/site-packages/airflow/example_dags/example_skip_dag.py took 0.031 seconds
[2024-10-16T03:55:34.344+0000] {processor.py:186} INFO - Started process (PID=589) to work on /home/airflow/.local/lib/python3.12/site-packages/airflow/example_dags/example_skip_dag.py
[2024-10-16T03:55:34.344+0000] {processor.py:914} INFO - Processing file /home/airflow/.local/lib/python3.12/site-packages/airflow/example_dags/example_skip_dag.py for tasks to queue
[2024-10-16T03:55:34.345+0000] {logging_mixin.py:190} INFO - [2024-10-16T03:55:34.345+0000] {dagbag.py:588} INFO - Filling up the DagBag from /home/airflow/.local/lib/python3.12/site-packages/airflow/example_dags/example_skip_dag.py
[2024-10-16T03:55:34.349+0000] {processor.py:925} INFO - DAG(s) 'example_skip_dag' retrieved from /home/airflow/.local/lib/python3.12/site-packages/airflow/example_dags/example_skip_dag.py
[2024-10-16T03:55:34.357+0000] {logging_mixin.py:190} INFO - [2024-10-16T03:55:34.357+0000] {dag.py:3239} INFO - Sync 1 DAGs
[2024-10-16T03:55:34.367+0000] {logging_mixin.py:190} INFO - [2024-10-16T03:55:34.367+0000] {dag.py:4180} INFO - Setting next_dagrun for example_skip_dag to 2024-10-15 00:00:00+00:00, run_after=2024-10-16 00:00:00+00:00
[2024-10-16T03:55:34.378+0000] {processor.py:208} INFO - Processing /home/airflow/.local/lib/python3.12/site-packages/airflow/example_dags/example_skip_dag.py took 0.037 seconds
[2024-10-16T03:56:04.577+0000] {processor.py:186} INFO - Started process (PID=651) to work on /home/airflow/.local/lib/python3.12/site-packages/airflow/example_dags/example_skip_dag.py
[2024-10-16T03:56:04.577+0000] {processor.py:914} INFO - Processing file /home/airflow/.local/lib/python3.12/site-packages/airflow/example_dags/example_skip_dag.py for tasks to queue
[2024-10-16T03:56:04.578+0000] {logging_mixin.py:190} INFO - [2024-10-16T03:56:04.578+0000] {dagbag.py:588} INFO - Filling up the DagBag from /home/airflow/.local/lib/python3.12/site-packages/airflow/example_dags/example_skip_dag.py
[2024-10-16T03:56:04.582+0000] {processor.py:925} INFO - DAG(s) 'example_skip_dag' retrieved from /home/airflow/.local/lib/python3.12/site-packages/airflow/example_dags/example_skip_dag.py
[2024-10-16T03:56:04.592+0000] {logging_mixin.py:190} INFO - [2024-10-16T03:56:04.592+0000] {dag.py:3239} INFO - Sync 1 DAGs
[2024-10-16T03:56:04.602+0000] {logging_mixin.py:190} INFO - [2024-10-16T03:56:04.602+0000] {dag.py:4180} INFO - Setting next_dagrun for example_skip_dag to 2024-10-15 00:00:00+00:00, run_after=2024-10-16 00:00:00+00:00
[2024-10-16T03:56:04.611+0000] {processor.py:208} INFO - Processing /home/airflow/.local/lib/python3.12/site-packages/airflow/example_dags/example_skip_dag.py took 0.036 seconds
[2024-10-16T03:56:36.002+0000] {processor.py:186} INFO - Started process (PID=713) to work on /home/airflow/.local/lib/python3.12/site-packages/airflow/example_dags/example_skip_dag.py
[2024-10-16T03:56:36.003+0000] {processor.py:914} INFO - Processing file /home/airflow/.local/lib/python3.12/site-packages/airflow/example_dags/example_skip_dag.py for tasks to queue
[2024-10-16T03:56:36.004+0000] {logging_mixin.py:190} INFO - [2024-10-16T03:56:36.004+0000] {dagbag.py:588} INFO - Filling up the DagBag from /home/airflow/.local/lib/python3.12/site-packages/airflow/example_dags/example_skip_dag.py
[2024-10-16T03:56:36.007+0000] {processor.py:925} INFO - DAG(s) 'example_skip_dag' retrieved from /home/airflow/.local/lib/python3.12/site-packages/airflow/example_dags/example_skip_dag.py
[2024-10-16T03:56:36.016+0000] {logging_mixin.py:190} INFO - [2024-10-16T03:56:36.015+0000] {dag.py:3239} INFO - Sync 1 DAGs
[2024-10-16T03:56:36.034+0000] {logging_mixin.py:190} INFO - [2024-10-16T03:56:36.033+0000] {dag.py:4180} INFO - Setting next_dagrun for example_skip_dag to 2024-10-15 00:00:00+00:00, run_after=2024-10-16 00:00:00+00:00
[2024-10-16T03:56:36.042+0000] {processor.py:208} INFO - Processing /home/airflow/.local/lib/python3.12/site-packages/airflow/example_dags/example_skip_dag.py took 0.042 seconds
[2024-10-16T03:57:07.071+0000] {processor.py:186} INFO - Started process (PID=775) to work on /home/airflow/.local/lib/python3.12/site-packages/airflow/example_dags/example_skip_dag.py
[2024-10-16T03:57:07.072+0000] {processor.py:914} INFO - Processing file /home/airflow/.local/lib/python3.12/site-packages/airflow/example_dags/example_skip_dag.py for tasks to queue
[2024-10-16T03:57:07.073+0000] {logging_mixin.py:190} INFO - [2024-10-16T03:57:07.073+0000] {dagbag.py:588} INFO - Filling up the DagBag from /home/airflow/.local/lib/python3.12/site-packages/airflow/example_dags/example_skip_dag.py
[2024-10-16T03:57:07.077+0000] {processor.py:925} INFO - DAG(s) 'example_skip_dag' retrieved from /home/airflow/.local/lib/python3.12/site-packages/airflow/example_dags/example_skip_dag.py
[2024-10-16T03:57:07.085+0000] {logging_mixin.py:190} INFO - [2024-10-16T03:57:07.085+0000] {dag.py:3239} INFO - Sync 1 DAGs
[2024-10-16T03:57:07.094+0000] {logging_mixin.py:190} INFO - [2024-10-16T03:57:07.094+0000] {dag.py:4180} INFO - Setting next_dagrun for example_skip_dag to 2024-10-15 00:00:00+00:00, run_after=2024-10-16 00:00:00+00:00
[2024-10-16T03:57:07.100+0000] {processor.py:208} INFO - Processing /home/airflow/.local/lib/python3.12/site-packages/airflow/example_dags/example_skip_dag.py took 0.032 seconds
[2024-10-16T03:57:37.944+0000] {processor.py:186} INFO - Started process (PID=837) to work on /home/airflow/.local/lib/python3.12/site-packages/airflow/example_dags/example_skip_dag.py
[2024-10-16T03:57:37.945+0000] {processor.py:914} INFO - Processing file /home/airflow/.local/lib/python3.12/site-packages/airflow/example_dags/example_skip_dag.py for tasks to queue
[2024-10-16T03:57:37.946+0000] {logging_mixin.py:190} INFO - [2024-10-16T03:57:37.946+0000] {dagbag.py:588} INFO - Filling up the DagBag from /home/airflow/.local/lib/python3.12/site-packages/airflow/example_dags/example_skip_dag.py
[2024-10-16T03:57:37.949+0000] {processor.py:925} INFO - DAG(s) 'example_skip_dag' retrieved from /home/airflow/.local/lib/python3.12/site-packages/airflow/example_dags/example_skip_dag.py
[2024-10-16T03:57:37.958+0000] {logging_mixin.py:190} INFO - [2024-10-16T03:57:37.958+0000] {dag.py:3239} INFO - Sync 1 DAGs
[2024-10-16T03:57:37.969+0000] {logging_mixin.py:190} INFO - [2024-10-16T03:57:37.969+0000] {dag.py:4180} INFO - Setting next_dagrun for example_skip_dag to 2024-10-15 00:00:00+00:00, run_after=2024-10-16 00:00:00+00:00
[2024-10-16T03:57:37.976+0000] {processor.py:208} INFO - Processing /home/airflow/.local/lib/python3.12/site-packages/airflow/example_dags/example_skip_dag.py took 0.035 seconds
[2024-10-16T03:58:08.498+0000] {processor.py:186} INFO - Started process (PID=899) to work on /home/airflow/.local/lib/python3.12/site-packages/airflow/example_dags/example_skip_dag.py
[2024-10-16T03:58:08.498+0000] {processor.py:914} INFO - Processing file /home/airflow/.local/lib/python3.12/site-packages/airflow/example_dags/example_skip_dag.py for tasks to queue
[2024-10-16T03:58:08.499+0000] {logging_mixin.py:190} INFO - [2024-10-16T03:58:08.499+0000] {dagbag.py:588} INFO - Filling up the DagBag from /home/airflow/.local/lib/python3.12/site-packages/airflow/example_dags/example_skip_dag.py
[2024-10-16T03:58:08.503+0000] {processor.py:925} INFO - DAG(s) 'example_skip_dag' retrieved from /home/airflow/.local/lib/python3.12/site-packages/airflow/example_dags/example_skip_dag.py
[2024-10-16T03:58:08.512+0000] {logging_mixin.py:190} INFO - [2024-10-16T03:58:08.512+0000] {dag.py:3239} INFO - Sync 1 DAGs
[2024-10-16T03:58:08.521+0000] {logging_mixin.py:190} INFO - [2024-10-16T03:58:08.521+0000] {dag.py:4180} INFO - Setting next_dagrun for example_skip_dag to 2024-10-15 00:00:00+00:00, run_after=2024-10-16 00:00:00+00:00
[2024-10-16T03:58:08.528+0000] {processor.py:208} INFO - Processing /home/airflow/.local/lib/python3.12/site-packages/airflow/example_dags/example_skip_dag.py took 0.032 seconds
[2024-10-16T03:58:38.646+0000] {processor.py:186} INFO - Started process (PID=961) to work on /home/airflow/.local/lib/python3.12/site-packages/airflow/example_dags/example_skip_dag.py
[2024-10-16T03:58:38.646+0000] {processor.py:914} INFO - Processing file /home/airflow/.local/lib/python3.12/site-packages/airflow/example_dags/example_skip_dag.py for tasks to queue
[2024-10-16T03:58:38.647+0000] {logging_mixin.py:190} INFO - [2024-10-16T03:58:38.647+0000] {dagbag.py:588} INFO - Filling up the DagBag from /home/airflow/.local/lib/python3.12/site-packages/airflow/example_dags/example_skip_dag.py
[2024-10-16T03:58:38.651+0000] {processor.py:925} INFO - DAG(s) 'example_skip_dag' retrieved from /home/airflow/.local/lib/python3.12/site-packages/airflow/example_dags/example_skip_dag.py
[2024-10-16T03:58:38.660+0000] {logging_mixin.py:190} INFO - [2024-10-16T03:58:38.660+0000] {dag.py:3239} INFO - Sync 1 DAGs
[2024-10-16T03:58:38.671+0000] {logging_mixin.py:190} INFO - [2024-10-16T03:58:38.670+0000] {dag.py:4180} INFO - Setting next_dagrun for example_skip_dag to 2024-10-15 00:00:00+00:00, run_after=2024-10-16 00:00:00+00:00
[2024-10-16T03:58:38.677+0000] {processor.py:208} INFO - Processing /home/airflow/.local/lib/python3.12/site-packages/airflow/example_dags/example_skip_dag.py took 0.034 seconds
[2024-10-16T03:59:09.742+0000] {processor.py:186} INFO - Started process (PID=1023) to work on /home/airflow/.local/lib/python3.12/site-packages/airflow/example_dags/example_skip_dag.py
[2024-10-16T03:59:09.742+0000] {processor.py:914} INFO - Processing file /home/airflow/.local/lib/python3.12/site-packages/airflow/example_dags/example_skip_dag.py for tasks to queue
[2024-10-16T03:59:09.743+0000] {logging_mixin.py:190} INFO - [2024-10-16T03:59:09.743+0000] {dagbag.py:588} INFO - Filling up the DagBag from /home/airflow/.local/lib/python3.12/site-packages/airflow/example_dags/example_skip_dag.py
[2024-10-16T03:59:09.747+0000] {processor.py:925} INFO - DAG(s) 'example_skip_dag' retrieved from /home/airflow/.local/lib/python3.12/site-packages/airflow/example_dags/example_skip_dag.py
[2024-10-16T03:59:09.757+0000] {logging_mixin.py:190} INFO - [2024-10-16T03:59:09.757+0000] {dag.py:3239} INFO - Sync 1 DAGs
[2024-10-16T03:59:09.768+0000] {logging_mixin.py:190} INFO - [2024-10-16T03:59:09.768+0000] {dag.py:4180} INFO - Setting next_dagrun for example_skip_dag to 2024-10-15 00:00:00+00:00, run_after=2024-10-16 00:00:00+00:00
[2024-10-16T03:59:09.775+0000] {processor.py:208} INFO - Processing /home/airflow/.local/lib/python3.12/site-packages/airflow/example_dags/example_skip_dag.py took 0.036 seconds
[2024-10-16T03:59:40.997+0000] {processor.py:186} INFO - Started process (PID=1085) to work on /home/airflow/.local/lib/python3.12/site-packages/airflow/example_dags/example_skip_dag.py
[2024-10-16T03:59:40.998+0000] {processor.py:914} INFO - Processing file /home/airflow/.local/lib/python3.12/site-packages/airflow/example_dags/example_skip_dag.py for tasks to queue
[2024-10-16T03:59:41.001+0000] {logging_mixin.py:190} INFO - [2024-10-16T03:59:41.001+0000] {dagbag.py:588} INFO - Filling up the DagBag from /home/airflow/.local/lib/python3.12/site-packages/airflow/example_dags/example_skip_dag.py
[2024-10-16T03:59:41.009+0000] {processor.py:925} INFO - DAG(s) 'example_skip_dag' retrieved from /home/airflow/.local/lib/python3.12/site-packages/airflow/example_dags/example_skip_dag.py
[2024-10-16T03:59:41.025+0000] {logging_mixin.py:190} INFO - [2024-10-16T03:59:41.024+0000] {dag.py:3239} INFO - Sync 1 DAGs
[2024-10-16T03:59:41.040+0000] {logging_mixin.py:190} INFO - [2024-10-16T03:59:41.040+0000] {dag.py:4180} INFO - Setting next_dagrun for example_skip_dag to 2024-10-15 00:00:00+00:00, run_after=2024-10-16 00:00:00+00:00
[2024-10-16T03:59:41.049+0000] {processor.py:208} INFO - Processing /home/airflow/.local/lib/python3.12/site-packages/airflow/example_dags/example_skip_dag.py took 0.056 seconds
[2024-10-16T04:00:12.079+0000] {processor.py:186} INFO - Started process (PID=1147) to work on /home/airflow/.local/lib/python3.12/site-packages/airflow/example_dags/example_skip_dag.py
[2024-10-16T04:00:12.081+0000] {processor.py:914} INFO - Processing file /home/airflow/.local/lib/python3.12/site-packages/airflow/example_dags/example_skip_dag.py for tasks to queue
[2024-10-16T04:00:12.082+0000] {logging_mixin.py:190} INFO - [2024-10-16T04:00:12.082+0000] {dagbag.py:588} INFO - Filling up the DagBag from /home/airflow/.local/lib/python3.12/site-packages/airflow/example_dags/example_skip_dag.py
[2024-10-16T04:00:12.086+0000] {processor.py:925} INFO - DAG(s) 'example_skip_dag' retrieved from /home/airflow/.local/lib/python3.12/site-packages/airflow/example_dags/example_skip_dag.py
[2024-10-16T04:00:12.096+0000] {logging_mixin.py:190} INFO - [2024-10-16T04:00:12.096+0000] {dag.py:3239} INFO - Sync 1 DAGs
[2024-10-16T04:00:12.106+0000] {logging_mixin.py:190} INFO - [2024-10-16T04:00:12.106+0000] {dag.py:4180} INFO - Setting next_dagrun for example_skip_dag to 2024-10-15 00:00:00+00:00, run_after=2024-10-16 00:00:00+00:00
[2024-10-16T04:00:12.114+0000] {processor.py:208} INFO - Processing /home/airflow/.local/lib/python3.12/site-packages/airflow/example_dags/example_skip_dag.py took 0.037 seconds
[2024-10-16T04:00:42.205+0000] {processor.py:186} INFO - Started process (PID=1209) to work on /home/airflow/.local/lib/python3.12/site-packages/airflow/example_dags/example_skip_dag.py
[2024-10-16T04:00:42.205+0000] {processor.py:914} INFO - Processing file /home/airflow/.local/lib/python3.12/site-packages/airflow/example_dags/example_skip_dag.py for tasks to queue
[2024-10-16T04:00:42.206+0000] {logging_mixin.py:190} INFO - [2024-10-16T04:00:42.206+0000] {dagbag.py:588} INFO - Filling up the DagBag from /home/airflow/.local/lib/python3.12/site-packages/airflow/example_dags/example_skip_dag.py
[2024-10-16T04:00:42.209+0000] {processor.py:925} INFO - DAG(s) 'example_skip_dag' retrieved from /home/airflow/.local/lib/python3.12/site-packages/airflow/example_dags/example_skip_dag.py
[2024-10-16T04:00:42.217+0000] {logging_mixin.py:190} INFO - [2024-10-16T04:00:42.217+0000] {dag.py:3239} INFO - Sync 1 DAGs
[2024-10-16T04:00:42.227+0000] {logging_mixin.py:190} INFO - [2024-10-16T04:00:42.227+0000] {dag.py:4180} INFO - Setting next_dagrun for example_skip_dag to 2024-10-15 00:00:00+00:00, run_after=2024-10-16 00:00:00+00:00
[2024-10-16T04:00:42.233+0000] {processor.py:208} INFO - Processing /home/airflow/.local/lib/python3.12/site-packages/airflow/example_dags/example_skip_dag.py took 0.031 seconds
[2024-10-16T04:01:13.079+0000] {processor.py:186} INFO - Started process (PID=1271) to work on /home/airflow/.local/lib/python3.12/site-packages/airflow/example_dags/example_skip_dag.py
[2024-10-16T04:01:13.080+0000] {processor.py:914} INFO - Processing file /home/airflow/.local/lib/python3.12/site-packages/airflow/example_dags/example_skip_dag.py for tasks to queue
[2024-10-16T04:01:13.081+0000] {logging_mixin.py:190} INFO - [2024-10-16T04:01:13.081+0000] {dagbag.py:588} INFO - Filling up the DagBag from /home/airflow/.local/lib/python3.12/site-packages/airflow/example_dags/example_skip_dag.py
[2024-10-16T04:01:13.085+0000] {processor.py:925} INFO - DAG(s) 'example_skip_dag' retrieved from /home/airflow/.local/lib/python3.12/site-packages/airflow/example_dags/example_skip_dag.py
[2024-10-16T04:01:13.094+0000] {logging_mixin.py:190} INFO - [2024-10-16T04:01:13.094+0000] {dag.py:3239} INFO - Sync 1 DAGs
[2024-10-16T04:01:13.103+0000] {logging_mixin.py:190} INFO - [2024-10-16T04:01:13.103+0000] {dag.py:4180} INFO - Setting next_dagrun for example_skip_dag to 2024-10-15 00:00:00+00:00, run_after=2024-10-16 00:00:00+00:00
[2024-10-16T04:01:13.110+0000] {processor.py:208} INFO - Processing /home/airflow/.local/lib/python3.12/site-packages/airflow/example_dags/example_skip_dag.py took 0.033 seconds
[2024-10-16T04:01:44.150+0000] {processor.py:186} INFO - Started process (PID=1333) to work on /home/airflow/.local/lib/python3.12/site-packages/airflow/example_dags/example_skip_dag.py
[2024-10-16T04:01:44.151+0000] {processor.py:914} INFO - Processing file /home/airflow/.local/lib/python3.12/site-packages/airflow/example_dags/example_skip_dag.py for tasks to queue
[2024-10-16T04:01:44.152+0000] {logging_mixin.py:190} INFO - [2024-10-16T04:01:44.152+0000] {dagbag.py:588} INFO - Filling up the DagBag from /home/airflow/.local/lib/python3.12/site-packages/airflow/example_dags/example_skip_dag.py
[2024-10-16T04:01:44.155+0000] {processor.py:925} INFO - DAG(s) 'example_skip_dag' retrieved from /home/airflow/.local/lib/python3.12/site-packages/airflow/example_dags/example_skip_dag.py
[2024-10-16T04:01:44.164+0000] {logging_mixin.py:190} INFO - [2024-10-16T04:01:44.164+0000] {dag.py:3239} INFO - Sync 1 DAGs
[2024-10-16T04:01:44.172+0000] {logging_mixin.py:190} INFO - [2024-10-16T04:01:44.172+0000] {dag.py:4180} INFO - Setting next_dagrun for example_skip_dag to 2024-10-15 00:00:00+00:00, run_after=2024-10-16 00:00:00+00:00
[2024-10-16T04:01:44.178+0000] {processor.py:208} INFO - Processing /home/airflow/.local/lib/python3.12/site-packages/airflow/example_dags/example_skip_dag.py took 0.030 seconds
[2024-10-16T04:02:15.058+0000] {processor.py:186} INFO - Started process (PID=1395) to work on /home/airflow/.local/lib/python3.12/site-packages/airflow/example_dags/example_skip_dag.py
[2024-10-16T04:02:15.059+0000] {processor.py:914} INFO - Processing file /home/airflow/.local/lib/python3.12/site-packages/airflow/example_dags/example_skip_dag.py for tasks to queue
[2024-10-16T04:02:15.060+0000] {logging_mixin.py:190} INFO - [2024-10-16T04:02:15.060+0000] {dagbag.py:588} INFO - Filling up the DagBag from /home/airflow/.local/lib/python3.12/site-packages/airflow/example_dags/example_skip_dag.py
[2024-10-16T04:02:15.064+0000] {processor.py:925} INFO - DAG(s) 'example_skip_dag' retrieved from /home/airflow/.local/lib/python3.12/site-packages/airflow/example_dags/example_skip_dag.py
[2024-10-16T04:02:15.072+0000] {logging_mixin.py:190} INFO - [2024-10-16T04:02:15.072+0000] {dag.py:3239} INFO - Sync 1 DAGs
[2024-10-16T04:02:15.082+0000] {logging_mixin.py:190} INFO - [2024-10-16T04:02:15.082+0000] {dag.py:4180} INFO - Setting next_dagrun for example_skip_dag to 2024-10-15 00:00:00+00:00, run_after=2024-10-16 00:00:00+00:00
[2024-10-16T04:02:15.088+0000] {processor.py:208} INFO - Processing /home/airflow/.local/lib/python3.12/site-packages/airflow/example_dags/example_skip_dag.py took 0.032 seconds
[2024-10-16T04:02:45.911+0000] {processor.py:186} INFO - Started process (PID=1463) to work on /home/airflow/.local/lib/python3.12/site-packages/airflow/example_dags/example_skip_dag.py
[2024-10-16T04:02:45.911+0000] {processor.py:914} INFO - Processing file /home/airflow/.local/lib/python3.12/site-packages/airflow/example_dags/example_skip_dag.py for tasks to queue
[2024-10-16T04:02:45.912+0000] {logging_mixin.py:190} INFO - [2024-10-16T04:02:45.912+0000] {dagbag.py:588} INFO - Filling up the DagBag from /home/airflow/.local/lib/python3.12/site-packages/airflow/example_dags/example_skip_dag.py
[2024-10-16T04:02:45.916+0000] {processor.py:925} INFO - DAG(s) 'example_skip_dag' retrieved from /home/airflow/.local/lib/python3.12/site-packages/airflow/example_dags/example_skip_dag.py
[2024-10-16T04:02:45.924+0000] {logging_mixin.py:190} INFO - [2024-10-16T04:02:45.924+0000] {dag.py:3239} INFO - Sync 1 DAGs
[2024-10-16T04:02:45.933+0000] {logging_mixin.py:190} INFO - [2024-10-16T04:02:45.933+0000] {dag.py:4180} INFO - Setting next_dagrun for example_skip_dag to 2024-10-15 00:00:00+00:00, run_after=2024-10-16 00:00:00+00:00
[2024-10-16T04:02:45.939+0000] {processor.py:208} INFO - Processing /home/airflow/.local/lib/python3.12/site-packages/airflow/example_dags/example_skip_dag.py took 0.031 seconds
[2024-10-16T04:03:16.751+0000] {processor.py:186} INFO - Started process (PID=1525) to work on /home/airflow/.local/lib/python3.12/site-packages/airflow/example_dags/example_skip_dag.py
[2024-10-16T04:03:16.751+0000] {processor.py:914} INFO - Processing file /home/airflow/.local/lib/python3.12/site-packages/airflow/example_dags/example_skip_dag.py for tasks to queue
[2024-10-16T04:03:16.752+0000] {logging_mixin.py:190} INFO - [2024-10-16T04:03:16.752+0000] {dagbag.py:588} INFO - Filling up the DagBag from /home/airflow/.local/lib/python3.12/site-packages/airflow/example_dags/example_skip_dag.py
[2024-10-16T04:03:16.756+0000] {processor.py:925} INFO - DAG(s) 'example_skip_dag' retrieved from /home/airflow/.local/lib/python3.12/site-packages/airflow/example_dags/example_skip_dag.py
[2024-10-16T04:03:16.764+0000] {logging_mixin.py:190} INFO - [2024-10-16T04:03:16.764+0000] {dag.py:3239} INFO - Sync 1 DAGs
[2024-10-16T04:03:16.774+0000] {logging_mixin.py:190} INFO - [2024-10-16T04:03:16.774+0000] {dag.py:4180} INFO - Setting next_dagrun for example_skip_dag to 2024-10-15 00:00:00+00:00, run_after=2024-10-16 00:00:00+00:00
[2024-10-16T04:03:16.780+0000] {processor.py:208} INFO - Processing /home/airflow/.local/lib/python3.12/site-packages/airflow/example_dags/example_skip_dag.py took 0.032 seconds
[2024-10-16T04:03:47.661+0000] {processor.py:186} INFO - Started process (PID=1586) to work on /home/airflow/.local/lib/python3.12/site-packages/airflow/example_dags/example_skip_dag.py
[2024-10-16T04:03:47.661+0000] {processor.py:914} INFO - Processing file /home/airflow/.local/lib/python3.12/site-packages/airflow/example_dags/example_skip_dag.py for tasks to queue
[2024-10-16T04:03:47.662+0000] {logging_mixin.py:190} INFO - [2024-10-16T04:03:47.662+0000] {dagbag.py:588} INFO - Filling up the DagBag from /home/airflow/.local/lib/python3.12/site-packages/airflow/example_dags/example_skip_dag.py
[2024-10-16T04:03:47.665+0000] {processor.py:925} INFO - DAG(s) 'example_skip_dag' retrieved from /home/airflow/.local/lib/python3.12/site-packages/airflow/example_dags/example_skip_dag.py
[2024-10-16T04:03:47.673+0000] {logging_mixin.py:190} INFO - [2024-10-16T04:03:47.673+0000] {dag.py:3239} INFO - Sync 1 DAGs
[2024-10-16T04:03:47.681+0000] {logging_mixin.py:190} INFO - [2024-10-16T04:03:47.681+0000] {dag.py:4180} INFO - Setting next_dagrun for example_skip_dag to 2024-10-15 00:00:00+00:00, run_after=2024-10-16 00:00:00+00:00
[2024-10-16T04:03:47.687+0000] {processor.py:208} INFO - Processing /home/airflow/.local/lib/python3.12/site-packages/airflow/example_dags/example_skip_dag.py took 0.029 seconds
[2024-10-16T04:04:18.625+0000] {processor.py:186} INFO - Started process (PID=1648) to work on /home/airflow/.local/lib/python3.12/site-packages/airflow/example_dags/example_skip_dag.py
[2024-10-16T04:04:18.625+0000] {processor.py:914} INFO - Processing file /home/airflow/.local/lib/python3.12/site-packages/airflow/example_dags/example_skip_dag.py for tasks to queue
[2024-10-16T04:04:18.626+0000] {logging_mixin.py:190} INFO - [2024-10-16T04:04:18.626+0000] {dagbag.py:588} INFO - Filling up the DagBag from /home/airflow/.local/lib/python3.12/site-packages/airflow/example_dags/example_skip_dag.py
[2024-10-16T04:04:18.630+0000] {processor.py:925} INFO - DAG(s) 'example_skip_dag' retrieved from /home/airflow/.local/lib/python3.12/site-packages/airflow/example_dags/example_skip_dag.py
[2024-10-16T04:04:18.638+0000] {logging_mixin.py:190} INFO - [2024-10-16T04:04:18.638+0000] {dag.py:3239} INFO - Sync 1 DAGs
[2024-10-16T04:04:18.647+0000] {logging_mixin.py:190} INFO - [2024-10-16T04:04:18.647+0000] {dag.py:4180} INFO - Setting next_dagrun for example_skip_dag to 2024-10-15 00:00:00+00:00, run_after=2024-10-16 00:00:00+00:00
[2024-10-16T04:04:18.654+0000] {processor.py:208} INFO - Processing /home/airflow/.local/lib/python3.12/site-packages/airflow/example_dags/example_skip_dag.py took 0.032 seconds
