[2024-10-16T03:51:26.027+0000] {processor.py:186} INFO - Started process (PID=51) to work on /home/airflow/.local/lib/python3.12/site-packages/airflow/example_dags/example_sensor_decorator.py
[2024-10-16T03:51:26.028+0000] {processor.py:914} INFO - Processing file /home/airflow/.local/lib/python3.12/site-packages/airflow/example_dags/example_sensor_decorator.py for tasks to queue
[2024-10-16T03:51:26.031+0000] {logging_mixin.py:190} INFO - [2024-10-16T03:51:26.030+0000] {dagbag.py:588} INFO - Filling up the DagBag from /home/airflow/.local/lib/python3.12/site-packages/airflow/example_dags/example_sensor_decorator.py
[2024-10-16T03:51:26.043+0000] {processor.py:925} INFO - DAG(s) 'example_sensor_decorator' retrieved from /home/airflow/.local/lib/python3.12/site-packages/airflow/example_dags/example_sensor_decorator.py
[2024-10-16T03:51:26.069+0000] {logging_mixin.py:190} INFO - [2024-10-16T03:51:26.069+0000] {dag.py:3239} INFO - Sync 1 DAGs
[2024-10-16T03:51:26.078+0000] {logging_mixin.py:190} INFO - [2024-10-16T03:51:26.078+0000] {dag.py:4180} INFO - Setting next_dagrun for example_sensor_decorator to None, run_after=None
[2024-10-16T03:51:26.089+0000] {processor.py:208} INFO - Processing /home/airflow/.local/lib/python3.12/site-packages/airflow/example_dags/example_sensor_decorator.py took 0.067 seconds
[2024-10-16T03:51:56.490+0000] {processor.py:186} INFO - Started process (PID=112) to work on /home/airflow/.local/lib/python3.12/site-packages/airflow/example_dags/example_sensor_decorator.py
[2024-10-16T03:51:56.490+0000] {processor.py:914} INFO - Processing file /home/airflow/.local/lib/python3.12/site-packages/airflow/example_dags/example_sensor_decorator.py for tasks to queue
[2024-10-16T03:51:56.492+0000] {logging_mixin.py:190} INFO - [2024-10-16T03:51:56.491+0000] {dagbag.py:588} INFO - Filling up the DagBag from /home/airflow/.local/lib/python3.12/site-packages/airflow/example_dags/example_sensor_decorator.py
[2024-10-16T03:51:56.497+0000] {processor.py:925} INFO - DAG(s) 'example_sensor_decorator' retrieved from /home/airflow/.local/lib/python3.12/site-packages/airflow/example_dags/example_sensor_decorator.py
[2024-10-16T03:51:56.506+0000] {logging_mixin.py:190} INFO - [2024-10-16T03:51:56.505+0000] {dag.py:3239} INFO - Sync 1 DAGs
[2024-10-16T03:51:56.511+0000] {logging_mixin.py:190} INFO - [2024-10-16T03:51:56.511+0000] {dag.py:4180} INFO - Setting next_dagrun for example_sensor_decorator to None, run_after=None
[2024-10-16T03:51:56.518+0000] {processor.py:208} INFO - Processing /home/airflow/.local/lib/python3.12/site-packages/airflow/example_dags/example_sensor_decorator.py took 0.033 seconds
[2024-10-16T03:52:26.916+0000] {processor.py:186} INFO - Started process (PID=174) to work on /home/airflow/.local/lib/python3.12/site-packages/airflow/example_dags/example_sensor_decorator.py
[2024-10-16T03:52:26.916+0000] {processor.py:914} INFO - Processing file /home/airflow/.local/lib/python3.12/site-packages/airflow/example_dags/example_sensor_decorator.py for tasks to queue
[2024-10-16T03:52:26.917+0000] {logging_mixin.py:190} INFO - [2024-10-16T03:52:26.917+0000] {dagbag.py:588} INFO - Filling up the DagBag from /home/airflow/.local/lib/python3.12/site-packages/airflow/example_dags/example_sensor_decorator.py
[2024-10-16T03:52:26.921+0000] {processor.py:925} INFO - DAG(s) 'example_sensor_decorator' retrieved from /home/airflow/.local/lib/python3.12/site-packages/airflow/example_dags/example_sensor_decorator.py
[2024-10-16T03:52:26.928+0000] {logging_mixin.py:190} INFO - [2024-10-16T03:52:26.928+0000] {dag.py:3239} INFO - Sync 1 DAGs
[2024-10-16T03:52:26.934+0000] {logging_mixin.py:190} INFO - [2024-10-16T03:52:26.934+0000] {dag.py:4180} INFO - Setting next_dagrun for example_sensor_decorator to None, run_after=None
[2024-10-16T03:52:26.940+0000] {processor.py:208} INFO - Processing /home/airflow/.local/lib/python3.12/site-packages/airflow/example_dags/example_sensor_decorator.py took 0.027 seconds
[2024-10-16T03:52:57.976+0000] {processor.py:186} INFO - Started process (PID=236) to work on /home/airflow/.local/lib/python3.12/site-packages/airflow/example_dags/example_sensor_decorator.py
[2024-10-16T03:52:57.976+0000] {processor.py:914} INFO - Processing file /home/airflow/.local/lib/python3.12/site-packages/airflow/example_dags/example_sensor_decorator.py for tasks to queue
[2024-10-16T03:52:57.977+0000] {logging_mixin.py:190} INFO - [2024-10-16T03:52:57.977+0000] {dagbag.py:588} INFO - Filling up the DagBag from /home/airflow/.local/lib/python3.12/site-packages/airflow/example_dags/example_sensor_decorator.py
[2024-10-16T03:52:57.981+0000] {processor.py:925} INFO - DAG(s) 'example_sensor_decorator' retrieved from /home/airflow/.local/lib/python3.12/site-packages/airflow/example_dags/example_sensor_decorator.py
[2024-10-16T03:52:57.988+0000] {logging_mixin.py:190} INFO - [2024-10-16T03:52:57.988+0000] {dag.py:3239} INFO - Sync 1 DAGs
[2024-10-16T03:52:57.994+0000] {logging_mixin.py:190} INFO - [2024-10-16T03:52:57.994+0000] {dag.py:4180} INFO - Setting next_dagrun for example_sensor_decorator to None, run_after=None
[2024-10-16T03:52:58.001+0000] {processor.py:208} INFO - Processing /home/airflow/.local/lib/python3.12/site-packages/airflow/example_dags/example_sensor_decorator.py took 0.028 seconds
[2024-10-16T03:53:29.084+0000] {processor.py:186} INFO - Started process (PID=298) to work on /home/airflow/.local/lib/python3.12/site-packages/airflow/example_dags/example_sensor_decorator.py
[2024-10-16T03:53:29.084+0000] {processor.py:914} INFO - Processing file /home/airflow/.local/lib/python3.12/site-packages/airflow/example_dags/example_sensor_decorator.py for tasks to queue
[2024-10-16T03:53:29.085+0000] {logging_mixin.py:190} INFO - [2024-10-16T03:53:29.085+0000] {dagbag.py:588} INFO - Filling up the DagBag from /home/airflow/.local/lib/python3.12/site-packages/airflow/example_dags/example_sensor_decorator.py
[2024-10-16T03:53:29.089+0000] {processor.py:925} INFO - DAG(s) 'example_sensor_decorator' retrieved from /home/airflow/.local/lib/python3.12/site-packages/airflow/example_dags/example_sensor_decorator.py
[2024-10-16T03:53:29.096+0000] {logging_mixin.py:190} INFO - [2024-10-16T03:53:29.096+0000] {dag.py:3239} INFO - Sync 1 DAGs
[2024-10-16T03:53:29.102+0000] {logging_mixin.py:190} INFO - [2024-10-16T03:53:29.102+0000] {dag.py:4180} INFO - Setting next_dagrun for example_sensor_decorator to None, run_after=None
[2024-10-16T03:53:29.109+0000] {processor.py:208} INFO - Processing /home/airflow/.local/lib/python3.12/site-packages/airflow/example_dags/example_sensor_decorator.py took 0.027 seconds
[2024-10-16T03:54:00.015+0000] {processor.py:186} INFO - Started process (PID=360) to work on /home/airflow/.local/lib/python3.12/site-packages/airflow/example_dags/example_sensor_decorator.py
[2024-10-16T03:54:00.016+0000] {processor.py:914} INFO - Processing file /home/airflow/.local/lib/python3.12/site-packages/airflow/example_dags/example_sensor_decorator.py for tasks to queue
[2024-10-16T03:54:00.017+0000] {logging_mixin.py:190} INFO - [2024-10-16T03:54:00.017+0000] {dagbag.py:588} INFO - Filling up the DagBag from /home/airflow/.local/lib/python3.12/site-packages/airflow/example_dags/example_sensor_decorator.py
[2024-10-16T03:54:00.020+0000] {processor.py:925} INFO - DAG(s) 'example_sensor_decorator' retrieved from /home/airflow/.local/lib/python3.12/site-packages/airflow/example_dags/example_sensor_decorator.py
[2024-10-16T03:54:00.029+0000] {logging_mixin.py:190} INFO - [2024-10-16T03:54:00.029+0000] {dag.py:3239} INFO - Sync 1 DAGs
[2024-10-16T03:54:00.035+0000] {logging_mixin.py:190} INFO - [2024-10-16T03:54:00.035+0000] {dag.py:4180} INFO - Setting next_dagrun for example_sensor_decorator to None, run_after=None
[2024-10-16T03:54:00.043+0000] {processor.py:208} INFO - Processing /home/airflow/.local/lib/python3.12/site-packages/airflow/example_dags/example_sensor_decorator.py took 0.030 seconds
[2024-10-16T03:54:30.962+0000] {processor.py:186} INFO - Started process (PID=422) to work on /home/airflow/.local/lib/python3.12/site-packages/airflow/example_dags/example_sensor_decorator.py
[2024-10-16T03:54:30.962+0000] {processor.py:914} INFO - Processing file /home/airflow/.local/lib/python3.12/site-packages/airflow/example_dags/example_sensor_decorator.py for tasks to queue
[2024-10-16T03:54:30.963+0000] {logging_mixin.py:190} INFO - [2024-10-16T03:54:30.963+0000] {dagbag.py:588} INFO - Filling up the DagBag from /home/airflow/.local/lib/python3.12/site-packages/airflow/example_dags/example_sensor_decorator.py
[2024-10-16T03:54:30.967+0000] {processor.py:925} INFO - DAG(s) 'example_sensor_decorator' retrieved from /home/airflow/.local/lib/python3.12/site-packages/airflow/example_dags/example_sensor_decorator.py
[2024-10-16T03:54:30.975+0000] {logging_mixin.py:190} INFO - [2024-10-16T03:54:30.975+0000] {dag.py:3239} INFO - Sync 1 DAGs
[2024-10-16T03:54:30.981+0000] {logging_mixin.py:190} INFO - [2024-10-16T03:54:30.981+0000] {dag.py:4180} INFO - Setting next_dagrun for example_sensor_decorator to None, run_after=None
[2024-10-16T03:54:30.987+0000] {processor.py:208} INFO - Processing /home/airflow/.local/lib/python3.12/site-packages/airflow/example_dags/example_sensor_decorator.py took 0.028 seconds
[2024-10-16T03:55:02.001+0000] {processor.py:186} INFO - Started process (PID=484) to work on /home/airflow/.local/lib/python3.12/site-packages/airflow/example_dags/example_sensor_decorator.py
[2024-10-16T03:55:02.001+0000] {processor.py:914} INFO - Processing file /home/airflow/.local/lib/python3.12/site-packages/airflow/example_dags/example_sensor_decorator.py for tasks to queue
[2024-10-16T03:55:02.002+0000] {logging_mixin.py:190} INFO - [2024-10-16T03:55:02.002+0000] {dagbag.py:588} INFO - Filling up the DagBag from /home/airflow/.local/lib/python3.12/site-packages/airflow/example_dags/example_sensor_decorator.py
[2024-10-16T03:55:02.006+0000] {processor.py:925} INFO - DAG(s) 'example_sensor_decorator' retrieved from /home/airflow/.local/lib/python3.12/site-packages/airflow/example_dags/example_sensor_decorator.py
[2024-10-16T03:55:02.014+0000] {logging_mixin.py:190} INFO - [2024-10-16T03:55:02.013+0000] {dag.py:3239} INFO - Sync 1 DAGs
[2024-10-16T03:55:02.019+0000] {logging_mixin.py:190} INFO - [2024-10-16T03:55:02.019+0000] {dag.py:4180} INFO - Setting next_dagrun for example_sensor_decorator to None, run_after=None
[2024-10-16T03:55:02.026+0000] {processor.py:208} INFO - Processing /home/airflow/.local/lib/python3.12/site-packages/airflow/example_dags/example_sensor_decorator.py took 0.027 seconds
[2024-10-16T03:55:33.027+0000] {processor.py:186} INFO - Started process (PID=546) to work on /home/airflow/.local/lib/python3.12/site-packages/airflow/example_dags/example_sensor_decorator.py
[2024-10-16T03:55:33.027+0000] {processor.py:914} INFO - Processing file /home/airflow/.local/lib/python3.12/site-packages/airflow/example_dags/example_sensor_decorator.py for tasks to queue
[2024-10-16T03:55:33.028+0000] {logging_mixin.py:190} INFO - [2024-10-16T03:55:33.028+0000] {dagbag.py:588} INFO - Filling up the DagBag from /home/airflow/.local/lib/python3.12/site-packages/airflow/example_dags/example_sensor_decorator.py
[2024-10-16T03:55:33.033+0000] {processor.py:925} INFO - DAG(s) 'example_sensor_decorator' retrieved from /home/airflow/.local/lib/python3.12/site-packages/airflow/example_dags/example_sensor_decorator.py
[2024-10-16T03:55:33.043+0000] {logging_mixin.py:190} INFO - [2024-10-16T03:55:33.043+0000] {dag.py:3239} INFO - Sync 1 DAGs
[2024-10-16T03:55:33.049+0000] {logging_mixin.py:190} INFO - [2024-10-16T03:55:33.049+0000] {dag.py:4180} INFO - Setting next_dagrun for example_sensor_decorator to None, run_after=None
[2024-10-16T03:55:33.065+0000] {processor.py:208} INFO - Processing /home/airflow/.local/lib/python3.12/site-packages/airflow/example_dags/example_sensor_decorator.py took 0.041 seconds
[2024-10-16T03:56:03.215+0000] {processor.py:186} INFO - Started process (PID=608) to work on /home/airflow/.local/lib/python3.12/site-packages/airflow/example_dags/example_sensor_decorator.py
[2024-10-16T03:56:03.216+0000] {processor.py:914} INFO - Processing file /home/airflow/.local/lib/python3.12/site-packages/airflow/example_dags/example_sensor_decorator.py for tasks to queue
[2024-10-16T03:56:03.217+0000] {logging_mixin.py:190} INFO - [2024-10-16T03:56:03.217+0000] {dagbag.py:588} INFO - Filling up the DagBag from /home/airflow/.local/lib/python3.12/site-packages/airflow/example_dags/example_sensor_decorator.py
[2024-10-16T03:56:03.221+0000] {processor.py:925} INFO - DAG(s) 'example_sensor_decorator' retrieved from /home/airflow/.local/lib/python3.12/site-packages/airflow/example_dags/example_sensor_decorator.py
[2024-10-16T03:56:03.231+0000] {logging_mixin.py:190} INFO - [2024-10-16T03:56:03.230+0000] {dag.py:3239} INFO - Sync 1 DAGs
[2024-10-16T03:56:03.236+0000] {logging_mixin.py:190} INFO - [2024-10-16T03:56:03.236+0000] {dag.py:4180} INFO - Setting next_dagrun for example_sensor_decorator to None, run_after=None
[2024-10-16T03:56:03.244+0000] {processor.py:208} INFO - Processing /home/airflow/.local/lib/python3.12/site-packages/airflow/example_dags/example_sensor_decorator.py took 0.031 seconds
[2024-10-16T03:56:34.302+0000] {processor.py:186} INFO - Started process (PID=670) to work on /home/airflow/.local/lib/python3.12/site-packages/airflow/example_dags/example_sensor_decorator.py
[2024-10-16T03:56:34.302+0000] {processor.py:914} INFO - Processing file /home/airflow/.local/lib/python3.12/site-packages/airflow/example_dags/example_sensor_decorator.py for tasks to queue
[2024-10-16T03:56:34.303+0000] {logging_mixin.py:190} INFO - [2024-10-16T03:56:34.303+0000] {dagbag.py:588} INFO - Filling up the DagBag from /home/airflow/.local/lib/python3.12/site-packages/airflow/example_dags/example_sensor_decorator.py
[2024-10-16T03:56:34.307+0000] {processor.py:925} INFO - DAG(s) 'example_sensor_decorator' retrieved from /home/airflow/.local/lib/python3.12/site-packages/airflow/example_dags/example_sensor_decorator.py
[2024-10-16T03:56:34.318+0000] {logging_mixin.py:190} INFO - [2024-10-16T03:56:34.318+0000] {dag.py:3239} INFO - Sync 1 DAGs
[2024-10-16T03:56:34.341+0000] {logging_mixin.py:190} INFO - [2024-10-16T03:56:34.341+0000] {dag.py:4180} INFO - Setting next_dagrun for example_sensor_decorator to None, run_after=None
[2024-10-16T03:56:34.350+0000] {processor.py:208} INFO - Processing /home/airflow/.local/lib/python3.12/site-packages/airflow/example_dags/example_sensor_decorator.py took 0.051 seconds
[2024-10-16T03:57:04.672+0000] {processor.py:186} INFO - Started process (PID=732) to work on /home/airflow/.local/lib/python3.12/site-packages/airflow/example_dags/example_sensor_decorator.py
[2024-10-16T03:57:04.672+0000] {processor.py:914} INFO - Processing file /home/airflow/.local/lib/python3.12/site-packages/airflow/example_dags/example_sensor_decorator.py for tasks to queue
[2024-10-16T03:57:04.673+0000] {logging_mixin.py:190} INFO - [2024-10-16T03:57:04.673+0000] {dagbag.py:588} INFO - Filling up the DagBag from /home/airflow/.local/lib/python3.12/site-packages/airflow/example_dags/example_sensor_decorator.py
[2024-10-16T03:57:04.678+0000] {processor.py:925} INFO - DAG(s) 'example_sensor_decorator' retrieved from /home/airflow/.local/lib/python3.12/site-packages/airflow/example_dags/example_sensor_decorator.py
[2024-10-16T03:57:04.687+0000] {logging_mixin.py:190} INFO - [2024-10-16T03:57:04.687+0000] {dag.py:3239} INFO - Sync 1 DAGs
[2024-10-16T03:57:04.693+0000] {logging_mixin.py:190} INFO - [2024-10-16T03:57:04.693+0000] {dag.py:4180} INFO - Setting next_dagrun for example_sensor_decorator to None, run_after=None
[2024-10-16T03:57:04.701+0000] {processor.py:208} INFO - Processing /home/airflow/.local/lib/python3.12/site-packages/airflow/example_dags/example_sensor_decorator.py took 0.031 seconds
[2024-10-16T03:57:35.737+0000] {processor.py:186} INFO - Started process (PID=794) to work on /home/airflow/.local/lib/python3.12/site-packages/airflow/example_dags/example_sensor_decorator.py
[2024-10-16T03:57:35.737+0000] {processor.py:914} INFO - Processing file /home/airflow/.local/lib/python3.12/site-packages/airflow/example_dags/example_sensor_decorator.py for tasks to queue
[2024-10-16T03:57:35.738+0000] {logging_mixin.py:190} INFO - [2024-10-16T03:57:35.738+0000] {dagbag.py:588} INFO - Filling up the DagBag from /home/airflow/.local/lib/python3.12/site-packages/airflow/example_dags/example_sensor_decorator.py
[2024-10-16T03:57:35.742+0000] {processor.py:925} INFO - DAG(s) 'example_sensor_decorator' retrieved from /home/airflow/.local/lib/python3.12/site-packages/airflow/example_dags/example_sensor_decorator.py
[2024-10-16T03:57:35.750+0000] {logging_mixin.py:190} INFO - [2024-10-16T03:57:35.749+0000] {dag.py:3239} INFO - Sync 1 DAGs
[2024-10-16T03:57:35.755+0000] {logging_mixin.py:190} INFO - [2024-10-16T03:57:35.755+0000] {dag.py:4180} INFO - Setting next_dagrun for example_sensor_decorator to None, run_after=None
[2024-10-16T03:57:35.762+0000] {processor.py:208} INFO - Processing /home/airflow/.local/lib/python3.12/site-packages/airflow/example_dags/example_sensor_decorator.py took 0.027 seconds
[2024-10-16T03:58:06.646+0000] {processor.py:186} INFO - Started process (PID=856) to work on /home/airflow/.local/lib/python3.12/site-packages/airflow/example_dags/example_sensor_decorator.py
[2024-10-16T03:58:06.646+0000] {processor.py:914} INFO - Processing file /home/airflow/.local/lib/python3.12/site-packages/airflow/example_dags/example_sensor_decorator.py for tasks to queue
[2024-10-16T03:58:06.647+0000] {logging_mixin.py:190} INFO - [2024-10-16T03:58:06.647+0000] {dagbag.py:588} INFO - Filling up the DagBag from /home/airflow/.local/lib/python3.12/site-packages/airflow/example_dags/example_sensor_decorator.py
[2024-10-16T03:58:06.652+0000] {processor.py:925} INFO - DAG(s) 'example_sensor_decorator' retrieved from /home/airflow/.local/lib/python3.12/site-packages/airflow/example_dags/example_sensor_decorator.py
[2024-10-16T03:58:06.662+0000] {logging_mixin.py:190} INFO - [2024-10-16T03:58:06.662+0000] {dag.py:3239} INFO - Sync 1 DAGs
[2024-10-16T03:58:06.668+0000] {logging_mixin.py:190} INFO - [2024-10-16T03:58:06.668+0000] {dag.py:4180} INFO - Setting next_dagrun for example_sensor_decorator to None, run_after=None
[2024-10-16T03:58:06.679+0000] {processor.py:208} INFO - Processing /home/airflow/.local/lib/python3.12/site-packages/airflow/example_dags/example_sensor_decorator.py took 0.036 seconds
[2024-10-16T03:58:37.198+0000] {processor.py:186} INFO - Started process (PID=918) to work on /home/airflow/.local/lib/python3.12/site-packages/airflow/example_dags/example_sensor_decorator.py
[2024-10-16T03:58:37.198+0000] {processor.py:914} INFO - Processing file /home/airflow/.local/lib/python3.12/site-packages/airflow/example_dags/example_sensor_decorator.py for tasks to queue
[2024-10-16T03:58:37.199+0000] {logging_mixin.py:190} INFO - [2024-10-16T03:58:37.199+0000] {dagbag.py:588} INFO - Filling up the DagBag from /home/airflow/.local/lib/python3.12/site-packages/airflow/example_dags/example_sensor_decorator.py
[2024-10-16T03:58:37.203+0000] {processor.py:925} INFO - DAG(s) 'example_sensor_decorator' retrieved from /home/airflow/.local/lib/python3.12/site-packages/airflow/example_dags/example_sensor_decorator.py
[2024-10-16T03:58:37.212+0000] {logging_mixin.py:190} INFO - [2024-10-16T03:58:37.211+0000] {dag.py:3239} INFO - Sync 1 DAGs
[2024-10-16T03:58:37.222+0000] {logging_mixin.py:190} INFO - [2024-10-16T03:58:37.222+0000] {dag.py:4180} INFO - Setting next_dagrun for example_sensor_decorator to None, run_after=None
[2024-10-16T03:58:37.233+0000] {processor.py:208} INFO - Processing /home/airflow/.local/lib/python3.12/site-packages/airflow/example_dags/example_sensor_decorator.py took 0.038 seconds
[2024-10-16T03:59:08.289+0000] {processor.py:186} INFO - Started process (PID=980) to work on /home/airflow/.local/lib/python3.12/site-packages/airflow/example_dags/example_sensor_decorator.py
[2024-10-16T03:59:08.290+0000] {processor.py:914} INFO - Processing file /home/airflow/.local/lib/python3.12/site-packages/airflow/example_dags/example_sensor_decorator.py for tasks to queue
[2024-10-16T03:59:08.291+0000] {logging_mixin.py:190} INFO - [2024-10-16T03:59:08.291+0000] {dagbag.py:588} INFO - Filling up the DagBag from /home/airflow/.local/lib/python3.12/site-packages/airflow/example_dags/example_sensor_decorator.py
[2024-10-16T03:59:08.295+0000] {processor.py:925} INFO - DAG(s) 'example_sensor_decorator' retrieved from /home/airflow/.local/lib/python3.12/site-packages/airflow/example_dags/example_sensor_decorator.py
[2024-10-16T03:59:08.307+0000] {logging_mixin.py:190} INFO - [2024-10-16T03:59:08.307+0000] {dag.py:3239} INFO - Sync 1 DAGs
[2024-10-16T03:59:08.313+0000] {logging_mixin.py:190} INFO - [2024-10-16T03:59:08.313+0000] {dag.py:4180} INFO - Setting next_dagrun for example_sensor_decorator to None, run_after=None
[2024-10-16T03:59:08.320+0000] {processor.py:208} INFO - Processing /home/airflow/.local/lib/python3.12/site-packages/airflow/example_dags/example_sensor_decorator.py took 0.033 seconds
[2024-10-16T03:59:38.417+0000] {processor.py:186} INFO - Started process (PID=1042) to work on /home/airflow/.local/lib/python3.12/site-packages/airflow/example_dags/example_sensor_decorator.py
[2024-10-16T03:59:38.418+0000] {processor.py:914} INFO - Processing file /home/airflow/.local/lib/python3.12/site-packages/airflow/example_dags/example_sensor_decorator.py for tasks to queue
[2024-10-16T03:59:38.418+0000] {logging_mixin.py:190} INFO - [2024-10-16T03:59:38.418+0000] {dagbag.py:588} INFO - Filling up the DagBag from /home/airflow/.local/lib/python3.12/site-packages/airflow/example_dags/example_sensor_decorator.py
[2024-10-16T03:59:38.422+0000] {processor.py:925} INFO - DAG(s) 'example_sensor_decorator' retrieved from /home/airflow/.local/lib/python3.12/site-packages/airflow/example_dags/example_sensor_decorator.py
[2024-10-16T03:59:38.430+0000] {logging_mixin.py:190} INFO - [2024-10-16T03:59:38.430+0000] {dag.py:3239} INFO - Sync 1 DAGs
[2024-10-16T03:59:38.436+0000] {logging_mixin.py:190} INFO - [2024-10-16T03:59:38.436+0000] {dag.py:4180} INFO - Setting next_dagrun for example_sensor_decorator to None, run_after=None
[2024-10-16T03:59:38.442+0000] {processor.py:208} INFO - Processing /home/airflow/.local/lib/python3.12/site-packages/airflow/example_dags/example_sensor_decorator.py took 0.027 seconds
[2024-10-16T04:00:08.660+0000] {processor.py:186} INFO - Started process (PID=1104) to work on /home/airflow/.local/lib/python3.12/site-packages/airflow/example_dags/example_sensor_decorator.py
[2024-10-16T04:00:08.661+0000] {processor.py:914} INFO - Processing file /home/airflow/.local/lib/python3.12/site-packages/airflow/example_dags/example_sensor_decorator.py for tasks to queue
[2024-10-16T04:00:08.662+0000] {logging_mixin.py:190} INFO - [2024-10-16T04:00:08.662+0000] {dagbag.py:588} INFO - Filling up the DagBag from /home/airflow/.local/lib/python3.12/site-packages/airflow/example_dags/example_sensor_decorator.py
[2024-10-16T04:00:08.666+0000] {processor.py:925} INFO - DAG(s) 'example_sensor_decorator' retrieved from /home/airflow/.local/lib/python3.12/site-packages/airflow/example_dags/example_sensor_decorator.py
[2024-10-16T04:00:08.673+0000] {logging_mixin.py:190} INFO - [2024-10-16T04:00:08.673+0000] {dag.py:3239} INFO - Sync 1 DAGs
[2024-10-16T04:00:08.678+0000] {logging_mixin.py:190} INFO - [2024-10-16T04:00:08.678+0000] {dag.py:4180} INFO - Setting next_dagrun for example_sensor_decorator to None, run_after=None
[2024-10-16T04:00:08.685+0000] {processor.py:208} INFO - Processing /home/airflow/.local/lib/python3.12/site-packages/airflow/example_dags/example_sensor_decorator.py took 0.027 seconds
[2024-10-16T04:00:39.792+0000] {processor.py:186} INFO - Started process (PID=1166) to work on /home/airflow/.local/lib/python3.12/site-packages/airflow/example_dags/example_sensor_decorator.py
[2024-10-16T04:00:39.792+0000] {processor.py:914} INFO - Processing file /home/airflow/.local/lib/python3.12/site-packages/airflow/example_dags/example_sensor_decorator.py for tasks to queue
[2024-10-16T04:00:39.793+0000] {logging_mixin.py:190} INFO - [2024-10-16T04:00:39.793+0000] {dagbag.py:588} INFO - Filling up the DagBag from /home/airflow/.local/lib/python3.12/site-packages/airflow/example_dags/example_sensor_decorator.py
[2024-10-16T04:00:39.797+0000] {processor.py:925} INFO - DAG(s) 'example_sensor_decorator' retrieved from /home/airflow/.local/lib/python3.12/site-packages/airflow/example_dags/example_sensor_decorator.py
[2024-10-16T04:00:39.804+0000] {logging_mixin.py:190} INFO - [2024-10-16T04:00:39.804+0000] {dag.py:3239} INFO - Sync 1 DAGs
[2024-10-16T04:00:39.810+0000] {logging_mixin.py:190} INFO - [2024-10-16T04:00:39.810+0000] {dag.py:4180} INFO - Setting next_dagrun for example_sensor_decorator to None, run_after=None
[2024-10-16T04:00:39.817+0000] {processor.py:208} INFO - Processing /home/airflow/.local/lib/python3.12/site-packages/airflow/example_dags/example_sensor_decorator.py took 0.028 seconds
[2024-10-16T04:01:10.859+0000] {processor.py:186} INFO - Started process (PID=1228) to work on /home/airflow/.local/lib/python3.12/site-packages/airflow/example_dags/example_sensor_decorator.py
[2024-10-16T04:01:10.859+0000] {processor.py:914} INFO - Processing file /home/airflow/.local/lib/python3.12/site-packages/airflow/example_dags/example_sensor_decorator.py for tasks to queue
[2024-10-16T04:01:10.861+0000] {logging_mixin.py:190} INFO - [2024-10-16T04:01:10.860+0000] {dagbag.py:588} INFO - Filling up the DagBag from /home/airflow/.local/lib/python3.12/site-packages/airflow/example_dags/example_sensor_decorator.py
[2024-10-16T04:01:10.864+0000] {processor.py:925} INFO - DAG(s) 'example_sensor_decorator' retrieved from /home/airflow/.local/lib/python3.12/site-packages/airflow/example_dags/example_sensor_decorator.py
[2024-10-16T04:01:10.872+0000] {logging_mixin.py:190} INFO - [2024-10-16T04:01:10.871+0000] {dag.py:3239} INFO - Sync 1 DAGs
[2024-10-16T04:01:10.877+0000] {logging_mixin.py:190} INFO - [2024-10-16T04:01:10.877+0000] {dag.py:4180} INFO - Setting next_dagrun for example_sensor_decorator to None, run_after=None
[2024-10-16T04:01:10.884+0000] {processor.py:208} INFO - Processing /home/airflow/.local/lib/python3.12/site-packages/airflow/example_dags/example_sensor_decorator.py took 0.028 seconds
[2024-10-16T04:01:41.863+0000] {processor.py:186} INFO - Started process (PID=1290) to work on /home/airflow/.local/lib/python3.12/site-packages/airflow/example_dags/example_sensor_decorator.py
[2024-10-16T04:01:41.863+0000] {processor.py:914} INFO - Processing file /home/airflow/.local/lib/python3.12/site-packages/airflow/example_dags/example_sensor_decorator.py for tasks to queue
[2024-10-16T04:01:41.864+0000] {logging_mixin.py:190} INFO - [2024-10-16T04:01:41.864+0000] {dagbag.py:588} INFO - Filling up the DagBag from /home/airflow/.local/lib/python3.12/site-packages/airflow/example_dags/example_sensor_decorator.py
[2024-10-16T04:01:41.868+0000] {processor.py:925} INFO - DAG(s) 'example_sensor_decorator' retrieved from /home/airflow/.local/lib/python3.12/site-packages/airflow/example_dags/example_sensor_decorator.py
[2024-10-16T04:01:41.876+0000] {logging_mixin.py:190} INFO - [2024-10-16T04:01:41.876+0000] {dag.py:3239} INFO - Sync 1 DAGs
[2024-10-16T04:01:41.881+0000] {logging_mixin.py:190} INFO - [2024-10-16T04:01:41.881+0000] {dag.py:4180} INFO - Setting next_dagrun for example_sensor_decorator to None, run_after=None
[2024-10-16T04:01:41.889+0000] {processor.py:208} INFO - Processing /home/airflow/.local/lib/python3.12/site-packages/airflow/example_dags/example_sensor_decorator.py took 0.028 seconds
[2024-10-16T04:02:12.817+0000] {processor.py:186} INFO - Started process (PID=1352) to work on /home/airflow/.local/lib/python3.12/site-packages/airflow/example_dags/example_sensor_decorator.py
[2024-10-16T04:02:12.817+0000] {processor.py:914} INFO - Processing file /home/airflow/.local/lib/python3.12/site-packages/airflow/example_dags/example_sensor_decorator.py for tasks to queue
[2024-10-16T04:02:12.818+0000] {logging_mixin.py:190} INFO - [2024-10-16T04:02:12.818+0000] {dagbag.py:588} INFO - Filling up the DagBag from /home/airflow/.local/lib/python3.12/site-packages/airflow/example_dags/example_sensor_decorator.py
[2024-10-16T04:02:12.822+0000] {processor.py:925} INFO - DAG(s) 'example_sensor_decorator' retrieved from /home/airflow/.local/lib/python3.12/site-packages/airflow/example_dags/example_sensor_decorator.py
[2024-10-16T04:02:12.831+0000] {logging_mixin.py:190} INFO - [2024-10-16T04:02:12.830+0000] {dag.py:3239} INFO - Sync 1 DAGs
[2024-10-16T04:02:12.836+0000] {logging_mixin.py:190} INFO - [2024-10-16T04:02:12.836+0000] {dag.py:4180} INFO - Setting next_dagrun for example_sensor_decorator to None, run_after=None
[2024-10-16T04:02:12.842+0000] {processor.py:208} INFO - Processing /home/airflow/.local/lib/python3.12/site-packages/airflow/example_dags/example_sensor_decorator.py took 0.028 seconds
[2024-10-16T04:02:43.597+0000] {processor.py:186} INFO - Started process (PID=1414) to work on /home/airflow/.local/lib/python3.12/site-packages/airflow/example_dags/example_sensor_decorator.py
[2024-10-16T04:02:43.598+0000] {processor.py:914} INFO - Processing file /home/airflow/.local/lib/python3.12/site-packages/airflow/example_dags/example_sensor_decorator.py for tasks to queue
[2024-10-16T04:02:43.599+0000] {logging_mixin.py:190} INFO - [2024-10-16T04:02:43.598+0000] {dagbag.py:588} INFO - Filling up the DagBag from /home/airflow/.local/lib/python3.12/site-packages/airflow/example_dags/example_sensor_decorator.py
[2024-10-16T04:02:43.603+0000] {processor.py:925} INFO - DAG(s) 'example_sensor_decorator' retrieved from /home/airflow/.local/lib/python3.12/site-packages/airflow/example_dags/example_sensor_decorator.py
[2024-10-16T04:02:43.610+0000] {logging_mixin.py:190} INFO - [2024-10-16T04:02:43.610+0000] {dag.py:3239} INFO - Sync 1 DAGs
[2024-10-16T04:02:43.616+0000] {logging_mixin.py:190} INFO - [2024-10-16T04:02:43.616+0000] {dag.py:4180} INFO - Setting next_dagrun for example_sensor_decorator to None, run_after=None
[2024-10-16T04:02:43.623+0000] {processor.py:208} INFO - Processing /home/airflow/.local/lib/python3.12/site-packages/airflow/example_dags/example_sensor_decorator.py took 0.028 seconds
[2024-10-16T04:03:14.542+0000] {processor.py:186} INFO - Started process (PID=1476) to work on /home/airflow/.local/lib/python3.12/site-packages/airflow/example_dags/example_sensor_decorator.py
[2024-10-16T04:03:14.543+0000] {processor.py:914} INFO - Processing file /home/airflow/.local/lib/python3.12/site-packages/airflow/example_dags/example_sensor_decorator.py for tasks to queue
[2024-10-16T04:03:14.543+0000] {logging_mixin.py:190} INFO - [2024-10-16T04:03:14.543+0000] {dagbag.py:588} INFO - Filling up the DagBag from /home/airflow/.local/lib/python3.12/site-packages/airflow/example_dags/example_sensor_decorator.py
[2024-10-16T04:03:14.547+0000] {processor.py:925} INFO - DAG(s) 'example_sensor_decorator' retrieved from /home/airflow/.local/lib/python3.12/site-packages/airflow/example_dags/example_sensor_decorator.py
[2024-10-16T04:03:14.555+0000] {logging_mixin.py:190} INFO - [2024-10-16T04:03:14.555+0000] {dag.py:3239} INFO - Sync 1 DAGs
[2024-10-16T04:03:14.560+0000] {logging_mixin.py:190} INFO - [2024-10-16T04:03:14.560+0000] {dag.py:4180} INFO - Setting next_dagrun for example_sensor_decorator to None, run_after=None
[2024-10-16T04:03:14.566+0000] {processor.py:208} INFO - Processing /home/airflow/.local/lib/python3.12/site-packages/airflow/example_dags/example_sensor_decorator.py took 0.026 seconds
[2024-10-16T04:03:45.407+0000] {processor.py:186} INFO - Started process (PID=1538) to work on /home/airflow/.local/lib/python3.12/site-packages/airflow/example_dags/example_sensor_decorator.py
[2024-10-16T04:03:45.407+0000] {processor.py:914} INFO - Processing file /home/airflow/.local/lib/python3.12/site-packages/airflow/example_dags/example_sensor_decorator.py for tasks to queue
[2024-10-16T04:03:45.409+0000] {logging_mixin.py:190} INFO - [2024-10-16T04:03:45.408+0000] {dagbag.py:588} INFO - Filling up the DagBag from /home/airflow/.local/lib/python3.12/site-packages/airflow/example_dags/example_sensor_decorator.py
[2024-10-16T04:03:45.413+0000] {processor.py:925} INFO - DAG(s) 'example_sensor_decorator' retrieved from /home/airflow/.local/lib/python3.12/site-packages/airflow/example_dags/example_sensor_decorator.py
[2024-10-16T04:03:45.421+0000] {logging_mixin.py:190} INFO - [2024-10-16T04:03:45.420+0000] {dag.py:3239} INFO - Sync 1 DAGs
[2024-10-16T04:03:45.427+0000] {logging_mixin.py:190} INFO - [2024-10-16T04:03:45.427+0000] {dag.py:4180} INFO - Setting next_dagrun for example_sensor_decorator to None, run_after=None
[2024-10-16T04:03:45.436+0000] {processor.py:208} INFO - Processing /home/airflow/.local/lib/python3.12/site-packages/airflow/example_dags/example_sensor_decorator.py took 0.032 seconds
[2024-10-16T04:04:16.357+0000] {processor.py:186} INFO - Started process (PID=1605) to work on /home/airflow/.local/lib/python3.12/site-packages/airflow/example_dags/example_sensor_decorator.py
[2024-10-16T04:04:16.357+0000] {processor.py:914} INFO - Processing file /home/airflow/.local/lib/python3.12/site-packages/airflow/example_dags/example_sensor_decorator.py for tasks to queue
[2024-10-16T04:04:16.358+0000] {logging_mixin.py:190} INFO - [2024-10-16T04:04:16.358+0000] {dagbag.py:588} INFO - Filling up the DagBag from /home/airflow/.local/lib/python3.12/site-packages/airflow/example_dags/example_sensor_decorator.py
[2024-10-16T04:04:16.362+0000] {processor.py:925} INFO - DAG(s) 'example_sensor_decorator' retrieved from /home/airflow/.local/lib/python3.12/site-packages/airflow/example_dags/example_sensor_decorator.py
[2024-10-16T04:04:16.369+0000] {logging_mixin.py:190} INFO - [2024-10-16T04:04:16.369+0000] {dag.py:3239} INFO - Sync 1 DAGs
[2024-10-16T04:04:16.375+0000] {logging_mixin.py:190} INFO - [2024-10-16T04:04:16.375+0000] {dag.py:4180} INFO - Setting next_dagrun for example_sensor_decorator to None, run_after=None
[2024-10-16T04:04:16.382+0000] {processor.py:208} INFO - Processing /home/airflow/.local/lib/python3.12/site-packages/airflow/example_dags/example_sensor_decorator.py took 0.028 seconds
