[2024-10-16T03:51:27.573+0000] {processor.py:186} INFO - Started process (PID=90) to work on /home/airflow/.local/lib/python3.12/site-packages/airflow/example_dags/example_dataset_alias.py
[2024-10-16T03:51:27.573+0000] {processor.py:914} INFO - Processing file /home/airflow/.local/lib/python3.12/site-packages/airflow/example_dags/example_dataset_alias.py for tasks to queue
[2024-10-16T03:51:27.574+0000] {logging_mixin.py:190} INFO - [2024-10-16T03:51:27.574+0000] {dagbag.py:588} INFO - Filling up the DagBag from /home/airflow/.local/lib/python3.12/site-packages/airflow/example_dags/example_dataset_alias.py
[2024-10-16T03:51:27.640+0000] {processor.py:925} INFO - DAG(s) 'dataset_alias_example_alias_consumer', 'dataset_s3_bucket_consumer', 'dataset_alias_example_alias_producer', 'dataset_s3_bucket_producer' retrieved from /home/airflow/.local/lib/python3.12/site-packages/airflow/example_dags/example_dataset_alias.py
[2024-10-16T03:51:27.650+0000] {logging_mixin.py:190} INFO - [2024-10-16T03:51:27.649+0000] {dag.py:3239} INFO - Sync 4 DAGs
[2024-10-16T03:51:27.664+0000] {logging_mixin.py:190} INFO - [2024-10-16T03:51:27.664+0000] {dag.py:4180} INFO - Setting next_dagrun for dataset_alias_example_alias_consumer to None, run_after=None
[2024-10-16T03:51:27.666+0000] {logging_mixin.py:190} INFO - [2024-10-16T03:51:27.666+0000] {dag.py:4180} INFO - Setting next_dagrun for dataset_alias_example_alias_producer to None, run_after=None
[2024-10-16T03:51:27.667+0000] {logging_mixin.py:190} INFO - [2024-10-16T03:51:27.667+0000] {dag.py:4180} INFO - Setting next_dagrun for dataset_s3_bucket_consumer to None, run_after=None
[2024-10-16T03:51:27.668+0000] {logging_mixin.py:190} INFO - [2024-10-16T03:51:27.668+0000] {dag.py:4180} INFO - Setting next_dagrun for dataset_s3_bucket_producer to None, run_after=None
[2024-10-16T03:51:27.677+0000] {processor.py:208} INFO - Processing /home/airflow/.local/lib/python3.12/site-packages/airflow/example_dags/example_dataset_alias.py took 0.106 seconds
[2024-10-16T03:51:58.916+0000] {processor.py:186} INFO - Started process (PID=151) to work on /home/airflow/.local/lib/python3.12/site-packages/airflow/example_dags/example_dataset_alias.py
[2024-10-16T03:51:58.916+0000] {processor.py:914} INFO - Processing file /home/airflow/.local/lib/python3.12/site-packages/airflow/example_dags/example_dataset_alias.py for tasks to queue
[2024-10-16T03:51:58.918+0000] {logging_mixin.py:190} INFO - [2024-10-16T03:51:58.917+0000] {dagbag.py:588} INFO - Filling up the DagBag from /home/airflow/.local/lib/python3.12/site-packages/airflow/example_dags/example_dataset_alias.py
[2024-10-16T03:51:59.019+0000] {processor.py:925} INFO - DAG(s) 'dataset_s3_bucket_producer', 'dataset_alias_example_alias_consumer', 'dataset_s3_bucket_consumer', 'dataset_alias_example_alias_producer' retrieved from /home/airflow/.local/lib/python3.12/site-packages/airflow/example_dags/example_dataset_alias.py
[2024-10-16T03:51:59.028+0000] {logging_mixin.py:190} INFO - [2024-10-16T03:51:59.028+0000] {dag.py:3239} INFO - Sync 4 DAGs
[2024-10-16T03:51:59.041+0000] {logging_mixin.py:190} INFO - [2024-10-16T03:51:59.041+0000] {dag.py:4180} INFO - Setting next_dagrun for dataset_alias_example_alias_consumer to None, run_after=None
[2024-10-16T03:51:59.042+0000] {logging_mixin.py:190} INFO - [2024-10-16T03:51:59.042+0000] {dag.py:4180} INFO - Setting next_dagrun for dataset_alias_example_alias_producer to None, run_after=None
[2024-10-16T03:51:59.043+0000] {logging_mixin.py:190} INFO - [2024-10-16T03:51:59.043+0000] {dag.py:4180} INFO - Setting next_dagrun for dataset_s3_bucket_consumer to None, run_after=None
[2024-10-16T03:51:59.044+0000] {logging_mixin.py:190} INFO - [2024-10-16T03:51:59.044+0000] {dag.py:4180} INFO - Setting next_dagrun for dataset_s3_bucket_producer to None, run_after=None
[2024-10-16T03:51:59.059+0000] {processor.py:208} INFO - Processing /home/airflow/.local/lib/python3.12/site-packages/airflow/example_dags/example_dataset_alias.py took 0.147 seconds
[2024-10-16T03:52:29.141+0000] {processor.py:186} INFO - Started process (PID=214) to work on /home/airflow/.local/lib/python3.12/site-packages/airflow/example_dags/example_dataset_alias.py
[2024-10-16T03:52:29.141+0000] {processor.py:914} INFO - Processing file /home/airflow/.local/lib/python3.12/site-packages/airflow/example_dags/example_dataset_alias.py for tasks to queue
[2024-10-16T03:52:29.142+0000] {logging_mixin.py:190} INFO - [2024-10-16T03:52:29.142+0000] {dagbag.py:588} INFO - Filling up the DagBag from /home/airflow/.local/lib/python3.12/site-packages/airflow/example_dags/example_dataset_alias.py
[2024-10-16T03:52:29.217+0000] {processor.py:925} INFO - DAG(s) 'dataset_alias_example_alias_consumer', 'dataset_s3_bucket_producer', 'dataset_s3_bucket_consumer', 'dataset_alias_example_alias_producer' retrieved from /home/airflow/.local/lib/python3.12/site-packages/airflow/example_dags/example_dataset_alias.py
[2024-10-16T03:52:29.226+0000] {logging_mixin.py:190} INFO - [2024-10-16T03:52:29.226+0000] {dag.py:3239} INFO - Sync 4 DAGs
[2024-10-16T03:52:29.236+0000] {logging_mixin.py:190} INFO - [2024-10-16T03:52:29.236+0000] {dag.py:4180} INFO - Setting next_dagrun for dataset_alias_example_alias_consumer to None, run_after=None
[2024-10-16T03:52:29.237+0000] {logging_mixin.py:190} INFO - [2024-10-16T03:52:29.237+0000] {dag.py:4180} INFO - Setting next_dagrun for dataset_alias_example_alias_producer to None, run_after=None
[2024-10-16T03:52:29.237+0000] {logging_mixin.py:190} INFO - [2024-10-16T03:52:29.237+0000] {dag.py:4180} INFO - Setting next_dagrun for dataset_s3_bucket_consumer to None, run_after=None
[2024-10-16T03:52:29.238+0000] {logging_mixin.py:190} INFO - [2024-10-16T03:52:29.238+0000] {dag.py:4180} INFO - Setting next_dagrun for dataset_s3_bucket_producer to None, run_after=None
[2024-10-16T03:52:29.246+0000] {processor.py:208} INFO - Processing /home/airflow/.local/lib/python3.12/site-packages/airflow/example_dags/example_dataset_alias.py took 0.108 seconds
[2024-10-16T03:52:59.280+0000] {processor.py:186} INFO - Started process (PID=278) to work on /home/airflow/.local/lib/python3.12/site-packages/airflow/example_dags/example_dataset_alias.py
[2024-10-16T03:52:59.281+0000] {processor.py:914} INFO - Processing file /home/airflow/.local/lib/python3.12/site-packages/airflow/example_dags/example_dataset_alias.py for tasks to queue
[2024-10-16T03:52:59.282+0000] {logging_mixin.py:190} INFO - [2024-10-16T03:52:59.282+0000] {dagbag.py:588} INFO - Filling up the DagBag from /home/airflow/.local/lib/python3.12/site-packages/airflow/example_dags/example_dataset_alias.py
[2024-10-16T03:52:59.361+0000] {processor.py:925} INFO - DAG(s) 'dataset_alias_example_alias_producer', 'dataset_alias_example_alias_consumer', 'dataset_s3_bucket_consumer', 'dataset_s3_bucket_producer' retrieved from /home/airflow/.local/lib/python3.12/site-packages/airflow/example_dags/example_dataset_alias.py
[2024-10-16T03:52:59.369+0000] {logging_mixin.py:190} INFO - [2024-10-16T03:52:59.369+0000] {dag.py:3239} INFO - Sync 4 DAGs
[2024-10-16T03:52:59.380+0000] {logging_mixin.py:190} INFO - [2024-10-16T03:52:59.380+0000] {dag.py:4180} INFO - Setting next_dagrun for dataset_alias_example_alias_consumer to None, run_after=None
[2024-10-16T03:52:59.381+0000] {logging_mixin.py:190} INFO - [2024-10-16T03:52:59.381+0000] {dag.py:4180} INFO - Setting next_dagrun for dataset_alias_example_alias_producer to None, run_after=None
[2024-10-16T03:52:59.382+0000] {logging_mixin.py:190} INFO - [2024-10-16T03:52:59.382+0000] {dag.py:4180} INFO - Setting next_dagrun for dataset_s3_bucket_consumer to None, run_after=None
[2024-10-16T03:52:59.382+0000] {logging_mixin.py:190} INFO - [2024-10-16T03:52:59.382+0000] {dag.py:4180} INFO - Setting next_dagrun for dataset_s3_bucket_producer to None, run_after=None
[2024-10-16T03:52:59.389+0000] {processor.py:208} INFO - Processing /home/airflow/.local/lib/python3.12/site-packages/airflow/example_dags/example_dataset_alias.py took 0.112 seconds
[2024-10-16T03:53:30.124+0000] {processor.py:186} INFO - Started process (PID=337) to work on /home/airflow/.local/lib/python3.12/site-packages/airflow/example_dags/example_dataset_alias.py
[2024-10-16T03:53:30.125+0000] {processor.py:914} INFO - Processing file /home/airflow/.local/lib/python3.12/site-packages/airflow/example_dags/example_dataset_alias.py for tasks to queue
[2024-10-16T03:53:30.126+0000] {logging_mixin.py:190} INFO - [2024-10-16T03:53:30.126+0000] {dagbag.py:588} INFO - Filling up the DagBag from /home/airflow/.local/lib/python3.12/site-packages/airflow/example_dags/example_dataset_alias.py
[2024-10-16T03:53:30.195+0000] {processor.py:925} INFO - DAG(s) 'dataset_s3_bucket_consumer', 'dataset_s3_bucket_producer', 'dataset_alias_example_alias_consumer', 'dataset_alias_example_alias_producer' retrieved from /home/airflow/.local/lib/python3.12/site-packages/airflow/example_dags/example_dataset_alias.py
[2024-10-16T03:53:30.204+0000] {logging_mixin.py:190} INFO - [2024-10-16T03:53:30.204+0000] {dag.py:3239} INFO - Sync 4 DAGs
[2024-10-16T03:53:30.216+0000] {logging_mixin.py:190} INFO - [2024-10-16T03:53:30.216+0000] {dag.py:4180} INFO - Setting next_dagrun for dataset_alias_example_alias_consumer to None, run_after=None
[2024-10-16T03:53:30.219+0000] {logging_mixin.py:190} INFO - [2024-10-16T03:53:30.219+0000] {dag.py:4180} INFO - Setting next_dagrun for dataset_alias_example_alias_producer to None, run_after=None
[2024-10-16T03:53:30.220+0000] {logging_mixin.py:190} INFO - [2024-10-16T03:53:30.220+0000] {dag.py:4180} INFO - Setting next_dagrun for dataset_s3_bucket_consumer to None, run_after=None
[2024-10-16T03:53:30.221+0000] {logging_mixin.py:190} INFO - [2024-10-16T03:53:30.221+0000] {dag.py:4180} INFO - Setting next_dagrun for dataset_s3_bucket_producer to None, run_after=None
[2024-10-16T03:53:30.231+0000] {processor.py:208} INFO - Processing /home/airflow/.local/lib/python3.12/site-packages/airflow/example_dags/example_dataset_alias.py took 0.109 seconds
[2024-10-16T03:54:01.163+0000] {processor.py:186} INFO - Started process (PID=399) to work on /home/airflow/.local/lib/python3.12/site-packages/airflow/example_dags/example_dataset_alias.py
[2024-10-16T03:54:01.163+0000] {processor.py:914} INFO - Processing file /home/airflow/.local/lib/python3.12/site-packages/airflow/example_dags/example_dataset_alias.py for tasks to queue
[2024-10-16T03:54:01.164+0000] {logging_mixin.py:190} INFO - [2024-10-16T03:54:01.164+0000] {dagbag.py:588} INFO - Filling up the DagBag from /home/airflow/.local/lib/python3.12/site-packages/airflow/example_dags/example_dataset_alias.py
[2024-10-16T03:54:01.231+0000] {processor.py:925} INFO - DAG(s) 'dataset_s3_bucket_consumer', 'dataset_s3_bucket_producer', 'dataset_alias_example_alias_consumer', 'dataset_alias_example_alias_producer' retrieved from /home/airflow/.local/lib/python3.12/site-packages/airflow/example_dags/example_dataset_alias.py
[2024-10-16T03:54:01.239+0000] {logging_mixin.py:190} INFO - [2024-10-16T03:54:01.239+0000] {dag.py:3239} INFO - Sync 4 DAGs
[2024-10-16T03:54:01.248+0000] {logging_mixin.py:190} INFO - [2024-10-16T03:54:01.248+0000] {dag.py:4180} INFO - Setting next_dagrun for dataset_alias_example_alias_consumer to None, run_after=None
[2024-10-16T03:54:01.250+0000] {logging_mixin.py:190} INFO - [2024-10-16T03:54:01.250+0000] {dag.py:4180} INFO - Setting next_dagrun for dataset_alias_example_alias_producer to None, run_after=None
[2024-10-16T03:54:01.250+0000] {logging_mixin.py:190} INFO - [2024-10-16T03:54:01.250+0000] {dag.py:4180} INFO - Setting next_dagrun for dataset_s3_bucket_consumer to None, run_after=None
[2024-10-16T03:54:01.251+0000] {logging_mixin.py:190} INFO - [2024-10-16T03:54:01.251+0000] {dag.py:4180} INFO - Setting next_dagrun for dataset_s3_bucket_producer to None, run_after=None
[2024-10-16T03:54:01.259+0000] {processor.py:208} INFO - Processing /home/airflow/.local/lib/python3.12/site-packages/airflow/example_dags/example_dataset_alias.py took 0.098 seconds
[2024-10-16T03:54:32.073+0000] {processor.py:186} INFO - Started process (PID=461) to work on /home/airflow/.local/lib/python3.12/site-packages/airflow/example_dags/example_dataset_alias.py
[2024-10-16T03:54:32.074+0000] {processor.py:914} INFO - Processing file /home/airflow/.local/lib/python3.12/site-packages/airflow/example_dags/example_dataset_alias.py for tasks to queue
[2024-10-16T03:54:32.075+0000] {logging_mixin.py:190} INFO - [2024-10-16T03:54:32.075+0000] {dagbag.py:588} INFO - Filling up the DagBag from /home/airflow/.local/lib/python3.12/site-packages/airflow/example_dags/example_dataset_alias.py
[2024-10-16T03:54:32.141+0000] {processor.py:925} INFO - DAG(s) 'dataset_s3_bucket_consumer', 'dataset_alias_example_alias_producer', 'dataset_alias_example_alias_consumer', 'dataset_s3_bucket_producer' retrieved from /home/airflow/.local/lib/python3.12/site-packages/airflow/example_dags/example_dataset_alias.py
[2024-10-16T03:54:32.149+0000] {logging_mixin.py:190} INFO - [2024-10-16T03:54:32.149+0000] {dag.py:3239} INFO - Sync 4 DAGs
[2024-10-16T03:54:32.158+0000] {logging_mixin.py:190} INFO - [2024-10-16T03:54:32.157+0000] {dag.py:4180} INFO - Setting next_dagrun for dataset_alias_example_alias_consumer to None, run_after=None
[2024-10-16T03:54:32.159+0000] {logging_mixin.py:190} INFO - [2024-10-16T03:54:32.159+0000] {dag.py:4180} INFO - Setting next_dagrun for dataset_alias_example_alias_producer to None, run_after=None
[2024-10-16T03:54:32.159+0000] {logging_mixin.py:190} INFO - [2024-10-16T03:54:32.159+0000] {dag.py:4180} INFO - Setting next_dagrun for dataset_s3_bucket_consumer to None, run_after=None
[2024-10-16T03:54:32.160+0000] {logging_mixin.py:190} INFO - [2024-10-16T03:54:32.160+0000] {dag.py:4180} INFO - Setting next_dagrun for dataset_s3_bucket_producer to None, run_after=None
[2024-10-16T03:54:32.167+0000] {processor.py:208} INFO - Processing /home/airflow/.local/lib/python3.12/site-packages/airflow/example_dags/example_dataset_alias.py took 0.097 seconds
[2024-10-16T03:55:03.063+0000] {processor.py:186} INFO - Started process (PID=523) to work on /home/airflow/.local/lib/python3.12/site-packages/airflow/example_dags/example_dataset_alias.py
[2024-10-16T03:55:03.063+0000] {processor.py:914} INFO - Processing file /home/airflow/.local/lib/python3.12/site-packages/airflow/example_dags/example_dataset_alias.py for tasks to queue
[2024-10-16T03:55:03.064+0000] {logging_mixin.py:190} INFO - [2024-10-16T03:55:03.064+0000] {dagbag.py:588} INFO - Filling up the DagBag from /home/airflow/.local/lib/python3.12/site-packages/airflow/example_dags/example_dataset_alias.py
[2024-10-16T03:55:03.134+0000] {processor.py:925} INFO - DAG(s) 'dataset_s3_bucket_producer', 'dataset_alias_example_alias_consumer', 'dataset_alias_example_alias_producer', 'dataset_s3_bucket_consumer' retrieved from /home/airflow/.local/lib/python3.12/site-packages/airflow/example_dags/example_dataset_alias.py
[2024-10-16T03:55:03.143+0000] {logging_mixin.py:190} INFO - [2024-10-16T03:55:03.143+0000] {dag.py:3239} INFO - Sync 4 DAGs
[2024-10-16T03:55:03.152+0000] {logging_mixin.py:190} INFO - [2024-10-16T03:55:03.152+0000] {dag.py:4180} INFO - Setting next_dagrun for dataset_alias_example_alias_consumer to None, run_after=None
[2024-10-16T03:55:03.153+0000] {logging_mixin.py:190} INFO - [2024-10-16T03:55:03.153+0000] {dag.py:4180} INFO - Setting next_dagrun for dataset_alias_example_alias_producer to None, run_after=None
[2024-10-16T03:55:03.154+0000] {logging_mixin.py:190} INFO - [2024-10-16T03:55:03.154+0000] {dag.py:4180} INFO - Setting next_dagrun for dataset_s3_bucket_consumer to None, run_after=None
[2024-10-16T03:55:03.154+0000] {logging_mixin.py:190} INFO - [2024-10-16T03:55:03.154+0000] {dag.py:4180} INFO - Setting next_dagrun for dataset_s3_bucket_producer to None, run_after=None
[2024-10-16T03:55:03.163+0000] {processor.py:208} INFO - Processing /home/airflow/.local/lib/python3.12/site-packages/airflow/example_dags/example_dataset_alias.py took 0.102 seconds
[2024-10-16T03:55:34.216+0000] {processor.py:186} INFO - Started process (PID=585) to work on /home/airflow/.local/lib/python3.12/site-packages/airflow/example_dags/example_dataset_alias.py
[2024-10-16T03:55:34.217+0000] {processor.py:914} INFO - Processing file /home/airflow/.local/lib/python3.12/site-packages/airflow/example_dags/example_dataset_alias.py for tasks to queue
[2024-10-16T03:55:34.218+0000] {logging_mixin.py:190} INFO - [2024-10-16T03:55:34.218+0000] {dagbag.py:588} INFO - Filling up the DagBag from /home/airflow/.local/lib/python3.12/site-packages/airflow/example_dags/example_dataset_alias.py
[2024-10-16T03:55:34.285+0000] {processor.py:925} INFO - DAG(s) 'dataset_alias_example_alias_producer', 'dataset_s3_bucket_producer', 'dataset_s3_bucket_consumer', 'dataset_alias_example_alias_consumer' retrieved from /home/airflow/.local/lib/python3.12/site-packages/airflow/example_dags/example_dataset_alias.py
[2024-10-16T03:55:34.293+0000] {logging_mixin.py:190} INFO - [2024-10-16T03:55:34.293+0000] {dag.py:3239} INFO - Sync 4 DAGs
[2024-10-16T03:55:34.302+0000] {logging_mixin.py:190} INFO - [2024-10-16T03:55:34.302+0000] {dag.py:4180} INFO - Setting next_dagrun for dataset_alias_example_alias_consumer to None, run_after=None
[2024-10-16T03:55:34.303+0000] {logging_mixin.py:190} INFO - [2024-10-16T03:55:34.303+0000] {dag.py:4180} INFO - Setting next_dagrun for dataset_alias_example_alias_producer to None, run_after=None
[2024-10-16T03:55:34.304+0000] {logging_mixin.py:190} INFO - [2024-10-16T03:55:34.304+0000] {dag.py:4180} INFO - Setting next_dagrun for dataset_s3_bucket_consumer to None, run_after=None
[2024-10-16T03:55:34.304+0000] {logging_mixin.py:190} INFO - [2024-10-16T03:55:34.304+0000] {dag.py:4180} INFO - Setting next_dagrun for dataset_s3_bucket_producer to None, run_after=None
[2024-10-16T03:55:34.312+0000] {processor.py:208} INFO - Processing /home/airflow/.local/lib/python3.12/site-packages/airflow/example_dags/example_dataset_alias.py took 0.098 seconds
[2024-10-16T03:56:04.410+0000] {processor.py:186} INFO - Started process (PID=647) to work on /home/airflow/.local/lib/python3.12/site-packages/airflow/example_dags/example_dataset_alias.py
[2024-10-16T03:56:04.410+0000] {processor.py:914} INFO - Processing file /home/airflow/.local/lib/python3.12/site-packages/airflow/example_dags/example_dataset_alias.py for tasks to queue
[2024-10-16T03:56:04.412+0000] {logging_mixin.py:190} INFO - [2024-10-16T03:56:04.411+0000] {dagbag.py:588} INFO - Filling up the DagBag from /home/airflow/.local/lib/python3.12/site-packages/airflow/example_dags/example_dataset_alias.py
[2024-10-16T03:56:04.489+0000] {processor.py:925} INFO - DAG(s) 'dataset_alias_example_alias_producer', 'dataset_alias_example_alias_consumer', 'dataset_s3_bucket_producer', 'dataset_s3_bucket_consumer' retrieved from /home/airflow/.local/lib/python3.12/site-packages/airflow/example_dags/example_dataset_alias.py
[2024-10-16T03:56:04.499+0000] {logging_mixin.py:190} INFO - [2024-10-16T03:56:04.499+0000] {dag.py:3239} INFO - Sync 4 DAGs
[2024-10-16T03:56:04.510+0000] {logging_mixin.py:190} INFO - [2024-10-16T03:56:04.510+0000] {dag.py:4180} INFO - Setting next_dagrun for dataset_alias_example_alias_consumer to None, run_after=None
[2024-10-16T03:56:04.511+0000] {logging_mixin.py:190} INFO - [2024-10-16T03:56:04.511+0000] {dag.py:4180} INFO - Setting next_dagrun for dataset_alias_example_alias_producer to None, run_after=None
[2024-10-16T03:56:04.512+0000] {logging_mixin.py:190} INFO - [2024-10-16T03:56:04.512+0000] {dag.py:4180} INFO - Setting next_dagrun for dataset_s3_bucket_consumer to None, run_after=None
[2024-10-16T03:56:04.513+0000] {logging_mixin.py:190} INFO - [2024-10-16T03:56:04.513+0000] {dag.py:4180} INFO - Setting next_dagrun for dataset_s3_bucket_producer to None, run_after=None
[2024-10-16T03:56:04.528+0000] {processor.py:208} INFO - Processing /home/airflow/.local/lib/python3.12/site-packages/airflow/example_dags/example_dataset_alias.py took 0.121 seconds
[2024-10-16T03:56:35.802+0000] {processor.py:186} INFO - Started process (PID=709) to work on /home/airflow/.local/lib/python3.12/site-packages/airflow/example_dags/example_dataset_alias.py
[2024-10-16T03:56:35.803+0000] {processor.py:914} INFO - Processing file /home/airflow/.local/lib/python3.12/site-packages/airflow/example_dags/example_dataset_alias.py for tasks to queue
[2024-10-16T03:56:35.804+0000] {logging_mixin.py:190} INFO - [2024-10-16T03:56:35.804+0000] {dagbag.py:588} INFO - Filling up the DagBag from /home/airflow/.local/lib/python3.12/site-packages/airflow/example_dags/example_dataset_alias.py
[2024-10-16T03:56:35.885+0000] {processor.py:925} INFO - DAG(s) 'dataset_alias_example_alias_producer', 'dataset_s3_bucket_producer', 'dataset_s3_bucket_consumer', 'dataset_alias_example_alias_consumer' retrieved from /home/airflow/.local/lib/python3.12/site-packages/airflow/example_dags/example_dataset_alias.py
[2024-10-16T03:56:35.893+0000] {logging_mixin.py:190} INFO - [2024-10-16T03:56:35.893+0000] {dag.py:3239} INFO - Sync 4 DAGs
[2024-10-16T03:56:35.901+0000] {logging_mixin.py:190} INFO - [2024-10-16T03:56:35.901+0000] {dag.py:4180} INFO - Setting next_dagrun for dataset_alias_example_alias_consumer to None, run_after=None
[2024-10-16T03:56:35.902+0000] {logging_mixin.py:190} INFO - [2024-10-16T03:56:35.902+0000] {dag.py:4180} INFO - Setting next_dagrun for dataset_alias_example_alias_producer to None, run_after=None
[2024-10-16T03:56:35.903+0000] {logging_mixin.py:190} INFO - [2024-10-16T03:56:35.903+0000] {dag.py:4180} INFO - Setting next_dagrun for dataset_s3_bucket_consumer to None, run_after=None
[2024-10-16T03:56:35.903+0000] {logging_mixin.py:190} INFO - [2024-10-16T03:56:35.903+0000] {dag.py:4180} INFO - Setting next_dagrun for dataset_s3_bucket_producer to None, run_after=None
[2024-10-16T03:56:35.911+0000] {processor.py:208} INFO - Processing /home/airflow/.local/lib/python3.12/site-packages/airflow/example_dags/example_dataset_alias.py took 0.111 seconds
[2024-10-16T03:57:06.869+0000] {processor.py:186} INFO - Started process (PID=771) to work on /home/airflow/.local/lib/python3.12/site-packages/airflow/example_dags/example_dataset_alias.py
[2024-10-16T03:57:06.870+0000] {processor.py:914} INFO - Processing file /home/airflow/.local/lib/python3.12/site-packages/airflow/example_dags/example_dataset_alias.py for tasks to queue
[2024-10-16T03:57:06.872+0000] {logging_mixin.py:190} INFO - [2024-10-16T03:57:06.872+0000] {dagbag.py:588} INFO - Filling up the DagBag from /home/airflow/.local/lib/python3.12/site-packages/airflow/example_dags/example_dataset_alias.py
[2024-10-16T03:57:06.942+0000] {processor.py:925} INFO - DAG(s) 'dataset_s3_bucket_producer', 'dataset_alias_example_alias_consumer', 'dataset_s3_bucket_consumer', 'dataset_alias_example_alias_producer' retrieved from /home/airflow/.local/lib/python3.12/site-packages/airflow/example_dags/example_dataset_alias.py
[2024-10-16T03:57:06.951+0000] {logging_mixin.py:190} INFO - [2024-10-16T03:57:06.951+0000] {dag.py:3239} INFO - Sync 4 DAGs
[2024-10-16T03:57:06.960+0000] {logging_mixin.py:190} INFO - [2024-10-16T03:57:06.960+0000] {dag.py:4180} INFO - Setting next_dagrun for dataset_alias_example_alias_consumer to None, run_after=None
[2024-10-16T03:57:06.961+0000] {logging_mixin.py:190} INFO - [2024-10-16T03:57:06.961+0000] {dag.py:4180} INFO - Setting next_dagrun for dataset_alias_example_alias_producer to None, run_after=None
[2024-10-16T03:57:06.962+0000] {logging_mixin.py:190} INFO - [2024-10-16T03:57:06.962+0000] {dag.py:4180} INFO - Setting next_dagrun for dataset_s3_bucket_consumer to None, run_after=None
[2024-10-16T03:57:06.962+0000] {logging_mixin.py:190} INFO - [2024-10-16T03:57:06.962+0000] {dag.py:4180} INFO - Setting next_dagrun for dataset_s3_bucket_producer to None, run_after=None
[2024-10-16T03:57:06.970+0000] {processor.py:208} INFO - Processing /home/airflow/.local/lib/python3.12/site-packages/airflow/example_dags/example_dataset_alias.py took 0.117 seconds
[2024-10-16T03:57:37.819+0000] {processor.py:186} INFO - Started process (PID=833) to work on /home/airflow/.local/lib/python3.12/site-packages/airflow/example_dags/example_dataset_alias.py
[2024-10-16T03:57:37.820+0000] {processor.py:914} INFO - Processing file /home/airflow/.local/lib/python3.12/site-packages/airflow/example_dags/example_dataset_alias.py for tasks to queue
[2024-10-16T03:57:37.821+0000] {logging_mixin.py:190} INFO - [2024-10-16T03:57:37.821+0000] {dagbag.py:588} INFO - Filling up the DagBag from /home/airflow/.local/lib/python3.12/site-packages/airflow/example_dags/example_dataset_alias.py
[2024-10-16T03:57:37.891+0000] {processor.py:925} INFO - DAG(s) 'dataset_s3_bucket_consumer', 'dataset_alias_example_alias_consumer', 'dataset_s3_bucket_producer', 'dataset_alias_example_alias_producer' retrieved from /home/airflow/.local/lib/python3.12/site-packages/airflow/example_dags/example_dataset_alias.py
[2024-10-16T03:57:37.902+0000] {logging_mixin.py:190} INFO - [2024-10-16T03:57:37.902+0000] {dag.py:3239} INFO - Sync 4 DAGs
[2024-10-16T03:57:37.912+0000] {logging_mixin.py:190} INFO - [2024-10-16T03:57:37.912+0000] {dag.py:4180} INFO - Setting next_dagrun for dataset_alias_example_alias_consumer to None, run_after=None
[2024-10-16T03:57:37.914+0000] {logging_mixin.py:190} INFO - [2024-10-16T03:57:37.913+0000] {dag.py:4180} INFO - Setting next_dagrun for dataset_alias_example_alias_producer to None, run_after=None
[2024-10-16T03:57:37.914+0000] {logging_mixin.py:190} INFO - [2024-10-16T03:57:37.914+0000] {dag.py:4180} INFO - Setting next_dagrun for dataset_s3_bucket_consumer to None, run_after=None
[2024-10-16T03:57:37.915+0000] {logging_mixin.py:190} INFO - [2024-10-16T03:57:37.915+0000] {dag.py:4180} INFO - Setting next_dagrun for dataset_s3_bucket_producer to None, run_after=None
[2024-10-16T03:57:37.922+0000] {processor.py:208} INFO - Processing /home/airflow/.local/lib/python3.12/site-packages/airflow/example_dags/example_dataset_alias.py took 0.106 seconds
[2024-10-16T03:58:08.363+0000] {processor.py:186} INFO - Started process (PID=895) to work on /home/airflow/.local/lib/python3.12/site-packages/airflow/example_dags/example_dataset_alias.py
[2024-10-16T03:58:08.364+0000] {processor.py:914} INFO - Processing file /home/airflow/.local/lib/python3.12/site-packages/airflow/example_dags/example_dataset_alias.py for tasks to queue
[2024-10-16T03:58:08.365+0000] {logging_mixin.py:190} INFO - [2024-10-16T03:58:08.365+0000] {dagbag.py:588} INFO - Filling up the DagBag from /home/airflow/.local/lib/python3.12/site-packages/airflow/example_dags/example_dataset_alias.py
[2024-10-16T03:58:08.438+0000] {processor.py:925} INFO - DAG(s) 'dataset_alias_example_alias_consumer', 'dataset_s3_bucket_consumer', 'dataset_s3_bucket_producer', 'dataset_alias_example_alias_producer' retrieved from /home/airflow/.local/lib/python3.12/site-packages/airflow/example_dags/example_dataset_alias.py
[2024-10-16T03:58:08.446+0000] {logging_mixin.py:190} INFO - [2024-10-16T03:58:08.446+0000] {dag.py:3239} INFO - Sync 4 DAGs
[2024-10-16T03:58:08.455+0000] {logging_mixin.py:190} INFO - [2024-10-16T03:58:08.455+0000] {dag.py:4180} INFO - Setting next_dagrun for dataset_alias_example_alias_consumer to None, run_after=None
[2024-10-16T03:58:08.457+0000] {logging_mixin.py:190} INFO - [2024-10-16T03:58:08.457+0000] {dag.py:4180} INFO - Setting next_dagrun for dataset_alias_example_alias_producer to None, run_after=None
[2024-10-16T03:58:08.457+0000] {logging_mixin.py:190} INFO - [2024-10-16T03:58:08.457+0000] {dag.py:4180} INFO - Setting next_dagrun for dataset_s3_bucket_consumer to None, run_after=None
[2024-10-16T03:58:08.458+0000] {logging_mixin.py:190} INFO - [2024-10-16T03:58:08.458+0000] {dag.py:4180} INFO - Setting next_dagrun for dataset_s3_bucket_producer to None, run_after=None
[2024-10-16T03:58:08.468+0000] {processor.py:208} INFO - Processing /home/airflow/.local/lib/python3.12/site-packages/airflow/example_dags/example_dataset_alias.py took 0.107 seconds
[2024-10-16T03:58:38.528+0000] {processor.py:186} INFO - Started process (PID=958) to work on /home/airflow/.local/lib/python3.12/site-packages/airflow/example_dags/example_dataset_alias.py
[2024-10-16T03:58:38.528+0000] {processor.py:914} INFO - Processing file /home/airflow/.local/lib/python3.12/site-packages/airflow/example_dags/example_dataset_alias.py for tasks to queue
[2024-10-16T03:58:38.530+0000] {logging_mixin.py:190} INFO - [2024-10-16T03:58:38.529+0000] {dagbag.py:588} INFO - Filling up the DagBag from /home/airflow/.local/lib/python3.12/site-packages/airflow/example_dags/example_dataset_alias.py
[2024-10-16T03:58:38.602+0000] {processor.py:925} INFO - DAG(s) 'dataset_alias_example_alias_producer', 'dataset_alias_example_alias_consumer', 'dataset_s3_bucket_producer', 'dataset_s3_bucket_consumer' retrieved from /home/airflow/.local/lib/python3.12/site-packages/airflow/example_dags/example_dataset_alias.py
[2024-10-16T03:58:38.610+0000] {logging_mixin.py:190} INFO - [2024-10-16T03:58:38.610+0000] {dag.py:3239} INFO - Sync 4 DAGs
[2024-10-16T03:58:38.620+0000] {logging_mixin.py:190} INFO - [2024-10-16T03:58:38.620+0000] {dag.py:4180} INFO - Setting next_dagrun for dataset_alias_example_alias_consumer to None, run_after=None
[2024-10-16T03:58:38.622+0000] {logging_mixin.py:190} INFO - [2024-10-16T03:58:38.621+0000] {dag.py:4180} INFO - Setting next_dagrun for dataset_alias_example_alias_producer to None, run_after=None
[2024-10-16T03:58:38.622+0000] {logging_mixin.py:190} INFO - [2024-10-16T03:58:38.622+0000] {dag.py:4180} INFO - Setting next_dagrun for dataset_s3_bucket_consumer to None, run_after=None
[2024-10-16T03:58:38.623+0000] {logging_mixin.py:190} INFO - [2024-10-16T03:58:38.623+0000] {dag.py:4180} INFO - Setting next_dagrun for dataset_s3_bucket_producer to None, run_after=None
[2024-10-16T03:58:38.633+0000] {processor.py:208} INFO - Processing /home/airflow/.local/lib/python3.12/site-packages/airflow/example_dags/example_dataset_alias.py took 0.109 seconds
[2024-10-16T03:59:09.597+0000] {processor.py:186} INFO - Started process (PID=1019) to work on /home/airflow/.local/lib/python3.12/site-packages/airflow/example_dags/example_dataset_alias.py
[2024-10-16T03:59:09.598+0000] {processor.py:914} INFO - Processing file /home/airflow/.local/lib/python3.12/site-packages/airflow/example_dags/example_dataset_alias.py for tasks to queue
[2024-10-16T03:59:09.599+0000] {logging_mixin.py:190} INFO - [2024-10-16T03:59:09.599+0000] {dagbag.py:588} INFO - Filling up the DagBag from /home/airflow/.local/lib/python3.12/site-packages/airflow/example_dags/example_dataset_alias.py
[2024-10-16T03:59:09.679+0000] {processor.py:925} INFO - DAG(s) 'dataset_s3_bucket_producer', 'dataset_alias_example_alias_consumer', 'dataset_s3_bucket_consumer', 'dataset_alias_example_alias_producer' retrieved from /home/airflow/.local/lib/python3.12/site-packages/airflow/example_dags/example_dataset_alias.py
[2024-10-16T03:59:09.687+0000] {logging_mixin.py:190} INFO - [2024-10-16T03:59:09.687+0000] {dag.py:3239} INFO - Sync 4 DAGs
[2024-10-16T03:59:09.697+0000] {logging_mixin.py:190} INFO - [2024-10-16T03:59:09.697+0000] {dag.py:4180} INFO - Setting next_dagrun for dataset_alias_example_alias_consumer to None, run_after=None
[2024-10-16T03:59:09.698+0000] {logging_mixin.py:190} INFO - [2024-10-16T03:59:09.698+0000] {dag.py:4180} INFO - Setting next_dagrun for dataset_alias_example_alias_producer to None, run_after=None
[2024-10-16T03:59:09.698+0000] {logging_mixin.py:190} INFO - [2024-10-16T03:59:09.698+0000] {dag.py:4180} INFO - Setting next_dagrun for dataset_s3_bucket_consumer to None, run_after=None
[2024-10-16T03:59:09.699+0000] {logging_mixin.py:190} INFO - [2024-10-16T03:59:09.699+0000] {dag.py:4180} INFO - Setting next_dagrun for dataset_s3_bucket_producer to None, run_after=None
[2024-10-16T03:59:09.707+0000] {processor.py:208} INFO - Processing /home/airflow/.local/lib/python3.12/site-packages/airflow/example_dags/example_dataset_alias.py took 0.112 seconds
[2024-10-16T03:59:40.740+0000] {processor.py:186} INFO - Started process (PID=1081) to work on /home/airflow/.local/lib/python3.12/site-packages/airflow/example_dags/example_dataset_alias.py
[2024-10-16T03:59:40.741+0000] {processor.py:914} INFO - Processing file /home/airflow/.local/lib/python3.12/site-packages/airflow/example_dags/example_dataset_alias.py for tasks to queue
[2024-10-16T03:59:40.742+0000] {logging_mixin.py:190} INFO - [2024-10-16T03:59:40.742+0000] {dagbag.py:588} INFO - Filling up the DagBag from /home/airflow/.local/lib/python3.12/site-packages/airflow/example_dags/example_dataset_alias.py
[2024-10-16T03:59:40.855+0000] {processor.py:925} INFO - DAG(s) 'dataset_alias_example_alias_consumer', 'dataset_s3_bucket_producer', 'dataset_alias_example_alias_producer', 'dataset_s3_bucket_consumer' retrieved from /home/airflow/.local/lib/python3.12/site-packages/airflow/example_dags/example_dataset_alias.py
[2024-10-16T03:59:40.873+0000] {logging_mixin.py:190} INFO - [2024-10-16T03:59:40.873+0000] {dag.py:3239} INFO - Sync 4 DAGs
[2024-10-16T03:59:40.902+0000] {logging_mixin.py:190} INFO - [2024-10-16T03:59:40.902+0000] {dag.py:4180} INFO - Setting next_dagrun for dataset_alias_example_alias_consumer to None, run_after=None
[2024-10-16T03:59:40.907+0000] {logging_mixin.py:190} INFO - [2024-10-16T03:59:40.906+0000] {dag.py:4180} INFO - Setting next_dagrun for dataset_alias_example_alias_producer to None, run_after=None
[2024-10-16T03:59:40.910+0000] {logging_mixin.py:190} INFO - [2024-10-16T03:59:40.910+0000] {dag.py:4180} INFO - Setting next_dagrun for dataset_s3_bucket_consumer to None, run_after=None
[2024-10-16T03:59:40.911+0000] {logging_mixin.py:190} INFO - [2024-10-16T03:59:40.911+0000] {dag.py:4180} INFO - Setting next_dagrun for dataset_s3_bucket_producer to None, run_after=None
[2024-10-16T03:59:40.942+0000] {processor.py:208} INFO - Processing /home/airflow/.local/lib/python3.12/site-packages/airflow/example_dags/example_dataset_alias.py took 0.204 seconds
[2024-10-16T04:00:11.857+0000] {processor.py:186} INFO - Started process (PID=1143) to work on /home/airflow/.local/lib/python3.12/site-packages/airflow/example_dags/example_dataset_alias.py
[2024-10-16T04:00:11.857+0000] {processor.py:914} INFO - Processing file /home/airflow/.local/lib/python3.12/site-packages/airflow/example_dags/example_dataset_alias.py for tasks to queue
[2024-10-16T04:00:11.858+0000] {logging_mixin.py:190} INFO - [2024-10-16T04:00:11.858+0000] {dagbag.py:588} INFO - Filling up the DagBag from /home/airflow/.local/lib/python3.12/site-packages/airflow/example_dags/example_dataset_alias.py
[2024-10-16T04:00:11.937+0000] {processor.py:925} INFO - DAG(s) 'dataset_alias_example_alias_consumer', 'dataset_s3_bucket_consumer', 'dataset_s3_bucket_producer', 'dataset_alias_example_alias_producer' retrieved from /home/airflow/.local/lib/python3.12/site-packages/airflow/example_dags/example_dataset_alias.py
[2024-10-16T04:00:11.946+0000] {logging_mixin.py:190} INFO - [2024-10-16T04:00:11.946+0000] {dag.py:3239} INFO - Sync 4 DAGs
[2024-10-16T04:00:11.954+0000] {logging_mixin.py:190} INFO - [2024-10-16T04:00:11.954+0000] {dag.py:4180} INFO - Setting next_dagrun for dataset_alias_example_alias_consumer to None, run_after=None
[2024-10-16T04:00:11.955+0000] {logging_mixin.py:190} INFO - [2024-10-16T04:00:11.955+0000] {dag.py:4180} INFO - Setting next_dagrun for dataset_alias_example_alias_producer to None, run_after=None
[2024-10-16T04:00:11.956+0000] {logging_mixin.py:190} INFO - [2024-10-16T04:00:11.956+0000] {dag.py:4180} INFO - Setting next_dagrun for dataset_s3_bucket_consumer to None, run_after=None
[2024-10-16T04:00:11.956+0000] {logging_mixin.py:190} INFO - [2024-10-16T04:00:11.956+0000] {dag.py:4180} INFO - Setting next_dagrun for dataset_s3_bucket_producer to None, run_after=None
[2024-10-16T04:00:11.964+0000] {processor.py:208} INFO - Processing /home/airflow/.local/lib/python3.12/site-packages/airflow/example_dags/example_dataset_alias.py took 0.109 seconds
[2024-10-16T04:00:42.080+0000] {processor.py:186} INFO - Started process (PID=1205) to work on /home/airflow/.local/lib/python3.12/site-packages/airflow/example_dags/example_dataset_alias.py
[2024-10-16T04:00:42.080+0000] {processor.py:914} INFO - Processing file /home/airflow/.local/lib/python3.12/site-packages/airflow/example_dags/example_dataset_alias.py for tasks to queue
[2024-10-16T04:00:42.081+0000] {logging_mixin.py:190} INFO - [2024-10-16T04:00:42.081+0000] {dagbag.py:588} INFO - Filling up the DagBag from /home/airflow/.local/lib/python3.12/site-packages/airflow/example_dags/example_dataset_alias.py
[2024-10-16T04:00:42.151+0000] {processor.py:925} INFO - DAG(s) 'dataset_s3_bucket_consumer', 'dataset_alias_example_alias_producer', 'dataset_alias_example_alias_consumer', 'dataset_s3_bucket_producer' retrieved from /home/airflow/.local/lib/python3.12/site-packages/airflow/example_dags/example_dataset_alias.py
[2024-10-16T04:00:42.163+0000] {logging_mixin.py:190} INFO - [2024-10-16T04:00:42.162+0000] {dag.py:3239} INFO - Sync 4 DAGs
[2024-10-16T04:00:42.172+0000] {logging_mixin.py:190} INFO - [2024-10-16T04:00:42.172+0000] {dag.py:4180} INFO - Setting next_dagrun for dataset_alias_example_alias_consumer to None, run_after=None
[2024-10-16T04:00:42.173+0000] {logging_mixin.py:190} INFO - [2024-10-16T04:00:42.173+0000] {dag.py:4180} INFO - Setting next_dagrun for dataset_alias_example_alias_producer to None, run_after=None
[2024-10-16T04:00:42.174+0000] {logging_mixin.py:190} INFO - [2024-10-16T04:00:42.174+0000] {dag.py:4180} INFO - Setting next_dagrun for dataset_s3_bucket_consumer to None, run_after=None
[2024-10-16T04:00:42.175+0000] {logging_mixin.py:190} INFO - [2024-10-16T04:00:42.175+0000] {dag.py:4180} INFO - Setting next_dagrun for dataset_s3_bucket_producer to None, run_after=None
[2024-10-16T04:00:42.183+0000] {processor.py:208} INFO - Processing /home/airflow/.local/lib/python3.12/site-packages/airflow/example_dags/example_dataset_alias.py took 0.105 seconds
[2024-10-16T04:01:12.956+0000] {processor.py:186} INFO - Started process (PID=1267) to work on /home/airflow/.local/lib/python3.12/site-packages/airflow/example_dags/example_dataset_alias.py
[2024-10-16T04:01:12.957+0000] {processor.py:914} INFO - Processing file /home/airflow/.local/lib/python3.12/site-packages/airflow/example_dags/example_dataset_alias.py for tasks to queue
[2024-10-16T04:01:12.958+0000] {logging_mixin.py:190} INFO - [2024-10-16T04:01:12.957+0000] {dagbag.py:588} INFO - Filling up the DagBag from /home/airflow/.local/lib/python3.12/site-packages/airflow/example_dags/example_dataset_alias.py
[2024-10-16T04:01:13.027+0000] {processor.py:925} INFO - DAG(s) 'dataset_alias_example_alias_consumer', 'dataset_alias_example_alias_producer', 'dataset_s3_bucket_producer', 'dataset_s3_bucket_consumer' retrieved from /home/airflow/.local/lib/python3.12/site-packages/airflow/example_dags/example_dataset_alias.py
[2024-10-16T04:01:13.036+0000] {logging_mixin.py:190} INFO - [2024-10-16T04:01:13.036+0000] {dag.py:3239} INFO - Sync 4 DAGs
[2024-10-16T04:01:13.045+0000] {logging_mixin.py:190} INFO - [2024-10-16T04:01:13.045+0000] {dag.py:4180} INFO - Setting next_dagrun for dataset_alias_example_alias_consumer to None, run_after=None
[2024-10-16T04:01:13.046+0000] {logging_mixin.py:190} INFO - [2024-10-16T04:01:13.046+0000] {dag.py:4180} INFO - Setting next_dagrun for dataset_alias_example_alias_producer to None, run_after=None
[2024-10-16T04:01:13.046+0000] {logging_mixin.py:190} INFO - [2024-10-16T04:01:13.046+0000] {dag.py:4180} INFO - Setting next_dagrun for dataset_s3_bucket_consumer to None, run_after=None
[2024-10-16T04:01:13.047+0000] {logging_mixin.py:190} INFO - [2024-10-16T04:01:13.047+0000] {dag.py:4180} INFO - Setting next_dagrun for dataset_s3_bucket_producer to None, run_after=None
[2024-10-16T04:01:13.054+0000] {processor.py:208} INFO - Processing /home/airflow/.local/lib/python3.12/site-packages/airflow/example_dags/example_dataset_alias.py took 0.101 seconds
[2024-10-16T04:01:43.962+0000] {processor.py:186} INFO - Started process (PID=1329) to work on /home/airflow/.local/lib/python3.12/site-packages/airflow/example_dags/example_dataset_alias.py
[2024-10-16T04:01:43.963+0000] {processor.py:914} INFO - Processing file /home/airflow/.local/lib/python3.12/site-packages/airflow/example_dags/example_dataset_alias.py for tasks to queue
[2024-10-16T04:01:43.964+0000] {logging_mixin.py:190} INFO - [2024-10-16T04:01:43.964+0000] {dagbag.py:588} INFO - Filling up the DagBag from /home/airflow/.local/lib/python3.12/site-packages/airflow/example_dags/example_dataset_alias.py
[2024-10-16T04:01:44.028+0000] {processor.py:925} INFO - DAG(s) 'dataset_alias_example_alias_producer', 'dataset_alias_example_alias_consumer', 'dataset_s3_bucket_consumer', 'dataset_s3_bucket_producer' retrieved from /home/airflow/.local/lib/python3.12/site-packages/airflow/example_dags/example_dataset_alias.py
[2024-10-16T04:01:44.035+0000] {logging_mixin.py:190} INFO - [2024-10-16T04:01:44.035+0000] {dag.py:3239} INFO - Sync 4 DAGs
[2024-10-16T04:01:44.043+0000] {logging_mixin.py:190} INFO - [2024-10-16T04:01:44.043+0000] {dag.py:4180} INFO - Setting next_dagrun for dataset_alias_example_alias_consumer to None, run_after=None
[2024-10-16T04:01:44.044+0000] {logging_mixin.py:190} INFO - [2024-10-16T04:01:44.044+0000] {dag.py:4180} INFO - Setting next_dagrun for dataset_alias_example_alias_producer to None, run_after=None
[2024-10-16T04:01:44.045+0000] {logging_mixin.py:190} INFO - [2024-10-16T04:01:44.045+0000] {dag.py:4180} INFO - Setting next_dagrun for dataset_s3_bucket_consumer to None, run_after=None
[2024-10-16T04:01:44.045+0000] {logging_mixin.py:190} INFO - [2024-10-16T04:01:44.045+0000] {dag.py:4180} INFO - Setting next_dagrun for dataset_s3_bucket_producer to None, run_after=None
[2024-10-16T04:01:44.052+0000] {processor.py:208} INFO - Processing /home/airflow/.local/lib/python3.12/site-packages/airflow/example_dags/example_dataset_alias.py took 0.092 seconds
[2024-10-16T04:02:14.925+0000] {processor.py:186} INFO - Started process (PID=1391) to work on /home/airflow/.local/lib/python3.12/site-packages/airflow/example_dags/example_dataset_alias.py
[2024-10-16T04:02:14.925+0000] {processor.py:914} INFO - Processing file /home/airflow/.local/lib/python3.12/site-packages/airflow/example_dags/example_dataset_alias.py for tasks to queue
[2024-10-16T04:02:14.926+0000] {logging_mixin.py:190} INFO - [2024-10-16T04:02:14.926+0000] {dagbag.py:588} INFO - Filling up the DagBag from /home/airflow/.local/lib/python3.12/site-packages/airflow/example_dags/example_dataset_alias.py
[2024-10-16T04:02:14.996+0000] {processor.py:925} INFO - DAG(s) 'dataset_alias_example_alias_producer', 'dataset_alias_example_alias_consumer', 'dataset_s3_bucket_producer', 'dataset_s3_bucket_consumer' retrieved from /home/airflow/.local/lib/python3.12/site-packages/airflow/example_dags/example_dataset_alias.py
[2024-10-16T04:02:15.004+0000] {logging_mixin.py:190} INFO - [2024-10-16T04:02:15.004+0000] {dag.py:3239} INFO - Sync 4 DAGs
[2024-10-16T04:02:15.013+0000] {logging_mixin.py:190} INFO - [2024-10-16T04:02:15.013+0000] {dag.py:4180} INFO - Setting next_dagrun for dataset_alias_example_alias_consumer to None, run_after=None
[2024-10-16T04:02:15.014+0000] {logging_mixin.py:190} INFO - [2024-10-16T04:02:15.014+0000] {dag.py:4180} INFO - Setting next_dagrun for dataset_alias_example_alias_producer to None, run_after=None
[2024-10-16T04:02:15.015+0000] {logging_mixin.py:190} INFO - [2024-10-16T04:02:15.015+0000] {dag.py:4180} INFO - Setting next_dagrun for dataset_s3_bucket_consumer to None, run_after=None
[2024-10-16T04:02:15.016+0000] {logging_mixin.py:190} INFO - [2024-10-16T04:02:15.015+0000] {dag.py:4180} INFO - Setting next_dagrun for dataset_s3_bucket_producer to None, run_after=None
[2024-10-16T04:02:15.023+0000] {processor.py:208} INFO - Processing /home/airflow/.local/lib/python3.12/site-packages/airflow/example_dags/example_dataset_alias.py took 0.101 seconds
[2024-10-16T04:02:45.734+0000] {processor.py:186} INFO - Started process (PID=1459) to work on /home/airflow/.local/lib/python3.12/site-packages/airflow/example_dags/example_dataset_alias.py
[2024-10-16T04:02:45.734+0000] {processor.py:914} INFO - Processing file /home/airflow/.local/lib/python3.12/site-packages/airflow/example_dags/example_dataset_alias.py for tasks to queue
[2024-10-16T04:02:45.735+0000] {logging_mixin.py:190} INFO - [2024-10-16T04:02:45.735+0000] {dagbag.py:588} INFO - Filling up the DagBag from /home/airflow/.local/lib/python3.12/site-packages/airflow/example_dags/example_dataset_alias.py
[2024-10-16T04:02:45.799+0000] {processor.py:925} INFO - DAG(s) 'dataset_alias_example_alias_consumer', 'dataset_s3_bucket_consumer', 'dataset_alias_example_alias_producer', 'dataset_s3_bucket_producer' retrieved from /home/airflow/.local/lib/python3.12/site-packages/airflow/example_dags/example_dataset_alias.py
[2024-10-16T04:02:45.807+0000] {logging_mixin.py:190} INFO - [2024-10-16T04:02:45.807+0000] {dag.py:3239} INFO - Sync 4 DAGs
[2024-10-16T04:02:45.815+0000] {logging_mixin.py:190} INFO - [2024-10-16T04:02:45.815+0000] {dag.py:4180} INFO - Setting next_dagrun for dataset_alias_example_alias_consumer to None, run_after=None
[2024-10-16T04:02:45.816+0000] {logging_mixin.py:190} INFO - [2024-10-16T04:02:45.816+0000] {dag.py:4180} INFO - Setting next_dagrun for dataset_alias_example_alias_producer to None, run_after=None
[2024-10-16T04:02:45.817+0000] {logging_mixin.py:190} INFO - [2024-10-16T04:02:45.817+0000] {dag.py:4180} INFO - Setting next_dagrun for dataset_s3_bucket_consumer to None, run_after=None
[2024-10-16T04:02:45.817+0000] {logging_mixin.py:190} INFO - [2024-10-16T04:02:45.817+0000] {dag.py:4180} INFO - Setting next_dagrun for dataset_s3_bucket_producer to None, run_after=None
[2024-10-16T04:02:45.825+0000] {processor.py:208} INFO - Processing /home/airflow/.local/lib/python3.12/site-packages/airflow/example_dags/example_dataset_alias.py took 0.093 seconds
[2024-10-16T04:03:16.630+0000] {processor.py:186} INFO - Started process (PID=1521) to work on /home/airflow/.local/lib/python3.12/site-packages/airflow/example_dags/example_dataset_alias.py
[2024-10-16T04:03:16.631+0000] {processor.py:914} INFO - Processing file /home/airflow/.local/lib/python3.12/site-packages/airflow/example_dags/example_dataset_alias.py for tasks to queue
[2024-10-16T04:03:16.632+0000] {logging_mixin.py:190} INFO - [2024-10-16T04:03:16.632+0000] {dagbag.py:588} INFO - Filling up the DagBag from /home/airflow/.local/lib/python3.12/site-packages/airflow/example_dags/example_dataset_alias.py
[2024-10-16T04:03:16.698+0000] {processor.py:925} INFO - DAG(s) 'dataset_s3_bucket_consumer', 'dataset_s3_bucket_producer', 'dataset_alias_example_alias_producer', 'dataset_alias_example_alias_consumer' retrieved from /home/airflow/.local/lib/python3.12/site-packages/airflow/example_dags/example_dataset_alias.py
[2024-10-16T04:03:16.706+0000] {logging_mixin.py:190} INFO - [2024-10-16T04:03:16.705+0000] {dag.py:3239} INFO - Sync 4 DAGs
[2024-10-16T04:03:16.714+0000] {logging_mixin.py:190} INFO - [2024-10-16T04:03:16.714+0000] {dag.py:4180} INFO - Setting next_dagrun for dataset_alias_example_alias_consumer to None, run_after=None
[2024-10-16T04:03:16.716+0000] {logging_mixin.py:190} INFO - [2024-10-16T04:03:16.715+0000] {dag.py:4180} INFO - Setting next_dagrun for dataset_alias_example_alias_producer to None, run_after=None
[2024-10-16T04:03:16.716+0000] {logging_mixin.py:190} INFO - [2024-10-16T04:03:16.716+0000] {dag.py:4180} INFO - Setting next_dagrun for dataset_s3_bucket_consumer to None, run_after=None
[2024-10-16T04:03:16.717+0000] {logging_mixin.py:190} INFO - [2024-10-16T04:03:16.717+0000] {dag.py:4180} INFO - Setting next_dagrun for dataset_s3_bucket_producer to None, run_after=None
[2024-10-16T04:03:16.725+0000] {processor.py:208} INFO - Processing /home/airflow/.local/lib/python3.12/site-packages/airflow/example_dags/example_dataset_alias.py took 0.097 seconds
[2024-10-16T04:03:47.510+0000] {processor.py:186} INFO - Started process (PID=1582) to work on /home/airflow/.local/lib/python3.12/site-packages/airflow/example_dags/example_dataset_alias.py
[2024-10-16T04:03:47.510+0000] {processor.py:914} INFO - Processing file /home/airflow/.local/lib/python3.12/site-packages/airflow/example_dags/example_dataset_alias.py for tasks to queue
[2024-10-16T04:03:47.511+0000] {logging_mixin.py:190} INFO - [2024-10-16T04:03:47.511+0000] {dagbag.py:588} INFO - Filling up the DagBag from /home/airflow/.local/lib/python3.12/site-packages/airflow/example_dags/example_dataset_alias.py
[2024-10-16T04:03:47.585+0000] {processor.py:925} INFO - DAG(s) 'dataset_s3_bucket_consumer', 'dataset_alias_example_alias_producer', 'dataset_s3_bucket_producer', 'dataset_alias_example_alias_consumer' retrieved from /home/airflow/.local/lib/python3.12/site-packages/airflow/example_dags/example_dataset_alias.py
[2024-10-16T04:03:47.595+0000] {logging_mixin.py:190} INFO - [2024-10-16T04:03:47.595+0000] {dag.py:3239} INFO - Sync 4 DAGs
[2024-10-16T04:03:47.607+0000] {logging_mixin.py:190} INFO - [2024-10-16T04:03:47.606+0000] {dag.py:4180} INFO - Setting next_dagrun for dataset_alias_example_alias_consumer to None, run_after=None
[2024-10-16T04:03:47.608+0000] {logging_mixin.py:190} INFO - [2024-10-16T04:03:47.608+0000] {dag.py:4180} INFO - Setting next_dagrun for dataset_alias_example_alias_producer to None, run_after=None
[2024-10-16T04:03:47.608+0000] {logging_mixin.py:190} INFO - [2024-10-16T04:03:47.608+0000] {dag.py:4180} INFO - Setting next_dagrun for dataset_s3_bucket_consumer to None, run_after=None
[2024-10-16T04:03:47.609+0000] {logging_mixin.py:190} INFO - [2024-10-16T04:03:47.609+0000] {dag.py:4180} INFO - Setting next_dagrun for dataset_s3_bucket_producer to None, run_after=None
[2024-10-16T04:03:47.619+0000] {processor.py:208} INFO - Processing /home/airflow/.local/lib/python3.12/site-packages/airflow/example_dags/example_dataset_alias.py took 0.112 seconds
[2024-10-16T04:04:18.504+0000] {processor.py:186} INFO - Started process (PID=1644) to work on /home/airflow/.local/lib/python3.12/site-packages/airflow/example_dags/example_dataset_alias.py
[2024-10-16T04:04:18.504+0000] {processor.py:914} INFO - Processing file /home/airflow/.local/lib/python3.12/site-packages/airflow/example_dags/example_dataset_alias.py for tasks to queue
[2024-10-16T04:04:18.505+0000] {logging_mixin.py:190} INFO - [2024-10-16T04:04:18.505+0000] {dagbag.py:588} INFO - Filling up the DagBag from /home/airflow/.local/lib/python3.12/site-packages/airflow/example_dags/example_dataset_alias.py
[2024-10-16T04:04:18.574+0000] {processor.py:925} INFO - DAG(s) 'dataset_s3_bucket_consumer', 'dataset_alias_example_alias_producer', 'dataset_s3_bucket_producer', 'dataset_alias_example_alias_consumer' retrieved from /home/airflow/.local/lib/python3.12/site-packages/airflow/example_dags/example_dataset_alias.py
[2024-10-16T04:04:18.583+0000] {logging_mixin.py:190} INFO - [2024-10-16T04:04:18.582+0000] {dag.py:3239} INFO - Sync 4 DAGs
[2024-10-16T04:04:18.592+0000] {logging_mixin.py:190} INFO - [2024-10-16T04:04:18.592+0000] {dag.py:4180} INFO - Setting next_dagrun for dataset_alias_example_alias_consumer to None, run_after=None
[2024-10-16T04:04:18.593+0000] {logging_mixin.py:190} INFO - [2024-10-16T04:04:18.593+0000] {dag.py:4180} INFO - Setting next_dagrun for dataset_alias_example_alias_producer to None, run_after=None
[2024-10-16T04:04:18.593+0000] {logging_mixin.py:190} INFO - [2024-10-16T04:04:18.593+0000] {dag.py:4180} INFO - Setting next_dagrun for dataset_s3_bucket_consumer to None, run_after=None
[2024-10-16T04:04:18.594+0000] {logging_mixin.py:190} INFO - [2024-10-16T04:04:18.594+0000] {dag.py:4180} INFO - Setting next_dagrun for dataset_s3_bucket_producer to None, run_after=None
[2024-10-16T04:04:18.602+0000] {processor.py:208} INFO - Processing /home/airflow/.local/lib/python3.12/site-packages/airflow/example_dags/example_dataset_alias.py took 0.101 seconds
