[2024-10-16T03:51:25.743+0000] {processor.py:186} INFO - Started process (PID=48) to work on /home/airflow/.local/lib/python3.12/site-packages/airflow/example_dags/example_branch_day_of_week_operator.py
[2024-10-16T03:51:25.749+0000] {processor.py:914} INFO - Processing file /home/airflow/.local/lib/python3.12/site-packages/airflow/example_dags/example_branch_day_of_week_operator.py for tasks to queue
[2024-10-16T03:51:25.752+0000] {logging_mixin.py:190} INFO - [2024-10-16T03:51:25.751+0000] {dagbag.py:588} INFO - Filling up the DagBag from /home/airflow/.local/lib/python3.12/site-packages/airflow/example_dags/example_branch_day_of_week_operator.py
[2024-10-16T03:51:25.767+0000] {processor.py:925} INFO - DAG(s) 'example_weekday_branch_operator' retrieved from /home/airflow/.local/lib/python3.12/site-packages/airflow/example_dags/example_branch_day_of_week_operator.py
[2024-10-16T03:51:25.823+0000] {logging_mixin.py:190} INFO - [2024-10-16T03:51:25.822+0000] {dag.py:3239} INFO - Sync 1 DAGs
[2024-10-16T03:51:25.888+0000] {logging_mixin.py:190} INFO - [2024-10-16T03:51:25.888+0000] {dag.py:4180} INFO - Setting next_dagrun for example_weekday_branch_operator to 2024-10-15 00:00:00+00:00, run_after=2024-10-16 00:00:00+00:00
[2024-10-16T03:51:25.903+0000] {processor.py:208} INFO - Processing /home/airflow/.local/lib/python3.12/site-packages/airflow/example_dags/example_branch_day_of_week_operator.py took 0.170 seconds
[2024-10-16T03:51:56.321+0000] {processor.py:186} INFO - Started process (PID=109) to work on /home/airflow/.local/lib/python3.12/site-packages/airflow/example_dags/example_branch_day_of_week_operator.py
[2024-10-16T03:51:56.327+0000] {processor.py:914} INFO - Processing file /home/airflow/.local/lib/python3.12/site-packages/airflow/example_dags/example_branch_day_of_week_operator.py for tasks to queue
[2024-10-16T03:51:56.336+0000] {logging_mixin.py:190} INFO - [2024-10-16T03:51:56.336+0000] {dagbag.py:588} INFO - Filling up the DagBag from /home/airflow/.local/lib/python3.12/site-packages/airflow/example_dags/example_branch_day_of_week_operator.py
[2024-10-16T03:51:56.348+0000] {processor.py:925} INFO - DAG(s) 'example_weekday_branch_operator' retrieved from /home/airflow/.local/lib/python3.12/site-packages/airflow/example_dags/example_branch_day_of_week_operator.py
[2024-10-16T03:51:56.375+0000] {logging_mixin.py:190} INFO - [2024-10-16T03:51:56.374+0000] {dag.py:3239} INFO - Sync 1 DAGs
[2024-10-16T03:51:56.392+0000] {logging_mixin.py:190} INFO - [2024-10-16T03:51:56.392+0000] {dag.py:4180} INFO - Setting next_dagrun for example_weekday_branch_operator to 2024-10-15 00:00:00+00:00, run_after=2024-10-16 00:00:00+00:00
[2024-10-16T03:51:56.402+0000] {processor.py:208} INFO - Processing /home/airflow/.local/lib/python3.12/site-packages/airflow/example_dags/example_branch_day_of_week_operator.py took 0.089 seconds
[2024-10-16T03:52:26.783+0000] {processor.py:186} INFO - Started process (PID=171) to work on /home/airflow/.local/lib/python3.12/site-packages/airflow/example_dags/example_branch_day_of_week_operator.py
[2024-10-16T03:52:26.785+0000] {processor.py:914} INFO - Processing file /home/airflow/.local/lib/python3.12/site-packages/airflow/example_dags/example_branch_day_of_week_operator.py for tasks to queue
[2024-10-16T03:52:26.789+0000] {logging_mixin.py:190} INFO - [2024-10-16T03:52:26.788+0000] {dagbag.py:588} INFO - Filling up the DagBag from /home/airflow/.local/lib/python3.12/site-packages/airflow/example_dags/example_branch_day_of_week_operator.py
[2024-10-16T03:52:26.810+0000] {processor.py:925} INFO - DAG(s) 'example_weekday_branch_operator' retrieved from /home/airflow/.local/lib/python3.12/site-packages/airflow/example_dags/example_branch_day_of_week_operator.py
[2024-10-16T03:52:26.837+0000] {logging_mixin.py:190} INFO - [2024-10-16T03:52:26.837+0000] {dag.py:3239} INFO - Sync 1 DAGs
[2024-10-16T03:52:26.853+0000] {logging_mixin.py:190} INFO - [2024-10-16T03:52:26.853+0000] {dag.py:4180} INFO - Setting next_dagrun for example_weekday_branch_operator to 2024-10-15 00:00:00+00:00, run_after=2024-10-16 00:00:00+00:00
[2024-10-16T03:52:26.863+0000] {processor.py:208} INFO - Processing /home/airflow/.local/lib/python3.12/site-packages/airflow/example_dags/example_branch_day_of_week_operator.py took 0.088 seconds
[2024-10-16T03:52:57.838+0000] {processor.py:186} INFO - Started process (PID=233) to work on /home/airflow/.local/lib/python3.12/site-packages/airflow/example_dags/example_branch_day_of_week_operator.py
[2024-10-16T03:52:57.839+0000] {processor.py:914} INFO - Processing file /home/airflow/.local/lib/python3.12/site-packages/airflow/example_dags/example_branch_day_of_week_operator.py for tasks to queue
[2024-10-16T03:52:57.843+0000] {logging_mixin.py:190} INFO - [2024-10-16T03:52:57.842+0000] {dagbag.py:588} INFO - Filling up the DagBag from /home/airflow/.local/lib/python3.12/site-packages/airflow/example_dags/example_branch_day_of_week_operator.py
[2024-10-16T03:52:57.866+0000] {processor.py:925} INFO - DAG(s) 'example_weekday_branch_operator' retrieved from /home/airflow/.local/lib/python3.12/site-packages/airflow/example_dags/example_branch_day_of_week_operator.py
[2024-10-16T03:52:57.889+0000] {logging_mixin.py:190} INFO - [2024-10-16T03:52:57.889+0000] {dag.py:3239} INFO - Sync 1 DAGs
[2024-10-16T03:52:57.905+0000] {logging_mixin.py:190} INFO - [2024-10-16T03:52:57.904+0000] {dag.py:4180} INFO - Setting next_dagrun for example_weekday_branch_operator to 2024-10-15 00:00:00+00:00, run_after=2024-10-16 00:00:00+00:00
[2024-10-16T03:52:57.913+0000] {processor.py:208} INFO - Processing /home/airflow/.local/lib/python3.12/site-packages/airflow/example_dags/example_branch_day_of_week_operator.py took 0.080 seconds
[2024-10-16T03:53:28.968+0000] {processor.py:186} INFO - Started process (PID=295) to work on /home/airflow/.local/lib/python3.12/site-packages/airflow/example_dags/example_branch_day_of_week_operator.py
[2024-10-16T03:53:28.973+0000] {processor.py:914} INFO - Processing file /home/airflow/.local/lib/python3.12/site-packages/airflow/example_dags/example_branch_day_of_week_operator.py for tasks to queue
[2024-10-16T03:53:28.977+0000] {logging_mixin.py:190} INFO - [2024-10-16T03:53:28.976+0000] {dagbag.py:588} INFO - Filling up the DagBag from /home/airflow/.local/lib/python3.12/site-packages/airflow/example_dags/example_branch_day_of_week_operator.py
[2024-10-16T03:53:28.988+0000] {processor.py:925} INFO - DAG(s) 'example_weekday_branch_operator' retrieved from /home/airflow/.local/lib/python3.12/site-packages/airflow/example_dags/example_branch_day_of_week_operator.py
[2024-10-16T03:53:29.004+0000] {logging_mixin.py:190} INFO - [2024-10-16T03:53:29.004+0000] {dag.py:3239} INFO - Sync 1 DAGs
[2024-10-16T03:53:29.025+0000] {logging_mixin.py:190} INFO - [2024-10-16T03:53:29.024+0000] {dag.py:4180} INFO - Setting next_dagrun for example_weekday_branch_operator to 2024-10-15 00:00:00+00:00, run_after=2024-10-16 00:00:00+00:00
[2024-10-16T03:53:29.033+0000] {processor.py:208} INFO - Processing /home/airflow/.local/lib/python3.12/site-packages/airflow/example_dags/example_branch_day_of_week_operator.py took 0.086 seconds
[2024-10-16T03:53:59.875+0000] {processor.py:186} INFO - Started process (PID=357) to work on /home/airflow/.local/lib/python3.12/site-packages/airflow/example_dags/example_branch_day_of_week_operator.py
[2024-10-16T03:53:59.878+0000] {processor.py:914} INFO - Processing file /home/airflow/.local/lib/python3.12/site-packages/airflow/example_dags/example_branch_day_of_week_operator.py for tasks to queue
[2024-10-16T03:53:59.888+0000] {logging_mixin.py:190} INFO - [2024-10-16T03:53:59.888+0000] {dagbag.py:588} INFO - Filling up the DagBag from /home/airflow/.local/lib/python3.12/site-packages/airflow/example_dags/example_branch_day_of_week_operator.py
[2024-10-16T03:53:59.904+0000] {processor.py:925} INFO - DAG(s) 'example_weekday_branch_operator' retrieved from /home/airflow/.local/lib/python3.12/site-packages/airflow/example_dags/example_branch_day_of_week_operator.py
[2024-10-16T03:53:59.925+0000] {logging_mixin.py:190} INFO - [2024-10-16T03:53:59.925+0000] {dag.py:3239} INFO - Sync 1 DAGs
[2024-10-16T03:53:59.946+0000] {logging_mixin.py:190} INFO - [2024-10-16T03:53:59.945+0000] {dag.py:4180} INFO - Setting next_dagrun for example_weekday_branch_operator to 2024-10-15 00:00:00+00:00, run_after=2024-10-16 00:00:00+00:00
[2024-10-16T03:53:59.955+0000] {processor.py:208} INFO - Processing /home/airflow/.local/lib/python3.12/site-packages/airflow/example_dags/example_branch_day_of_week_operator.py took 0.092 seconds
[2024-10-16T03:54:30.818+0000] {processor.py:186} INFO - Started process (PID=419) to work on /home/airflow/.local/lib/python3.12/site-packages/airflow/example_dags/example_branch_day_of_week_operator.py
[2024-10-16T03:54:30.818+0000] {processor.py:914} INFO - Processing file /home/airflow/.local/lib/python3.12/site-packages/airflow/example_dags/example_branch_day_of_week_operator.py for tasks to queue
[2024-10-16T03:54:30.822+0000] {logging_mixin.py:190} INFO - [2024-10-16T03:54:30.821+0000] {dagbag.py:588} INFO - Filling up the DagBag from /home/airflow/.local/lib/python3.12/site-packages/airflow/example_dags/example_branch_day_of_week_operator.py
[2024-10-16T03:54:30.859+0000] {processor.py:925} INFO - DAG(s) 'example_weekday_branch_operator' retrieved from /home/airflow/.local/lib/python3.12/site-packages/airflow/example_dags/example_branch_day_of_week_operator.py
[2024-10-16T03:54:30.876+0000] {logging_mixin.py:190} INFO - [2024-10-16T03:54:30.876+0000] {dag.py:3239} INFO - Sync 1 DAGs
[2024-10-16T03:54:30.890+0000] {logging_mixin.py:190} INFO - [2024-10-16T03:54:30.889+0000] {dag.py:4180} INFO - Setting next_dagrun for example_weekday_branch_operator to 2024-10-15 00:00:00+00:00, run_after=2024-10-16 00:00:00+00:00
[2024-10-16T03:54:30.899+0000] {processor.py:208} INFO - Processing /home/airflow/.local/lib/python3.12/site-packages/airflow/example_dags/example_branch_day_of_week_operator.py took 0.087 seconds
[2024-10-16T03:55:01.874+0000] {processor.py:186} INFO - Started process (PID=481) to work on /home/airflow/.local/lib/python3.12/site-packages/airflow/example_dags/example_branch_day_of_week_operator.py
[2024-10-16T03:55:01.876+0000] {processor.py:914} INFO - Processing file /home/airflow/.local/lib/python3.12/site-packages/airflow/example_dags/example_branch_day_of_week_operator.py for tasks to queue
[2024-10-16T03:55:01.880+0000] {logging_mixin.py:190} INFO - [2024-10-16T03:55:01.879+0000] {dagbag.py:588} INFO - Filling up the DagBag from /home/airflow/.local/lib/python3.12/site-packages/airflow/example_dags/example_branch_day_of_week_operator.py
[2024-10-16T03:55:01.892+0000] {processor.py:925} INFO - DAG(s) 'example_weekday_branch_operator' retrieved from /home/airflow/.local/lib/python3.12/site-packages/airflow/example_dags/example_branch_day_of_week_operator.py
[2024-10-16T03:55:01.911+0000] {logging_mixin.py:190} INFO - [2024-10-16T03:55:01.910+0000] {dag.py:3239} INFO - Sync 1 DAGs
[2024-10-16T03:55:01.924+0000] {logging_mixin.py:190} INFO - [2024-10-16T03:55:01.924+0000] {dag.py:4180} INFO - Setting next_dagrun for example_weekday_branch_operator to 2024-10-15 00:00:00+00:00, run_after=2024-10-16 00:00:00+00:00
[2024-10-16T03:55:01.933+0000] {processor.py:208} INFO - Processing /home/airflow/.local/lib/python3.12/site-packages/airflow/example_dags/example_branch_day_of_week_operator.py took 0.074 seconds
[2024-10-16T03:55:32.869+0000] {processor.py:186} INFO - Started process (PID=543) to work on /home/airflow/.local/lib/python3.12/site-packages/airflow/example_dags/example_branch_day_of_week_operator.py
[2024-10-16T03:55:32.871+0000] {processor.py:914} INFO - Processing file /home/airflow/.local/lib/python3.12/site-packages/airflow/example_dags/example_branch_day_of_week_operator.py for tasks to queue
[2024-10-16T03:55:32.875+0000] {logging_mixin.py:190} INFO - [2024-10-16T03:55:32.874+0000] {dagbag.py:588} INFO - Filling up the DagBag from /home/airflow/.local/lib/python3.12/site-packages/airflow/example_dags/example_branch_day_of_week_operator.py
[2024-10-16T03:55:32.906+0000] {processor.py:925} INFO - DAG(s) 'example_weekday_branch_operator' retrieved from /home/airflow/.local/lib/python3.12/site-packages/airflow/example_dags/example_branch_day_of_week_operator.py
[2024-10-16T03:55:32.927+0000] {logging_mixin.py:190} INFO - [2024-10-16T03:55:32.927+0000] {dag.py:3239} INFO - Sync 1 DAGs
[2024-10-16T03:55:32.942+0000] {logging_mixin.py:190} INFO - [2024-10-16T03:55:32.942+0000] {dag.py:4180} INFO - Setting next_dagrun for example_weekday_branch_operator to 2024-10-15 00:00:00+00:00, run_after=2024-10-16 00:00:00+00:00
[2024-10-16T03:55:32.952+0000] {processor.py:208} INFO - Processing /home/airflow/.local/lib/python3.12/site-packages/airflow/example_dags/example_branch_day_of_week_operator.py took 0.090 seconds
[2024-10-16T03:56:03.081+0000] {processor.py:186} INFO - Started process (PID=605) to work on /home/airflow/.local/lib/python3.12/site-packages/airflow/example_dags/example_branch_day_of_week_operator.py
[2024-10-16T03:56:03.083+0000] {processor.py:914} INFO - Processing file /home/airflow/.local/lib/python3.12/site-packages/airflow/example_dags/example_branch_day_of_week_operator.py for tasks to queue
[2024-10-16T03:56:03.085+0000] {logging_mixin.py:190} INFO - [2024-10-16T03:56:03.085+0000] {dagbag.py:588} INFO - Filling up the DagBag from /home/airflow/.local/lib/python3.12/site-packages/airflow/example_dags/example_branch_day_of_week_operator.py
[2024-10-16T03:56:03.106+0000] {processor.py:925} INFO - DAG(s) 'example_weekday_branch_operator' retrieved from /home/airflow/.local/lib/python3.12/site-packages/airflow/example_dags/example_branch_day_of_week_operator.py
[2024-10-16T03:56:03.137+0000] {logging_mixin.py:190} INFO - [2024-10-16T03:56:03.137+0000] {dag.py:3239} INFO - Sync 1 DAGs
[2024-10-16T03:56:03.151+0000] {logging_mixin.py:190} INFO - [2024-10-16T03:56:03.151+0000] {dag.py:4180} INFO - Setting next_dagrun for example_weekday_branch_operator to 2024-10-15 00:00:00+00:00, run_after=2024-10-16 00:00:00+00:00
[2024-10-16T03:56:03.160+0000] {processor.py:208} INFO - Processing /home/airflow/.local/lib/python3.12/site-packages/airflow/example_dags/example_branch_day_of_week_operator.py took 0.085 seconds
[2024-10-16T03:56:34.169+0000] {processor.py:186} INFO - Started process (PID=667) to work on /home/airflow/.local/lib/python3.12/site-packages/airflow/example_dags/example_branch_day_of_week_operator.py
[2024-10-16T03:56:34.172+0000] {processor.py:914} INFO - Processing file /home/airflow/.local/lib/python3.12/site-packages/airflow/example_dags/example_branch_day_of_week_operator.py for tasks to queue
[2024-10-16T03:56:34.175+0000] {logging_mixin.py:190} INFO - [2024-10-16T03:56:34.175+0000] {dagbag.py:588} INFO - Filling up the DagBag from /home/airflow/.local/lib/python3.12/site-packages/airflow/example_dags/example_branch_day_of_week_operator.py
[2024-10-16T03:56:34.189+0000] {processor.py:925} INFO - DAG(s) 'example_weekday_branch_operator' retrieved from /home/airflow/.local/lib/python3.12/site-packages/airflow/example_dags/example_branch_day_of_week_operator.py
[2024-10-16T03:56:34.215+0000] {logging_mixin.py:190} INFO - [2024-10-16T03:56:34.215+0000] {dag.py:3239} INFO - Sync 1 DAGs
[2024-10-16T03:56:34.231+0000] {logging_mixin.py:190} INFO - [2024-10-16T03:56:34.231+0000] {dag.py:4180} INFO - Setting next_dagrun for example_weekday_branch_operator to 2024-10-15 00:00:00+00:00, run_after=2024-10-16 00:00:00+00:00
[2024-10-16T03:56:34.241+0000] {processor.py:208} INFO - Processing /home/airflow/.local/lib/python3.12/site-packages/airflow/example_dags/example_branch_day_of_week_operator.py took 0.082 seconds
[2024-10-16T03:57:04.556+0000] {processor.py:186} INFO - Started process (PID=729) to work on /home/airflow/.local/lib/python3.12/site-packages/airflow/example_dags/example_branch_day_of_week_operator.py
[2024-10-16T03:57:04.559+0000] {processor.py:914} INFO - Processing file /home/airflow/.local/lib/python3.12/site-packages/airflow/example_dags/example_branch_day_of_week_operator.py for tasks to queue
[2024-10-16T03:57:04.561+0000] {logging_mixin.py:190} INFO - [2024-10-16T03:57:04.560+0000] {dagbag.py:588} INFO - Filling up the DagBag from /home/airflow/.local/lib/python3.12/site-packages/airflow/example_dags/example_branch_day_of_week_operator.py
[2024-10-16T03:57:04.571+0000] {processor.py:925} INFO - DAG(s) 'example_weekday_branch_operator' retrieved from /home/airflow/.local/lib/python3.12/site-packages/airflow/example_dags/example_branch_day_of_week_operator.py
[2024-10-16T03:57:04.596+0000] {logging_mixin.py:190} INFO - [2024-10-16T03:57:04.596+0000] {dag.py:3239} INFO - Sync 1 DAGs
[2024-10-16T03:57:04.611+0000] {logging_mixin.py:190} INFO - [2024-10-16T03:57:04.610+0000] {dag.py:4180} INFO - Setting next_dagrun for example_weekday_branch_operator to 2024-10-15 00:00:00+00:00, run_after=2024-10-16 00:00:00+00:00
[2024-10-16T03:57:04.620+0000] {processor.py:208} INFO - Processing /home/airflow/.local/lib/python3.12/site-packages/airflow/example_dags/example_branch_day_of_week_operator.py took 0.069 seconds
[2024-10-16T03:57:35.638+0000] {processor.py:186} INFO - Started process (PID=791) to work on /home/airflow/.local/lib/python3.12/site-packages/airflow/example_dags/example_branch_day_of_week_operator.py
[2024-10-16T03:57:35.639+0000] {processor.py:914} INFO - Processing file /home/airflow/.local/lib/python3.12/site-packages/airflow/example_dags/example_branch_day_of_week_operator.py for tasks to queue
[2024-10-16T03:57:35.642+0000] {logging_mixin.py:190} INFO - [2024-10-16T03:57:35.641+0000] {dagbag.py:588} INFO - Filling up the DagBag from /home/airflow/.local/lib/python3.12/site-packages/airflow/example_dags/example_branch_day_of_week_operator.py
[2024-10-16T03:57:35.650+0000] {processor.py:925} INFO - DAG(s) 'example_weekday_branch_operator' retrieved from /home/airflow/.local/lib/python3.12/site-packages/airflow/example_dags/example_branch_day_of_week_operator.py
[2024-10-16T03:57:35.661+0000] {logging_mixin.py:190} INFO - [2024-10-16T03:57:35.661+0000] {dag.py:3239} INFO - Sync 1 DAGs
[2024-10-16T03:57:35.672+0000] {logging_mixin.py:190} INFO - [2024-10-16T03:57:35.672+0000] {dag.py:4180} INFO - Setting next_dagrun for example_weekday_branch_operator to 2024-10-15 00:00:00+00:00, run_after=2024-10-16 00:00:00+00:00
[2024-10-16T03:57:35.681+0000] {processor.py:208} INFO - Processing /home/airflow/.local/lib/python3.12/site-packages/airflow/example_dags/example_branch_day_of_week_operator.py took 0.046 seconds
[2024-10-16T03:58:06.501+0000] {processor.py:186} INFO - Started process (PID=853) to work on /home/airflow/.local/lib/python3.12/site-packages/airflow/example_dags/example_branch_day_of_week_operator.py
[2024-10-16T03:58:06.502+0000] {processor.py:914} INFO - Processing file /home/airflow/.local/lib/python3.12/site-packages/airflow/example_dags/example_branch_day_of_week_operator.py for tasks to queue
[2024-10-16T03:58:06.505+0000] {logging_mixin.py:190} INFO - [2024-10-16T03:58:06.504+0000] {dagbag.py:588} INFO - Filling up the DagBag from /home/airflow/.local/lib/python3.12/site-packages/airflow/example_dags/example_branch_day_of_week_operator.py
[2024-10-16T03:58:06.516+0000] {processor.py:925} INFO - DAG(s) 'example_weekday_branch_operator' retrieved from /home/airflow/.local/lib/python3.12/site-packages/airflow/example_dags/example_branch_day_of_week_operator.py
[2024-10-16T03:58:06.533+0000] {logging_mixin.py:190} INFO - [2024-10-16T03:58:06.533+0000] {dag.py:3239} INFO - Sync 1 DAGs
[2024-10-16T03:58:06.548+0000] {logging_mixin.py:190} INFO - [2024-10-16T03:58:06.548+0000] {dag.py:4180} INFO - Setting next_dagrun for example_weekday_branch_operator to 2024-10-15 00:00:00+00:00, run_after=2024-10-16 00:00:00+00:00
[2024-10-16T03:58:06.559+0000] {processor.py:208} INFO - Processing /home/airflow/.local/lib/python3.12/site-packages/airflow/example_dags/example_branch_day_of_week_operator.py took 0.062 seconds
[2024-10-16T03:58:37.046+0000] {processor.py:186} INFO - Started process (PID=915) to work on /home/airflow/.local/lib/python3.12/site-packages/airflow/example_dags/example_branch_day_of_week_operator.py
[2024-10-16T03:58:37.048+0000] {processor.py:914} INFO - Processing file /home/airflow/.local/lib/python3.12/site-packages/airflow/example_dags/example_branch_day_of_week_operator.py for tasks to queue
[2024-10-16T03:58:37.051+0000] {logging_mixin.py:190} INFO - [2024-10-16T03:58:37.051+0000] {dagbag.py:588} INFO - Filling up the DagBag from /home/airflow/.local/lib/python3.12/site-packages/airflow/example_dags/example_branch_day_of_week_operator.py
[2024-10-16T03:58:37.063+0000] {processor.py:925} INFO - DAG(s) 'example_weekday_branch_operator' retrieved from /home/airflow/.local/lib/python3.12/site-packages/airflow/example_dags/example_branch_day_of_week_operator.py
[2024-10-16T03:58:37.106+0000] {logging_mixin.py:190} INFO - [2024-10-16T03:58:37.106+0000] {dag.py:3239} INFO - Sync 1 DAGs
[2024-10-16T03:58:37.125+0000] {logging_mixin.py:190} INFO - [2024-10-16T03:58:37.125+0000] {dag.py:4180} INFO - Setting next_dagrun for example_weekday_branch_operator to 2024-10-15 00:00:00+00:00, run_after=2024-10-16 00:00:00+00:00
[2024-10-16T03:58:37.137+0000] {processor.py:208} INFO - Processing /home/airflow/.local/lib/python3.12/site-packages/airflow/example_dags/example_branch_day_of_week_operator.py took 0.094 seconds
[2024-10-16T03:59:08.134+0000] {processor.py:186} INFO - Started process (PID=977) to work on /home/airflow/.local/lib/python3.12/site-packages/airflow/example_dags/example_branch_day_of_week_operator.py
[2024-10-16T03:59:08.136+0000] {processor.py:914} INFO - Processing file /home/airflow/.local/lib/python3.12/site-packages/airflow/example_dags/example_branch_day_of_week_operator.py for tasks to queue
[2024-10-16T03:59:08.138+0000] {logging_mixin.py:190} INFO - [2024-10-16T03:59:08.138+0000] {dagbag.py:588} INFO - Filling up the DagBag from /home/airflow/.local/lib/python3.12/site-packages/airflow/example_dags/example_branch_day_of_week_operator.py
[2024-10-16T03:59:08.149+0000] {processor.py:925} INFO - DAG(s) 'example_weekday_branch_operator' retrieved from /home/airflow/.local/lib/python3.12/site-packages/airflow/example_dags/example_branch_day_of_week_operator.py
[2024-10-16T03:59:08.183+0000] {logging_mixin.py:190} INFO - [2024-10-16T03:59:08.183+0000] {dag.py:3239} INFO - Sync 1 DAGs
[2024-10-16T03:59:08.203+0000] {logging_mixin.py:190} INFO - [2024-10-16T03:59:08.202+0000] {dag.py:4180} INFO - Setting next_dagrun for example_weekday_branch_operator to 2024-10-15 00:00:00+00:00, run_after=2024-10-16 00:00:00+00:00
[2024-10-16T03:59:08.221+0000] {processor.py:208} INFO - Processing /home/airflow/.local/lib/python3.12/site-packages/airflow/example_dags/example_branch_day_of_week_operator.py took 0.092 seconds
[2024-10-16T03:59:38.295+0000] {processor.py:186} INFO - Started process (PID=1039) to work on /home/airflow/.local/lib/python3.12/site-packages/airflow/example_dags/example_branch_day_of_week_operator.py
[2024-10-16T03:59:38.301+0000] {processor.py:914} INFO - Processing file /home/airflow/.local/lib/python3.12/site-packages/airflow/example_dags/example_branch_day_of_week_operator.py for tasks to queue
[2024-10-16T03:59:38.304+0000] {logging_mixin.py:190} INFO - [2024-10-16T03:59:38.304+0000] {dagbag.py:588} INFO - Filling up the DagBag from /home/airflow/.local/lib/python3.12/site-packages/airflow/example_dags/example_branch_day_of_week_operator.py
[2024-10-16T03:59:38.315+0000] {processor.py:925} INFO - DAG(s) 'example_weekday_branch_operator' retrieved from /home/airflow/.local/lib/python3.12/site-packages/airflow/example_dags/example_branch_day_of_week_operator.py
[2024-10-16T03:59:38.342+0000] {logging_mixin.py:190} INFO - [2024-10-16T03:59:38.342+0000] {dag.py:3239} INFO - Sync 1 DAGs
[2024-10-16T03:59:38.356+0000] {logging_mixin.py:190} INFO - [2024-10-16T03:59:38.356+0000] {dag.py:4180} INFO - Setting next_dagrun for example_weekday_branch_operator to 2024-10-15 00:00:00+00:00, run_after=2024-10-16 00:00:00+00:00
[2024-10-16T03:59:38.365+0000] {processor.py:208} INFO - Processing /home/airflow/.local/lib/python3.12/site-packages/airflow/example_dags/example_branch_day_of_week_operator.py took 0.083 seconds
[2024-10-16T04:00:08.540+0000] {processor.py:186} INFO - Started process (PID=1101) to work on /home/airflow/.local/lib/python3.12/site-packages/airflow/example_dags/example_branch_day_of_week_operator.py
[2024-10-16T04:00:08.542+0000] {processor.py:914} INFO - Processing file /home/airflow/.local/lib/python3.12/site-packages/airflow/example_dags/example_branch_day_of_week_operator.py for tasks to queue
[2024-10-16T04:00:08.545+0000] {logging_mixin.py:190} INFO - [2024-10-16T04:00:08.545+0000] {dagbag.py:588} INFO - Filling up the DagBag from /home/airflow/.local/lib/python3.12/site-packages/airflow/example_dags/example_branch_day_of_week_operator.py
[2024-10-16T04:00:08.564+0000] {processor.py:925} INFO - DAG(s) 'example_weekday_branch_operator' retrieved from /home/airflow/.local/lib/python3.12/site-packages/airflow/example_dags/example_branch_day_of_week_operator.py
[2024-10-16T04:00:08.590+0000] {logging_mixin.py:190} INFO - [2024-10-16T04:00:08.590+0000] {dag.py:3239} INFO - Sync 1 DAGs
[2024-10-16T04:00:08.604+0000] {logging_mixin.py:190} INFO - [2024-10-16T04:00:08.603+0000] {dag.py:4180} INFO - Setting next_dagrun for example_weekday_branch_operator to 2024-10-15 00:00:00+00:00, run_after=2024-10-16 00:00:00+00:00
[2024-10-16T04:00:08.612+0000] {processor.py:208} INFO - Processing /home/airflow/.local/lib/python3.12/site-packages/airflow/example_dags/example_branch_day_of_week_operator.py took 0.079 seconds
[2024-10-16T04:00:39.653+0000] {processor.py:186} INFO - Started process (PID=1163) to work on /home/airflow/.local/lib/python3.12/site-packages/airflow/example_dags/example_branch_day_of_week_operator.py
[2024-10-16T04:00:39.654+0000] {processor.py:914} INFO - Processing file /home/airflow/.local/lib/python3.12/site-packages/airflow/example_dags/example_branch_day_of_week_operator.py for tasks to queue
[2024-10-16T04:00:39.657+0000] {logging_mixin.py:190} INFO - [2024-10-16T04:00:39.656+0000] {dagbag.py:588} INFO - Filling up the DagBag from /home/airflow/.local/lib/python3.12/site-packages/airflow/example_dags/example_branch_day_of_week_operator.py
[2024-10-16T04:00:39.668+0000] {processor.py:925} INFO - DAG(s) 'example_weekday_branch_operator' retrieved from /home/airflow/.local/lib/python3.12/site-packages/airflow/example_dags/example_branch_day_of_week_operator.py
[2024-10-16T04:00:39.695+0000] {logging_mixin.py:190} INFO - [2024-10-16T04:00:39.695+0000] {dag.py:3239} INFO - Sync 1 DAGs
[2024-10-16T04:00:39.710+0000] {logging_mixin.py:190} INFO - [2024-10-16T04:00:39.710+0000] {dag.py:4180} INFO - Setting next_dagrun for example_weekday_branch_operator to 2024-10-15 00:00:00+00:00, run_after=2024-10-16 00:00:00+00:00
[2024-10-16T04:00:39.719+0000] {processor.py:208} INFO - Processing /home/airflow/.local/lib/python3.12/site-packages/airflow/example_dags/example_branch_day_of_week_operator.py took 0.071 seconds
[2024-10-16T04:01:10.725+0000] {processor.py:186} INFO - Started process (PID=1225) to work on /home/airflow/.local/lib/python3.12/site-packages/airflow/example_dags/example_branch_day_of_week_operator.py
[2024-10-16T04:01:10.726+0000] {processor.py:914} INFO - Processing file /home/airflow/.local/lib/python3.12/site-packages/airflow/example_dags/example_branch_day_of_week_operator.py for tasks to queue
[2024-10-16T04:01:10.729+0000] {logging_mixin.py:190} INFO - [2024-10-16T04:01:10.729+0000] {dagbag.py:588} INFO - Filling up the DagBag from /home/airflow/.local/lib/python3.12/site-packages/airflow/example_dags/example_branch_day_of_week_operator.py
[2024-10-16T04:01:10.740+0000] {processor.py:925} INFO - DAG(s) 'example_weekday_branch_operator' retrieved from /home/airflow/.local/lib/python3.12/site-packages/airflow/example_dags/example_branch_day_of_week_operator.py
[2024-10-16T04:01:10.770+0000] {logging_mixin.py:190} INFO - [2024-10-16T04:01:10.770+0000] {dag.py:3239} INFO - Sync 1 DAGs
[2024-10-16T04:01:10.786+0000] {logging_mixin.py:190} INFO - [2024-10-16T04:01:10.786+0000] {dag.py:4180} INFO - Setting next_dagrun for example_weekday_branch_operator to 2024-10-15 00:00:00+00:00, run_after=2024-10-16 00:00:00+00:00
[2024-10-16T04:01:10.795+0000] {processor.py:208} INFO - Processing /home/airflow/.local/lib/python3.12/site-packages/airflow/example_dags/example_branch_day_of_week_operator.py took 0.076 seconds
[2024-10-16T04:01:41.743+0000] {processor.py:186} INFO - Started process (PID=1287) to work on /home/airflow/.local/lib/python3.12/site-packages/airflow/example_dags/example_branch_day_of_week_operator.py
[2024-10-16T04:01:41.745+0000] {processor.py:914} INFO - Processing file /home/airflow/.local/lib/python3.12/site-packages/airflow/example_dags/example_branch_day_of_week_operator.py for tasks to queue
[2024-10-16T04:01:41.748+0000] {logging_mixin.py:190} INFO - [2024-10-16T04:01:41.748+0000] {dagbag.py:588} INFO - Filling up the DagBag from /home/airflow/.local/lib/python3.12/site-packages/airflow/example_dags/example_branch_day_of_week_operator.py
[2024-10-16T04:01:41.763+0000] {processor.py:925} INFO - DAG(s) 'example_weekday_branch_operator' retrieved from /home/airflow/.local/lib/python3.12/site-packages/airflow/example_dags/example_branch_day_of_week_operator.py
[2024-10-16T04:01:41.782+0000] {logging_mixin.py:190} INFO - [2024-10-16T04:01:41.782+0000] {dag.py:3239} INFO - Sync 1 DAGs
[2024-10-16T04:01:41.796+0000] {logging_mixin.py:190} INFO - [2024-10-16T04:01:41.796+0000] {dag.py:4180} INFO - Setting next_dagrun for example_weekday_branch_operator to 2024-10-15 00:00:00+00:00, run_after=2024-10-16 00:00:00+00:00
[2024-10-16T04:01:41.806+0000] {processor.py:208} INFO - Processing /home/airflow/.local/lib/python3.12/site-packages/airflow/example_dags/example_branch_day_of_week_operator.py took 0.071 seconds
[2024-10-16T04:02:12.683+0000] {processor.py:186} INFO - Started process (PID=1349) to work on /home/airflow/.local/lib/python3.12/site-packages/airflow/example_dags/example_branch_day_of_week_operator.py
[2024-10-16T04:02:12.684+0000] {processor.py:914} INFO - Processing file /home/airflow/.local/lib/python3.12/site-packages/airflow/example_dags/example_branch_day_of_week_operator.py for tasks to queue
[2024-10-16T04:02:12.690+0000] {logging_mixin.py:190} INFO - [2024-10-16T04:02:12.688+0000] {dagbag.py:588} INFO - Filling up the DagBag from /home/airflow/.local/lib/python3.12/site-packages/airflow/example_dags/example_branch_day_of_week_operator.py
[2024-10-16T04:02:12.714+0000] {processor.py:925} INFO - DAG(s) 'example_weekday_branch_operator' retrieved from /home/airflow/.local/lib/python3.12/site-packages/airflow/example_dags/example_branch_day_of_week_operator.py
[2024-10-16T04:02:12.734+0000] {logging_mixin.py:190} INFO - [2024-10-16T04:02:12.733+0000] {dag.py:3239} INFO - Sync 1 DAGs
[2024-10-16T04:02:12.748+0000] {logging_mixin.py:190} INFO - [2024-10-16T04:02:12.748+0000] {dag.py:4180} INFO - Setting next_dagrun for example_weekday_branch_operator to 2024-10-15 00:00:00+00:00, run_after=2024-10-16 00:00:00+00:00
[2024-10-16T04:02:12.757+0000] {processor.py:208} INFO - Processing /home/airflow/.local/lib/python3.12/site-packages/airflow/example_dags/example_branch_day_of_week_operator.py took 0.078 seconds
[2024-10-16T04:02:43.460+0000] {processor.py:186} INFO - Started process (PID=1411) to work on /home/airflow/.local/lib/python3.12/site-packages/airflow/example_dags/example_branch_day_of_week_operator.py
[2024-10-16T04:02:43.462+0000] {processor.py:914} INFO - Processing file /home/airflow/.local/lib/python3.12/site-packages/airflow/example_dags/example_branch_day_of_week_operator.py for tasks to queue
[2024-10-16T04:02:43.474+0000] {logging_mixin.py:190} INFO - [2024-10-16T04:02:43.469+0000] {dagbag.py:588} INFO - Filling up the DagBag from /home/airflow/.local/lib/python3.12/site-packages/airflow/example_dags/example_branch_day_of_week_operator.py
[2024-10-16T04:02:43.487+0000] {processor.py:925} INFO - DAG(s) 'example_weekday_branch_operator' retrieved from /home/airflow/.local/lib/python3.12/site-packages/airflow/example_dags/example_branch_day_of_week_operator.py
[2024-10-16T04:02:43.506+0000] {logging_mixin.py:190} INFO - [2024-10-16T04:02:43.506+0000] {dag.py:3239} INFO - Sync 1 DAGs
[2024-10-16T04:02:43.521+0000] {logging_mixin.py:190} INFO - [2024-10-16T04:02:43.521+0000] {dag.py:4180} INFO - Setting next_dagrun for example_weekday_branch_operator to 2024-10-15 00:00:00+00:00, run_after=2024-10-16 00:00:00+00:00
[2024-10-16T04:02:43.531+0000] {processor.py:208} INFO - Processing /home/airflow/.local/lib/python3.12/site-packages/airflow/example_dags/example_branch_day_of_week_operator.py took 0.084 seconds
[2024-10-16T04:03:14.415+0000] {processor.py:186} INFO - Started process (PID=1473) to work on /home/airflow/.local/lib/python3.12/site-packages/airflow/example_dags/example_branch_day_of_week_operator.py
[2024-10-16T04:03:14.417+0000] {processor.py:914} INFO - Processing file /home/airflow/.local/lib/python3.12/site-packages/airflow/example_dags/example_branch_day_of_week_operator.py for tasks to queue
[2024-10-16T04:03:14.420+0000] {logging_mixin.py:190} INFO - [2024-10-16T04:03:14.420+0000] {dagbag.py:588} INFO - Filling up the DagBag from /home/airflow/.local/lib/python3.12/site-packages/airflow/example_dags/example_branch_day_of_week_operator.py
[2024-10-16T04:03:14.440+0000] {processor.py:925} INFO - DAG(s) 'example_weekday_branch_operator' retrieved from /home/airflow/.local/lib/python3.12/site-packages/airflow/example_dags/example_branch_day_of_week_operator.py
[2024-10-16T04:03:14.459+0000] {logging_mixin.py:190} INFO - [2024-10-16T04:03:14.459+0000] {dag.py:3239} INFO - Sync 1 DAGs
[2024-10-16T04:03:14.479+0000] {logging_mixin.py:190} INFO - [2024-10-16T04:03:14.479+0000] {dag.py:4180} INFO - Setting next_dagrun for example_weekday_branch_operator to 2024-10-15 00:00:00+00:00, run_after=2024-10-16 00:00:00+00:00
[2024-10-16T04:03:14.490+0000] {processor.py:208} INFO - Processing /home/airflow/.local/lib/python3.12/site-packages/airflow/example_dags/example_branch_day_of_week_operator.py took 0.082 seconds
[2024-10-16T04:03:45.282+0000] {processor.py:186} INFO - Started process (PID=1535) to work on /home/airflow/.local/lib/python3.12/site-packages/airflow/example_dags/example_branch_day_of_week_operator.py
[2024-10-16T04:03:45.285+0000] {processor.py:914} INFO - Processing file /home/airflow/.local/lib/python3.12/site-packages/airflow/example_dags/example_branch_day_of_week_operator.py for tasks to queue
[2024-10-16T04:03:45.288+0000] {logging_mixin.py:190} INFO - [2024-10-16T04:03:45.287+0000] {dagbag.py:588} INFO - Filling up the DagBag from /home/airflow/.local/lib/python3.12/site-packages/airflow/example_dags/example_branch_day_of_week_operator.py
[2024-10-16T04:03:45.302+0000] {processor.py:925} INFO - DAG(s) 'example_weekday_branch_operator' retrieved from /home/airflow/.local/lib/python3.12/site-packages/airflow/example_dags/example_branch_day_of_week_operator.py
[2024-10-16T04:03:45.332+0000] {logging_mixin.py:190} INFO - [2024-10-16T04:03:45.332+0000] {dag.py:3239} INFO - Sync 1 DAGs
[2024-10-16T04:03:45.346+0000] {logging_mixin.py:190} INFO - [2024-10-16T04:03:45.346+0000] {dag.py:4180} INFO - Setting next_dagrun for example_weekday_branch_operator to 2024-10-15 00:00:00+00:00, run_after=2024-10-16 00:00:00+00:00
[2024-10-16T04:03:45.355+0000] {processor.py:208} INFO - Processing /home/airflow/.local/lib/python3.12/site-packages/airflow/example_dags/example_branch_day_of_week_operator.py took 0.080 seconds
[2024-10-16T04:04:16.230+0000] {processor.py:186} INFO - Started process (PID=1602) to work on /home/airflow/.local/lib/python3.12/site-packages/airflow/example_dags/example_branch_day_of_week_operator.py
[2024-10-16T04:04:16.232+0000] {processor.py:914} INFO - Processing file /home/airflow/.local/lib/python3.12/site-packages/airflow/example_dags/example_branch_day_of_week_operator.py for tasks to queue
[2024-10-16T04:04:16.235+0000] {logging_mixin.py:190} INFO - [2024-10-16T04:04:16.235+0000] {dagbag.py:588} INFO - Filling up the DagBag from /home/airflow/.local/lib/python3.12/site-packages/airflow/example_dags/example_branch_day_of_week_operator.py
[2024-10-16T04:04:16.246+0000] {processor.py:925} INFO - DAG(s) 'example_weekday_branch_operator' retrieved from /home/airflow/.local/lib/python3.12/site-packages/airflow/example_dags/example_branch_day_of_week_operator.py
[2024-10-16T04:04:16.262+0000] {logging_mixin.py:190} INFO - [2024-10-16T04:04:16.262+0000] {dag.py:3239} INFO - Sync 1 DAGs
[2024-10-16T04:04:16.296+0000] {logging_mixin.py:190} INFO - [2024-10-16T04:04:16.296+0000] {dag.py:4180} INFO - Setting next_dagrun for example_weekday_branch_operator to 2024-10-15 00:00:00+00:00, run_after=2024-10-16 00:00:00+00:00
[2024-10-16T04:04:16.305+0000] {processor.py:208} INFO - Processing /home/airflow/.local/lib/python3.12/site-packages/airflow/example_dags/example_branch_day_of_week_operator.py took 0.080 seconds
