[2024-10-16T03:51:27.311+0000] {processor.py:186} INFO - Started process (PID=82) to work on /home/airflow/.local/lib/python3.12/site-packages/airflow/example_dags/example_display_name.py
[2024-10-16T03:51:27.312+0000] {processor.py:914} INFO - Processing file /home/airflow/.local/lib/python3.12/site-packages/airflow/example_dags/example_display_name.py for tasks to queue
[2024-10-16T03:51:27.313+0000] {logging_mixin.py:190} INFO - [2024-10-16T03:51:27.313+0000] {dagbag.py:588} INFO - Filling up the DagBag from /home/airflow/.local/lib/python3.12/site-packages/airflow/example_dags/example_display_name.py
[2024-10-16T03:51:27.316+0000] {processor.py:925} INFO - DAG(s) 'example_display_name' retrieved from /home/airflow/.local/lib/python3.12/site-packages/airflow/example_dags/example_display_name.py
[2024-10-16T03:51:27.324+0000] {logging_mixin.py:190} INFO - [2024-10-16T03:51:27.324+0000] {dag.py:3239} INFO - Sync 1 DAGs
[2024-10-16T03:51:27.330+0000] {logging_mixin.py:190} INFO - [2024-10-16T03:51:27.330+0000] {dag.py:4180} INFO - Setting next_dagrun for example_display_name to None, run_after=None
[2024-10-16T03:51:27.336+0000] {processor.py:208} INFO - Processing /home/airflow/.local/lib/python3.12/site-packages/airflow/example_dags/example_display_name.py took 0.027 seconds
[2024-10-16T03:51:57.399+0000] {processor.py:186} INFO - Started process (PID=143) to work on /home/airflow/.local/lib/python3.12/site-packages/airflow/example_dags/example_display_name.py
[2024-10-16T03:51:57.399+0000] {processor.py:914} INFO - Processing file /home/airflow/.local/lib/python3.12/site-packages/airflow/example_dags/example_display_name.py for tasks to queue
[2024-10-16T03:51:57.400+0000] {logging_mixin.py:190} INFO - [2024-10-16T03:51:57.400+0000] {dagbag.py:588} INFO - Filling up the DagBag from /home/airflow/.local/lib/python3.12/site-packages/airflow/example_dags/example_display_name.py
[2024-10-16T03:51:57.404+0000] {processor.py:925} INFO - DAG(s) 'example_display_name' retrieved from /home/airflow/.local/lib/python3.12/site-packages/airflow/example_dags/example_display_name.py
[2024-10-16T03:51:57.411+0000] {logging_mixin.py:190} INFO - [2024-10-16T03:51:57.411+0000] {dag.py:3239} INFO - Sync 1 DAGs
[2024-10-16T03:51:57.417+0000] {logging_mixin.py:190} INFO - [2024-10-16T03:51:57.417+0000] {dag.py:4180} INFO - Setting next_dagrun for example_display_name to None, run_after=None
[2024-10-16T03:51:57.423+0000] {processor.py:208} INFO - Processing /home/airflow/.local/lib/python3.12/site-packages/airflow/example_dags/example_display_name.py took 0.027 seconds
[2024-10-16T03:52:27.746+0000] {processor.py:186} INFO - Started process (PID=205) to work on /home/airflow/.local/lib/python3.12/site-packages/airflow/example_dags/example_display_name.py
[2024-10-16T03:52:27.747+0000] {processor.py:914} INFO - Processing file /home/airflow/.local/lib/python3.12/site-packages/airflow/example_dags/example_display_name.py for tasks to queue
[2024-10-16T03:52:27.748+0000] {logging_mixin.py:190} INFO - [2024-10-16T03:52:27.747+0000] {dagbag.py:588} INFO - Filling up the DagBag from /home/airflow/.local/lib/python3.12/site-packages/airflow/example_dags/example_display_name.py
[2024-10-16T03:52:27.751+0000] {processor.py:925} INFO - DAG(s) 'example_display_name' retrieved from /home/airflow/.local/lib/python3.12/site-packages/airflow/example_dags/example_display_name.py
[2024-10-16T03:52:27.759+0000] {logging_mixin.py:190} INFO - [2024-10-16T03:52:27.759+0000] {dag.py:3239} INFO - Sync 1 DAGs
[2024-10-16T03:52:27.765+0000] {logging_mixin.py:190} INFO - [2024-10-16T03:52:27.765+0000] {dag.py:4180} INFO - Setting next_dagrun for example_display_name to None, run_after=None
[2024-10-16T03:52:27.771+0000] {processor.py:208} INFO - Processing /home/airflow/.local/lib/python3.12/site-packages/airflow/example_dags/example_display_name.py took 0.028 seconds
[2024-10-16T03:52:58.869+0000] {processor.py:186} INFO - Started process (PID=267) to work on /home/airflow/.local/lib/python3.12/site-packages/airflow/example_dags/example_display_name.py
[2024-10-16T03:52:58.870+0000] {processor.py:914} INFO - Processing file /home/airflow/.local/lib/python3.12/site-packages/airflow/example_dags/example_display_name.py for tasks to queue
[2024-10-16T03:52:58.871+0000] {logging_mixin.py:190} INFO - [2024-10-16T03:52:58.871+0000] {dagbag.py:588} INFO - Filling up the DagBag from /home/airflow/.local/lib/python3.12/site-packages/airflow/example_dags/example_display_name.py
[2024-10-16T03:52:58.874+0000] {processor.py:925} INFO - DAG(s) 'example_display_name' retrieved from /home/airflow/.local/lib/python3.12/site-packages/airflow/example_dags/example_display_name.py
[2024-10-16T03:52:58.882+0000] {logging_mixin.py:190} INFO - [2024-10-16T03:52:58.882+0000] {dag.py:3239} INFO - Sync 1 DAGs
[2024-10-16T03:52:58.888+0000] {logging_mixin.py:190} INFO - [2024-10-16T03:52:58.888+0000] {dag.py:4180} INFO - Setting next_dagrun for example_display_name to None, run_after=None
[2024-10-16T03:52:58.896+0000] {processor.py:208} INFO - Processing /home/airflow/.local/lib/python3.12/site-packages/airflow/example_dags/example_display_name.py took 0.029 seconds
[2024-10-16T03:53:29.878+0000] {processor.py:186} INFO - Started process (PID=329) to work on /home/airflow/.local/lib/python3.12/site-packages/airflow/example_dags/example_display_name.py
[2024-10-16T03:53:29.879+0000] {processor.py:914} INFO - Processing file /home/airflow/.local/lib/python3.12/site-packages/airflow/example_dags/example_display_name.py for tasks to queue
[2024-10-16T03:53:29.880+0000] {logging_mixin.py:190} INFO - [2024-10-16T03:53:29.880+0000] {dagbag.py:588} INFO - Filling up the DagBag from /home/airflow/.local/lib/python3.12/site-packages/airflow/example_dags/example_display_name.py
[2024-10-16T03:53:29.883+0000] {processor.py:925} INFO - DAG(s) 'example_display_name' retrieved from /home/airflow/.local/lib/python3.12/site-packages/airflow/example_dags/example_display_name.py
[2024-10-16T03:53:29.890+0000] {logging_mixin.py:190} INFO - [2024-10-16T03:53:29.890+0000] {dag.py:3239} INFO - Sync 1 DAGs
[2024-10-16T03:53:29.896+0000] {logging_mixin.py:190} INFO - [2024-10-16T03:53:29.896+0000] {dag.py:4180} INFO - Setting next_dagrun for example_display_name to None, run_after=None
[2024-10-16T03:53:29.903+0000] {processor.py:208} INFO - Processing /home/airflow/.local/lib/python3.12/site-packages/airflow/example_dags/example_display_name.py took 0.027 seconds
[2024-10-16T03:54:00.890+0000] {processor.py:186} INFO - Started process (PID=391) to work on /home/airflow/.local/lib/python3.12/site-packages/airflow/example_dags/example_display_name.py
[2024-10-16T03:54:00.891+0000] {processor.py:914} INFO - Processing file /home/airflow/.local/lib/python3.12/site-packages/airflow/example_dags/example_display_name.py for tasks to queue
[2024-10-16T03:54:00.892+0000] {logging_mixin.py:190} INFO - [2024-10-16T03:54:00.891+0000] {dagbag.py:588} INFO - Filling up the DagBag from /home/airflow/.local/lib/python3.12/site-packages/airflow/example_dags/example_display_name.py
[2024-10-16T03:54:00.895+0000] {processor.py:925} INFO - DAG(s) 'example_display_name' retrieved from /home/airflow/.local/lib/python3.12/site-packages/airflow/example_dags/example_display_name.py
[2024-10-16T03:54:00.902+0000] {logging_mixin.py:190} INFO - [2024-10-16T03:54:00.902+0000] {dag.py:3239} INFO - Sync 1 DAGs
[2024-10-16T03:54:00.907+0000] {logging_mixin.py:190} INFO - [2024-10-16T03:54:00.907+0000] {dag.py:4180} INFO - Setting next_dagrun for example_display_name to None, run_after=None
[2024-10-16T03:54:00.915+0000] {processor.py:208} INFO - Processing /home/airflow/.local/lib/python3.12/site-packages/airflow/example_dags/example_display_name.py took 0.027 seconds
[2024-10-16T03:54:31.792+0000] {processor.py:186} INFO - Started process (PID=453) to work on /home/airflow/.local/lib/python3.12/site-packages/airflow/example_dags/example_display_name.py
[2024-10-16T03:54:31.792+0000] {processor.py:914} INFO - Processing file /home/airflow/.local/lib/python3.12/site-packages/airflow/example_dags/example_display_name.py for tasks to queue
[2024-10-16T03:54:31.793+0000] {logging_mixin.py:190} INFO - [2024-10-16T03:54:31.793+0000] {dagbag.py:588} INFO - Filling up the DagBag from /home/airflow/.local/lib/python3.12/site-packages/airflow/example_dags/example_display_name.py
[2024-10-16T03:54:31.797+0000] {processor.py:925} INFO - DAG(s) 'example_display_name' retrieved from /home/airflow/.local/lib/python3.12/site-packages/airflow/example_dags/example_display_name.py
[2024-10-16T03:54:31.805+0000] {logging_mixin.py:190} INFO - [2024-10-16T03:54:31.805+0000] {dag.py:3239} INFO - Sync 1 DAGs
[2024-10-16T03:54:31.810+0000] {logging_mixin.py:190} INFO - [2024-10-16T03:54:31.810+0000] {dag.py:4180} INFO - Setting next_dagrun for example_display_name to None, run_after=None
[2024-10-16T03:54:31.817+0000] {processor.py:208} INFO - Processing /home/airflow/.local/lib/python3.12/site-packages/airflow/example_dags/example_display_name.py took 0.028 seconds
[2024-10-16T03:55:02.812+0000] {processor.py:186} INFO - Started process (PID=515) to work on /home/airflow/.local/lib/python3.12/site-packages/airflow/example_dags/example_display_name.py
[2024-10-16T03:55:02.812+0000] {processor.py:914} INFO - Processing file /home/airflow/.local/lib/python3.12/site-packages/airflow/example_dags/example_display_name.py for tasks to queue
[2024-10-16T03:55:02.813+0000] {logging_mixin.py:190} INFO - [2024-10-16T03:55:02.813+0000] {dagbag.py:588} INFO - Filling up the DagBag from /home/airflow/.local/lib/python3.12/site-packages/airflow/example_dags/example_display_name.py
[2024-10-16T03:55:02.817+0000] {processor.py:925} INFO - DAG(s) 'example_display_name' retrieved from /home/airflow/.local/lib/python3.12/site-packages/airflow/example_dags/example_display_name.py
[2024-10-16T03:55:02.825+0000] {logging_mixin.py:190} INFO - [2024-10-16T03:55:02.825+0000] {dag.py:3239} INFO - Sync 1 DAGs
[2024-10-16T03:55:02.831+0000] {logging_mixin.py:190} INFO - [2024-10-16T03:55:02.831+0000] {dag.py:4180} INFO - Setting next_dagrun for example_display_name to None, run_after=None
[2024-10-16T03:55:02.838+0000] {processor.py:208} INFO - Processing /home/airflow/.local/lib/python3.12/site-packages/airflow/example_dags/example_display_name.py took 0.029 seconds
[2024-10-16T03:55:33.956+0000] {processor.py:186} INFO - Started process (PID=577) to work on /home/airflow/.local/lib/python3.12/site-packages/airflow/example_dags/example_display_name.py
[2024-10-16T03:55:33.957+0000] {processor.py:914} INFO - Processing file /home/airflow/.local/lib/python3.12/site-packages/airflow/example_dags/example_display_name.py for tasks to queue
[2024-10-16T03:55:33.958+0000] {logging_mixin.py:190} INFO - [2024-10-16T03:55:33.958+0000] {dagbag.py:588} INFO - Filling up the DagBag from /home/airflow/.local/lib/python3.12/site-packages/airflow/example_dags/example_display_name.py
[2024-10-16T03:55:33.962+0000] {processor.py:925} INFO - DAG(s) 'example_display_name' retrieved from /home/airflow/.local/lib/python3.12/site-packages/airflow/example_dags/example_display_name.py
[2024-10-16T03:55:33.975+0000] {logging_mixin.py:190} INFO - [2024-10-16T03:55:33.974+0000] {dag.py:3239} INFO - Sync 1 DAGs
[2024-10-16T03:55:33.981+0000] {logging_mixin.py:190} INFO - [2024-10-16T03:55:33.981+0000] {dag.py:4180} INFO - Setting next_dagrun for example_display_name to None, run_after=None
[2024-10-16T03:55:33.992+0000] {processor.py:208} INFO - Processing /home/airflow/.local/lib/python3.12/site-packages/airflow/example_dags/example_display_name.py took 0.041 seconds
[2024-10-16T03:56:04.071+0000] {processor.py:186} INFO - Started process (PID=639) to work on /home/airflow/.local/lib/python3.12/site-packages/airflow/example_dags/example_display_name.py
[2024-10-16T03:56:04.072+0000] {processor.py:914} INFO - Processing file /home/airflow/.local/lib/python3.12/site-packages/airflow/example_dags/example_display_name.py for tasks to queue
[2024-10-16T03:56:04.074+0000] {logging_mixin.py:190} INFO - [2024-10-16T03:56:04.074+0000] {dagbag.py:588} INFO - Filling up the DagBag from /home/airflow/.local/lib/python3.12/site-packages/airflow/example_dags/example_display_name.py
[2024-10-16T03:56:04.079+0000] {processor.py:925} INFO - DAG(s) 'example_display_name' retrieved from /home/airflow/.local/lib/python3.12/site-packages/airflow/example_dags/example_display_name.py
[2024-10-16T03:56:04.087+0000] {logging_mixin.py:190} INFO - [2024-10-16T03:56:04.087+0000] {dag.py:3239} INFO - Sync 1 DAGs
[2024-10-16T03:56:04.094+0000] {logging_mixin.py:190} INFO - [2024-10-16T03:56:04.094+0000] {dag.py:4180} INFO - Setting next_dagrun for example_display_name to None, run_after=None
[2024-10-16T03:56:04.102+0000] {processor.py:208} INFO - Processing /home/airflow/.local/lib/python3.12/site-packages/airflow/example_dags/example_display_name.py took 0.034 seconds
[2024-10-16T03:56:35.336+0000] {processor.py:186} INFO - Started process (PID=701) to work on /home/airflow/.local/lib/python3.12/site-packages/airflow/example_dags/example_display_name.py
[2024-10-16T03:56:35.337+0000] {processor.py:914} INFO - Processing file /home/airflow/.local/lib/python3.12/site-packages/airflow/example_dags/example_display_name.py for tasks to queue
[2024-10-16T03:56:35.340+0000] {logging_mixin.py:190} INFO - [2024-10-16T03:56:35.340+0000] {dagbag.py:588} INFO - Filling up the DagBag from /home/airflow/.local/lib/python3.12/site-packages/airflow/example_dags/example_display_name.py
[2024-10-16T03:56:35.343+0000] {processor.py:925} INFO - DAG(s) 'example_display_name' retrieved from /home/airflow/.local/lib/python3.12/site-packages/airflow/example_dags/example_display_name.py
[2024-10-16T03:56:35.351+0000] {logging_mixin.py:190} INFO - [2024-10-16T03:56:35.351+0000] {dag.py:3239} INFO - Sync 1 DAGs
[2024-10-16T03:56:35.356+0000] {logging_mixin.py:190} INFO - [2024-10-16T03:56:35.356+0000] {dag.py:4180} INFO - Setting next_dagrun for example_display_name to None, run_after=None
[2024-10-16T03:56:35.363+0000] {processor.py:208} INFO - Processing /home/airflow/.local/lib/python3.12/site-packages/airflow/example_dags/example_display_name.py took 0.029 seconds
[2024-10-16T03:57:05.548+0000] {processor.py:186} INFO - Started process (PID=763) to work on /home/airflow/.local/lib/python3.12/site-packages/airflow/example_dags/example_display_name.py
[2024-10-16T03:57:05.549+0000] {processor.py:914} INFO - Processing file /home/airflow/.local/lib/python3.12/site-packages/airflow/example_dags/example_display_name.py for tasks to queue
[2024-10-16T03:57:05.550+0000] {logging_mixin.py:190} INFO - [2024-10-16T03:57:05.550+0000] {dagbag.py:588} INFO - Filling up the DagBag from /home/airflow/.local/lib/python3.12/site-packages/airflow/example_dags/example_display_name.py
[2024-10-16T03:57:05.553+0000] {processor.py:925} INFO - DAG(s) 'example_display_name' retrieved from /home/airflow/.local/lib/python3.12/site-packages/airflow/example_dags/example_display_name.py
[2024-10-16T03:57:05.561+0000] {logging_mixin.py:190} INFO - [2024-10-16T03:57:05.561+0000] {dag.py:3239} INFO - Sync 1 DAGs
[2024-10-16T03:57:05.566+0000] {logging_mixin.py:190} INFO - [2024-10-16T03:57:05.566+0000] {dag.py:4180} INFO - Setting next_dagrun for example_display_name to None, run_after=None
[2024-10-16T03:57:05.573+0000] {processor.py:208} INFO - Processing /home/airflow/.local/lib/python3.12/site-packages/airflow/example_dags/example_display_name.py took 0.027 seconds
[2024-10-16T03:57:36.528+0000] {processor.py:186} INFO - Started process (PID=825) to work on /home/airflow/.local/lib/python3.12/site-packages/airflow/example_dags/example_display_name.py
[2024-10-16T03:57:36.531+0000] {processor.py:914} INFO - Processing file /home/airflow/.local/lib/python3.12/site-packages/airflow/example_dags/example_display_name.py for tasks to queue
[2024-10-16T03:57:36.532+0000] {logging_mixin.py:190} INFO - [2024-10-16T03:57:36.532+0000] {dagbag.py:588} INFO - Filling up the DagBag from /home/airflow/.local/lib/python3.12/site-packages/airflow/example_dags/example_display_name.py
[2024-10-16T03:57:36.535+0000] {processor.py:925} INFO - DAG(s) 'example_display_name' retrieved from /home/airflow/.local/lib/python3.12/site-packages/airflow/example_dags/example_display_name.py
[2024-10-16T03:57:36.543+0000] {logging_mixin.py:190} INFO - [2024-10-16T03:57:36.543+0000] {dag.py:3239} INFO - Sync 1 DAGs
[2024-10-16T03:57:36.548+0000] {logging_mixin.py:190} INFO - [2024-10-16T03:57:36.548+0000] {dag.py:4180} INFO - Setting next_dagrun for example_display_name to None, run_after=None
[2024-10-16T03:57:36.555+0000] {processor.py:208} INFO - Processing /home/airflow/.local/lib/python3.12/site-packages/airflow/example_dags/example_display_name.py took 0.029 seconds
[2024-10-16T03:58:07.968+0000] {processor.py:186} INFO - Started process (PID=887) to work on /home/airflow/.local/lib/python3.12/site-packages/airflow/example_dags/example_display_name.py
[2024-10-16T03:58:07.968+0000] {processor.py:914} INFO - Processing file /home/airflow/.local/lib/python3.12/site-packages/airflow/example_dags/example_display_name.py for tasks to queue
[2024-10-16T03:58:07.969+0000] {logging_mixin.py:190} INFO - [2024-10-16T03:58:07.969+0000] {dagbag.py:588} INFO - Filling up the DagBag from /home/airflow/.local/lib/python3.12/site-packages/airflow/example_dags/example_display_name.py
[2024-10-16T03:58:07.975+0000] {processor.py:925} INFO - DAG(s) 'example_display_name' retrieved from /home/airflow/.local/lib/python3.12/site-packages/airflow/example_dags/example_display_name.py
[2024-10-16T03:58:07.986+0000] {logging_mixin.py:190} INFO - [2024-10-16T03:58:07.986+0000] {dag.py:3239} INFO - Sync 1 DAGs
[2024-10-16T03:58:07.993+0000] {logging_mixin.py:190} INFO - [2024-10-16T03:58:07.993+0000] {dag.py:4180} INFO - Setting next_dagrun for example_display_name to None, run_after=None
[2024-10-16T03:58:08.003+0000] {processor.py:208} INFO - Processing /home/airflow/.local/lib/python3.12/site-packages/airflow/example_dags/example_display_name.py took 0.038 seconds
[2024-10-16T03:58:38.180+0000] {processor.py:186} INFO - Started process (PID=948) to work on /home/airflow/.local/lib/python3.12/site-packages/airflow/example_dags/example_display_name.py
[2024-10-16T03:58:38.181+0000] {processor.py:914} INFO - Processing file /home/airflow/.local/lib/python3.12/site-packages/airflow/example_dags/example_display_name.py for tasks to queue
[2024-10-16T03:58:38.183+0000] {logging_mixin.py:190} INFO - [2024-10-16T03:58:38.183+0000] {dagbag.py:588} INFO - Filling up the DagBag from /home/airflow/.local/lib/python3.12/site-packages/airflow/example_dags/example_display_name.py
[2024-10-16T03:58:38.188+0000] {processor.py:925} INFO - DAG(s) 'example_display_name' retrieved from /home/airflow/.local/lib/python3.12/site-packages/airflow/example_dags/example_display_name.py
[2024-10-16T03:58:38.204+0000] {logging_mixin.py:190} INFO - [2024-10-16T03:58:38.204+0000] {dag.py:3239} INFO - Sync 1 DAGs
[2024-10-16T03:58:38.215+0000] {logging_mixin.py:190} INFO - [2024-10-16T03:58:38.215+0000] {dag.py:4180} INFO - Setting next_dagrun for example_display_name to None, run_after=None
[2024-10-16T03:58:38.226+0000] {processor.py:208} INFO - Processing /home/airflow/.local/lib/python3.12/site-packages/airflow/example_dags/example_display_name.py took 0.049 seconds
[2024-10-16T03:59:09.265+0000] {processor.py:186} INFO - Started process (PID=1011) to work on /home/airflow/.local/lib/python3.12/site-packages/airflow/example_dags/example_display_name.py
[2024-10-16T03:59:09.266+0000] {processor.py:914} INFO - Processing file /home/airflow/.local/lib/python3.12/site-packages/airflow/example_dags/example_display_name.py for tasks to queue
[2024-10-16T03:59:09.268+0000] {logging_mixin.py:190} INFO - [2024-10-16T03:59:09.268+0000] {dagbag.py:588} INFO - Filling up the DagBag from /home/airflow/.local/lib/python3.12/site-packages/airflow/example_dags/example_display_name.py
[2024-10-16T03:59:09.273+0000] {processor.py:925} INFO - DAG(s) 'example_display_name' retrieved from /home/airflow/.local/lib/python3.12/site-packages/airflow/example_dags/example_display_name.py
[2024-10-16T03:59:09.285+0000] {logging_mixin.py:190} INFO - [2024-10-16T03:59:09.285+0000] {dag.py:3239} INFO - Sync 1 DAGs
[2024-10-16T03:59:09.295+0000] {logging_mixin.py:190} INFO - [2024-10-16T03:59:09.295+0000] {dag.py:4180} INFO - Setting next_dagrun for example_display_name to None, run_after=None
[2024-10-16T03:59:09.303+0000] {processor.py:208} INFO - Processing /home/airflow/.local/lib/python3.12/site-packages/airflow/example_dags/example_display_name.py took 0.041 seconds
[2024-10-16T03:59:40.352+0000] {processor.py:186} INFO - Started process (PID=1073) to work on /home/airflow/.local/lib/python3.12/site-packages/airflow/example_dags/example_display_name.py
[2024-10-16T03:59:40.353+0000] {processor.py:914} INFO - Processing file /home/airflow/.local/lib/python3.12/site-packages/airflow/example_dags/example_display_name.py for tasks to queue
[2024-10-16T03:59:40.354+0000] {logging_mixin.py:190} INFO - [2024-10-16T03:59:40.354+0000] {dagbag.py:588} INFO - Filling up the DagBag from /home/airflow/.local/lib/python3.12/site-packages/airflow/example_dags/example_display_name.py
[2024-10-16T03:59:40.358+0000] {processor.py:925} INFO - DAG(s) 'example_display_name' retrieved from /home/airflow/.local/lib/python3.12/site-packages/airflow/example_dags/example_display_name.py
[2024-10-16T03:59:40.366+0000] {logging_mixin.py:190} INFO - [2024-10-16T03:59:40.366+0000] {dag.py:3239} INFO - Sync 1 DAGs
[2024-10-16T03:59:40.372+0000] {logging_mixin.py:190} INFO - [2024-10-16T03:59:40.371+0000] {dag.py:4180} INFO - Setting next_dagrun for example_display_name to None, run_after=None
[2024-10-16T03:59:40.379+0000] {processor.py:208} INFO - Processing /home/airflow/.local/lib/python3.12/site-packages/airflow/example_dags/example_display_name.py took 0.031 seconds
[2024-10-16T04:00:10.545+0000] {processor.py:186} INFO - Started process (PID=1135) to work on /home/airflow/.local/lib/python3.12/site-packages/airflow/example_dags/example_display_name.py
[2024-10-16T04:00:10.546+0000] {processor.py:914} INFO - Processing file /home/airflow/.local/lib/python3.12/site-packages/airflow/example_dags/example_display_name.py for tasks to queue
[2024-10-16T04:00:10.548+0000] {logging_mixin.py:190} INFO - [2024-10-16T04:00:10.548+0000] {dagbag.py:588} INFO - Filling up the DagBag from /home/airflow/.local/lib/python3.12/site-packages/airflow/example_dags/example_display_name.py
[2024-10-16T04:00:10.552+0000] {processor.py:925} INFO - DAG(s) 'example_display_name' retrieved from /home/airflow/.local/lib/python3.12/site-packages/airflow/example_dags/example_display_name.py
[2024-10-16T04:00:10.559+0000] {logging_mixin.py:190} INFO - [2024-10-16T04:00:10.559+0000] {dag.py:3239} INFO - Sync 1 DAGs
[2024-10-16T04:00:10.565+0000] {logging_mixin.py:190} INFO - [2024-10-16T04:00:10.565+0000] {dag.py:4180} INFO - Setting next_dagrun for example_display_name to None, run_after=None
[2024-10-16T04:00:10.572+0000] {processor.py:208} INFO - Processing /home/airflow/.local/lib/python3.12/site-packages/airflow/example_dags/example_display_name.py took 0.029 seconds
[2024-10-16T04:00:40.741+0000] {processor.py:186} INFO - Started process (PID=1197) to work on /home/airflow/.local/lib/python3.12/site-packages/airflow/example_dags/example_display_name.py
[2024-10-16T04:00:40.742+0000] {processor.py:914} INFO - Processing file /home/airflow/.local/lib/python3.12/site-packages/airflow/example_dags/example_display_name.py for tasks to queue
[2024-10-16T04:00:40.743+0000] {logging_mixin.py:190} INFO - [2024-10-16T04:00:40.743+0000] {dagbag.py:588} INFO - Filling up the DagBag from /home/airflow/.local/lib/python3.12/site-packages/airflow/example_dags/example_display_name.py
[2024-10-16T04:00:40.747+0000] {processor.py:925} INFO - DAG(s) 'example_display_name' retrieved from /home/airflow/.local/lib/python3.12/site-packages/airflow/example_dags/example_display_name.py
[2024-10-16T04:00:40.755+0000] {logging_mixin.py:190} INFO - [2024-10-16T04:00:40.755+0000] {dag.py:3239} INFO - Sync 1 DAGs
[2024-10-16T04:00:40.761+0000] {logging_mixin.py:190} INFO - [2024-10-16T04:00:40.761+0000] {dag.py:4180} INFO - Setting next_dagrun for example_display_name to None, run_after=None
[2024-10-16T04:00:40.768+0000] {processor.py:208} INFO - Processing /home/airflow/.local/lib/python3.12/site-packages/airflow/example_dags/example_display_name.py took 0.030 seconds
[2024-10-16T04:01:11.666+0000] {processor.py:186} INFO - Started process (PID=1259) to work on /home/airflow/.local/lib/python3.12/site-packages/airflow/example_dags/example_display_name.py
[2024-10-16T04:01:11.667+0000] {processor.py:914} INFO - Processing file /home/airflow/.local/lib/python3.12/site-packages/airflow/example_dags/example_display_name.py for tasks to queue
[2024-10-16T04:01:11.668+0000] {logging_mixin.py:190} INFO - [2024-10-16T04:01:11.668+0000] {dagbag.py:588} INFO - Filling up the DagBag from /home/airflow/.local/lib/python3.12/site-packages/airflow/example_dags/example_display_name.py
[2024-10-16T04:01:11.671+0000] {processor.py:925} INFO - DAG(s) 'example_display_name' retrieved from /home/airflow/.local/lib/python3.12/site-packages/airflow/example_dags/example_display_name.py
[2024-10-16T04:01:11.682+0000] {logging_mixin.py:190} INFO - [2024-10-16T04:01:11.682+0000] {dag.py:3239} INFO - Sync 1 DAGs
[2024-10-16T04:01:11.691+0000] {logging_mixin.py:190} INFO - [2024-10-16T04:01:11.691+0000] {dag.py:4180} INFO - Setting next_dagrun for example_display_name to None, run_after=None
[2024-10-16T04:01:11.700+0000] {processor.py:208} INFO - Processing /home/airflow/.local/lib/python3.12/site-packages/airflow/example_dags/example_display_name.py took 0.036 seconds
[2024-10-16T04:01:42.650+0000] {processor.py:186} INFO - Started process (PID=1321) to work on /home/airflow/.local/lib/python3.12/site-packages/airflow/example_dags/example_display_name.py
[2024-10-16T04:01:42.650+0000] {processor.py:914} INFO - Processing file /home/airflow/.local/lib/python3.12/site-packages/airflow/example_dags/example_display_name.py for tasks to queue
[2024-10-16T04:01:42.651+0000] {logging_mixin.py:190} INFO - [2024-10-16T04:01:42.651+0000] {dagbag.py:588} INFO - Filling up the DagBag from /home/airflow/.local/lib/python3.12/site-packages/airflow/example_dags/example_display_name.py
[2024-10-16T04:01:42.654+0000] {processor.py:925} INFO - DAG(s) 'example_display_name' retrieved from /home/airflow/.local/lib/python3.12/site-packages/airflow/example_dags/example_display_name.py
[2024-10-16T04:01:42.662+0000] {logging_mixin.py:190} INFO - [2024-10-16T04:01:42.662+0000] {dag.py:3239} INFO - Sync 1 DAGs
[2024-10-16T04:01:42.668+0000] {logging_mixin.py:190} INFO - [2024-10-16T04:01:42.668+0000] {dag.py:4180} INFO - Setting next_dagrun for example_display_name to None, run_after=None
[2024-10-16T04:01:42.674+0000] {processor.py:208} INFO - Processing /home/airflow/.local/lib/python3.12/site-packages/airflow/example_dags/example_display_name.py took 0.027 seconds
[2024-10-16T04:02:13.642+0000] {processor.py:186} INFO - Started process (PID=1383) to work on /home/airflow/.local/lib/python3.12/site-packages/airflow/example_dags/example_display_name.py
[2024-10-16T04:02:13.643+0000] {processor.py:914} INFO - Processing file /home/airflow/.local/lib/python3.12/site-packages/airflow/example_dags/example_display_name.py for tasks to queue
[2024-10-16T04:02:13.644+0000] {logging_mixin.py:190} INFO - [2024-10-16T04:02:13.644+0000] {dagbag.py:588} INFO - Filling up the DagBag from /home/airflow/.local/lib/python3.12/site-packages/airflow/example_dags/example_display_name.py
[2024-10-16T04:02:13.648+0000] {processor.py:925} INFO - DAG(s) 'example_display_name' retrieved from /home/airflow/.local/lib/python3.12/site-packages/airflow/example_dags/example_display_name.py
[2024-10-16T04:02:13.655+0000] {logging_mixin.py:190} INFO - [2024-10-16T04:02:13.655+0000] {dag.py:3239} INFO - Sync 1 DAGs
[2024-10-16T04:02:13.663+0000] {logging_mixin.py:190} INFO - [2024-10-16T04:02:13.663+0000] {dag.py:4180} INFO - Setting next_dagrun for example_display_name to None, run_after=None
[2024-10-16T04:02:13.670+0000] {processor.py:208} INFO - Processing /home/airflow/.local/lib/python3.12/site-packages/airflow/example_dags/example_display_name.py took 0.030 seconds
[2024-10-16T04:02:44.472+0000] {processor.py:186} INFO - Started process (PID=1445) to work on /home/airflow/.local/lib/python3.12/site-packages/airflow/example_dags/example_display_name.py
[2024-10-16T04:02:44.473+0000] {processor.py:914} INFO - Processing file /home/airflow/.local/lib/python3.12/site-packages/airflow/example_dags/example_display_name.py for tasks to queue
[2024-10-16T04:02:44.474+0000] {logging_mixin.py:190} INFO - [2024-10-16T04:02:44.474+0000] {dagbag.py:588} INFO - Filling up the DagBag from /home/airflow/.local/lib/python3.12/site-packages/airflow/example_dags/example_display_name.py
[2024-10-16T04:02:44.478+0000] {processor.py:925} INFO - DAG(s) 'example_display_name' retrieved from /home/airflow/.local/lib/python3.12/site-packages/airflow/example_dags/example_display_name.py
[2024-10-16T04:02:44.487+0000] {logging_mixin.py:190} INFO - [2024-10-16T04:02:44.487+0000] {dag.py:3239} INFO - Sync 1 DAGs
[2024-10-16T04:02:44.493+0000] {logging_mixin.py:190} INFO - [2024-10-16T04:02:44.493+0000] {dag.py:4180} INFO - Setting next_dagrun for example_display_name to None, run_after=None
[2024-10-16T04:02:44.500+0000] {processor.py:208} INFO - Processing /home/airflow/.local/lib/python3.12/site-packages/airflow/example_dags/example_display_name.py took 0.031 seconds
[2024-10-16T04:03:15.329+0000] {processor.py:186} INFO - Started process (PID=1507) to work on /home/airflow/.local/lib/python3.12/site-packages/airflow/example_dags/example_display_name.py
[2024-10-16T04:03:15.330+0000] {processor.py:914} INFO - Processing file /home/airflow/.local/lib/python3.12/site-packages/airflow/example_dags/example_display_name.py for tasks to queue
[2024-10-16T04:03:15.332+0000] {logging_mixin.py:190} INFO - [2024-10-16T04:03:15.332+0000] {dagbag.py:588} INFO - Filling up the DagBag from /home/airflow/.local/lib/python3.12/site-packages/airflow/example_dags/example_display_name.py
[2024-10-16T04:03:15.336+0000] {processor.py:925} INFO - DAG(s) 'example_display_name' retrieved from /home/airflow/.local/lib/python3.12/site-packages/airflow/example_dags/example_display_name.py
[2024-10-16T04:03:15.344+0000] {logging_mixin.py:190} INFO - [2024-10-16T04:03:15.344+0000] {dag.py:3239} INFO - Sync 1 DAGs
[2024-10-16T04:03:15.351+0000] {logging_mixin.py:190} INFO - [2024-10-16T04:03:15.351+0000] {dag.py:4180} INFO - Setting next_dagrun for example_display_name to None, run_after=None
[2024-10-16T04:03:15.358+0000] {processor.py:208} INFO - Processing /home/airflow/.local/lib/python3.12/site-packages/airflow/example_dags/example_display_name.py took 0.032 seconds
[2024-10-16T04:03:46.238+0000] {processor.py:186} INFO - Started process (PID=1574) to work on /home/airflow/.local/lib/python3.12/site-packages/airflow/example_dags/example_display_name.py
[2024-10-16T04:03:46.240+0000] {processor.py:914} INFO - Processing file /home/airflow/.local/lib/python3.12/site-packages/airflow/example_dags/example_display_name.py for tasks to queue
[2024-10-16T04:03:46.241+0000] {logging_mixin.py:190} INFO - [2024-10-16T04:03:46.241+0000] {dagbag.py:588} INFO - Filling up the DagBag from /home/airflow/.local/lib/python3.12/site-packages/airflow/example_dags/example_display_name.py
[2024-10-16T04:03:46.247+0000] {processor.py:925} INFO - DAG(s) 'example_display_name' retrieved from /home/airflow/.local/lib/python3.12/site-packages/airflow/example_dags/example_display_name.py
[2024-10-16T04:03:46.257+0000] {logging_mixin.py:190} INFO - [2024-10-16T04:03:46.256+0000] {dag.py:3239} INFO - Sync 1 DAGs
[2024-10-16T04:03:46.263+0000] {logging_mixin.py:190} INFO - [2024-10-16T04:03:46.263+0000] {dag.py:4180} INFO - Setting next_dagrun for example_display_name to None, run_after=None
[2024-10-16T04:03:46.269+0000] {processor.py:208} INFO - Processing /home/airflow/.local/lib/python3.12/site-packages/airflow/example_dags/example_display_name.py took 0.034 seconds
[2024-10-16T04:04:17.202+0000] {processor.py:186} INFO - Started process (PID=1636) to work on /home/airflow/.local/lib/python3.12/site-packages/airflow/example_dags/example_display_name.py
[2024-10-16T04:04:17.202+0000] {processor.py:914} INFO - Processing file /home/airflow/.local/lib/python3.12/site-packages/airflow/example_dags/example_display_name.py for tasks to queue
[2024-10-16T04:04:17.203+0000] {logging_mixin.py:190} INFO - [2024-10-16T04:04:17.203+0000] {dagbag.py:588} INFO - Filling up the DagBag from /home/airflow/.local/lib/python3.12/site-packages/airflow/example_dags/example_display_name.py
[2024-10-16T04:04:17.207+0000] {processor.py:925} INFO - DAG(s) 'example_display_name' retrieved from /home/airflow/.local/lib/python3.12/site-packages/airflow/example_dags/example_display_name.py
[2024-10-16T04:04:17.214+0000] {logging_mixin.py:190} INFO - [2024-10-16T04:04:17.214+0000] {dag.py:3239} INFO - Sync 1 DAGs
[2024-10-16T04:04:17.220+0000] {logging_mixin.py:190} INFO - [2024-10-16T04:04:17.220+0000] {dag.py:4180} INFO - Setting next_dagrun for example_display_name to None, run_after=None
[2024-10-16T04:04:17.227+0000] {processor.py:208} INFO - Processing /home/airflow/.local/lib/python3.12/site-packages/airflow/example_dags/example_display_name.py took 0.027 seconds
