[2024-10-16T03:51:26.546+0000] {processor.py:186} INFO - Started process (PID=58) to work on /home/airflow/.local/lib/python3.12/site-packages/airflow/example_dags/example_external_task_marker_dag.py
[2024-10-16T03:51:26.546+0000] {processor.py:914} INFO - Processing file /home/airflow/.local/lib/python3.12/site-packages/airflow/example_dags/example_external_task_marker_dag.py for tasks to queue
[2024-10-16T03:51:26.547+0000] {logging_mixin.py:190} INFO - [2024-10-16T03:51:26.547+0000] {dagbag.py:588} INFO - Filling up the DagBag from /home/airflow/.local/lib/python3.12/site-packages/airflow/example_dags/example_external_task_marker_dag.py
[2024-10-16T03:51:26.550+0000] {processor.py:925} INFO - DAG(s) 'example_external_task_marker_child', 'example_external_task_marker_parent' retrieved from /home/airflow/.local/lib/python3.12/site-packages/airflow/example_dags/example_external_task_marker_dag.py
[2024-10-16T03:51:26.559+0000] {logging_mixin.py:190} INFO - [2024-10-16T03:51:26.559+0000] {dag.py:3239} INFO - Sync 2 DAGs
[2024-10-16T03:51:26.568+0000] {logging_mixin.py:190} INFO - [2024-10-16T03:51:26.568+0000] {dag.py:4180} INFO - Setting next_dagrun for example_external_task_marker_child to None, run_after=None
[2024-10-16T03:51:26.569+0000] {logging_mixin.py:190} INFO - [2024-10-16T03:51:26.569+0000] {dag.py:4180} INFO - Setting next_dagrun for example_external_task_marker_parent to None, run_after=None
[2024-10-16T03:51:26.576+0000] {processor.py:208} INFO - Processing /home/airflow/.local/lib/python3.12/site-packages/airflow/example_dags/example_external_task_marker_dag.py took 0.033 seconds
[2024-10-16T03:51:56.737+0000] {processor.py:186} INFO - Started process (PID=119) to work on /home/airflow/.local/lib/python3.12/site-packages/airflow/example_dags/example_external_task_marker_dag.py
[2024-10-16T03:51:56.737+0000] {processor.py:914} INFO - Processing file /home/airflow/.local/lib/python3.12/site-packages/airflow/example_dags/example_external_task_marker_dag.py for tasks to queue
[2024-10-16T03:51:56.738+0000] {logging_mixin.py:190} INFO - [2024-10-16T03:51:56.738+0000] {dagbag.py:588} INFO - Filling up the DagBag from /home/airflow/.local/lib/python3.12/site-packages/airflow/example_dags/example_external_task_marker_dag.py
[2024-10-16T03:51:56.743+0000] {processor.py:925} INFO - DAG(s) 'example_external_task_marker_parent', 'example_external_task_marker_child' retrieved from /home/airflow/.local/lib/python3.12/site-packages/airflow/example_dags/example_external_task_marker_dag.py
[2024-10-16T03:51:56.759+0000] {logging_mixin.py:190} INFO - [2024-10-16T03:51:56.758+0000] {dag.py:3239} INFO - Sync 2 DAGs
[2024-10-16T03:51:56.767+0000] {logging_mixin.py:190} INFO - [2024-10-16T03:51:56.767+0000] {dag.py:4180} INFO - Setting next_dagrun for example_external_task_marker_child to None, run_after=None
[2024-10-16T03:51:56.769+0000] {logging_mixin.py:190} INFO - [2024-10-16T03:51:56.768+0000] {dag.py:4180} INFO - Setting next_dagrun for example_external_task_marker_parent to None, run_after=None
[2024-10-16T03:51:56.774+0000] {processor.py:208} INFO - Processing /home/airflow/.local/lib/python3.12/site-packages/airflow/example_dags/example_external_task_marker_dag.py took 0.040 seconds
[2024-10-16T03:52:27.089+0000] {processor.py:186} INFO - Started process (PID=181) to work on /home/airflow/.local/lib/python3.12/site-packages/airflow/example_dags/example_external_task_marker_dag.py
[2024-10-16T03:52:27.089+0000] {processor.py:914} INFO - Processing file /home/airflow/.local/lib/python3.12/site-packages/airflow/example_dags/example_external_task_marker_dag.py for tasks to queue
[2024-10-16T03:52:27.090+0000] {logging_mixin.py:190} INFO - [2024-10-16T03:52:27.090+0000] {dagbag.py:588} INFO - Filling up the DagBag from /home/airflow/.local/lib/python3.12/site-packages/airflow/example_dags/example_external_task_marker_dag.py
[2024-10-16T03:52:27.093+0000] {processor.py:925} INFO - DAG(s) 'example_external_task_marker_child', 'example_external_task_marker_parent' retrieved from /home/airflow/.local/lib/python3.12/site-packages/airflow/example_dags/example_external_task_marker_dag.py
[2024-10-16T03:52:27.102+0000] {logging_mixin.py:190} INFO - [2024-10-16T03:52:27.102+0000] {dag.py:3239} INFO - Sync 2 DAGs
[2024-10-16T03:52:27.108+0000] {logging_mixin.py:190} INFO - [2024-10-16T03:52:27.108+0000] {dag.py:4180} INFO - Setting next_dagrun for example_external_task_marker_child to None, run_after=None
[2024-10-16T03:52:27.109+0000] {logging_mixin.py:190} INFO - [2024-10-16T03:52:27.109+0000] {dag.py:4180} INFO - Setting next_dagrun for example_external_task_marker_parent to None, run_after=None
[2024-10-16T03:52:27.115+0000] {processor.py:208} INFO - Processing /home/airflow/.local/lib/python3.12/site-packages/airflow/example_dags/example_external_task_marker_dag.py took 0.029 seconds
[2024-10-16T03:52:58.234+0000] {processor.py:186} INFO - Started process (PID=243) to work on /home/airflow/.local/lib/python3.12/site-packages/airflow/example_dags/example_external_task_marker_dag.py
[2024-10-16T03:52:58.234+0000] {processor.py:914} INFO - Processing file /home/airflow/.local/lib/python3.12/site-packages/airflow/example_dags/example_external_task_marker_dag.py for tasks to queue
[2024-10-16T03:52:58.236+0000] {logging_mixin.py:190} INFO - [2024-10-16T03:52:58.236+0000] {dagbag.py:588} INFO - Filling up the DagBag from /home/airflow/.local/lib/python3.12/site-packages/airflow/example_dags/example_external_task_marker_dag.py
[2024-10-16T03:52:58.242+0000] {processor.py:925} INFO - DAG(s) 'example_external_task_marker_child', 'example_external_task_marker_parent' retrieved from /home/airflow/.local/lib/python3.12/site-packages/airflow/example_dags/example_external_task_marker_dag.py
[2024-10-16T03:52:58.251+0000] {logging_mixin.py:190} INFO - [2024-10-16T03:52:58.251+0000] {dag.py:3239} INFO - Sync 2 DAGs
[2024-10-16T03:52:58.257+0000] {logging_mixin.py:190} INFO - [2024-10-16T03:52:58.257+0000] {dag.py:4180} INFO - Setting next_dagrun for example_external_task_marker_child to None, run_after=None
[2024-10-16T03:52:58.259+0000] {logging_mixin.py:190} INFO - [2024-10-16T03:52:58.259+0000] {dag.py:4180} INFO - Setting next_dagrun for example_external_task_marker_parent to None, run_after=None
[2024-10-16T03:52:58.265+0000] {processor.py:208} INFO - Processing /home/airflow/.local/lib/python3.12/site-packages/airflow/example_dags/example_external_task_marker_dag.py took 0.034 seconds
[2024-10-16T03:53:29.250+0000] {processor.py:186} INFO - Started process (PID=305) to work on /home/airflow/.local/lib/python3.12/site-packages/airflow/example_dags/example_external_task_marker_dag.py
[2024-10-16T03:53:29.251+0000] {processor.py:914} INFO - Processing file /home/airflow/.local/lib/python3.12/site-packages/airflow/example_dags/example_external_task_marker_dag.py for tasks to queue
[2024-10-16T03:53:29.252+0000] {logging_mixin.py:190} INFO - [2024-10-16T03:53:29.252+0000] {dagbag.py:588} INFO - Filling up the DagBag from /home/airflow/.local/lib/python3.12/site-packages/airflow/example_dags/example_external_task_marker_dag.py
[2024-10-16T03:53:29.256+0000] {processor.py:925} INFO - DAG(s) 'example_external_task_marker_child', 'example_external_task_marker_parent' retrieved from /home/airflow/.local/lib/python3.12/site-packages/airflow/example_dags/example_external_task_marker_dag.py
[2024-10-16T03:53:29.268+0000] {logging_mixin.py:190} INFO - [2024-10-16T03:53:29.268+0000] {dag.py:3239} INFO - Sync 2 DAGs
[2024-10-16T03:53:29.276+0000] {logging_mixin.py:190} INFO - [2024-10-16T03:53:29.276+0000] {dag.py:4180} INFO - Setting next_dagrun for example_external_task_marker_child to None, run_after=None
[2024-10-16T03:53:29.277+0000] {logging_mixin.py:190} INFO - [2024-10-16T03:53:29.277+0000] {dag.py:4180} INFO - Setting next_dagrun for example_external_task_marker_parent to None, run_after=None
[2024-10-16T03:53:29.283+0000] {processor.py:208} INFO - Processing /home/airflow/.local/lib/python3.12/site-packages/airflow/example_dags/example_external_task_marker_dag.py took 0.035 seconds
[2024-10-16T03:54:00.212+0000] {processor.py:186} INFO - Started process (PID=367) to work on /home/airflow/.local/lib/python3.12/site-packages/airflow/example_dags/example_external_task_marker_dag.py
[2024-10-16T03:54:00.213+0000] {processor.py:914} INFO - Processing file /home/airflow/.local/lib/python3.12/site-packages/airflow/example_dags/example_external_task_marker_dag.py for tasks to queue
[2024-10-16T03:54:00.214+0000] {logging_mixin.py:190} INFO - [2024-10-16T03:54:00.214+0000] {dagbag.py:588} INFO - Filling up the DagBag from /home/airflow/.local/lib/python3.12/site-packages/airflow/example_dags/example_external_task_marker_dag.py
[2024-10-16T03:54:00.218+0000] {processor.py:925} INFO - DAG(s) 'example_external_task_marker_parent', 'example_external_task_marker_child' retrieved from /home/airflow/.local/lib/python3.12/site-packages/airflow/example_dags/example_external_task_marker_dag.py
[2024-10-16T03:54:00.230+0000] {logging_mixin.py:190} INFO - [2024-10-16T03:54:00.230+0000] {dag.py:3239} INFO - Sync 2 DAGs
[2024-10-16T03:54:00.239+0000] {logging_mixin.py:190} INFO - [2024-10-16T03:54:00.239+0000] {dag.py:4180} INFO - Setting next_dagrun for example_external_task_marker_child to None, run_after=None
[2024-10-16T03:54:00.243+0000] {logging_mixin.py:190} INFO - [2024-10-16T03:54:00.243+0000] {dag.py:4180} INFO - Setting next_dagrun for example_external_task_marker_parent to None, run_after=None
[2024-10-16T03:54:00.250+0000] {processor.py:208} INFO - Processing /home/airflow/.local/lib/python3.12/site-packages/airflow/example_dags/example_external_task_marker_dag.py took 0.041 seconds
[2024-10-16T03:54:31.154+0000] {processor.py:186} INFO - Started process (PID=429) to work on /home/airflow/.local/lib/python3.12/site-packages/airflow/example_dags/example_external_task_marker_dag.py
[2024-10-16T03:54:31.155+0000] {processor.py:914} INFO - Processing file /home/airflow/.local/lib/python3.12/site-packages/airflow/example_dags/example_external_task_marker_dag.py for tasks to queue
[2024-10-16T03:54:31.156+0000] {logging_mixin.py:190} INFO - [2024-10-16T03:54:31.156+0000] {dagbag.py:588} INFO - Filling up the DagBag from /home/airflow/.local/lib/python3.12/site-packages/airflow/example_dags/example_external_task_marker_dag.py
[2024-10-16T03:54:31.159+0000] {processor.py:925} INFO - DAG(s) 'example_external_task_marker_child', 'example_external_task_marker_parent' retrieved from /home/airflow/.local/lib/python3.12/site-packages/airflow/example_dags/example_external_task_marker_dag.py
[2024-10-16T03:54:31.169+0000] {logging_mixin.py:190} INFO - [2024-10-16T03:54:31.168+0000] {dag.py:3239} INFO - Sync 2 DAGs
[2024-10-16T03:54:31.175+0000] {logging_mixin.py:190} INFO - [2024-10-16T03:54:31.174+0000] {dag.py:4180} INFO - Setting next_dagrun for example_external_task_marker_child to None, run_after=None
[2024-10-16T03:54:31.176+0000] {logging_mixin.py:190} INFO - [2024-10-16T03:54:31.176+0000] {dag.py:4180} INFO - Setting next_dagrun for example_external_task_marker_parent to None, run_after=None
[2024-10-16T03:54:31.182+0000] {processor.py:208} INFO - Processing /home/airflow/.local/lib/python3.12/site-packages/airflow/example_dags/example_external_task_marker_dag.py took 0.031 seconds
[2024-10-16T03:55:02.164+0000] {processor.py:186} INFO - Started process (PID=491) to work on /home/airflow/.local/lib/python3.12/site-packages/airflow/example_dags/example_external_task_marker_dag.py
[2024-10-16T03:55:02.165+0000] {processor.py:914} INFO - Processing file /home/airflow/.local/lib/python3.12/site-packages/airflow/example_dags/example_external_task_marker_dag.py for tasks to queue
[2024-10-16T03:55:02.166+0000] {logging_mixin.py:190} INFO - [2024-10-16T03:55:02.166+0000] {dagbag.py:588} INFO - Filling up the DagBag from /home/airflow/.local/lib/python3.12/site-packages/airflow/example_dags/example_external_task_marker_dag.py
[2024-10-16T03:55:02.169+0000] {processor.py:925} INFO - DAG(s) 'example_external_task_marker_parent', 'example_external_task_marker_child' retrieved from /home/airflow/.local/lib/python3.12/site-packages/airflow/example_dags/example_external_task_marker_dag.py
[2024-10-16T03:55:02.177+0000] {logging_mixin.py:190} INFO - [2024-10-16T03:55:02.177+0000] {dag.py:3239} INFO - Sync 2 DAGs
[2024-10-16T03:55:02.183+0000] {logging_mixin.py:190} INFO - [2024-10-16T03:55:02.183+0000] {dag.py:4180} INFO - Setting next_dagrun for example_external_task_marker_child to None, run_after=None
[2024-10-16T03:55:02.184+0000] {logging_mixin.py:190} INFO - [2024-10-16T03:55:02.184+0000] {dag.py:4180} INFO - Setting next_dagrun for example_external_task_marker_parent to None, run_after=None
[2024-10-16T03:55:02.190+0000] {processor.py:208} INFO - Processing /home/airflow/.local/lib/python3.12/site-packages/airflow/example_dags/example_external_task_marker_dag.py took 0.028 seconds
[2024-10-16T03:55:33.218+0000] {processor.py:186} INFO - Started process (PID=553) to work on /home/airflow/.local/lib/python3.12/site-packages/airflow/example_dags/example_external_task_marker_dag.py
[2024-10-16T03:55:33.219+0000] {processor.py:914} INFO - Processing file /home/airflow/.local/lib/python3.12/site-packages/airflow/example_dags/example_external_task_marker_dag.py for tasks to queue
[2024-10-16T03:55:33.220+0000] {logging_mixin.py:190} INFO - [2024-10-16T03:55:33.220+0000] {dagbag.py:588} INFO - Filling up the DagBag from /home/airflow/.local/lib/python3.12/site-packages/airflow/example_dags/example_external_task_marker_dag.py
[2024-10-16T03:55:33.223+0000] {processor.py:925} INFO - DAG(s) 'example_external_task_marker_parent', 'example_external_task_marker_child' retrieved from /home/airflow/.local/lib/python3.12/site-packages/airflow/example_dags/example_external_task_marker_dag.py
[2024-10-16T03:55:33.232+0000] {logging_mixin.py:190} INFO - [2024-10-16T03:55:33.232+0000] {dag.py:3239} INFO - Sync 2 DAGs
[2024-10-16T03:55:33.238+0000] {logging_mixin.py:190} INFO - [2024-10-16T03:55:33.238+0000] {dag.py:4180} INFO - Setting next_dagrun for example_external_task_marker_child to None, run_after=None
[2024-10-16T03:55:33.239+0000] {logging_mixin.py:190} INFO - [2024-10-16T03:55:33.239+0000] {dag.py:4180} INFO - Setting next_dagrun for example_external_task_marker_parent to None, run_after=None
[2024-10-16T03:55:33.245+0000] {processor.py:208} INFO - Processing /home/airflow/.local/lib/python3.12/site-packages/airflow/example_dags/example_external_task_marker_dag.py took 0.030 seconds
[2024-10-16T03:56:03.435+0000] {processor.py:186} INFO - Started process (PID=615) to work on /home/airflow/.local/lib/python3.12/site-packages/airflow/example_dags/example_external_task_marker_dag.py
[2024-10-16T03:56:03.435+0000] {processor.py:914} INFO - Processing file /home/airflow/.local/lib/python3.12/site-packages/airflow/example_dags/example_external_task_marker_dag.py for tasks to queue
[2024-10-16T03:56:03.436+0000] {logging_mixin.py:190} INFO - [2024-10-16T03:56:03.436+0000] {dagbag.py:588} INFO - Filling up the DagBag from /home/airflow/.local/lib/python3.12/site-packages/airflow/example_dags/example_external_task_marker_dag.py
[2024-10-16T03:56:03.440+0000] {processor.py:925} INFO - DAG(s) 'example_external_task_marker_parent', 'example_external_task_marker_child' retrieved from /home/airflow/.local/lib/python3.12/site-packages/airflow/example_dags/example_external_task_marker_dag.py
[2024-10-16T03:56:03.449+0000] {logging_mixin.py:190} INFO - [2024-10-16T03:56:03.449+0000] {dag.py:3239} INFO - Sync 2 DAGs
[2024-10-16T03:56:03.455+0000] {logging_mixin.py:190} INFO - [2024-10-16T03:56:03.455+0000] {dag.py:4180} INFO - Setting next_dagrun for example_external_task_marker_child to None, run_after=None
[2024-10-16T03:56:03.457+0000] {logging_mixin.py:190} INFO - [2024-10-16T03:56:03.456+0000] {dag.py:4180} INFO - Setting next_dagrun for example_external_task_marker_parent to None, run_after=None
[2024-10-16T03:56:03.462+0000] {processor.py:208} INFO - Processing /home/airflow/.local/lib/python3.12/site-packages/airflow/example_dags/example_external_task_marker_dag.py took 0.030 seconds
[2024-10-16T03:56:34.616+0000] {processor.py:186} INFO - Started process (PID=677) to work on /home/airflow/.local/lib/python3.12/site-packages/airflow/example_dags/example_external_task_marker_dag.py
[2024-10-16T03:56:34.616+0000] {processor.py:914} INFO - Processing file /home/airflow/.local/lib/python3.12/site-packages/airflow/example_dags/example_external_task_marker_dag.py for tasks to queue
[2024-10-16T03:56:34.617+0000] {logging_mixin.py:190} INFO - [2024-10-16T03:56:34.617+0000] {dagbag.py:588} INFO - Filling up the DagBag from /home/airflow/.local/lib/python3.12/site-packages/airflow/example_dags/example_external_task_marker_dag.py
[2024-10-16T03:56:34.621+0000] {processor.py:925} INFO - DAG(s) 'example_external_task_marker_parent', 'example_external_task_marker_child' retrieved from /home/airflow/.local/lib/python3.12/site-packages/airflow/example_dags/example_external_task_marker_dag.py
[2024-10-16T03:56:34.631+0000] {logging_mixin.py:190} INFO - [2024-10-16T03:56:34.631+0000] {dag.py:3239} INFO - Sync 2 DAGs
[2024-10-16T03:56:34.637+0000] {logging_mixin.py:190} INFO - [2024-10-16T03:56:34.637+0000] {dag.py:4180} INFO - Setting next_dagrun for example_external_task_marker_child to None, run_after=None
[2024-10-16T03:56:34.639+0000] {logging_mixin.py:190} INFO - [2024-10-16T03:56:34.639+0000] {dag.py:4180} INFO - Setting next_dagrun for example_external_task_marker_parent to None, run_after=None
[2024-10-16T03:56:34.645+0000] {processor.py:208} INFO - Processing /home/airflow/.local/lib/python3.12/site-packages/airflow/example_dags/example_external_task_marker_dag.py took 0.032 seconds
[2024-10-16T03:57:04.858+0000] {processor.py:186} INFO - Started process (PID=739) to work on /home/airflow/.local/lib/python3.12/site-packages/airflow/example_dags/example_external_task_marker_dag.py
[2024-10-16T03:57:04.858+0000] {processor.py:914} INFO - Processing file /home/airflow/.local/lib/python3.12/site-packages/airflow/example_dags/example_external_task_marker_dag.py for tasks to queue
[2024-10-16T03:57:04.859+0000] {logging_mixin.py:190} INFO - [2024-10-16T03:57:04.859+0000] {dagbag.py:588} INFO - Filling up the DagBag from /home/airflow/.local/lib/python3.12/site-packages/airflow/example_dags/example_external_task_marker_dag.py
[2024-10-16T03:57:04.863+0000] {processor.py:925} INFO - DAG(s) 'example_external_task_marker_child', 'example_external_task_marker_parent' retrieved from /home/airflow/.local/lib/python3.12/site-packages/airflow/example_dags/example_external_task_marker_dag.py
[2024-10-16T03:57:04.872+0000] {logging_mixin.py:190} INFO - [2024-10-16T03:57:04.872+0000] {dag.py:3239} INFO - Sync 2 DAGs
[2024-10-16T03:57:04.878+0000] {logging_mixin.py:190} INFO - [2024-10-16T03:57:04.877+0000] {dag.py:4180} INFO - Setting next_dagrun for example_external_task_marker_child to None, run_after=None
[2024-10-16T03:57:04.880+0000] {logging_mixin.py:190} INFO - [2024-10-16T03:57:04.880+0000] {dag.py:4180} INFO - Setting next_dagrun for example_external_task_marker_parent to None, run_after=None
[2024-10-16T03:57:04.886+0000] {processor.py:208} INFO - Processing /home/airflow/.local/lib/python3.12/site-packages/airflow/example_dags/example_external_task_marker_dag.py took 0.030 seconds
[2024-10-16T03:57:35.897+0000] {processor.py:186} INFO - Started process (PID=801) to work on /home/airflow/.local/lib/python3.12/site-packages/airflow/example_dags/example_external_task_marker_dag.py
[2024-10-16T03:57:35.898+0000] {processor.py:914} INFO - Processing file /home/airflow/.local/lib/python3.12/site-packages/airflow/example_dags/example_external_task_marker_dag.py for tasks to queue
[2024-10-16T03:57:35.899+0000] {logging_mixin.py:190} INFO - [2024-10-16T03:57:35.899+0000] {dagbag.py:588} INFO - Filling up the DagBag from /home/airflow/.local/lib/python3.12/site-packages/airflow/example_dags/example_external_task_marker_dag.py
[2024-10-16T03:57:35.902+0000] {processor.py:925} INFO - DAG(s) 'example_external_task_marker_parent', 'example_external_task_marker_child' retrieved from /home/airflow/.local/lib/python3.12/site-packages/airflow/example_dags/example_external_task_marker_dag.py
[2024-10-16T03:57:35.911+0000] {logging_mixin.py:190} INFO - [2024-10-16T03:57:35.911+0000] {dag.py:3239} INFO - Sync 2 DAGs
[2024-10-16T03:57:35.917+0000] {logging_mixin.py:190} INFO - [2024-10-16T03:57:35.916+0000] {dag.py:4180} INFO - Setting next_dagrun for example_external_task_marker_child to None, run_after=None
[2024-10-16T03:57:35.918+0000] {logging_mixin.py:190} INFO - [2024-10-16T03:57:35.918+0000] {dag.py:4180} INFO - Setting next_dagrun for example_external_task_marker_parent to None, run_after=None
[2024-10-16T03:57:35.924+0000] {processor.py:208} INFO - Processing /home/airflow/.local/lib/python3.12/site-packages/airflow/example_dags/example_external_task_marker_dag.py took 0.029 seconds
[2024-10-16T03:58:06.871+0000] {processor.py:186} INFO - Started process (PID=863) to work on /home/airflow/.local/lib/python3.12/site-packages/airflow/example_dags/example_external_task_marker_dag.py
[2024-10-16T03:58:06.872+0000] {processor.py:914} INFO - Processing file /home/airflow/.local/lib/python3.12/site-packages/airflow/example_dags/example_external_task_marker_dag.py for tasks to queue
[2024-10-16T03:58:06.873+0000] {logging_mixin.py:190} INFO - [2024-10-16T03:58:06.873+0000] {dagbag.py:588} INFO - Filling up the DagBag from /home/airflow/.local/lib/python3.12/site-packages/airflow/example_dags/example_external_task_marker_dag.py
[2024-10-16T03:58:06.877+0000] {processor.py:925} INFO - DAG(s) 'example_external_task_marker_child', 'example_external_task_marker_parent' retrieved from /home/airflow/.local/lib/python3.12/site-packages/airflow/example_dags/example_external_task_marker_dag.py
[2024-10-16T03:58:06.886+0000] {logging_mixin.py:190} INFO - [2024-10-16T03:58:06.886+0000] {dag.py:3239} INFO - Sync 2 DAGs
[2024-10-16T03:58:06.892+0000] {logging_mixin.py:190} INFO - [2024-10-16T03:58:06.892+0000] {dag.py:4180} INFO - Setting next_dagrun for example_external_task_marker_child to None, run_after=None
[2024-10-16T03:58:06.894+0000] {logging_mixin.py:190} INFO - [2024-10-16T03:58:06.894+0000] {dag.py:4180} INFO - Setting next_dagrun for example_external_task_marker_parent to None, run_after=None
[2024-10-16T03:58:06.901+0000] {processor.py:208} INFO - Processing /home/airflow/.local/lib/python3.12/site-packages/airflow/example_dags/example_external_task_marker_dag.py took 0.032 seconds
[2024-10-16T03:58:37.448+0000] {processor.py:186} INFO - Started process (PID=925) to work on /home/airflow/.local/lib/python3.12/site-packages/airflow/example_dags/example_external_task_marker_dag.py
[2024-10-16T03:58:37.448+0000] {processor.py:914} INFO - Processing file /home/airflow/.local/lib/python3.12/site-packages/airflow/example_dags/example_external_task_marker_dag.py for tasks to queue
[2024-10-16T03:58:37.449+0000] {logging_mixin.py:190} INFO - [2024-10-16T03:58:37.449+0000] {dagbag.py:588} INFO - Filling up the DagBag from /home/airflow/.local/lib/python3.12/site-packages/airflow/example_dags/example_external_task_marker_dag.py
[2024-10-16T03:58:37.453+0000] {processor.py:925} INFO - DAG(s) 'example_external_task_marker_parent', 'example_external_task_marker_child' retrieved from /home/airflow/.local/lib/python3.12/site-packages/airflow/example_dags/example_external_task_marker_dag.py
[2024-10-16T03:58:37.463+0000] {logging_mixin.py:190} INFO - [2024-10-16T03:58:37.463+0000] {dag.py:3239} INFO - Sync 2 DAGs
[2024-10-16T03:58:37.469+0000] {logging_mixin.py:190} INFO - [2024-10-16T03:58:37.469+0000] {dag.py:4180} INFO - Setting next_dagrun for example_external_task_marker_child to None, run_after=None
[2024-10-16T03:58:37.471+0000] {logging_mixin.py:190} INFO - [2024-10-16T03:58:37.471+0000] {dag.py:4180} INFO - Setting next_dagrun for example_external_task_marker_parent to None, run_after=None
[2024-10-16T03:58:37.477+0000] {processor.py:208} INFO - Processing /home/airflow/.local/lib/python3.12/site-packages/airflow/example_dags/example_external_task_marker_dag.py took 0.032 seconds
[2024-10-16T03:59:08.463+0000] {processor.py:186} INFO - Started process (PID=987) to work on /home/airflow/.local/lib/python3.12/site-packages/airflow/example_dags/example_external_task_marker_dag.py
[2024-10-16T03:59:08.463+0000] {processor.py:914} INFO - Processing file /home/airflow/.local/lib/python3.12/site-packages/airflow/example_dags/example_external_task_marker_dag.py for tasks to queue
[2024-10-16T03:59:08.464+0000] {logging_mixin.py:190} INFO - [2024-10-16T03:59:08.464+0000] {dagbag.py:588} INFO - Filling up the DagBag from /home/airflow/.local/lib/python3.12/site-packages/airflow/example_dags/example_external_task_marker_dag.py
[2024-10-16T03:59:08.468+0000] {processor.py:925} INFO - DAG(s) 'example_external_task_marker_parent', 'example_external_task_marker_child' retrieved from /home/airflow/.local/lib/python3.12/site-packages/airflow/example_dags/example_external_task_marker_dag.py
[2024-10-16T03:59:08.478+0000] {logging_mixin.py:190} INFO - [2024-10-16T03:59:08.478+0000] {dag.py:3239} INFO - Sync 2 DAGs
[2024-10-16T03:59:08.487+0000] {logging_mixin.py:190} INFO - [2024-10-16T03:59:08.487+0000] {dag.py:4180} INFO - Setting next_dagrun for example_external_task_marker_child to None, run_after=None
[2024-10-16T03:59:08.489+0000] {logging_mixin.py:190} INFO - [2024-10-16T03:59:08.489+0000] {dag.py:4180} INFO - Setting next_dagrun for example_external_task_marker_parent to None, run_after=None
[2024-10-16T03:59:08.496+0000] {processor.py:208} INFO - Processing /home/airflow/.local/lib/python3.12/site-packages/airflow/example_dags/example_external_task_marker_dag.py took 0.036 seconds
[2024-10-16T03:59:38.615+0000] {processor.py:186} INFO - Started process (PID=1049) to work on /home/airflow/.local/lib/python3.12/site-packages/airflow/example_dags/example_external_task_marker_dag.py
[2024-10-16T03:59:38.615+0000] {processor.py:914} INFO - Processing file /home/airflow/.local/lib/python3.12/site-packages/airflow/example_dags/example_external_task_marker_dag.py for tasks to queue
[2024-10-16T03:59:38.616+0000] {logging_mixin.py:190} INFO - [2024-10-16T03:59:38.616+0000] {dagbag.py:588} INFO - Filling up the DagBag from /home/airflow/.local/lib/python3.12/site-packages/airflow/example_dags/example_external_task_marker_dag.py
[2024-10-16T03:59:38.620+0000] {processor.py:925} INFO - DAG(s) 'example_external_task_marker_child', 'example_external_task_marker_parent' retrieved from /home/airflow/.local/lib/python3.12/site-packages/airflow/example_dags/example_external_task_marker_dag.py
[2024-10-16T03:59:38.628+0000] {logging_mixin.py:190} INFO - [2024-10-16T03:59:38.628+0000] {dag.py:3239} INFO - Sync 2 DAGs
[2024-10-16T03:59:38.633+0000] {logging_mixin.py:190} INFO - [2024-10-16T03:59:38.633+0000] {dag.py:4180} INFO - Setting next_dagrun for example_external_task_marker_child to None, run_after=None
[2024-10-16T03:59:38.635+0000] {logging_mixin.py:190} INFO - [2024-10-16T03:59:38.635+0000] {dag.py:4180} INFO - Setting next_dagrun for example_external_task_marker_parent to None, run_after=None
[2024-10-16T03:59:38.640+0000] {processor.py:208} INFO - Processing /home/airflow/.local/lib/python3.12/site-packages/airflow/example_dags/example_external_task_marker_dag.py took 0.028 seconds
[2024-10-16T04:00:08.858+0000] {processor.py:186} INFO - Started process (PID=1111) to work on /home/airflow/.local/lib/python3.12/site-packages/airflow/example_dags/example_external_task_marker_dag.py
[2024-10-16T04:00:08.859+0000] {processor.py:914} INFO - Processing file /home/airflow/.local/lib/python3.12/site-packages/airflow/example_dags/example_external_task_marker_dag.py for tasks to queue
[2024-10-16T04:00:08.860+0000] {logging_mixin.py:190} INFO - [2024-10-16T04:00:08.860+0000] {dagbag.py:588} INFO - Filling up the DagBag from /home/airflow/.local/lib/python3.12/site-packages/airflow/example_dags/example_external_task_marker_dag.py
[2024-10-16T04:00:08.864+0000] {processor.py:925} INFO - DAG(s) 'example_external_task_marker_child', 'example_external_task_marker_parent' retrieved from /home/airflow/.local/lib/python3.12/site-packages/airflow/example_dags/example_external_task_marker_dag.py
[2024-10-16T04:00:08.873+0000] {logging_mixin.py:190} INFO - [2024-10-16T04:00:08.873+0000] {dag.py:3239} INFO - Sync 2 DAGs
[2024-10-16T04:00:08.879+0000] {logging_mixin.py:190} INFO - [2024-10-16T04:00:08.879+0000] {dag.py:4180} INFO - Setting next_dagrun for example_external_task_marker_child to None, run_after=None
[2024-10-16T04:00:08.881+0000] {logging_mixin.py:190} INFO - [2024-10-16T04:00:08.881+0000] {dag.py:4180} INFO - Setting next_dagrun for example_external_task_marker_parent to None, run_after=None
[2024-10-16T04:00:08.887+0000] {processor.py:208} INFO - Processing /home/airflow/.local/lib/python3.12/site-packages/airflow/example_dags/example_external_task_marker_dag.py took 0.031 seconds
[2024-10-16T04:00:39.965+0000] {processor.py:186} INFO - Started process (PID=1173) to work on /home/airflow/.local/lib/python3.12/site-packages/airflow/example_dags/example_external_task_marker_dag.py
[2024-10-16T04:00:39.966+0000] {processor.py:914} INFO - Processing file /home/airflow/.local/lib/python3.12/site-packages/airflow/example_dags/example_external_task_marker_dag.py for tasks to queue
[2024-10-16T04:00:39.967+0000] {logging_mixin.py:190} INFO - [2024-10-16T04:00:39.967+0000] {dagbag.py:588} INFO - Filling up the DagBag from /home/airflow/.local/lib/python3.12/site-packages/airflow/example_dags/example_external_task_marker_dag.py
[2024-10-16T04:00:39.971+0000] {processor.py:925} INFO - DAG(s) 'example_external_task_marker_child', 'example_external_task_marker_parent' retrieved from /home/airflow/.local/lib/python3.12/site-packages/airflow/example_dags/example_external_task_marker_dag.py
[2024-10-16T04:00:39.981+0000] {logging_mixin.py:190} INFO - [2024-10-16T04:00:39.981+0000] {dag.py:3239} INFO - Sync 2 DAGs
[2024-10-16T04:00:39.988+0000] {logging_mixin.py:190} INFO - [2024-10-16T04:00:39.988+0000] {dag.py:4180} INFO - Setting next_dagrun for example_external_task_marker_child to None, run_after=None
[2024-10-16T04:00:39.989+0000] {logging_mixin.py:190} INFO - [2024-10-16T04:00:39.989+0000] {dag.py:4180} INFO - Setting next_dagrun for example_external_task_marker_parent to None, run_after=None
[2024-10-16T04:00:39.995+0000] {processor.py:208} INFO - Processing /home/airflow/.local/lib/python3.12/site-packages/airflow/example_dags/example_external_task_marker_dag.py took 0.032 seconds
[2024-10-16T04:01:11.066+0000] {processor.py:186} INFO - Started process (PID=1235) to work on /home/airflow/.local/lib/python3.12/site-packages/airflow/example_dags/example_external_task_marker_dag.py
[2024-10-16T04:01:11.066+0000] {processor.py:914} INFO - Processing file /home/airflow/.local/lib/python3.12/site-packages/airflow/example_dags/example_external_task_marker_dag.py for tasks to queue
[2024-10-16T04:01:11.067+0000] {logging_mixin.py:190} INFO - [2024-10-16T04:01:11.067+0000] {dagbag.py:588} INFO - Filling up the DagBag from /home/airflow/.local/lib/python3.12/site-packages/airflow/example_dags/example_external_task_marker_dag.py
[2024-10-16T04:01:11.071+0000] {processor.py:925} INFO - DAG(s) 'example_external_task_marker_parent', 'example_external_task_marker_child' retrieved from /home/airflow/.local/lib/python3.12/site-packages/airflow/example_dags/example_external_task_marker_dag.py
[2024-10-16T04:01:11.080+0000] {logging_mixin.py:190} INFO - [2024-10-16T04:01:11.080+0000] {dag.py:3239} INFO - Sync 2 DAGs
[2024-10-16T04:01:11.086+0000] {logging_mixin.py:190} INFO - [2024-10-16T04:01:11.086+0000] {dag.py:4180} INFO - Setting next_dagrun for example_external_task_marker_child to None, run_after=None
[2024-10-16T04:01:11.088+0000] {logging_mixin.py:190} INFO - [2024-10-16T04:01:11.088+0000] {dag.py:4180} INFO - Setting next_dagrun for example_external_task_marker_parent to None, run_after=None
[2024-10-16T04:01:11.093+0000] {processor.py:208} INFO - Processing /home/airflow/.local/lib/python3.12/site-packages/airflow/example_dags/example_external_task_marker_dag.py took 0.030 seconds
[2024-10-16T04:01:42.026+0000] {processor.py:186} INFO - Started process (PID=1297) to work on /home/airflow/.local/lib/python3.12/site-packages/airflow/example_dags/example_external_task_marker_dag.py
[2024-10-16T04:01:42.027+0000] {processor.py:914} INFO - Processing file /home/airflow/.local/lib/python3.12/site-packages/airflow/example_dags/example_external_task_marker_dag.py for tasks to queue
[2024-10-16T04:01:42.028+0000] {logging_mixin.py:190} INFO - [2024-10-16T04:01:42.028+0000] {dagbag.py:588} INFO - Filling up the DagBag from /home/airflow/.local/lib/python3.12/site-packages/airflow/example_dags/example_external_task_marker_dag.py
[2024-10-16T04:01:42.032+0000] {processor.py:925} INFO - DAG(s) 'example_external_task_marker_parent', 'example_external_task_marker_child' retrieved from /home/airflow/.local/lib/python3.12/site-packages/airflow/example_dags/example_external_task_marker_dag.py
[2024-10-16T04:01:42.040+0000] {logging_mixin.py:190} INFO - [2024-10-16T04:01:42.040+0000] {dag.py:3239} INFO - Sync 2 DAGs
[2024-10-16T04:01:42.046+0000] {logging_mixin.py:190} INFO - [2024-10-16T04:01:42.045+0000] {dag.py:4180} INFO - Setting next_dagrun for example_external_task_marker_child to None, run_after=None
[2024-10-16T04:01:42.047+0000] {logging_mixin.py:190} INFO - [2024-10-16T04:01:42.047+0000] {dag.py:4180} INFO - Setting next_dagrun for example_external_task_marker_parent to None, run_after=None
[2024-10-16T04:01:42.054+0000] {processor.py:208} INFO - Processing /home/airflow/.local/lib/python3.12/site-packages/airflow/example_dags/example_external_task_marker_dag.py took 0.030 seconds
[2024-10-16T04:02:12.979+0000] {processor.py:186} INFO - Started process (PID=1359) to work on /home/airflow/.local/lib/python3.12/site-packages/airflow/example_dags/example_external_task_marker_dag.py
[2024-10-16T04:02:12.979+0000] {processor.py:914} INFO - Processing file /home/airflow/.local/lib/python3.12/site-packages/airflow/example_dags/example_external_task_marker_dag.py for tasks to queue
[2024-10-16T04:02:12.980+0000] {logging_mixin.py:190} INFO - [2024-10-16T04:02:12.980+0000] {dagbag.py:588} INFO - Filling up the DagBag from /home/airflow/.local/lib/python3.12/site-packages/airflow/example_dags/example_external_task_marker_dag.py
[2024-10-16T04:02:12.983+0000] {processor.py:925} INFO - DAG(s) 'example_external_task_marker_parent', 'example_external_task_marker_child' retrieved from /home/airflow/.local/lib/python3.12/site-packages/airflow/example_dags/example_external_task_marker_dag.py
[2024-10-16T04:02:12.993+0000] {logging_mixin.py:190} INFO - [2024-10-16T04:02:12.993+0000] {dag.py:3239} INFO - Sync 2 DAGs
[2024-10-16T04:02:13.006+0000] {logging_mixin.py:190} INFO - [2024-10-16T04:02:13.006+0000] {dag.py:4180} INFO - Setting next_dagrun for example_external_task_marker_child to None, run_after=None
[2024-10-16T04:02:13.008+0000] {logging_mixin.py:190} INFO - [2024-10-16T04:02:13.008+0000] {dag.py:4180} INFO - Setting next_dagrun for example_external_task_marker_parent to None, run_after=None
[2024-10-16T04:02:13.014+0000] {processor.py:208} INFO - Processing /home/airflow/.local/lib/python3.12/site-packages/airflow/example_dags/example_external_task_marker_dag.py took 0.038 seconds
[2024-10-16T04:02:43.798+0000] {processor.py:186} INFO - Started process (PID=1421) to work on /home/airflow/.local/lib/python3.12/site-packages/airflow/example_dags/example_external_task_marker_dag.py
[2024-10-16T04:02:43.798+0000] {processor.py:914} INFO - Processing file /home/airflow/.local/lib/python3.12/site-packages/airflow/example_dags/example_external_task_marker_dag.py for tasks to queue
[2024-10-16T04:02:43.799+0000] {logging_mixin.py:190} INFO - [2024-10-16T04:02:43.799+0000] {dagbag.py:588} INFO - Filling up the DagBag from /home/airflow/.local/lib/python3.12/site-packages/airflow/example_dags/example_external_task_marker_dag.py
[2024-10-16T04:02:43.803+0000] {processor.py:925} INFO - DAG(s) 'example_external_task_marker_child', 'example_external_task_marker_parent' retrieved from /home/airflow/.local/lib/python3.12/site-packages/airflow/example_dags/example_external_task_marker_dag.py
[2024-10-16T04:02:43.812+0000] {logging_mixin.py:190} INFO - [2024-10-16T04:02:43.812+0000] {dag.py:3239} INFO - Sync 2 DAGs
[2024-10-16T04:02:43.818+0000] {logging_mixin.py:190} INFO - [2024-10-16T04:02:43.818+0000] {dag.py:4180} INFO - Setting next_dagrun for example_external_task_marker_child to None, run_after=None
[2024-10-16T04:02:43.820+0000] {logging_mixin.py:190} INFO - [2024-10-16T04:02:43.820+0000] {dag.py:4180} INFO - Setting next_dagrun for example_external_task_marker_parent to None, run_after=None
[2024-10-16T04:02:43.826+0000] {processor.py:208} INFO - Processing /home/airflow/.local/lib/python3.12/site-packages/airflow/example_dags/example_external_task_marker_dag.py took 0.030 seconds
[2024-10-16T04:03:14.702+0000] {processor.py:186} INFO - Started process (PID=1483) to work on /home/airflow/.local/lib/python3.12/site-packages/airflow/example_dags/example_external_task_marker_dag.py
[2024-10-16T04:03:14.702+0000] {processor.py:914} INFO - Processing file /home/airflow/.local/lib/python3.12/site-packages/airflow/example_dags/example_external_task_marker_dag.py for tasks to queue
[2024-10-16T04:03:14.703+0000] {logging_mixin.py:190} INFO - [2024-10-16T04:03:14.703+0000] {dagbag.py:588} INFO - Filling up the DagBag from /home/airflow/.local/lib/python3.12/site-packages/airflow/example_dags/example_external_task_marker_dag.py
[2024-10-16T04:03:14.707+0000] {processor.py:925} INFO - DAG(s) 'example_external_task_marker_parent', 'example_external_task_marker_child' retrieved from /home/airflow/.local/lib/python3.12/site-packages/airflow/example_dags/example_external_task_marker_dag.py
[2024-10-16T04:03:14.715+0000] {logging_mixin.py:190} INFO - [2024-10-16T04:03:14.715+0000] {dag.py:3239} INFO - Sync 2 DAGs
[2024-10-16T04:03:14.721+0000] {logging_mixin.py:190} INFO - [2024-10-16T04:03:14.721+0000] {dag.py:4180} INFO - Setting next_dagrun for example_external_task_marker_child to None, run_after=None
[2024-10-16T04:03:14.722+0000] {logging_mixin.py:190} INFO - [2024-10-16T04:03:14.722+0000] {dag.py:4180} INFO - Setting next_dagrun for example_external_task_marker_parent to None, run_after=None
[2024-10-16T04:03:14.728+0000] {processor.py:208} INFO - Processing /home/airflow/.local/lib/python3.12/site-packages/airflow/example_dags/example_external_task_marker_dag.py took 0.028 seconds
[2024-10-16T04:03:45.612+0000] {processor.py:186} INFO - Started process (PID=1545) to work on /home/airflow/.local/lib/python3.12/site-packages/airflow/example_dags/example_external_task_marker_dag.py
[2024-10-16T04:03:45.612+0000] {processor.py:914} INFO - Processing file /home/airflow/.local/lib/python3.12/site-packages/airflow/example_dags/example_external_task_marker_dag.py for tasks to queue
[2024-10-16T04:03:45.613+0000] {logging_mixin.py:190} INFO - [2024-10-16T04:03:45.613+0000] {dagbag.py:588} INFO - Filling up the DagBag from /home/airflow/.local/lib/python3.12/site-packages/airflow/example_dags/example_external_task_marker_dag.py
[2024-10-16T04:03:45.617+0000] {processor.py:925} INFO - DAG(s) 'example_external_task_marker_parent', 'example_external_task_marker_child' retrieved from /home/airflow/.local/lib/python3.12/site-packages/airflow/example_dags/example_external_task_marker_dag.py
[2024-10-16T04:03:45.628+0000] {logging_mixin.py:190} INFO - [2024-10-16T04:03:45.628+0000] {dag.py:3239} INFO - Sync 2 DAGs
[2024-10-16T04:03:45.639+0000] {logging_mixin.py:190} INFO - [2024-10-16T04:03:45.639+0000] {dag.py:4180} INFO - Setting next_dagrun for example_external_task_marker_child to None, run_after=None
[2024-10-16T04:03:45.642+0000] {logging_mixin.py:190} INFO - [2024-10-16T04:03:45.641+0000] {dag.py:4180} INFO - Setting next_dagrun for example_external_task_marker_parent to None, run_after=None
[2024-10-16T04:03:45.649+0000] {processor.py:208} INFO - Processing /home/airflow/.local/lib/python3.12/site-packages/airflow/example_dags/example_external_task_marker_dag.py took 0.040 seconds
[2024-10-16T04:04:16.549+0000] {processor.py:186} INFO - Started process (PID=1612) to work on /home/airflow/.local/lib/python3.12/site-packages/airflow/example_dags/example_external_task_marker_dag.py
[2024-10-16T04:04:16.550+0000] {processor.py:914} INFO - Processing file /home/airflow/.local/lib/python3.12/site-packages/airflow/example_dags/example_external_task_marker_dag.py for tasks to queue
[2024-10-16T04:04:16.551+0000] {logging_mixin.py:190} INFO - [2024-10-16T04:04:16.551+0000] {dagbag.py:588} INFO - Filling up the DagBag from /home/airflow/.local/lib/python3.12/site-packages/airflow/example_dags/example_external_task_marker_dag.py
[2024-10-16T04:04:16.554+0000] {processor.py:925} INFO - DAG(s) 'example_external_task_marker_child', 'example_external_task_marker_parent' retrieved from /home/airflow/.local/lib/python3.12/site-packages/airflow/example_dags/example_external_task_marker_dag.py
[2024-10-16T04:04:16.563+0000] {logging_mixin.py:190} INFO - [2024-10-16T04:04:16.563+0000] {dag.py:3239} INFO - Sync 2 DAGs
[2024-10-16T04:04:16.568+0000] {logging_mixin.py:190} INFO - [2024-10-16T04:04:16.568+0000] {dag.py:4180} INFO - Setting next_dagrun for example_external_task_marker_child to None, run_after=None
[2024-10-16T04:04:16.569+0000] {logging_mixin.py:190} INFO - [2024-10-16T04:04:16.569+0000] {dag.py:4180} INFO - Setting next_dagrun for example_external_task_marker_parent to None, run_after=None
[2024-10-16T04:04:16.575+0000] {processor.py:208} INFO - Processing /home/airflow/.local/lib/python3.12/site-packages/airflow/example_dags/example_external_task_marker_dag.py took 0.028 seconds
