[2024-10-16T03:51:25.921+0000] {processor.py:186} INFO - Started process (PID=49) to work on /home/airflow/.local/lib/python3.12/site-packages/airflow/example_dags/example_latest_only_with_trigger.py
[2024-10-16T03:51:25.922+0000] {processor.py:914} INFO - Processing file /home/airflow/.local/lib/python3.12/site-packages/airflow/example_dags/example_latest_only_with_trigger.py for tasks to queue
[2024-10-16T03:51:25.923+0000] {logging_mixin.py:190} INFO - [2024-10-16T03:51:25.923+0000] {dagbag.py:588} INFO - Filling up the DagBag from /home/airflow/.local/lib/python3.12/site-packages/airflow/example_dags/example_latest_only_with_trigger.py
[2024-10-16T03:51:25.932+0000] {processor.py:925} INFO - DAG(s) 'latest_only_with_trigger' retrieved from /home/airflow/.local/lib/python3.12/site-packages/airflow/example_dags/example_latest_only_with_trigger.py
[2024-10-16T03:51:25.958+0000] {logging_mixin.py:190} INFO - [2024-10-16T03:51:25.957+0000] {dag.py:3239} INFO - Sync 1 DAGs
[2024-10-16T03:51:25.973+0000] {logging_mixin.py:190} INFO - [2024-10-16T03:51:25.973+0000] {dag.py:4180} INFO - Setting next_dagrun for latest_only_with_trigger to 2024-10-15 20:00:00+00:00, run_after=2024-10-16 00:00:00+00:00
[2024-10-16T03:51:25.987+0000] {processor.py:208} INFO - Processing /home/airflow/.local/lib/python3.12/site-packages/airflow/example_dags/example_latest_only_with_trigger.py took 0.070 seconds
[2024-10-16T03:51:56.431+0000] {processor.py:186} INFO - Started process (PID=110) to work on /home/airflow/.local/lib/python3.12/site-packages/airflow/example_dags/example_latest_only_with_trigger.py
[2024-10-16T03:51:56.433+0000] {processor.py:914} INFO - Processing file /home/airflow/.local/lib/python3.12/site-packages/airflow/example_dags/example_latest_only_with_trigger.py for tasks to queue
[2024-10-16T03:51:56.436+0000] {logging_mixin.py:190} INFO - [2024-10-16T03:51:56.435+0000] {dagbag.py:588} INFO - Filling up the DagBag from /home/airflow/.local/lib/python3.12/site-packages/airflow/example_dags/example_latest_only_with_trigger.py
[2024-10-16T03:51:56.441+0000] {processor.py:925} INFO - DAG(s) 'latest_only_with_trigger' retrieved from /home/airflow/.local/lib/python3.12/site-packages/airflow/example_dags/example_latest_only_with_trigger.py
[2024-10-16T03:51:56.453+0000] {logging_mixin.py:190} INFO - [2024-10-16T03:51:56.453+0000] {dag.py:3239} INFO - Sync 1 DAGs
[2024-10-16T03:51:56.463+0000] {logging_mixin.py:190} INFO - [2024-10-16T03:51:56.463+0000] {dag.py:4180} INFO - Setting next_dagrun for latest_only_with_trigger to 2024-10-15 20:00:00+00:00, run_after=2024-10-16 00:00:00+00:00
[2024-10-16T03:51:56.470+0000] {processor.py:208} INFO - Processing /home/airflow/.local/lib/python3.12/site-packages/airflow/example_dags/example_latest_only_with_trigger.py took 0.046 seconds
[2024-10-16T03:52:26.874+0000] {processor.py:186} INFO - Started process (PID=172) to work on /home/airflow/.local/lib/python3.12/site-packages/airflow/example_dags/example_latest_only_with_trigger.py
[2024-10-16T03:52:26.874+0000] {processor.py:914} INFO - Processing file /home/airflow/.local/lib/python3.12/site-packages/airflow/example_dags/example_latest_only_with_trigger.py for tasks to queue
[2024-10-16T03:52:26.875+0000] {logging_mixin.py:190} INFO - [2024-10-16T03:52:26.875+0000] {dagbag.py:588} INFO - Filling up the DagBag from /home/airflow/.local/lib/python3.12/site-packages/airflow/example_dags/example_latest_only_with_trigger.py
[2024-10-16T03:52:26.878+0000] {processor.py:925} INFO - DAG(s) 'latest_only_with_trigger' retrieved from /home/airflow/.local/lib/python3.12/site-packages/airflow/example_dags/example_latest_only_with_trigger.py
[2024-10-16T03:52:26.886+0000] {logging_mixin.py:190} INFO - [2024-10-16T03:52:26.886+0000] {dag.py:3239} INFO - Sync 1 DAGs
[2024-10-16T03:52:26.896+0000] {logging_mixin.py:190} INFO - [2024-10-16T03:52:26.896+0000] {dag.py:4180} INFO - Setting next_dagrun for latest_only_with_trigger to 2024-10-15 20:00:00+00:00, run_after=2024-10-16 00:00:00+00:00
[2024-10-16T03:52:26.904+0000] {processor.py:208} INFO - Processing /home/airflow/.local/lib/python3.12/site-packages/airflow/example_dags/example_latest_only_with_trigger.py took 0.033 seconds
[2024-10-16T03:52:57.932+0000] {processor.py:186} INFO - Started process (PID=234) to work on /home/airflow/.local/lib/python3.12/site-packages/airflow/example_dags/example_latest_only_with_trigger.py
[2024-10-16T03:52:57.933+0000] {processor.py:914} INFO - Processing file /home/airflow/.local/lib/python3.12/site-packages/airflow/example_dags/example_latest_only_with_trigger.py for tasks to queue
[2024-10-16T03:52:57.934+0000] {logging_mixin.py:190} INFO - [2024-10-16T03:52:57.934+0000] {dagbag.py:588} INFO - Filling up the DagBag from /home/airflow/.local/lib/python3.12/site-packages/airflow/example_dags/example_latest_only_with_trigger.py
[2024-10-16T03:52:57.938+0000] {processor.py:925} INFO - DAG(s) 'latest_only_with_trigger' retrieved from /home/airflow/.local/lib/python3.12/site-packages/airflow/example_dags/example_latest_only_with_trigger.py
[2024-10-16T03:52:57.949+0000] {logging_mixin.py:190} INFO - [2024-10-16T03:52:57.948+0000] {dag.py:3239} INFO - Sync 1 DAGs
[2024-10-16T03:52:57.957+0000] {logging_mixin.py:190} INFO - [2024-10-16T03:52:57.957+0000] {dag.py:4180} INFO - Setting next_dagrun for latest_only_with_trigger to 2024-10-15 20:00:00+00:00, run_after=2024-10-16 00:00:00+00:00
[2024-10-16T03:52:57.964+0000] {processor.py:208} INFO - Processing /home/airflow/.local/lib/python3.12/site-packages/airflow/example_dags/example_latest_only_with_trigger.py took 0.036 seconds
[2024-10-16T03:53:29.044+0000] {processor.py:186} INFO - Started process (PID=296) to work on /home/airflow/.local/lib/python3.12/site-packages/airflow/example_dags/example_latest_only_with_trigger.py
[2024-10-16T03:53:29.044+0000] {processor.py:914} INFO - Processing file /home/airflow/.local/lib/python3.12/site-packages/airflow/example_dags/example_latest_only_with_trigger.py for tasks to queue
[2024-10-16T03:53:29.045+0000] {logging_mixin.py:190} INFO - [2024-10-16T03:53:29.045+0000] {dagbag.py:588} INFO - Filling up the DagBag from /home/airflow/.local/lib/python3.12/site-packages/airflow/example_dags/example_latest_only_with_trigger.py
[2024-10-16T03:53:29.049+0000] {processor.py:925} INFO - DAG(s) 'latest_only_with_trigger' retrieved from /home/airflow/.local/lib/python3.12/site-packages/airflow/example_dags/example_latest_only_with_trigger.py
[2024-10-16T03:53:29.056+0000] {logging_mixin.py:190} INFO - [2024-10-16T03:53:29.056+0000] {dag.py:3239} INFO - Sync 1 DAGs
[2024-10-16T03:53:29.066+0000] {logging_mixin.py:190} INFO - [2024-10-16T03:53:29.066+0000] {dag.py:4180} INFO - Setting next_dagrun for latest_only_with_trigger to 2024-10-15 20:00:00+00:00, run_after=2024-10-16 00:00:00+00:00
[2024-10-16T03:53:29.072+0000] {processor.py:208} INFO - Processing /home/airflow/.local/lib/python3.12/site-packages/airflow/example_dags/example_latest_only_with_trigger.py took 0.031 seconds
[2024-10-16T03:53:59.966+0000] {processor.py:186} INFO - Started process (PID=358) to work on /home/airflow/.local/lib/python3.12/site-packages/airflow/example_dags/example_latest_only_with_trigger.py
[2024-10-16T03:53:59.967+0000] {processor.py:914} INFO - Processing file /home/airflow/.local/lib/python3.12/site-packages/airflow/example_dags/example_latest_only_with_trigger.py for tasks to queue
[2024-10-16T03:53:59.968+0000] {logging_mixin.py:190} INFO - [2024-10-16T03:53:59.967+0000] {dagbag.py:588} INFO - Filling up the DagBag from /home/airflow/.local/lib/python3.12/site-packages/airflow/example_dags/example_latest_only_with_trigger.py
[2024-10-16T03:53:59.971+0000] {processor.py:925} INFO - DAG(s) 'latest_only_with_trigger' retrieved from /home/airflow/.local/lib/python3.12/site-packages/airflow/example_dags/example_latest_only_with_trigger.py
[2024-10-16T03:53:59.985+0000] {logging_mixin.py:190} INFO - [2024-10-16T03:53:59.985+0000] {dag.py:3239} INFO - Sync 1 DAGs
[2024-10-16T03:53:59.996+0000] {logging_mixin.py:190} INFO - [2024-10-16T03:53:59.996+0000] {dag.py:4180} INFO - Setting next_dagrun for latest_only_with_trigger to 2024-10-15 20:00:00+00:00, run_after=2024-10-16 00:00:00+00:00
[2024-10-16T03:54:00.003+0000] {processor.py:208} INFO - Processing /home/airflow/.local/lib/python3.12/site-packages/airflow/example_dags/example_latest_only_with_trigger.py took 0.039 seconds
[2024-10-16T03:54:30.910+0000] {processor.py:186} INFO - Started process (PID=420) to work on /home/airflow/.local/lib/python3.12/site-packages/airflow/example_dags/example_latest_only_with_trigger.py
[2024-10-16T03:54:30.911+0000] {processor.py:914} INFO - Processing file /home/airflow/.local/lib/python3.12/site-packages/airflow/example_dags/example_latest_only_with_trigger.py for tasks to queue
[2024-10-16T03:54:30.912+0000] {logging_mixin.py:190} INFO - [2024-10-16T03:54:30.912+0000] {dagbag.py:588} INFO - Filling up the DagBag from /home/airflow/.local/lib/python3.12/site-packages/airflow/example_dags/example_latest_only_with_trigger.py
[2024-10-16T03:54:30.915+0000] {processor.py:925} INFO - DAG(s) 'latest_only_with_trigger' retrieved from /home/airflow/.local/lib/python3.12/site-packages/airflow/example_dags/example_latest_only_with_trigger.py
[2024-10-16T03:54:30.926+0000] {logging_mixin.py:190} INFO - [2024-10-16T03:54:30.926+0000] {dag.py:3239} INFO - Sync 1 DAGs
[2024-10-16T03:54:30.941+0000] {logging_mixin.py:190} INFO - [2024-10-16T03:54:30.941+0000] {dag.py:4180} INFO - Setting next_dagrun for latest_only_with_trigger to 2024-10-15 20:00:00+00:00, run_after=2024-10-16 00:00:00+00:00
[2024-10-16T03:54:30.947+0000] {processor.py:208} INFO - Processing /home/airflow/.local/lib/python3.12/site-packages/airflow/example_dags/example_latest_only_with_trigger.py took 0.040 seconds
[2024-10-16T03:55:01.953+0000] {processor.py:186} INFO - Started process (PID=482) to work on /home/airflow/.local/lib/python3.12/site-packages/airflow/example_dags/example_latest_only_with_trigger.py
[2024-10-16T03:55:01.954+0000] {processor.py:914} INFO - Processing file /home/airflow/.local/lib/python3.12/site-packages/airflow/example_dags/example_latest_only_with_trigger.py for tasks to queue
[2024-10-16T03:55:01.956+0000] {logging_mixin.py:190} INFO - [2024-10-16T03:55:01.956+0000] {dagbag.py:588} INFO - Filling up the DagBag from /home/airflow/.local/lib/python3.12/site-packages/airflow/example_dags/example_latest_only_with_trigger.py
[2024-10-16T03:55:01.960+0000] {processor.py:925} INFO - DAG(s) 'latest_only_with_trigger' retrieved from /home/airflow/.local/lib/python3.12/site-packages/airflow/example_dags/example_latest_only_with_trigger.py
[2024-10-16T03:55:01.972+0000] {logging_mixin.py:190} INFO - [2024-10-16T03:55:01.972+0000] {dag.py:3239} INFO - Sync 1 DAGs
[2024-10-16T03:55:01.982+0000] {logging_mixin.py:190} INFO - [2024-10-16T03:55:01.982+0000] {dag.py:4180} INFO - Setting next_dagrun for latest_only_with_trigger to 2024-10-15 20:00:00+00:00, run_after=2024-10-16 00:00:00+00:00
[2024-10-16T03:55:01.989+0000] {processor.py:208} INFO - Processing /home/airflow/.local/lib/python3.12/site-packages/airflow/example_dags/example_latest_only_with_trigger.py took 0.041 seconds
[2024-10-16T03:55:32.968+0000] {processor.py:186} INFO - Started process (PID=544) to work on /home/airflow/.local/lib/python3.12/site-packages/airflow/example_dags/example_latest_only_with_trigger.py
[2024-10-16T03:55:32.969+0000] {processor.py:914} INFO - Processing file /home/airflow/.local/lib/python3.12/site-packages/airflow/example_dags/example_latest_only_with_trigger.py for tasks to queue
[2024-10-16T03:55:32.973+0000] {logging_mixin.py:190} INFO - [2024-10-16T03:55:32.973+0000] {dagbag.py:588} INFO - Filling up the DagBag from /home/airflow/.local/lib/python3.12/site-packages/airflow/example_dags/example_latest_only_with_trigger.py
[2024-10-16T03:55:32.979+0000] {processor.py:925} INFO - DAG(s) 'latest_only_with_trigger' retrieved from /home/airflow/.local/lib/python3.12/site-packages/airflow/example_dags/example_latest_only_with_trigger.py
[2024-10-16T03:55:32.994+0000] {logging_mixin.py:190} INFO - [2024-10-16T03:55:32.994+0000] {dag.py:3239} INFO - Sync 1 DAGs
[2024-10-16T03:55:33.004+0000] {logging_mixin.py:190} INFO - [2024-10-16T03:55:33.004+0000] {dag.py:4180} INFO - Setting next_dagrun for latest_only_with_trigger to 2024-10-15 20:00:00+00:00, run_after=2024-10-16 00:00:00+00:00
[2024-10-16T03:55:33.011+0000] {processor.py:208} INFO - Processing /home/airflow/.local/lib/python3.12/site-packages/airflow/example_dags/example_latest_only_with_trigger.py took 0.048 seconds
[2024-10-16T03:56:03.172+0000] {processor.py:186} INFO - Started process (PID=606) to work on /home/airflow/.local/lib/python3.12/site-packages/airflow/example_dags/example_latest_only_with_trigger.py
[2024-10-16T03:56:03.173+0000] {processor.py:914} INFO - Processing file /home/airflow/.local/lib/python3.12/site-packages/airflow/example_dags/example_latest_only_with_trigger.py for tasks to queue
[2024-10-16T03:56:03.174+0000] {logging_mixin.py:190} INFO - [2024-10-16T03:56:03.174+0000] {dagbag.py:588} INFO - Filling up the DagBag from /home/airflow/.local/lib/python3.12/site-packages/airflow/example_dags/example_latest_only_with_trigger.py
[2024-10-16T03:56:03.177+0000] {processor.py:925} INFO - DAG(s) 'latest_only_with_trigger' retrieved from /home/airflow/.local/lib/python3.12/site-packages/airflow/example_dags/example_latest_only_with_trigger.py
[2024-10-16T03:56:03.186+0000] {logging_mixin.py:190} INFO - [2024-10-16T03:56:03.186+0000] {dag.py:3239} INFO - Sync 1 DAGs
[2024-10-16T03:56:03.196+0000] {logging_mixin.py:190} INFO - [2024-10-16T03:56:03.196+0000] {dag.py:4180} INFO - Setting next_dagrun for latest_only_with_trigger to 2024-10-15 20:00:00+00:00, run_after=2024-10-16 00:00:00+00:00
[2024-10-16T03:56:03.203+0000] {processor.py:208} INFO - Processing /home/airflow/.local/lib/python3.12/site-packages/airflow/example_dags/example_latest_only_with_trigger.py took 0.033 seconds
[2024-10-16T03:56:34.256+0000] {processor.py:186} INFO - Started process (PID=668) to work on /home/airflow/.local/lib/python3.12/site-packages/airflow/example_dags/example_latest_only_with_trigger.py
[2024-10-16T03:56:34.257+0000] {processor.py:914} INFO - Processing file /home/airflow/.local/lib/python3.12/site-packages/airflow/example_dags/example_latest_only_with_trigger.py for tasks to queue
[2024-10-16T03:56:34.258+0000] {logging_mixin.py:190} INFO - [2024-10-16T03:56:34.258+0000] {dagbag.py:588} INFO - Filling up the DagBag from /home/airflow/.local/lib/python3.12/site-packages/airflow/example_dags/example_latest_only_with_trigger.py
[2024-10-16T03:56:34.262+0000] {processor.py:925} INFO - DAG(s) 'latest_only_with_trigger' retrieved from /home/airflow/.local/lib/python3.12/site-packages/airflow/example_dags/example_latest_only_with_trigger.py
[2024-10-16T03:56:34.272+0000] {logging_mixin.py:190} INFO - [2024-10-16T03:56:34.272+0000] {dag.py:3239} INFO - Sync 1 DAGs
[2024-10-16T03:56:34.281+0000] {logging_mixin.py:190} INFO - [2024-10-16T03:56:34.281+0000] {dag.py:4180} INFO - Setting next_dagrun for latest_only_with_trigger to 2024-10-15 20:00:00+00:00, run_after=2024-10-16 00:00:00+00:00
[2024-10-16T03:56:34.288+0000] {processor.py:208} INFO - Processing /home/airflow/.local/lib/python3.12/site-packages/airflow/example_dags/example_latest_only_with_trigger.py took 0.036 seconds
[2024-10-16T03:57:04.630+0000] {processor.py:186} INFO - Started process (PID=730) to work on /home/airflow/.local/lib/python3.12/site-packages/airflow/example_dags/example_latest_only_with_trigger.py
[2024-10-16T03:57:04.631+0000] {processor.py:914} INFO - Processing file /home/airflow/.local/lib/python3.12/site-packages/airflow/example_dags/example_latest_only_with_trigger.py for tasks to queue
[2024-10-16T03:57:04.632+0000] {logging_mixin.py:190} INFO - [2024-10-16T03:57:04.632+0000] {dagbag.py:588} INFO - Filling up the DagBag from /home/airflow/.local/lib/python3.12/site-packages/airflow/example_dags/example_latest_only_with_trigger.py
[2024-10-16T03:57:04.635+0000] {processor.py:925} INFO - DAG(s) 'latest_only_with_trigger' retrieved from /home/airflow/.local/lib/python3.12/site-packages/airflow/example_dags/example_latest_only_with_trigger.py
[2024-10-16T03:57:04.643+0000] {logging_mixin.py:190} INFO - [2024-10-16T03:57:04.643+0000] {dag.py:3239} INFO - Sync 1 DAGs
[2024-10-16T03:57:04.653+0000] {logging_mixin.py:190} INFO - [2024-10-16T03:57:04.653+0000] {dag.py:4180} INFO - Setting next_dagrun for latest_only_with_trigger to 2024-10-15 20:00:00+00:00, run_after=2024-10-16 00:00:00+00:00
[2024-10-16T03:57:04.659+0000] {processor.py:208} INFO - Processing /home/airflow/.local/lib/python3.12/site-packages/airflow/example_dags/example_latest_only_with_trigger.py took 0.031 seconds
[2024-10-16T03:57:35.690+0000] {processor.py:186} INFO - Started process (PID=792) to work on /home/airflow/.local/lib/python3.12/site-packages/airflow/example_dags/example_latest_only_with_trigger.py
[2024-10-16T03:57:35.691+0000] {processor.py:914} INFO - Processing file /home/airflow/.local/lib/python3.12/site-packages/airflow/example_dags/example_latest_only_with_trigger.py for tasks to queue
[2024-10-16T03:57:35.692+0000] {logging_mixin.py:190} INFO - [2024-10-16T03:57:35.692+0000] {dagbag.py:588} INFO - Filling up the DagBag from /home/airflow/.local/lib/python3.12/site-packages/airflow/example_dags/example_latest_only_with_trigger.py
[2024-10-16T03:57:35.695+0000] {processor.py:925} INFO - DAG(s) 'latest_only_with_trigger' retrieved from /home/airflow/.local/lib/python3.12/site-packages/airflow/example_dags/example_latest_only_with_trigger.py
[2024-10-16T03:57:35.705+0000] {logging_mixin.py:190} INFO - [2024-10-16T03:57:35.705+0000] {dag.py:3239} INFO - Sync 1 DAGs
[2024-10-16T03:57:35.717+0000] {logging_mixin.py:190} INFO - [2024-10-16T03:57:35.717+0000] {dag.py:4180} INFO - Setting next_dagrun for latest_only_with_trigger to 2024-10-15 20:00:00+00:00, run_after=2024-10-16 00:00:00+00:00
[2024-10-16T03:57:35.725+0000] {processor.py:208} INFO - Processing /home/airflow/.local/lib/python3.12/site-packages/airflow/example_dags/example_latest_only_with_trigger.py took 0.037 seconds
[2024-10-16T03:58:06.572+0000] {processor.py:186} INFO - Started process (PID=854) to work on /home/airflow/.local/lib/python3.12/site-packages/airflow/example_dags/example_latest_only_with_trigger.py
[2024-10-16T03:58:06.574+0000] {processor.py:914} INFO - Processing file /home/airflow/.local/lib/python3.12/site-packages/airflow/example_dags/example_latest_only_with_trigger.py for tasks to queue
[2024-10-16T03:58:06.577+0000] {logging_mixin.py:190} INFO - [2024-10-16T03:58:06.577+0000] {dagbag.py:588} INFO - Filling up the DagBag from /home/airflow/.local/lib/python3.12/site-packages/airflow/example_dags/example_latest_only_with_trigger.py
[2024-10-16T03:58:06.583+0000] {processor.py:925} INFO - DAG(s) 'latest_only_with_trigger' retrieved from /home/airflow/.local/lib/python3.12/site-packages/airflow/example_dags/example_latest_only_with_trigger.py
[2024-10-16T03:58:06.609+0000] {logging_mixin.py:190} INFO - [2024-10-16T03:58:06.608+0000] {dag.py:3239} INFO - Sync 1 DAGs
[2024-10-16T03:58:06.624+0000] {logging_mixin.py:190} INFO - [2024-10-16T03:58:06.623+0000] {dag.py:4180} INFO - Setting next_dagrun for latest_only_with_trigger to 2024-10-15 20:00:00+00:00, run_after=2024-10-16 00:00:00+00:00
[2024-10-16T03:58:06.632+0000] {processor.py:208} INFO - Processing /home/airflow/.local/lib/python3.12/site-packages/airflow/example_dags/example_latest_only_with_trigger.py took 0.064 seconds
[2024-10-16T03:58:37.148+0000] {processor.py:186} INFO - Started process (PID=916) to work on /home/airflow/.local/lib/python3.12/site-packages/airflow/example_dags/example_latest_only_with_trigger.py
[2024-10-16T03:58:37.149+0000] {processor.py:914} INFO - Processing file /home/airflow/.local/lib/python3.12/site-packages/airflow/example_dags/example_latest_only_with_trigger.py for tasks to queue
[2024-10-16T03:58:37.150+0000] {logging_mixin.py:190} INFO - [2024-10-16T03:58:37.150+0000] {dagbag.py:588} INFO - Filling up the DagBag from /home/airflow/.local/lib/python3.12/site-packages/airflow/example_dags/example_latest_only_with_trigger.py
[2024-10-16T03:58:37.153+0000] {processor.py:925} INFO - DAG(s) 'latest_only_with_trigger' retrieved from /home/airflow/.local/lib/python3.12/site-packages/airflow/example_dags/example_latest_only_with_trigger.py
[2024-10-16T03:58:37.162+0000] {logging_mixin.py:190} INFO - [2024-10-16T03:58:37.162+0000] {dag.py:3239} INFO - Sync 1 DAGs
[2024-10-16T03:58:37.176+0000] {logging_mixin.py:190} INFO - [2024-10-16T03:58:37.176+0000] {dag.py:4180} INFO - Setting next_dagrun for latest_only_with_trigger to 2024-10-15 20:00:00+00:00, run_after=2024-10-16 00:00:00+00:00
[2024-10-16T03:58:37.184+0000] {processor.py:208} INFO - Processing /home/airflow/.local/lib/python3.12/site-packages/airflow/example_dags/example_latest_only_with_trigger.py took 0.039 seconds
[2024-10-16T03:59:08.237+0000] {processor.py:186} INFO - Started process (PID=978) to work on /home/airflow/.local/lib/python3.12/site-packages/airflow/example_dags/example_latest_only_with_trigger.py
[2024-10-16T03:59:08.238+0000] {processor.py:914} INFO - Processing file /home/airflow/.local/lib/python3.12/site-packages/airflow/example_dags/example_latest_only_with_trigger.py for tasks to queue
[2024-10-16T03:59:08.240+0000] {logging_mixin.py:190} INFO - [2024-10-16T03:59:08.240+0000] {dagbag.py:588} INFO - Filling up the DagBag from /home/airflow/.local/lib/python3.12/site-packages/airflow/example_dags/example_latest_only_with_trigger.py
[2024-10-16T03:59:08.244+0000] {processor.py:925} INFO - DAG(s) 'latest_only_with_trigger' retrieved from /home/airflow/.local/lib/python3.12/site-packages/airflow/example_dags/example_latest_only_with_trigger.py
[2024-10-16T03:59:08.257+0000] {logging_mixin.py:190} INFO - [2024-10-16T03:59:08.257+0000] {dag.py:3239} INFO - Sync 1 DAGs
[2024-10-16T03:59:08.269+0000] {logging_mixin.py:190} INFO - [2024-10-16T03:59:08.269+0000] {dag.py:4180} INFO - Setting next_dagrun for latest_only_with_trigger to 2024-10-15 20:00:00+00:00, run_after=2024-10-16 00:00:00+00:00
[2024-10-16T03:59:08.278+0000] {processor.py:208} INFO - Processing /home/airflow/.local/lib/python3.12/site-packages/airflow/example_dags/example_latest_only_with_trigger.py took 0.045 seconds
[2024-10-16T03:59:38.417+0000] {processor.py:186} INFO - Started process (PID=1041) to work on /home/airflow/.local/lib/python3.12/site-packages/airflow/example_dags/example_latest_only_with_trigger.py
[2024-10-16T03:59:38.417+0000] {processor.py:914} INFO - Processing file /home/airflow/.local/lib/python3.12/site-packages/airflow/example_dags/example_latest_only_with_trigger.py for tasks to queue
[2024-10-16T03:59:38.418+0000] {logging_mixin.py:190} INFO - [2024-10-16T03:59:38.418+0000] {dagbag.py:588} INFO - Filling up the DagBag from /home/airflow/.local/lib/python3.12/site-packages/airflow/example_dags/example_latest_only_with_trigger.py
[2024-10-16T03:59:38.422+0000] {processor.py:925} INFO - DAG(s) 'latest_only_with_trigger' retrieved from /home/airflow/.local/lib/python3.12/site-packages/airflow/example_dags/example_latest_only_with_trigger.py
[2024-10-16T03:59:38.430+0000] {logging_mixin.py:190} INFO - [2024-10-16T03:59:38.430+0000] {dag.py:3239} INFO - Sync 1 DAGs
[2024-10-16T03:59:38.439+0000] {logging_mixin.py:190} INFO - [2024-10-16T03:59:38.439+0000] {dag.py:4180} INFO - Setting next_dagrun for latest_only_with_trigger to 2024-10-15 20:00:00+00:00, run_after=2024-10-16 00:00:00+00:00
[2024-10-16T03:59:38.446+0000] {processor.py:208} INFO - Processing /home/airflow/.local/lib/python3.12/site-packages/airflow/example_dags/example_latest_only_with_trigger.py took 0.032 seconds
[2024-10-16T04:00:08.623+0000] {processor.py:186} INFO - Started process (PID=1102) to work on /home/airflow/.local/lib/python3.12/site-packages/airflow/example_dags/example_latest_only_with_trigger.py
[2024-10-16T04:00:08.623+0000] {processor.py:914} INFO - Processing file /home/airflow/.local/lib/python3.12/site-packages/airflow/example_dags/example_latest_only_with_trigger.py for tasks to queue
[2024-10-16T04:00:08.624+0000] {logging_mixin.py:190} INFO - [2024-10-16T04:00:08.624+0000] {dagbag.py:588} INFO - Filling up the DagBag from /home/airflow/.local/lib/python3.12/site-packages/airflow/example_dags/example_latest_only_with_trigger.py
[2024-10-16T04:00:08.628+0000] {processor.py:925} INFO - DAG(s) 'latest_only_with_trigger' retrieved from /home/airflow/.local/lib/python3.12/site-packages/airflow/example_dags/example_latest_only_with_trigger.py
[2024-10-16T04:00:08.636+0000] {logging_mixin.py:190} INFO - [2024-10-16T04:00:08.636+0000] {dag.py:3239} INFO - Sync 1 DAGs
[2024-10-16T04:00:08.646+0000] {logging_mixin.py:190} INFO - [2024-10-16T04:00:08.646+0000] {dag.py:4180} INFO - Setting next_dagrun for latest_only_with_trigger to 2024-10-16 00:00:00+00:00, run_after=2024-10-16 04:00:00+00:00
[2024-10-16T04:00:08.653+0000] {processor.py:208} INFO - Processing /home/airflow/.local/lib/python3.12/site-packages/airflow/example_dags/example_latest_only_with_trigger.py took 0.033 seconds
[2024-10-16T04:00:39.743+0000] {processor.py:186} INFO - Started process (PID=1164) to work on /home/airflow/.local/lib/python3.12/site-packages/airflow/example_dags/example_latest_only_with_trigger.py
[2024-10-16T04:00:39.748+0000] {processor.py:914} INFO - Processing file /home/airflow/.local/lib/python3.12/site-packages/airflow/example_dags/example_latest_only_with_trigger.py for tasks to queue
[2024-10-16T04:00:39.750+0000] {logging_mixin.py:190} INFO - [2024-10-16T04:00:39.750+0000] {dagbag.py:588} INFO - Filling up the DagBag from /home/airflow/.local/lib/python3.12/site-packages/airflow/example_dags/example_latest_only_with_trigger.py
[2024-10-16T04:00:39.754+0000] {processor.py:925} INFO - DAG(s) 'latest_only_with_trigger' retrieved from /home/airflow/.local/lib/python3.12/site-packages/airflow/example_dags/example_latest_only_with_trigger.py
[2024-10-16T04:00:39.763+0000] {logging_mixin.py:190} INFO - [2024-10-16T04:00:39.763+0000] {dag.py:3239} INFO - Sync 1 DAGs
[2024-10-16T04:00:39.773+0000] {logging_mixin.py:190} INFO - [2024-10-16T04:00:39.772+0000] {dag.py:4180} INFO - Setting next_dagrun for latest_only_with_trigger to 2024-10-16 00:00:00+00:00, run_after=2024-10-16 04:00:00+00:00
[2024-10-16T04:00:39.779+0000] {processor.py:208} INFO - Processing /home/airflow/.local/lib/python3.12/site-packages/airflow/example_dags/example_latest_only_with_trigger.py took 0.043 seconds
[2024-10-16T04:01:10.807+0000] {processor.py:186} INFO - Started process (PID=1226) to work on /home/airflow/.local/lib/python3.12/site-packages/airflow/example_dags/example_latest_only_with_trigger.py
[2024-10-16T04:01:10.807+0000] {processor.py:914} INFO - Processing file /home/airflow/.local/lib/python3.12/site-packages/airflow/example_dags/example_latest_only_with_trigger.py for tasks to queue
[2024-10-16T04:01:10.808+0000] {logging_mixin.py:190} INFO - [2024-10-16T04:01:10.808+0000] {dagbag.py:588} INFO - Filling up the DagBag from /home/airflow/.local/lib/python3.12/site-packages/airflow/example_dags/example_latest_only_with_trigger.py
[2024-10-16T04:01:10.812+0000] {processor.py:925} INFO - DAG(s) 'latest_only_with_trigger' retrieved from /home/airflow/.local/lib/python3.12/site-packages/airflow/example_dags/example_latest_only_with_trigger.py
[2024-10-16T04:01:10.821+0000] {logging_mixin.py:190} INFO - [2024-10-16T04:01:10.821+0000] {dag.py:3239} INFO - Sync 1 DAGs
[2024-10-16T04:01:10.838+0000] {logging_mixin.py:190} INFO - [2024-10-16T04:01:10.838+0000] {dag.py:4180} INFO - Setting next_dagrun for latest_only_with_trigger to 2024-10-16 00:00:00+00:00, run_after=2024-10-16 04:00:00+00:00
[2024-10-16T04:01:10.845+0000] {processor.py:208} INFO - Processing /home/airflow/.local/lib/python3.12/site-packages/airflow/example_dags/example_latest_only_with_trigger.py took 0.041 seconds
[2024-10-16T04:01:41.817+0000] {processor.py:186} INFO - Started process (PID=1288) to work on /home/airflow/.local/lib/python3.12/site-packages/airflow/example_dags/example_latest_only_with_trigger.py
[2024-10-16T04:01:41.818+0000] {processor.py:914} INFO - Processing file /home/airflow/.local/lib/python3.12/site-packages/airflow/example_dags/example_latest_only_with_trigger.py for tasks to queue
[2024-10-16T04:01:41.819+0000] {logging_mixin.py:190} INFO - [2024-10-16T04:01:41.819+0000] {dagbag.py:588} INFO - Filling up the DagBag from /home/airflow/.local/lib/python3.12/site-packages/airflow/example_dags/example_latest_only_with_trigger.py
[2024-10-16T04:01:41.822+0000] {processor.py:925} INFO - DAG(s) 'latest_only_with_trigger' retrieved from /home/airflow/.local/lib/python3.12/site-packages/airflow/example_dags/example_latest_only_with_trigger.py
[2024-10-16T04:01:41.830+0000] {logging_mixin.py:190} INFO - [2024-10-16T04:01:41.830+0000] {dag.py:3239} INFO - Sync 1 DAGs
[2024-10-16T04:01:41.842+0000] {logging_mixin.py:190} INFO - [2024-10-16T04:01:41.842+0000] {dag.py:4180} INFO - Setting next_dagrun for latest_only_with_trigger to 2024-10-16 00:00:00+00:00, run_after=2024-10-16 04:00:00+00:00
[2024-10-16T04:01:41.850+0000] {processor.py:208} INFO - Processing /home/airflow/.local/lib/python3.12/site-packages/airflow/example_dags/example_latest_only_with_trigger.py took 0.035 seconds
[2024-10-16T04:02:12.779+0000] {processor.py:186} INFO - Started process (PID=1350) to work on /home/airflow/.local/lib/python3.12/site-packages/airflow/example_dags/example_latest_only_with_trigger.py
[2024-10-16T04:02:12.779+0000] {processor.py:914} INFO - Processing file /home/airflow/.local/lib/python3.12/site-packages/airflow/example_dags/example_latest_only_with_trigger.py for tasks to queue
[2024-10-16T04:02:12.780+0000] {logging_mixin.py:190} INFO - [2024-10-16T04:02:12.780+0000] {dagbag.py:588} INFO - Filling up the DagBag from /home/airflow/.local/lib/python3.12/site-packages/airflow/example_dags/example_latest_only_with_trigger.py
[2024-10-16T04:02:12.784+0000] {processor.py:925} INFO - DAG(s) 'latest_only_with_trigger' retrieved from /home/airflow/.local/lib/python3.12/site-packages/airflow/example_dags/example_latest_only_with_trigger.py
[2024-10-16T04:02:12.794+0000] {logging_mixin.py:190} INFO - [2024-10-16T04:02:12.793+0000] {dag.py:3239} INFO - Sync 1 DAGs
[2024-10-16T04:02:12.803+0000] {logging_mixin.py:190} INFO - [2024-10-16T04:02:12.803+0000] {dag.py:4180} INFO - Setting next_dagrun for latest_only_with_trigger to 2024-10-16 00:00:00+00:00, run_after=2024-10-16 04:00:00+00:00
[2024-10-16T04:02:12.809+0000] {processor.py:208} INFO - Processing /home/airflow/.local/lib/python3.12/site-packages/airflow/example_dags/example_latest_only_with_trigger.py took 0.034 seconds
[2024-10-16T04:02:43.543+0000] {processor.py:186} INFO - Started process (PID=1412) to work on /home/airflow/.local/lib/python3.12/site-packages/airflow/example_dags/example_latest_only_with_trigger.py
[2024-10-16T04:02:43.544+0000] {processor.py:914} INFO - Processing file /home/airflow/.local/lib/python3.12/site-packages/airflow/example_dags/example_latest_only_with_trigger.py for tasks to queue
[2024-10-16T04:02:43.545+0000] {logging_mixin.py:190} INFO - [2024-10-16T04:02:43.545+0000] {dagbag.py:588} INFO - Filling up the DagBag from /home/airflow/.local/lib/python3.12/site-packages/airflow/example_dags/example_latest_only_with_trigger.py
[2024-10-16T04:02:43.553+0000] {processor.py:925} INFO - DAG(s) 'latest_only_with_trigger' retrieved from /home/airflow/.local/lib/python3.12/site-packages/airflow/example_dags/example_latest_only_with_trigger.py
[2024-10-16T04:02:43.566+0000] {logging_mixin.py:190} INFO - [2024-10-16T04:02:43.566+0000] {dag.py:3239} INFO - Sync 1 DAGs
[2024-10-16T04:02:43.576+0000] {logging_mixin.py:190} INFO - [2024-10-16T04:02:43.576+0000] {dag.py:4180} INFO - Setting next_dagrun for latest_only_with_trigger to 2024-10-16 00:00:00+00:00, run_after=2024-10-16 04:00:00+00:00
[2024-10-16T04:02:43.583+0000] {processor.py:208} INFO - Processing /home/airflow/.local/lib/python3.12/site-packages/airflow/example_dags/example_latest_only_with_trigger.py took 0.042 seconds
[2024-10-16T04:03:14.502+0000] {processor.py:186} INFO - Started process (PID=1474) to work on /home/airflow/.local/lib/python3.12/site-packages/airflow/example_dags/example_latest_only_with_trigger.py
[2024-10-16T04:03:14.503+0000] {processor.py:914} INFO - Processing file /home/airflow/.local/lib/python3.12/site-packages/airflow/example_dags/example_latest_only_with_trigger.py for tasks to queue
[2024-10-16T04:03:14.504+0000] {logging_mixin.py:190} INFO - [2024-10-16T04:03:14.504+0000] {dagbag.py:588} INFO - Filling up the DagBag from /home/airflow/.local/lib/python3.12/site-packages/airflow/example_dags/example_latest_only_with_trigger.py
[2024-10-16T04:03:14.508+0000] {processor.py:925} INFO - DAG(s) 'latest_only_with_trigger' retrieved from /home/airflow/.local/lib/python3.12/site-packages/airflow/example_dags/example_latest_only_with_trigger.py
[2024-10-16T04:03:14.517+0000] {logging_mixin.py:190} INFO - [2024-10-16T04:03:14.517+0000] {dag.py:3239} INFO - Sync 1 DAGs
[2024-10-16T04:03:14.527+0000] {logging_mixin.py:190} INFO - [2024-10-16T04:03:14.527+0000] {dag.py:4180} INFO - Setting next_dagrun for latest_only_with_trigger to 2024-10-16 00:00:00+00:00, run_after=2024-10-16 04:00:00+00:00
[2024-10-16T04:03:14.534+0000] {processor.py:208} INFO - Processing /home/airflow/.local/lib/python3.12/site-packages/airflow/example_dags/example_latest_only_with_trigger.py took 0.034 seconds
[2024-10-16T04:03:45.366+0000] {processor.py:186} INFO - Started process (PID=1536) to work on /home/airflow/.local/lib/python3.12/site-packages/airflow/example_dags/example_latest_only_with_trigger.py
[2024-10-16T04:03:45.367+0000] {processor.py:914} INFO - Processing file /home/airflow/.local/lib/python3.12/site-packages/airflow/example_dags/example_latest_only_with_trigger.py for tasks to queue
[2024-10-16T04:03:45.368+0000] {logging_mixin.py:190} INFO - [2024-10-16T04:03:45.368+0000] {dagbag.py:588} INFO - Filling up the DagBag from /home/airflow/.local/lib/python3.12/site-packages/airflow/example_dags/example_latest_only_with_trigger.py
[2024-10-16T04:03:45.371+0000] {processor.py:925} INFO - DAG(s) 'latest_only_with_trigger' retrieved from /home/airflow/.local/lib/python3.12/site-packages/airflow/example_dags/example_latest_only_with_trigger.py
[2024-10-16T04:03:45.379+0000] {logging_mixin.py:190} INFO - [2024-10-16T04:03:45.379+0000] {dag.py:3239} INFO - Sync 1 DAGs
[2024-10-16T04:03:45.388+0000] {logging_mixin.py:190} INFO - [2024-10-16T04:03:45.388+0000] {dag.py:4180} INFO - Setting next_dagrun for latest_only_with_trigger to 2024-10-16 00:00:00+00:00, run_after=2024-10-16 04:00:00+00:00
[2024-10-16T04:03:45.394+0000] {processor.py:208} INFO - Processing /home/airflow/.local/lib/python3.12/site-packages/airflow/example_dags/example_latest_only_with_trigger.py took 0.030 seconds
[2024-10-16T04:04:16.317+0000] {processor.py:186} INFO - Started process (PID=1603) to work on /home/airflow/.local/lib/python3.12/site-packages/airflow/example_dags/example_latest_only_with_trigger.py
[2024-10-16T04:04:16.318+0000] {processor.py:914} INFO - Processing file /home/airflow/.local/lib/python3.12/site-packages/airflow/example_dags/example_latest_only_with_trigger.py for tasks to queue
[2024-10-16T04:04:16.319+0000] {logging_mixin.py:190} INFO - [2024-10-16T04:04:16.318+0000] {dagbag.py:588} INFO - Filling up the DagBag from /home/airflow/.local/lib/python3.12/site-packages/airflow/example_dags/example_latest_only_with_trigger.py
[2024-10-16T04:04:16.322+0000] {processor.py:925} INFO - DAG(s) 'latest_only_with_trigger' retrieved from /home/airflow/.local/lib/python3.12/site-packages/airflow/example_dags/example_latest_only_with_trigger.py
[2024-10-16T04:04:16.330+0000] {logging_mixin.py:190} INFO - [2024-10-16T04:04:16.330+0000] {dag.py:3239} INFO - Sync 1 DAGs
[2024-10-16T04:04:16.339+0000] {logging_mixin.py:190} INFO - [2024-10-16T04:04:16.339+0000] {dag.py:4180} INFO - Setting next_dagrun for latest_only_with_trigger to 2024-10-16 00:00:00+00:00, run_after=2024-10-16 04:00:00+00:00
[2024-10-16T04:04:16.346+0000] {processor.py:208} INFO - Processing /home/airflow/.local/lib/python3.12/site-packages/airflow/example_dags/example_latest_only_with_trigger.py took 0.031 seconds
