[2024-10-16T03:51:27.772+0000] {processor.py:186} INFO - Started process (PID=96) to work on /home/airflow/.local/lib/python3.12/site-packages/airflow/example_dags/example_python_decorator.py
[2024-10-16T03:51:27.772+0000] {processor.py:914} INFO - Processing file /home/airflow/.local/lib/python3.12/site-packages/airflow/example_dags/example_python_decorator.py for tasks to queue
[2024-10-16T03:51:27.773+0000] {logging_mixin.py:190} INFO - [2024-10-16T03:51:27.773+0000] {dagbag.py:588} INFO - Filling up the DagBag from /home/airflow/.local/lib/python3.12/site-packages/airflow/example_dags/example_python_decorator.py
[2024-10-16T03:51:27.779+0000] {processor.py:925} INFO - DAG(s) 'example_python_decorator' retrieved from /home/airflow/.local/lib/python3.12/site-packages/airflow/example_dags/example_python_decorator.py
[2024-10-16T03:51:27.822+0000] {logging_mixin.py:190} INFO - [2024-10-16T03:51:27.822+0000] {dag.py:3239} INFO - Sync 1 DAGs
[2024-10-16T03:51:27.826+0000] {logging_mixin.py:190} INFO - [2024-10-16T03:51:27.826+0000] {dag.py:4180} INFO - Setting next_dagrun for example_python_decorator to None, run_after=None
[2024-10-16T03:51:27.833+0000] {processor.py:208} INFO - Processing /home/airflow/.local/lib/python3.12/site-packages/airflow/example_dags/example_python_decorator.py took 0.063 seconds
[2024-10-16T03:51:59.186+0000] {processor.py:186} INFO - Started process (PID=157) to work on /home/airflow/.local/lib/python3.12/site-packages/airflow/example_dags/example_python_decorator.py
[2024-10-16T03:51:59.187+0000] {processor.py:914} INFO - Processing file /home/airflow/.local/lib/python3.12/site-packages/airflow/example_dags/example_python_decorator.py for tasks to queue
[2024-10-16T03:51:59.192+0000] {logging_mixin.py:190} INFO - [2024-10-16T03:51:59.192+0000] {dagbag.py:588} INFO - Filling up the DagBag from /home/airflow/.local/lib/python3.12/site-packages/airflow/example_dags/example_python_decorator.py
[2024-10-16T03:51:59.201+0000] {processor.py:925} INFO - DAG(s) 'example_python_decorator' retrieved from /home/airflow/.local/lib/python3.12/site-packages/airflow/example_dags/example_python_decorator.py
[2024-10-16T03:51:59.212+0000] {logging_mixin.py:190} INFO - [2024-10-16T03:51:59.212+0000] {dag.py:3239} INFO - Sync 1 DAGs
[2024-10-16T03:51:59.219+0000] {logging_mixin.py:190} INFO - [2024-10-16T03:51:59.219+0000] {dag.py:4180} INFO - Setting next_dagrun for example_python_decorator to None, run_after=None
[2024-10-16T03:51:59.227+0000] {processor.py:208} INFO - Processing /home/airflow/.local/lib/python3.12/site-packages/airflow/example_dags/example_python_decorator.py took 0.045 seconds
[2024-10-16T03:52:29.263+0000] {processor.py:186} INFO - Started process (PID=219) to work on /home/airflow/.local/lib/python3.12/site-packages/airflow/example_dags/example_python_decorator.py
[2024-10-16T03:52:29.264+0000] {processor.py:914} INFO - Processing file /home/airflow/.local/lib/python3.12/site-packages/airflow/example_dags/example_python_decorator.py for tasks to queue
[2024-10-16T03:52:29.265+0000] {logging_mixin.py:190} INFO - [2024-10-16T03:52:29.265+0000] {dagbag.py:588} INFO - Filling up the DagBag from /home/airflow/.local/lib/python3.12/site-packages/airflow/example_dags/example_python_decorator.py
[2024-10-16T03:52:29.271+0000] {processor.py:925} INFO - DAG(s) 'example_python_decorator' retrieved from /home/airflow/.local/lib/python3.12/site-packages/airflow/example_dags/example_python_decorator.py
[2024-10-16T03:52:29.279+0000] {logging_mixin.py:190} INFO - [2024-10-16T03:52:29.279+0000] {dag.py:3239} INFO - Sync 1 DAGs
[2024-10-16T03:52:29.285+0000] {logging_mixin.py:190} INFO - [2024-10-16T03:52:29.285+0000] {dag.py:4180} INFO - Setting next_dagrun for example_python_decorator to None, run_after=None
[2024-10-16T03:52:29.291+0000] {processor.py:208} INFO - Processing /home/airflow/.local/lib/python3.12/site-packages/airflow/example_dags/example_python_decorator.py took 0.031 seconds
[2024-10-16T03:52:59.379+0000] {processor.py:186} INFO - Started process (PID=281) to work on /home/airflow/.local/lib/python3.12/site-packages/airflow/example_dags/example_python_decorator.py
[2024-10-16T03:52:59.379+0000] {processor.py:914} INFO - Processing file /home/airflow/.local/lib/python3.12/site-packages/airflow/example_dags/example_python_decorator.py for tasks to queue
[2024-10-16T03:52:59.380+0000] {logging_mixin.py:190} INFO - [2024-10-16T03:52:59.380+0000] {dagbag.py:588} INFO - Filling up the DagBag from /home/airflow/.local/lib/python3.12/site-packages/airflow/example_dags/example_python_decorator.py
[2024-10-16T03:52:59.386+0000] {processor.py:925} INFO - DAG(s) 'example_python_decorator' retrieved from /home/airflow/.local/lib/python3.12/site-packages/airflow/example_dags/example_python_decorator.py
[2024-10-16T03:52:59.396+0000] {logging_mixin.py:190} INFO - [2024-10-16T03:52:59.396+0000] {dag.py:3239} INFO - Sync 1 DAGs
[2024-10-16T03:52:59.402+0000] {logging_mixin.py:190} INFO - [2024-10-16T03:52:59.402+0000] {dag.py:4180} INFO - Setting next_dagrun for example_python_decorator to None, run_after=None
[2024-10-16T03:52:59.416+0000] {processor.py:208} INFO - Processing /home/airflow/.local/lib/python3.12/site-packages/airflow/example_dags/example_python_decorator.py took 0.040 seconds
[2024-10-16T03:53:30.353+0000] {processor.py:186} INFO - Started process (PID=343) to work on /home/airflow/.local/lib/python3.12/site-packages/airflow/example_dags/example_python_decorator.py
[2024-10-16T03:53:30.354+0000] {processor.py:914} INFO - Processing file /home/airflow/.local/lib/python3.12/site-packages/airflow/example_dags/example_python_decorator.py for tasks to queue
[2024-10-16T03:53:30.355+0000] {logging_mixin.py:190} INFO - [2024-10-16T03:53:30.355+0000] {dagbag.py:588} INFO - Filling up the DagBag from /home/airflow/.local/lib/python3.12/site-packages/airflow/example_dags/example_python_decorator.py
[2024-10-16T03:53:30.361+0000] {processor.py:925} INFO - DAG(s) 'example_python_decorator' retrieved from /home/airflow/.local/lib/python3.12/site-packages/airflow/example_dags/example_python_decorator.py
[2024-10-16T03:53:30.369+0000] {logging_mixin.py:190} INFO - [2024-10-16T03:53:30.369+0000] {dag.py:3239} INFO - Sync 1 DAGs
[2024-10-16T03:53:30.374+0000] {logging_mixin.py:190} INFO - [2024-10-16T03:53:30.374+0000] {dag.py:4180} INFO - Setting next_dagrun for example_python_decorator to None, run_after=None
[2024-10-16T03:53:30.380+0000] {processor.py:208} INFO - Processing /home/airflow/.local/lib/python3.12/site-packages/airflow/example_dags/example_python_decorator.py took 0.030 seconds
[2024-10-16T03:54:01.313+0000] {processor.py:186} INFO - Started process (PID=405) to work on /home/airflow/.local/lib/python3.12/site-packages/airflow/example_dags/example_python_decorator.py
[2024-10-16T03:54:01.314+0000] {processor.py:914} INFO - Processing file /home/airflow/.local/lib/python3.12/site-packages/airflow/example_dags/example_python_decorator.py for tasks to queue
[2024-10-16T03:54:01.315+0000] {logging_mixin.py:190} INFO - [2024-10-16T03:54:01.315+0000] {dagbag.py:588} INFO - Filling up the DagBag from /home/airflow/.local/lib/python3.12/site-packages/airflow/example_dags/example_python_decorator.py
[2024-10-16T03:54:01.321+0000] {processor.py:925} INFO - DAG(s) 'example_python_decorator' retrieved from /home/airflow/.local/lib/python3.12/site-packages/airflow/example_dags/example_python_decorator.py
[2024-10-16T03:54:01.330+0000] {logging_mixin.py:190} INFO - [2024-10-16T03:54:01.330+0000] {dag.py:3239} INFO - Sync 1 DAGs
[2024-10-16T03:54:01.337+0000] {logging_mixin.py:190} INFO - [2024-10-16T03:54:01.336+0000] {dag.py:4180} INFO - Setting next_dagrun for example_python_decorator to None, run_after=None
[2024-10-16T03:54:01.343+0000] {processor.py:208} INFO - Processing /home/airflow/.local/lib/python3.12/site-packages/airflow/example_dags/example_python_decorator.py took 0.033 seconds
[2024-10-16T03:54:32.248+0000] {processor.py:186} INFO - Started process (PID=467) to work on /home/airflow/.local/lib/python3.12/site-packages/airflow/example_dags/example_python_decorator.py
[2024-10-16T03:54:32.249+0000] {processor.py:914} INFO - Processing file /home/airflow/.local/lib/python3.12/site-packages/airflow/example_dags/example_python_decorator.py for tasks to queue
[2024-10-16T03:54:32.250+0000] {logging_mixin.py:190} INFO - [2024-10-16T03:54:32.250+0000] {dagbag.py:588} INFO - Filling up the DagBag from /home/airflow/.local/lib/python3.12/site-packages/airflow/example_dags/example_python_decorator.py
[2024-10-16T03:54:32.256+0000] {processor.py:925} INFO - DAG(s) 'example_python_decorator' retrieved from /home/airflow/.local/lib/python3.12/site-packages/airflow/example_dags/example_python_decorator.py
[2024-10-16T03:54:32.265+0000] {logging_mixin.py:190} INFO - [2024-10-16T03:54:32.265+0000] {dag.py:3239} INFO - Sync 1 DAGs
[2024-10-16T03:54:32.271+0000] {logging_mixin.py:190} INFO - [2024-10-16T03:54:32.271+0000] {dag.py:4180} INFO - Setting next_dagrun for example_python_decorator to None, run_after=None
[2024-10-16T03:54:32.277+0000] {processor.py:208} INFO - Processing /home/airflow/.local/lib/python3.12/site-packages/airflow/example_dags/example_python_decorator.py took 0.032 seconds
[2024-10-16T03:55:03.250+0000] {processor.py:186} INFO - Started process (PID=529) to work on /home/airflow/.local/lib/python3.12/site-packages/airflow/example_dags/example_python_decorator.py
[2024-10-16T03:55:03.251+0000] {processor.py:914} INFO - Processing file /home/airflow/.local/lib/python3.12/site-packages/airflow/example_dags/example_python_decorator.py for tasks to queue
[2024-10-16T03:55:03.252+0000] {logging_mixin.py:190} INFO - [2024-10-16T03:55:03.251+0000] {dagbag.py:588} INFO - Filling up the DagBag from /home/airflow/.local/lib/python3.12/site-packages/airflow/example_dags/example_python_decorator.py
[2024-10-16T03:55:03.258+0000] {processor.py:925} INFO - DAG(s) 'example_python_decorator' retrieved from /home/airflow/.local/lib/python3.12/site-packages/airflow/example_dags/example_python_decorator.py
[2024-10-16T03:55:03.267+0000] {logging_mixin.py:190} INFO - [2024-10-16T03:55:03.267+0000] {dag.py:3239} INFO - Sync 1 DAGs
[2024-10-16T03:55:03.273+0000] {logging_mixin.py:190} INFO - [2024-10-16T03:55:03.273+0000] {dag.py:4180} INFO - Setting next_dagrun for example_python_decorator to None, run_after=None
[2024-10-16T03:55:03.280+0000] {processor.py:208} INFO - Processing /home/airflow/.local/lib/python3.12/site-packages/airflow/example_dags/example_python_decorator.py took 0.033 seconds
[2024-10-16T03:55:34.390+0000] {processor.py:186} INFO - Started process (PID=591) to work on /home/airflow/.local/lib/python3.12/site-packages/airflow/example_dags/example_python_decorator.py
[2024-10-16T03:55:34.391+0000] {processor.py:914} INFO - Processing file /home/airflow/.local/lib/python3.12/site-packages/airflow/example_dags/example_python_decorator.py for tasks to queue
[2024-10-16T03:55:34.392+0000] {logging_mixin.py:190} INFO - [2024-10-16T03:55:34.392+0000] {dagbag.py:588} INFO - Filling up the DagBag from /home/airflow/.local/lib/python3.12/site-packages/airflow/example_dags/example_python_decorator.py
[2024-10-16T03:55:34.399+0000] {processor.py:925} INFO - DAG(s) 'example_python_decorator' retrieved from /home/airflow/.local/lib/python3.12/site-packages/airflow/example_dags/example_python_decorator.py
[2024-10-16T03:55:34.409+0000] {logging_mixin.py:190} INFO - [2024-10-16T03:55:34.409+0000] {dag.py:3239} INFO - Sync 1 DAGs
[2024-10-16T03:55:34.415+0000] {logging_mixin.py:190} INFO - [2024-10-16T03:55:34.415+0000] {dag.py:4180} INFO - Setting next_dagrun for example_python_decorator to None, run_after=None
[2024-10-16T03:55:34.423+0000] {processor.py:208} INFO - Processing /home/airflow/.local/lib/python3.12/site-packages/airflow/example_dags/example_python_decorator.py took 0.036 seconds
[2024-10-16T03:56:04.621+0000] {processor.py:186} INFO - Started process (PID=653) to work on /home/airflow/.local/lib/python3.12/site-packages/airflow/example_dags/example_python_decorator.py
[2024-10-16T03:56:04.622+0000] {processor.py:914} INFO - Processing file /home/airflow/.local/lib/python3.12/site-packages/airflow/example_dags/example_python_decorator.py for tasks to queue
[2024-10-16T03:56:04.623+0000] {logging_mixin.py:190} INFO - [2024-10-16T03:56:04.623+0000] {dagbag.py:588} INFO - Filling up the DagBag from /home/airflow/.local/lib/python3.12/site-packages/airflow/example_dags/example_python_decorator.py
[2024-10-16T03:56:04.629+0000] {processor.py:925} INFO - DAG(s) 'example_python_decorator' retrieved from /home/airflow/.local/lib/python3.12/site-packages/airflow/example_dags/example_python_decorator.py
[2024-10-16T03:56:04.638+0000] {logging_mixin.py:190} INFO - [2024-10-16T03:56:04.638+0000] {dag.py:3239} INFO - Sync 1 DAGs
[2024-10-16T03:56:04.646+0000] {logging_mixin.py:190} INFO - [2024-10-16T03:56:04.645+0000] {dag.py:4180} INFO - Setting next_dagrun for example_python_decorator to None, run_after=None
[2024-10-16T03:56:04.653+0000] {processor.py:208} INFO - Processing /home/airflow/.local/lib/python3.12/site-packages/airflow/example_dags/example_python_decorator.py took 0.034 seconds
[2024-10-16T03:56:36.059+0000] {processor.py:186} INFO - Started process (PID=715) to work on /home/airflow/.local/lib/python3.12/site-packages/airflow/example_dags/example_python_decorator.py
[2024-10-16T03:56:36.060+0000] {processor.py:914} INFO - Processing file /home/airflow/.local/lib/python3.12/site-packages/airflow/example_dags/example_python_decorator.py for tasks to queue
[2024-10-16T03:56:36.061+0000] {logging_mixin.py:190} INFO - [2024-10-16T03:56:36.061+0000] {dagbag.py:588} INFO - Filling up the DagBag from /home/airflow/.local/lib/python3.12/site-packages/airflow/example_dags/example_python_decorator.py
[2024-10-16T03:56:36.069+0000] {processor.py:925} INFO - DAG(s) 'example_python_decorator' retrieved from /home/airflow/.local/lib/python3.12/site-packages/airflow/example_dags/example_python_decorator.py
[2024-10-16T03:56:36.078+0000] {logging_mixin.py:190} INFO - [2024-10-16T03:56:36.078+0000] {dag.py:3239} INFO - Sync 1 DAGs
[2024-10-16T03:56:36.083+0000] {logging_mixin.py:190} INFO - [2024-10-16T03:56:36.083+0000] {dag.py:4180} INFO - Setting next_dagrun for example_python_decorator to None, run_after=None
[2024-10-16T03:56:36.090+0000] {processor.py:208} INFO - Processing /home/airflow/.local/lib/python3.12/site-packages/airflow/example_dags/example_python_decorator.py took 0.033 seconds
[2024-10-16T03:57:07.112+0000] {processor.py:186} INFO - Started process (PID=777) to work on /home/airflow/.local/lib/python3.12/site-packages/airflow/example_dags/example_python_decorator.py
[2024-10-16T03:57:07.113+0000] {processor.py:914} INFO - Processing file /home/airflow/.local/lib/python3.12/site-packages/airflow/example_dags/example_python_decorator.py for tasks to queue
[2024-10-16T03:57:07.114+0000] {logging_mixin.py:190} INFO - [2024-10-16T03:57:07.114+0000] {dagbag.py:588} INFO - Filling up the DagBag from /home/airflow/.local/lib/python3.12/site-packages/airflow/example_dags/example_python_decorator.py
[2024-10-16T03:57:07.120+0000] {processor.py:925} INFO - DAG(s) 'example_python_decorator' retrieved from /home/airflow/.local/lib/python3.12/site-packages/airflow/example_dags/example_python_decorator.py
[2024-10-16T03:57:07.128+0000] {logging_mixin.py:190} INFO - [2024-10-16T03:57:07.128+0000] {dag.py:3239} INFO - Sync 1 DAGs
[2024-10-16T03:57:07.134+0000] {logging_mixin.py:190} INFO - [2024-10-16T03:57:07.134+0000] {dag.py:4180} INFO - Setting next_dagrun for example_python_decorator to None, run_after=None
[2024-10-16T03:57:07.144+0000] {processor.py:208} INFO - Processing /home/airflow/.local/lib/python3.12/site-packages/airflow/example_dags/example_python_decorator.py took 0.034 seconds
[2024-10-16T03:57:37.988+0000] {processor.py:186} INFO - Started process (PID=839) to work on /home/airflow/.local/lib/python3.12/site-packages/airflow/example_dags/example_python_decorator.py
[2024-10-16T03:57:37.988+0000] {processor.py:914} INFO - Processing file /home/airflow/.local/lib/python3.12/site-packages/airflow/example_dags/example_python_decorator.py for tasks to queue
[2024-10-16T03:57:37.989+0000] {logging_mixin.py:190} INFO - [2024-10-16T03:57:37.989+0000] {dagbag.py:588} INFO - Filling up the DagBag from /home/airflow/.local/lib/python3.12/site-packages/airflow/example_dags/example_python_decorator.py
[2024-10-16T03:57:37.996+0000] {processor.py:925} INFO - DAG(s) 'example_python_decorator' retrieved from /home/airflow/.local/lib/python3.12/site-packages/airflow/example_dags/example_python_decorator.py
[2024-10-16T03:57:38.005+0000] {logging_mixin.py:190} INFO - [2024-10-16T03:57:38.005+0000] {dag.py:3239} INFO - Sync 1 DAGs
[2024-10-16T03:57:38.011+0000] {logging_mixin.py:190} INFO - [2024-10-16T03:57:38.010+0000] {dag.py:4180} INFO - Setting next_dagrun for example_python_decorator to None, run_after=None
[2024-10-16T03:57:38.017+0000] {processor.py:208} INFO - Processing /home/airflow/.local/lib/python3.12/site-packages/airflow/example_dags/example_python_decorator.py took 0.032 seconds
[2024-10-16T03:58:08.539+0000] {processor.py:186} INFO - Started process (PID=901) to work on /home/airflow/.local/lib/python3.12/site-packages/airflow/example_dags/example_python_decorator.py
[2024-10-16T03:58:08.539+0000] {processor.py:914} INFO - Processing file /home/airflow/.local/lib/python3.12/site-packages/airflow/example_dags/example_python_decorator.py for tasks to queue
[2024-10-16T03:58:08.540+0000] {logging_mixin.py:190} INFO - [2024-10-16T03:58:08.540+0000] {dagbag.py:588} INFO - Filling up the DagBag from /home/airflow/.local/lib/python3.12/site-packages/airflow/example_dags/example_python_decorator.py
[2024-10-16T03:58:08.546+0000] {processor.py:925} INFO - DAG(s) 'example_python_decorator' retrieved from /home/airflow/.local/lib/python3.12/site-packages/airflow/example_dags/example_python_decorator.py
[2024-10-16T03:58:08.555+0000] {logging_mixin.py:190} INFO - [2024-10-16T03:58:08.555+0000] {dag.py:3239} INFO - Sync 1 DAGs
[2024-10-16T03:58:08.561+0000] {logging_mixin.py:190} INFO - [2024-10-16T03:58:08.561+0000] {dag.py:4180} INFO - Setting next_dagrun for example_python_decorator to None, run_after=None
[2024-10-16T03:58:08.567+0000] {processor.py:208} INFO - Processing /home/airflow/.local/lib/python3.12/site-packages/airflow/example_dags/example_python_decorator.py took 0.031 seconds
[2024-10-16T03:58:38.689+0000] {processor.py:186} INFO - Started process (PID=963) to work on /home/airflow/.local/lib/python3.12/site-packages/airflow/example_dags/example_python_decorator.py
[2024-10-16T03:58:38.689+0000] {processor.py:914} INFO - Processing file /home/airflow/.local/lib/python3.12/site-packages/airflow/example_dags/example_python_decorator.py for tasks to queue
[2024-10-16T03:58:38.690+0000] {logging_mixin.py:190} INFO - [2024-10-16T03:58:38.690+0000] {dagbag.py:588} INFO - Filling up the DagBag from /home/airflow/.local/lib/python3.12/site-packages/airflow/example_dags/example_python_decorator.py
[2024-10-16T03:58:38.696+0000] {processor.py:925} INFO - DAG(s) 'example_python_decorator' retrieved from /home/airflow/.local/lib/python3.12/site-packages/airflow/example_dags/example_python_decorator.py
[2024-10-16T03:58:38.705+0000] {logging_mixin.py:190} INFO - [2024-10-16T03:58:38.705+0000] {dag.py:3239} INFO - Sync 1 DAGs
[2024-10-16T03:58:38.711+0000] {logging_mixin.py:190} INFO - [2024-10-16T03:58:38.711+0000] {dag.py:4180} INFO - Setting next_dagrun for example_python_decorator to None, run_after=None
[2024-10-16T03:58:38.718+0000] {processor.py:208} INFO - Processing /home/airflow/.local/lib/python3.12/site-packages/airflow/example_dags/example_python_decorator.py took 0.032 seconds
[2024-10-16T03:59:09.786+0000] {processor.py:186} INFO - Started process (PID=1025) to work on /home/airflow/.local/lib/python3.12/site-packages/airflow/example_dags/example_python_decorator.py
[2024-10-16T03:59:09.787+0000] {processor.py:914} INFO - Processing file /home/airflow/.local/lib/python3.12/site-packages/airflow/example_dags/example_python_decorator.py for tasks to queue
[2024-10-16T03:59:09.788+0000] {logging_mixin.py:190} INFO - [2024-10-16T03:59:09.787+0000] {dagbag.py:588} INFO - Filling up the DagBag from /home/airflow/.local/lib/python3.12/site-packages/airflow/example_dags/example_python_decorator.py
[2024-10-16T03:59:09.795+0000] {processor.py:925} INFO - DAG(s) 'example_python_decorator' retrieved from /home/airflow/.local/lib/python3.12/site-packages/airflow/example_dags/example_python_decorator.py
[2024-10-16T03:59:09.806+0000] {logging_mixin.py:190} INFO - [2024-10-16T03:59:09.805+0000] {dag.py:3239} INFO - Sync 1 DAGs
[2024-10-16T03:59:09.813+0000] {logging_mixin.py:190} INFO - [2024-10-16T03:59:09.813+0000] {dag.py:4180} INFO - Setting next_dagrun for example_python_decorator to None, run_after=None
[2024-10-16T03:59:09.820+0000] {processor.py:208} INFO - Processing /home/airflow/.local/lib/python3.12/site-packages/airflow/example_dags/example_python_decorator.py took 0.037 seconds
[2024-10-16T03:59:41.064+0000] {processor.py:186} INFO - Started process (PID=1087) to work on /home/airflow/.local/lib/python3.12/site-packages/airflow/example_dags/example_python_decorator.py
[2024-10-16T03:59:41.065+0000] {processor.py:914} INFO - Processing file /home/airflow/.local/lib/python3.12/site-packages/airflow/example_dags/example_python_decorator.py for tasks to queue
[2024-10-16T03:59:41.067+0000] {logging_mixin.py:190} INFO - [2024-10-16T03:59:41.067+0000] {dagbag.py:588} INFO - Filling up the DagBag from /home/airflow/.local/lib/python3.12/site-packages/airflow/example_dags/example_python_decorator.py
[2024-10-16T03:59:41.079+0000] {processor.py:925} INFO - DAG(s) 'example_python_decorator' retrieved from /home/airflow/.local/lib/python3.12/site-packages/airflow/example_dags/example_python_decorator.py
[2024-10-16T03:59:41.096+0000] {logging_mixin.py:190} INFO - [2024-10-16T03:59:41.096+0000] {dag.py:3239} INFO - Sync 1 DAGs
[2024-10-16T03:59:41.104+0000] {logging_mixin.py:190} INFO - [2024-10-16T03:59:41.104+0000] {dag.py:4180} INFO - Setting next_dagrun for example_python_decorator to None, run_after=None
[2024-10-16T03:59:41.112+0000] {processor.py:208} INFO - Processing /home/airflow/.local/lib/python3.12/site-packages/airflow/example_dags/example_python_decorator.py took 0.051 seconds
[2024-10-16T04:00:12.126+0000] {processor.py:186} INFO - Started process (PID=1149) to work on /home/airflow/.local/lib/python3.12/site-packages/airflow/example_dags/example_python_decorator.py
[2024-10-16T04:00:12.127+0000] {processor.py:914} INFO - Processing file /home/airflow/.local/lib/python3.12/site-packages/airflow/example_dags/example_python_decorator.py for tasks to queue
[2024-10-16T04:00:12.128+0000] {logging_mixin.py:190} INFO - [2024-10-16T04:00:12.127+0000] {dagbag.py:588} INFO - Filling up the DagBag from /home/airflow/.local/lib/python3.12/site-packages/airflow/example_dags/example_python_decorator.py
[2024-10-16T04:00:12.135+0000] {processor.py:925} INFO - DAG(s) 'example_python_decorator' retrieved from /home/airflow/.local/lib/python3.12/site-packages/airflow/example_dags/example_python_decorator.py
[2024-10-16T04:00:12.148+0000] {logging_mixin.py:190} INFO - [2024-10-16T04:00:12.148+0000] {dag.py:3239} INFO - Sync 1 DAGs
[2024-10-16T04:00:12.154+0000] {logging_mixin.py:190} INFO - [2024-10-16T04:00:12.154+0000] {dag.py:4180} INFO - Setting next_dagrun for example_python_decorator to None, run_after=None
[2024-10-16T04:00:12.161+0000] {processor.py:208} INFO - Processing /home/airflow/.local/lib/python3.12/site-packages/airflow/example_dags/example_python_decorator.py took 0.038 seconds
[2024-10-16T04:00:42.245+0000] {processor.py:186} INFO - Started process (PID=1211) to work on /home/airflow/.local/lib/python3.12/site-packages/airflow/example_dags/example_python_decorator.py
[2024-10-16T04:00:42.245+0000] {processor.py:914} INFO - Processing file /home/airflow/.local/lib/python3.12/site-packages/airflow/example_dags/example_python_decorator.py for tasks to queue
[2024-10-16T04:00:42.246+0000] {logging_mixin.py:190} INFO - [2024-10-16T04:00:42.246+0000] {dagbag.py:588} INFO - Filling up the DagBag from /home/airflow/.local/lib/python3.12/site-packages/airflow/example_dags/example_python_decorator.py
[2024-10-16T04:00:42.252+0000] {processor.py:925} INFO - DAG(s) 'example_python_decorator' retrieved from /home/airflow/.local/lib/python3.12/site-packages/airflow/example_dags/example_python_decorator.py
[2024-10-16T04:00:42.261+0000] {logging_mixin.py:190} INFO - [2024-10-16T04:00:42.261+0000] {dag.py:3239} INFO - Sync 1 DAGs
[2024-10-16T04:00:42.267+0000] {logging_mixin.py:190} INFO - [2024-10-16T04:00:42.266+0000] {dag.py:4180} INFO - Setting next_dagrun for example_python_decorator to None, run_after=None
[2024-10-16T04:00:42.273+0000] {processor.py:208} INFO - Processing /home/airflow/.local/lib/python3.12/site-packages/airflow/example_dags/example_python_decorator.py took 0.031 seconds
[2024-10-16T04:01:13.123+0000] {processor.py:186} INFO - Started process (PID=1273) to work on /home/airflow/.local/lib/python3.12/site-packages/airflow/example_dags/example_python_decorator.py
[2024-10-16T04:01:13.124+0000] {processor.py:914} INFO - Processing file /home/airflow/.local/lib/python3.12/site-packages/airflow/example_dags/example_python_decorator.py for tasks to queue
[2024-10-16T04:01:13.125+0000] {logging_mixin.py:190} INFO - [2024-10-16T04:01:13.125+0000] {dagbag.py:588} INFO - Filling up the DagBag from /home/airflow/.local/lib/python3.12/site-packages/airflow/example_dags/example_python_decorator.py
[2024-10-16T04:01:13.131+0000] {processor.py:925} INFO - DAG(s) 'example_python_decorator' retrieved from /home/airflow/.local/lib/python3.12/site-packages/airflow/example_dags/example_python_decorator.py
[2024-10-16T04:01:13.142+0000] {logging_mixin.py:190} INFO - [2024-10-16T04:01:13.142+0000] {dag.py:3239} INFO - Sync 1 DAGs
[2024-10-16T04:01:13.148+0000] {logging_mixin.py:190} INFO - [2024-10-16T04:01:13.148+0000] {dag.py:4180} INFO - Setting next_dagrun for example_python_decorator to None, run_after=None
[2024-10-16T04:01:13.155+0000] {processor.py:208} INFO - Processing /home/airflow/.local/lib/python3.12/site-packages/airflow/example_dags/example_python_decorator.py took 0.035 seconds
[2024-10-16T04:01:44.189+0000] {processor.py:186} INFO - Started process (PID=1335) to work on /home/airflow/.local/lib/python3.12/site-packages/airflow/example_dags/example_python_decorator.py
[2024-10-16T04:01:44.190+0000] {processor.py:914} INFO - Processing file /home/airflow/.local/lib/python3.12/site-packages/airflow/example_dags/example_python_decorator.py for tasks to queue
[2024-10-16T04:01:44.191+0000] {logging_mixin.py:190} INFO - [2024-10-16T04:01:44.191+0000] {dagbag.py:588} INFO - Filling up the DagBag from /home/airflow/.local/lib/python3.12/site-packages/airflow/example_dags/example_python_decorator.py
[2024-10-16T04:01:44.197+0000] {processor.py:925} INFO - DAG(s) 'example_python_decorator' retrieved from /home/airflow/.local/lib/python3.12/site-packages/airflow/example_dags/example_python_decorator.py
[2024-10-16T04:01:44.205+0000] {logging_mixin.py:190} INFO - [2024-10-16T04:01:44.205+0000] {dag.py:3239} INFO - Sync 1 DAGs
[2024-10-16T04:01:44.210+0000] {logging_mixin.py:190} INFO - [2024-10-16T04:01:44.210+0000] {dag.py:4180} INFO - Setting next_dagrun for example_python_decorator to None, run_after=None
[2024-10-16T04:01:44.217+0000] {processor.py:208} INFO - Processing /home/airflow/.local/lib/python3.12/site-packages/airflow/example_dags/example_python_decorator.py took 0.030 seconds
[2024-10-16T04:02:15.100+0000] {processor.py:186} INFO - Started process (PID=1397) to work on /home/airflow/.local/lib/python3.12/site-packages/airflow/example_dags/example_python_decorator.py
[2024-10-16T04:02:15.101+0000] {processor.py:914} INFO - Processing file /home/airflow/.local/lib/python3.12/site-packages/airflow/example_dags/example_python_decorator.py for tasks to queue
[2024-10-16T04:02:15.102+0000] {logging_mixin.py:190} INFO - [2024-10-16T04:02:15.102+0000] {dagbag.py:588} INFO - Filling up the DagBag from /home/airflow/.local/lib/python3.12/site-packages/airflow/example_dags/example_python_decorator.py
[2024-10-16T04:02:15.109+0000] {processor.py:925} INFO - DAG(s) 'example_python_decorator' retrieved from /home/airflow/.local/lib/python3.12/site-packages/airflow/example_dags/example_python_decorator.py
[2024-10-16T04:02:15.118+0000] {logging_mixin.py:190} INFO - [2024-10-16T04:02:15.118+0000] {dag.py:3239} INFO - Sync 1 DAGs
[2024-10-16T04:02:15.124+0000] {logging_mixin.py:190} INFO - [2024-10-16T04:02:15.123+0000] {dag.py:4180} INFO - Setting next_dagrun for example_python_decorator to None, run_after=None
[2024-10-16T04:02:15.130+0000] {processor.py:208} INFO - Processing /home/airflow/.local/lib/python3.12/site-packages/airflow/example_dags/example_python_decorator.py took 0.033 seconds
[2024-10-16T04:02:45.951+0000] {processor.py:186} INFO - Started process (PID=1465) to work on /home/airflow/.local/lib/python3.12/site-packages/airflow/example_dags/example_python_decorator.py
[2024-10-16T04:02:45.952+0000] {processor.py:914} INFO - Processing file /home/airflow/.local/lib/python3.12/site-packages/airflow/example_dags/example_python_decorator.py for tasks to queue
[2024-10-16T04:02:45.953+0000] {logging_mixin.py:190} INFO - [2024-10-16T04:02:45.952+0000] {dagbag.py:588} INFO - Filling up the DagBag from /home/airflow/.local/lib/python3.12/site-packages/airflow/example_dags/example_python_decorator.py
[2024-10-16T04:02:45.959+0000] {processor.py:925} INFO - DAG(s) 'example_python_decorator' retrieved from /home/airflow/.local/lib/python3.12/site-packages/airflow/example_dags/example_python_decorator.py
[2024-10-16T04:02:45.967+0000] {logging_mixin.py:190} INFO - [2024-10-16T04:02:45.967+0000] {dag.py:3239} INFO - Sync 1 DAGs
[2024-10-16T04:02:45.973+0000] {logging_mixin.py:190} INFO - [2024-10-16T04:02:45.972+0000] {dag.py:4180} INFO - Setting next_dagrun for example_python_decorator to None, run_after=None
[2024-10-16T04:02:45.979+0000] {processor.py:208} INFO - Processing /home/airflow/.local/lib/python3.12/site-packages/airflow/example_dags/example_python_decorator.py took 0.030 seconds
[2024-10-16T04:03:16.791+0000] {processor.py:186} INFO - Started process (PID=1527) to work on /home/airflow/.local/lib/python3.12/site-packages/airflow/example_dags/example_python_decorator.py
[2024-10-16T04:03:16.791+0000] {processor.py:914} INFO - Processing file /home/airflow/.local/lib/python3.12/site-packages/airflow/example_dags/example_python_decorator.py for tasks to queue
[2024-10-16T04:03:16.792+0000] {logging_mixin.py:190} INFO - [2024-10-16T04:03:16.792+0000] {dagbag.py:588} INFO - Filling up the DagBag from /home/airflow/.local/lib/python3.12/site-packages/airflow/example_dags/example_python_decorator.py
[2024-10-16T04:03:16.798+0000] {processor.py:925} INFO - DAG(s) 'example_python_decorator' retrieved from /home/airflow/.local/lib/python3.12/site-packages/airflow/example_dags/example_python_decorator.py
[2024-10-16T04:03:16.807+0000] {logging_mixin.py:190} INFO - [2024-10-16T04:03:16.807+0000] {dag.py:3239} INFO - Sync 1 DAGs
[2024-10-16T04:03:16.812+0000] {logging_mixin.py:190} INFO - [2024-10-16T04:03:16.812+0000] {dag.py:4180} INFO - Setting next_dagrun for example_python_decorator to None, run_after=None
[2024-10-16T04:03:16.819+0000] {processor.py:208} INFO - Processing /home/airflow/.local/lib/python3.12/site-packages/airflow/example_dags/example_python_decorator.py took 0.031 seconds
[2024-10-16T04:03:47.699+0000] {processor.py:186} INFO - Started process (PID=1588) to work on /home/airflow/.local/lib/python3.12/site-packages/airflow/example_dags/example_python_decorator.py
[2024-10-16T04:03:47.699+0000] {processor.py:914} INFO - Processing file /home/airflow/.local/lib/python3.12/site-packages/airflow/example_dags/example_python_decorator.py for tasks to queue
[2024-10-16T04:03:47.700+0000] {logging_mixin.py:190} INFO - [2024-10-16T04:03:47.700+0000] {dagbag.py:588} INFO - Filling up the DagBag from /home/airflow/.local/lib/python3.12/site-packages/airflow/example_dags/example_python_decorator.py
[2024-10-16T04:03:47.707+0000] {processor.py:925} INFO - DAG(s) 'example_python_decorator' retrieved from /home/airflow/.local/lib/python3.12/site-packages/airflow/example_dags/example_python_decorator.py
[2024-10-16T04:03:47.717+0000] {logging_mixin.py:190} INFO - [2024-10-16T04:03:47.717+0000] {dag.py:3239} INFO - Sync 1 DAGs
[2024-10-16T04:03:47.722+0000] {logging_mixin.py:190} INFO - [2024-10-16T04:03:47.722+0000] {dag.py:4180} INFO - Setting next_dagrun for example_python_decorator to None, run_after=None
[2024-10-16T04:03:47.731+0000] {processor.py:208} INFO - Processing /home/airflow/.local/lib/python3.12/site-packages/airflow/example_dags/example_python_decorator.py took 0.034 seconds
[2024-10-16T04:04:18.665+0000] {processor.py:186} INFO - Started process (PID=1650) to work on /home/airflow/.local/lib/python3.12/site-packages/airflow/example_dags/example_python_decorator.py
[2024-10-16T04:04:18.665+0000] {processor.py:914} INFO - Processing file /home/airflow/.local/lib/python3.12/site-packages/airflow/example_dags/example_python_decorator.py for tasks to queue
[2024-10-16T04:04:18.666+0000] {logging_mixin.py:190} INFO - [2024-10-16T04:04:18.666+0000] {dagbag.py:588} INFO - Filling up the DagBag from /home/airflow/.local/lib/python3.12/site-packages/airflow/example_dags/example_python_decorator.py
[2024-10-16T04:04:18.672+0000] {processor.py:925} INFO - DAG(s) 'example_python_decorator' retrieved from /home/airflow/.local/lib/python3.12/site-packages/airflow/example_dags/example_python_decorator.py
[2024-10-16T04:04:18.681+0000] {logging_mixin.py:190} INFO - [2024-10-16T04:04:18.681+0000] {dag.py:3239} INFO - Sync 1 DAGs
[2024-10-16T04:04:18.687+0000] {logging_mixin.py:190} INFO - [2024-10-16T04:04:18.687+0000] {dag.py:4180} INFO - Setting next_dagrun for example_python_decorator to None, run_after=None
[2024-10-16T04:04:18.694+0000] {processor.py:208} INFO - Processing /home/airflow/.local/lib/python3.12/site-packages/airflow/example_dags/example_python_decorator.py took 0.031 seconds
