[2024-10-16T03:51:27.805+0000] {processor.py:186} INFO - Started process (PID=97) to work on /home/airflow/.local/lib/python3.12/site-packages/airflow/example_dags/example_branch_python_dop_operator_3.py
[2024-10-16T03:51:27.806+0000] {processor.py:914} INFO - Processing file /home/airflow/.local/lib/python3.12/site-packages/airflow/example_dags/example_branch_python_dop_operator_3.py for tasks to queue
[2024-10-16T03:51:27.806+0000] {logging_mixin.py:190} INFO - [2024-10-16T03:51:27.806+0000] {dagbag.py:588} INFO - Filling up the DagBag from /home/airflow/.local/lib/python3.12/site-packages/airflow/example_dags/example_branch_python_dop_operator_3.py
[2024-10-16T03:51:27.811+0000] {processor.py:925} INFO - DAG(s) 'example_branch_dop_operator_v3' retrieved from /home/airflow/.local/lib/python3.12/site-packages/airflow/example_dags/example_branch_python_dop_operator_3.py
[2024-10-16T03:51:27.819+0000] {logging_mixin.py:190} INFO - [2024-10-16T03:51:27.819+0000] {dag.py:3239} INFO - Sync 1 DAGs
[2024-10-16T03:51:27.829+0000] {logging_mixin.py:190} INFO - [2024-10-16T03:51:27.829+0000] {dag.py:4180} INFO - Setting next_dagrun for example_branch_dop_operator_v3 to 2024-10-16 03:50:00+00:00, run_after=2024-10-16 03:51:00+00:00
[2024-10-16T03:51:27.835+0000] {processor.py:208} INFO - Processing /home/airflow/.local/lib/python3.12/site-packages/airflow/example_dags/example_branch_python_dop_operator_3.py took 0.033 seconds
[2024-10-16T03:51:59.206+0000] {processor.py:186} INFO - Started process (PID=158) to work on /home/airflow/.local/lib/python3.12/site-packages/airflow/example_dags/example_branch_python_dop_operator_3.py
[2024-10-16T03:51:59.207+0000] {processor.py:914} INFO - Processing file /home/airflow/.local/lib/python3.12/site-packages/airflow/example_dags/example_branch_python_dop_operator_3.py for tasks to queue
[2024-10-16T03:51:59.208+0000] {logging_mixin.py:190} INFO - [2024-10-16T03:51:59.208+0000] {dagbag.py:588} INFO - Filling up the DagBag from /home/airflow/.local/lib/python3.12/site-packages/airflow/example_dags/example_branch_python_dop_operator_3.py
[2024-10-16T03:51:59.214+0000] {processor.py:925} INFO - DAG(s) 'example_branch_dop_operator_v3' retrieved from /home/airflow/.local/lib/python3.12/site-packages/airflow/example_dags/example_branch_python_dop_operator_3.py
[2024-10-16T03:51:59.222+0000] {logging_mixin.py:190} INFO - [2024-10-16T03:51:59.222+0000] {dag.py:3239} INFO - Sync 1 DAGs
[2024-10-16T03:51:59.234+0000] {logging_mixin.py:190} INFO - [2024-10-16T03:51:59.234+0000] {dag.py:4180} INFO - Setting next_dagrun for example_branch_dop_operator_v3 to 2024-10-16 03:50:00+00:00, run_after=2024-10-16 03:51:00+00:00
[2024-10-16T03:51:59.242+0000] {processor.py:208} INFO - Processing /home/airflow/.local/lib/python3.12/site-packages/airflow/example_dags/example_branch_python_dop_operator_3.py took 0.041 seconds
[2024-10-16T03:52:29.299+0000] {processor.py:186} INFO - Started process (PID=220) to work on /home/airflow/.local/lib/python3.12/site-packages/airflow/example_dags/example_branch_python_dop_operator_3.py
[2024-10-16T03:52:29.300+0000] {processor.py:914} INFO - Processing file /home/airflow/.local/lib/python3.12/site-packages/airflow/example_dags/example_branch_python_dop_operator_3.py for tasks to queue
[2024-10-16T03:52:29.301+0000] {logging_mixin.py:190} INFO - [2024-10-16T03:52:29.300+0000] {dagbag.py:588} INFO - Filling up the DagBag from /home/airflow/.local/lib/python3.12/site-packages/airflow/example_dags/example_branch_python_dop_operator_3.py
[2024-10-16T03:52:29.307+0000] {processor.py:925} INFO - DAG(s) 'example_branch_dop_operator_v3' retrieved from /home/airflow/.local/lib/python3.12/site-packages/airflow/example_dags/example_branch_python_dop_operator_3.py
[2024-10-16T03:52:29.318+0000] {logging_mixin.py:190} INFO - [2024-10-16T03:52:29.318+0000] {dag.py:3239} INFO - Sync 1 DAGs
[2024-10-16T03:52:29.332+0000] {logging_mixin.py:190} INFO - [2024-10-16T03:52:29.332+0000] {dag.py:4180} INFO - Setting next_dagrun for example_branch_dop_operator_v3 to 2024-10-16 03:51:00+00:00, run_after=2024-10-16 03:52:00+00:00
[2024-10-16T03:52:29.340+0000] {processor.py:208} INFO - Processing /home/airflow/.local/lib/python3.12/site-packages/airflow/example_dags/example_branch_python_dop_operator_3.py took 0.044 seconds
[2024-10-16T03:52:59.426+0000] {processor.py:186} INFO - Started process (PID=283) to work on /home/airflow/.local/lib/python3.12/site-packages/airflow/example_dags/example_branch_python_dop_operator_3.py
[2024-10-16T03:52:59.427+0000] {processor.py:914} INFO - Processing file /home/airflow/.local/lib/python3.12/site-packages/airflow/example_dags/example_branch_python_dop_operator_3.py for tasks to queue
[2024-10-16T03:52:59.428+0000] {logging_mixin.py:190} INFO - [2024-10-16T03:52:59.428+0000] {dagbag.py:588} INFO - Filling up the DagBag from /home/airflow/.local/lib/python3.12/site-packages/airflow/example_dags/example_branch_python_dop_operator_3.py
[2024-10-16T03:52:59.432+0000] {processor.py:925} INFO - DAG(s) 'example_branch_dop_operator_v3' retrieved from /home/airflow/.local/lib/python3.12/site-packages/airflow/example_dags/example_branch_python_dop_operator_3.py
[2024-10-16T03:52:59.440+0000] {logging_mixin.py:190} INFO - [2024-10-16T03:52:59.440+0000] {dag.py:3239} INFO - Sync 1 DAGs
[2024-10-16T03:52:59.451+0000] {logging_mixin.py:190} INFO - [2024-10-16T03:52:59.451+0000] {dag.py:4180} INFO - Setting next_dagrun for example_branch_dop_operator_v3 to 2024-10-16 03:51:00+00:00, run_after=2024-10-16 03:52:00+00:00
[2024-10-16T03:52:59.457+0000] {processor.py:208} INFO - Processing /home/airflow/.local/lib/python3.12/site-packages/airflow/example_dags/example_branch_python_dop_operator_3.py took 0.034 seconds
[2024-10-16T03:53:30.355+0000] {processor.py:186} INFO - Started process (PID=344) to work on /home/airflow/.local/lib/python3.12/site-packages/airflow/example_dags/example_branch_python_dop_operator_3.py
[2024-10-16T03:53:30.355+0000] {processor.py:914} INFO - Processing file /home/airflow/.local/lib/python3.12/site-packages/airflow/example_dags/example_branch_python_dop_operator_3.py for tasks to queue
[2024-10-16T03:53:30.356+0000] {logging_mixin.py:190} INFO - [2024-10-16T03:53:30.356+0000] {dagbag.py:588} INFO - Filling up the DagBag from /home/airflow/.local/lib/python3.12/site-packages/airflow/example_dags/example_branch_python_dop_operator_3.py
[2024-10-16T03:53:30.360+0000] {processor.py:925} INFO - DAG(s) 'example_branch_dop_operator_v3' retrieved from /home/airflow/.local/lib/python3.12/site-packages/airflow/example_dags/example_branch_python_dop_operator_3.py
[2024-10-16T03:53:30.368+0000] {logging_mixin.py:190} INFO - [2024-10-16T03:53:30.368+0000] {dag.py:3239} INFO - Sync 1 DAGs
[2024-10-16T03:53:30.378+0000] {logging_mixin.py:190} INFO - [2024-10-16T03:53:30.378+0000] {dag.py:4180} INFO - Setting next_dagrun for example_branch_dop_operator_v3 to 2024-10-16 03:52:00+00:00, run_after=2024-10-16 03:53:00+00:00
[2024-10-16T03:53:30.384+0000] {processor.py:208} INFO - Processing /home/airflow/.local/lib/python3.12/site-packages/airflow/example_dags/example_branch_python_dop_operator_3.py took 0.032 seconds
[2024-10-16T03:54:01.331+0000] {processor.py:186} INFO - Started process (PID=406) to work on /home/airflow/.local/lib/python3.12/site-packages/airflow/example_dags/example_branch_python_dop_operator_3.py
[2024-10-16T03:54:01.331+0000] {processor.py:914} INFO - Processing file /home/airflow/.local/lib/python3.12/site-packages/airflow/example_dags/example_branch_python_dop_operator_3.py for tasks to queue
[2024-10-16T03:54:01.332+0000] {logging_mixin.py:190} INFO - [2024-10-16T03:54:01.332+0000] {dagbag.py:588} INFO - Filling up the DagBag from /home/airflow/.local/lib/python3.12/site-packages/airflow/example_dags/example_branch_python_dop_operator_3.py
[2024-10-16T03:54:01.337+0000] {processor.py:925} INFO - DAG(s) 'example_branch_dop_operator_v3' retrieved from /home/airflow/.local/lib/python3.12/site-packages/airflow/example_dags/example_branch_python_dop_operator_3.py
[2024-10-16T03:54:01.345+0000] {logging_mixin.py:190} INFO - [2024-10-16T03:54:01.345+0000] {dag.py:3239} INFO - Sync 1 DAGs
[2024-10-16T03:54:01.356+0000] {logging_mixin.py:190} INFO - [2024-10-16T03:54:01.356+0000] {dag.py:4180} INFO - Setting next_dagrun for example_branch_dop_operator_v3 to 2024-10-16 03:53:00+00:00, run_after=2024-10-16 03:54:00+00:00
[2024-10-16T03:54:01.363+0000] {processor.py:208} INFO - Processing /home/airflow/.local/lib/python3.12/site-packages/airflow/example_dags/example_branch_python_dop_operator_3.py took 0.035 seconds
[2024-10-16T03:54:32.262+0000] {processor.py:186} INFO - Started process (PID=468) to work on /home/airflow/.local/lib/python3.12/site-packages/airflow/example_dags/example_branch_python_dop_operator_3.py
[2024-10-16T03:54:32.262+0000] {processor.py:914} INFO - Processing file /home/airflow/.local/lib/python3.12/site-packages/airflow/example_dags/example_branch_python_dop_operator_3.py for tasks to queue
[2024-10-16T03:54:32.263+0000] {logging_mixin.py:190} INFO - [2024-10-16T03:54:32.263+0000] {dagbag.py:588} INFO - Filling up the DagBag from /home/airflow/.local/lib/python3.12/site-packages/airflow/example_dags/example_branch_python_dop_operator_3.py
[2024-10-16T03:54:32.268+0000] {processor.py:925} INFO - DAG(s) 'example_branch_dop_operator_v3' retrieved from /home/airflow/.local/lib/python3.12/site-packages/airflow/example_dags/example_branch_python_dop_operator_3.py
[2024-10-16T03:54:32.275+0000] {logging_mixin.py:190} INFO - [2024-10-16T03:54:32.275+0000] {dag.py:3239} INFO - Sync 1 DAGs
[2024-10-16T03:54:32.286+0000] {logging_mixin.py:190} INFO - [2024-10-16T03:54:32.286+0000] {dag.py:4180} INFO - Setting next_dagrun for example_branch_dop_operator_v3 to 2024-10-16 03:53:00+00:00, run_after=2024-10-16 03:54:00+00:00
[2024-10-16T03:54:32.293+0000] {processor.py:208} INFO - Processing /home/airflow/.local/lib/python3.12/site-packages/airflow/example_dags/example_branch_python_dop_operator_3.py took 0.034 seconds
[2024-10-16T03:55:03.294+0000] {processor.py:186} INFO - Started process (PID=530) to work on /home/airflow/.local/lib/python3.12/site-packages/airflow/example_dags/example_branch_python_dop_operator_3.py
[2024-10-16T03:55:03.294+0000] {processor.py:914} INFO - Processing file /home/airflow/.local/lib/python3.12/site-packages/airflow/example_dags/example_branch_python_dop_operator_3.py for tasks to queue
[2024-10-16T03:55:03.296+0000] {logging_mixin.py:190} INFO - [2024-10-16T03:55:03.295+0000] {dagbag.py:588} INFO - Filling up the DagBag from /home/airflow/.local/lib/python3.12/site-packages/airflow/example_dags/example_branch_python_dop_operator_3.py
[2024-10-16T03:55:03.301+0000] {processor.py:925} INFO - DAG(s) 'example_branch_dop_operator_v3' retrieved from /home/airflow/.local/lib/python3.12/site-packages/airflow/example_dags/example_branch_python_dop_operator_3.py
[2024-10-16T03:55:03.316+0000] {logging_mixin.py:190} INFO - [2024-10-16T03:55:03.316+0000] {dag.py:3239} INFO - Sync 1 DAGs
[2024-10-16T03:55:03.331+0000] {logging_mixin.py:190} INFO - [2024-10-16T03:55:03.331+0000] {dag.py:4180} INFO - Setting next_dagrun for example_branch_dop_operator_v3 to 2024-10-16 03:54:00+00:00, run_after=2024-10-16 03:55:00+00:00
[2024-10-16T03:55:03.339+0000] {processor.py:208} INFO - Processing /home/airflow/.local/lib/python3.12/site-packages/airflow/example_dags/example_branch_python_dop_operator_3.py took 0.048 seconds
[2024-10-16T03:55:34.407+0000] {processor.py:186} INFO - Started process (PID=592) to work on /home/airflow/.local/lib/python3.12/site-packages/airflow/example_dags/example_branch_python_dop_operator_3.py
[2024-10-16T03:55:34.408+0000] {processor.py:914} INFO - Processing file /home/airflow/.local/lib/python3.12/site-packages/airflow/example_dags/example_branch_python_dop_operator_3.py for tasks to queue
[2024-10-16T03:55:34.409+0000] {logging_mixin.py:190} INFO - [2024-10-16T03:55:34.409+0000] {dagbag.py:588} INFO - Filling up the DagBag from /home/airflow/.local/lib/python3.12/site-packages/airflow/example_dags/example_branch_python_dop_operator_3.py
[2024-10-16T03:55:34.414+0000] {processor.py:925} INFO - DAG(s) 'example_branch_dop_operator_v3' retrieved from /home/airflow/.local/lib/python3.12/site-packages/airflow/example_dags/example_branch_python_dop_operator_3.py
[2024-10-16T03:55:34.423+0000] {logging_mixin.py:190} INFO - [2024-10-16T03:55:34.423+0000] {dag.py:3239} INFO - Sync 1 DAGs
[2024-10-16T03:55:34.433+0000] {logging_mixin.py:190} INFO - [2024-10-16T03:55:34.433+0000] {dag.py:4180} INFO - Setting next_dagrun for example_branch_dop_operator_v3 to 2024-10-16 03:54:00+00:00, run_after=2024-10-16 03:55:00+00:00
[2024-10-16T03:55:34.440+0000] {processor.py:208} INFO - Processing /home/airflow/.local/lib/python3.12/site-packages/airflow/example_dags/example_branch_python_dop_operator_3.py took 0.035 seconds
[2024-10-16T03:56:04.636+0000] {processor.py:186} INFO - Started process (PID=654) to work on /home/airflow/.local/lib/python3.12/site-packages/airflow/example_dags/example_branch_python_dop_operator_3.py
[2024-10-16T03:56:04.636+0000] {processor.py:914} INFO - Processing file /home/airflow/.local/lib/python3.12/site-packages/airflow/example_dags/example_branch_python_dop_operator_3.py for tasks to queue
[2024-10-16T03:56:04.637+0000] {logging_mixin.py:190} INFO - [2024-10-16T03:56:04.637+0000] {dagbag.py:588} INFO - Filling up the DagBag from /home/airflow/.local/lib/python3.12/site-packages/airflow/example_dags/example_branch_python_dop_operator_3.py
[2024-10-16T03:56:04.642+0000] {processor.py:925} INFO - DAG(s) 'example_branch_dop_operator_v3' retrieved from /home/airflow/.local/lib/python3.12/site-packages/airflow/example_dags/example_branch_python_dop_operator_3.py
[2024-10-16T03:56:04.651+0000] {logging_mixin.py:190} INFO - [2024-10-16T03:56:04.651+0000] {dag.py:3239} INFO - Sync 1 DAGs
[2024-10-16T03:56:04.662+0000] {logging_mixin.py:190} INFO - [2024-10-16T03:56:04.662+0000] {dag.py:4180} INFO - Setting next_dagrun for example_branch_dop_operator_v3 to 2024-10-16 03:55:00+00:00, run_after=2024-10-16 03:56:00+00:00
[2024-10-16T03:56:04.669+0000] {processor.py:208} INFO - Processing /home/airflow/.local/lib/python3.12/site-packages/airflow/example_dags/example_branch_python_dop_operator_3.py took 0.036 seconds
[2024-10-16T03:56:36.100+0000] {processor.py:186} INFO - Started process (PID=716) to work on /home/airflow/.local/lib/python3.12/site-packages/airflow/example_dags/example_branch_python_dop_operator_3.py
[2024-10-16T03:56:36.101+0000] {processor.py:914} INFO - Processing file /home/airflow/.local/lib/python3.12/site-packages/airflow/example_dags/example_branch_python_dop_operator_3.py for tasks to queue
[2024-10-16T03:56:36.102+0000] {logging_mixin.py:190} INFO - [2024-10-16T03:56:36.102+0000] {dagbag.py:588} INFO - Filling up the DagBag from /home/airflow/.local/lib/python3.12/site-packages/airflow/example_dags/example_branch_python_dop_operator_3.py
[2024-10-16T03:56:36.106+0000] {processor.py:925} INFO - DAG(s) 'example_branch_dop_operator_v3' retrieved from /home/airflow/.local/lib/python3.12/site-packages/airflow/example_dags/example_branch_python_dop_operator_3.py
[2024-10-16T03:56:36.114+0000] {logging_mixin.py:190} INFO - [2024-10-16T03:56:36.114+0000] {dag.py:3239} INFO - Sync 1 DAGs
[2024-10-16T03:56:36.123+0000] {logging_mixin.py:190} INFO - [2024-10-16T03:56:36.123+0000] {dag.py:4180} INFO - Setting next_dagrun for example_branch_dop_operator_v3 to 2024-10-16 03:55:00+00:00, run_after=2024-10-16 03:56:00+00:00
[2024-10-16T03:56:36.129+0000] {processor.py:208} INFO - Processing /home/airflow/.local/lib/python3.12/site-packages/airflow/example_dags/example_branch_python_dop_operator_3.py took 0.031 seconds
[2024-10-16T03:57:07.166+0000] {processor.py:186} INFO - Started process (PID=778) to work on /home/airflow/.local/lib/python3.12/site-packages/airflow/example_dags/example_branch_python_dop_operator_3.py
[2024-10-16T03:57:07.167+0000] {processor.py:914} INFO - Processing file /home/airflow/.local/lib/python3.12/site-packages/airflow/example_dags/example_branch_python_dop_operator_3.py for tasks to queue
[2024-10-16T03:57:07.169+0000] {logging_mixin.py:190} INFO - [2024-10-16T03:57:07.169+0000] {dagbag.py:588} INFO - Filling up the DagBag from /home/airflow/.local/lib/python3.12/site-packages/airflow/example_dags/example_branch_python_dop_operator_3.py
[2024-10-16T03:57:07.180+0000] {processor.py:925} INFO - DAG(s) 'example_branch_dop_operator_v3' retrieved from /home/airflow/.local/lib/python3.12/site-packages/airflow/example_dags/example_branch_python_dop_operator_3.py
[2024-10-16T03:57:07.191+0000] {logging_mixin.py:190} INFO - [2024-10-16T03:57:07.191+0000] {dag.py:3239} INFO - Sync 1 DAGs
[2024-10-16T03:57:07.203+0000] {logging_mixin.py:190} INFO - [2024-10-16T03:57:07.203+0000] {dag.py:4180} INFO - Setting next_dagrun for example_branch_dop_operator_v3 to 2024-10-16 03:56:00+00:00, run_after=2024-10-16 03:57:00+00:00
[2024-10-16T03:57:07.212+0000] {processor.py:208} INFO - Processing /home/airflow/.local/lib/python3.12/site-packages/airflow/example_dags/example_branch_python_dop_operator_3.py took 0.058 seconds
[2024-10-16T03:57:38.013+0000] {processor.py:186} INFO - Started process (PID=840) to work on /home/airflow/.local/lib/python3.12/site-packages/airflow/example_dags/example_branch_python_dop_operator_3.py
[2024-10-16T03:57:38.014+0000] {processor.py:914} INFO - Processing file /home/airflow/.local/lib/python3.12/site-packages/airflow/example_dags/example_branch_python_dop_operator_3.py for tasks to queue
[2024-10-16T03:57:38.015+0000] {logging_mixin.py:190} INFO - [2024-10-16T03:57:38.015+0000] {dagbag.py:588} INFO - Filling up the DagBag from /home/airflow/.local/lib/python3.12/site-packages/airflow/example_dags/example_branch_python_dop_operator_3.py
[2024-10-16T03:57:38.020+0000] {processor.py:925} INFO - DAG(s) 'example_branch_dop_operator_v3' retrieved from /home/airflow/.local/lib/python3.12/site-packages/airflow/example_dags/example_branch_python_dop_operator_3.py
[2024-10-16T03:57:38.028+0000] {logging_mixin.py:190} INFO - [2024-10-16T03:57:38.027+0000] {dag.py:3239} INFO - Sync 1 DAGs
[2024-10-16T03:57:38.038+0000] {logging_mixin.py:190} INFO - [2024-10-16T03:57:38.038+0000] {dag.py:4180} INFO - Setting next_dagrun for example_branch_dop_operator_v3 to 2024-10-16 03:56:00+00:00, run_after=2024-10-16 03:57:00+00:00
[2024-10-16T03:57:38.045+0000] {processor.py:208} INFO - Processing /home/airflow/.local/lib/python3.12/site-packages/airflow/example_dags/example_branch_python_dop_operator_3.py took 0.035 seconds
[2024-10-16T03:58:08.562+0000] {processor.py:186} INFO - Started process (PID=902) to work on /home/airflow/.local/lib/python3.12/site-packages/airflow/example_dags/example_branch_python_dop_operator_3.py
[2024-10-16T03:58:08.563+0000] {processor.py:914} INFO - Processing file /home/airflow/.local/lib/python3.12/site-packages/airflow/example_dags/example_branch_python_dop_operator_3.py for tasks to queue
[2024-10-16T03:58:08.563+0000] {logging_mixin.py:190} INFO - [2024-10-16T03:58:08.563+0000] {dagbag.py:588} INFO - Filling up the DagBag from /home/airflow/.local/lib/python3.12/site-packages/airflow/example_dags/example_branch_python_dop_operator_3.py
[2024-10-16T03:58:08.568+0000] {processor.py:925} INFO - DAG(s) 'example_branch_dop_operator_v3' retrieved from /home/airflow/.local/lib/python3.12/site-packages/airflow/example_dags/example_branch_python_dop_operator_3.py
[2024-10-16T03:58:08.576+0000] {logging_mixin.py:190} INFO - [2024-10-16T03:58:08.576+0000] {dag.py:3239} INFO - Sync 1 DAGs
[2024-10-16T03:58:08.587+0000] {logging_mixin.py:190} INFO - [2024-10-16T03:58:08.587+0000] {dag.py:4180} INFO - Setting next_dagrun for example_branch_dop_operator_v3 to 2024-10-16 03:57:00+00:00, run_after=2024-10-16 03:58:00+00:00
[2024-10-16T03:58:08.594+0000] {processor.py:208} INFO - Processing /home/airflow/.local/lib/python3.12/site-packages/airflow/example_dags/example_branch_python_dop_operator_3.py took 0.034 seconds
[2024-10-16T03:58:38.718+0000] {processor.py:186} INFO - Started process (PID=964) to work on /home/airflow/.local/lib/python3.12/site-packages/airflow/example_dags/example_branch_python_dop_operator_3.py
[2024-10-16T03:58:38.719+0000] {processor.py:914} INFO - Processing file /home/airflow/.local/lib/python3.12/site-packages/airflow/example_dags/example_branch_python_dop_operator_3.py for tasks to queue
[2024-10-16T03:58:38.720+0000] {logging_mixin.py:190} INFO - [2024-10-16T03:58:38.720+0000] {dagbag.py:588} INFO - Filling up the DagBag from /home/airflow/.local/lib/python3.12/site-packages/airflow/example_dags/example_branch_python_dop_operator_3.py
[2024-10-16T03:58:38.725+0000] {processor.py:925} INFO - DAG(s) 'example_branch_dop_operator_v3' retrieved from /home/airflow/.local/lib/python3.12/site-packages/airflow/example_dags/example_branch_python_dop_operator_3.py
[2024-10-16T03:58:38.733+0000] {logging_mixin.py:190} INFO - [2024-10-16T03:58:38.733+0000] {dag.py:3239} INFO - Sync 1 DAGs
[2024-10-16T03:58:38.744+0000] {logging_mixin.py:190} INFO - [2024-10-16T03:58:38.744+0000] {dag.py:4180} INFO - Setting next_dagrun for example_branch_dop_operator_v3 to 2024-10-16 03:57:00+00:00, run_after=2024-10-16 03:58:00+00:00
[2024-10-16T03:58:38.751+0000] {processor.py:208} INFO - Processing /home/airflow/.local/lib/python3.12/site-packages/airflow/example_dags/example_branch_python_dop_operator_3.py took 0.036 seconds
[2024-10-16T03:59:09.807+0000] {processor.py:186} INFO - Started process (PID=1026) to work on /home/airflow/.local/lib/python3.12/site-packages/airflow/example_dags/example_branch_python_dop_operator_3.py
[2024-10-16T03:59:09.808+0000] {processor.py:914} INFO - Processing file /home/airflow/.local/lib/python3.12/site-packages/airflow/example_dags/example_branch_python_dop_operator_3.py for tasks to queue
[2024-10-16T03:59:09.809+0000] {logging_mixin.py:190} INFO - [2024-10-16T03:59:09.809+0000] {dagbag.py:588} INFO - Filling up the DagBag from /home/airflow/.local/lib/python3.12/site-packages/airflow/example_dags/example_branch_python_dop_operator_3.py
[2024-10-16T03:59:09.815+0000] {processor.py:925} INFO - DAG(s) 'example_branch_dop_operator_v3' retrieved from /home/airflow/.local/lib/python3.12/site-packages/airflow/example_dags/example_branch_python_dop_operator_3.py
[2024-10-16T03:59:09.824+0000] {logging_mixin.py:190} INFO - [2024-10-16T03:59:09.824+0000] {dag.py:3239} INFO - Sync 1 DAGs
[2024-10-16T03:59:09.835+0000] {logging_mixin.py:190} INFO - [2024-10-16T03:59:09.835+0000] {dag.py:4180} INFO - Setting next_dagrun for example_branch_dop_operator_v3 to 2024-10-16 03:58:00+00:00, run_after=2024-10-16 03:59:00+00:00
[2024-10-16T03:59:09.843+0000] {processor.py:208} INFO - Processing /home/airflow/.local/lib/python3.12/site-packages/airflow/example_dags/example_branch_python_dop_operator_3.py took 0.038 seconds
[2024-10-16T03:59:41.089+0000] {processor.py:186} INFO - Started process (PID=1088) to work on /home/airflow/.local/lib/python3.12/site-packages/airflow/example_dags/example_branch_python_dop_operator_3.py
[2024-10-16T03:59:41.090+0000] {processor.py:914} INFO - Processing file /home/airflow/.local/lib/python3.12/site-packages/airflow/example_dags/example_branch_python_dop_operator_3.py for tasks to queue
[2024-10-16T03:59:41.092+0000] {logging_mixin.py:190} INFO - [2024-10-16T03:59:41.092+0000] {dagbag.py:588} INFO - Filling up the DagBag from /home/airflow/.local/lib/python3.12/site-packages/airflow/example_dags/example_branch_python_dop_operator_3.py
[2024-10-16T03:59:41.099+0000] {processor.py:925} INFO - DAG(s) 'example_branch_dop_operator_v3' retrieved from /home/airflow/.local/lib/python3.12/site-packages/airflow/example_dags/example_branch_python_dop_operator_3.py
[2024-10-16T03:59:41.108+0000] {logging_mixin.py:190} INFO - [2024-10-16T03:59:41.108+0000] {dag.py:3239} INFO - Sync 1 DAGs
[2024-10-16T03:59:41.119+0000] {logging_mixin.py:190} INFO - [2024-10-16T03:59:41.119+0000] {dag.py:4180} INFO - Setting next_dagrun for example_branch_dop_operator_v3 to 2024-10-16 03:58:00+00:00, run_after=2024-10-16 03:59:00+00:00
[2024-10-16T03:59:41.127+0000] {processor.py:208} INFO - Processing /home/airflow/.local/lib/python3.12/site-packages/airflow/example_dags/example_branch_python_dop_operator_3.py took 0.041 seconds
[2024-10-16T04:00:12.174+0000] {processor.py:186} INFO - Started process (PID=1150) to work on /home/airflow/.local/lib/python3.12/site-packages/airflow/example_dags/example_branch_python_dop_operator_3.py
[2024-10-16T04:00:12.175+0000] {processor.py:914} INFO - Processing file /home/airflow/.local/lib/python3.12/site-packages/airflow/example_dags/example_branch_python_dop_operator_3.py for tasks to queue
[2024-10-16T04:00:12.177+0000] {logging_mixin.py:190} INFO - [2024-10-16T04:00:12.176+0000] {dagbag.py:588} INFO - Filling up the DagBag from /home/airflow/.local/lib/python3.12/site-packages/airflow/example_dags/example_branch_python_dop_operator_3.py
[2024-10-16T04:00:12.182+0000] {processor.py:925} INFO - DAG(s) 'example_branch_dop_operator_v3' retrieved from /home/airflow/.local/lib/python3.12/site-packages/airflow/example_dags/example_branch_python_dop_operator_3.py
[2024-10-16T04:00:12.192+0000] {logging_mixin.py:190} INFO - [2024-10-16T04:00:12.192+0000] {dag.py:3239} INFO - Sync 1 DAGs
[2024-10-16T04:00:12.204+0000] {logging_mixin.py:190} INFO - [2024-10-16T04:00:12.204+0000] {dag.py:4180} INFO - Setting next_dagrun for example_branch_dop_operator_v3 to 2024-10-16 03:59:00+00:00, run_after=2024-10-16 04:00:00+00:00
[2024-10-16T04:00:12.213+0000] {processor.py:208} INFO - Processing /home/airflow/.local/lib/python3.12/site-packages/airflow/example_dags/example_branch_python_dop_operator_3.py took 0.041 seconds
[2024-10-16T04:00:42.269+0000] {processor.py:186} INFO - Started process (PID=1212) to work on /home/airflow/.local/lib/python3.12/site-packages/airflow/example_dags/example_branch_python_dop_operator_3.py
[2024-10-16T04:00:42.270+0000] {processor.py:914} INFO - Processing file /home/airflow/.local/lib/python3.12/site-packages/airflow/example_dags/example_branch_python_dop_operator_3.py for tasks to queue
[2024-10-16T04:00:42.271+0000] {logging_mixin.py:190} INFO - [2024-10-16T04:00:42.271+0000] {dagbag.py:588} INFO - Filling up the DagBag from /home/airflow/.local/lib/python3.12/site-packages/airflow/example_dags/example_branch_python_dop_operator_3.py
[2024-10-16T04:00:42.275+0000] {processor.py:925} INFO - DAG(s) 'example_branch_dop_operator_v3' retrieved from /home/airflow/.local/lib/python3.12/site-packages/airflow/example_dags/example_branch_python_dop_operator_3.py
[2024-10-16T04:00:42.283+0000] {logging_mixin.py:190} INFO - [2024-10-16T04:00:42.283+0000] {dag.py:3239} INFO - Sync 1 DAGs
[2024-10-16T04:00:42.293+0000] {logging_mixin.py:190} INFO - [2024-10-16T04:00:42.293+0000] {dag.py:4180} INFO - Setting next_dagrun for example_branch_dop_operator_v3 to 2024-10-16 03:59:00+00:00, run_after=2024-10-16 04:00:00+00:00
[2024-10-16T04:00:42.300+0000] {processor.py:208} INFO - Processing /home/airflow/.local/lib/python3.12/site-packages/airflow/example_dags/example_branch_python_dop_operator_3.py took 0.033 seconds
[2024-10-16T04:01:13.141+0000] {processor.py:186} INFO - Started process (PID=1274) to work on /home/airflow/.local/lib/python3.12/site-packages/airflow/example_dags/example_branch_python_dop_operator_3.py
[2024-10-16T04:01:13.142+0000] {processor.py:914} INFO - Processing file /home/airflow/.local/lib/python3.12/site-packages/airflow/example_dags/example_branch_python_dop_operator_3.py for tasks to queue
[2024-10-16T04:01:13.143+0000] {logging_mixin.py:190} INFO - [2024-10-16T04:01:13.143+0000] {dagbag.py:588} INFO - Filling up the DagBag from /home/airflow/.local/lib/python3.12/site-packages/airflow/example_dags/example_branch_python_dop_operator_3.py
[2024-10-16T04:01:13.148+0000] {processor.py:925} INFO - DAG(s) 'example_branch_dop_operator_v3' retrieved from /home/airflow/.local/lib/python3.12/site-packages/airflow/example_dags/example_branch_python_dop_operator_3.py
[2024-10-16T04:01:13.155+0000] {logging_mixin.py:190} INFO - [2024-10-16T04:01:13.155+0000] {dag.py:3239} INFO - Sync 1 DAGs
[2024-10-16T04:01:13.166+0000] {logging_mixin.py:190} INFO - [2024-10-16T04:01:13.166+0000] {dag.py:4180} INFO - Setting next_dagrun for example_branch_dop_operator_v3 to 2024-10-16 04:00:00+00:00, run_after=2024-10-16 04:01:00+00:00
[2024-10-16T04:01:13.173+0000] {processor.py:208} INFO - Processing /home/airflow/.local/lib/python3.12/site-packages/airflow/example_dags/example_branch_python_dop_operator_3.py took 0.034 seconds
[2024-10-16T04:01:44.225+0000] {processor.py:186} INFO - Started process (PID=1336) to work on /home/airflow/.local/lib/python3.12/site-packages/airflow/example_dags/example_branch_python_dop_operator_3.py
[2024-10-16T04:01:44.226+0000] {processor.py:914} INFO - Processing file /home/airflow/.local/lib/python3.12/site-packages/airflow/example_dags/example_branch_python_dop_operator_3.py for tasks to queue
[2024-10-16T04:01:44.227+0000] {logging_mixin.py:190} INFO - [2024-10-16T04:01:44.227+0000] {dagbag.py:588} INFO - Filling up the DagBag from /home/airflow/.local/lib/python3.12/site-packages/airflow/example_dags/example_branch_python_dop_operator_3.py
[2024-10-16T04:01:44.231+0000] {processor.py:925} INFO - DAG(s) 'example_branch_dop_operator_v3' retrieved from /home/airflow/.local/lib/python3.12/site-packages/airflow/example_dags/example_branch_python_dop_operator_3.py
[2024-10-16T04:01:44.239+0000] {logging_mixin.py:190} INFO - [2024-10-16T04:01:44.239+0000] {dag.py:3239} INFO - Sync 1 DAGs
[2024-10-16T04:01:44.249+0000] {logging_mixin.py:190} INFO - [2024-10-16T04:01:44.249+0000] {dag.py:4180} INFO - Setting next_dagrun for example_branch_dop_operator_v3 to 2024-10-16 04:00:00+00:00, run_after=2024-10-16 04:01:00+00:00
[2024-10-16T04:01:44.255+0000] {processor.py:208} INFO - Processing /home/airflow/.local/lib/python3.12/site-packages/airflow/example_dags/example_branch_python_dop_operator_3.py took 0.032 seconds
[2024-10-16T04:02:15.112+0000] {processor.py:186} INFO - Started process (PID=1398) to work on /home/airflow/.local/lib/python3.12/site-packages/airflow/example_dags/example_branch_python_dop_operator_3.py
[2024-10-16T04:02:15.112+0000] {processor.py:914} INFO - Processing file /home/airflow/.local/lib/python3.12/site-packages/airflow/example_dags/example_branch_python_dop_operator_3.py for tasks to queue
[2024-10-16T04:02:15.113+0000] {logging_mixin.py:190} INFO - [2024-10-16T04:02:15.113+0000] {dagbag.py:588} INFO - Filling up the DagBag from /home/airflow/.local/lib/python3.12/site-packages/airflow/example_dags/example_branch_python_dop_operator_3.py
[2024-10-16T04:02:15.118+0000] {processor.py:925} INFO - DAG(s) 'example_branch_dop_operator_v3' retrieved from /home/airflow/.local/lib/python3.12/site-packages/airflow/example_dags/example_branch_python_dop_operator_3.py
[2024-10-16T04:02:15.126+0000] {logging_mixin.py:190} INFO - [2024-10-16T04:02:15.126+0000] {dag.py:3239} INFO - Sync 1 DAGs
[2024-10-16T04:02:15.136+0000] {logging_mixin.py:190} INFO - [2024-10-16T04:02:15.136+0000] {dag.py:4180} INFO - Setting next_dagrun for example_branch_dop_operator_v3 to 2024-10-16 04:01:00+00:00, run_after=2024-10-16 04:02:00+00:00
[2024-10-16T04:02:15.143+0000] {processor.py:208} INFO - Processing /home/airflow/.local/lib/python3.12/site-packages/airflow/example_dags/example_branch_python_dop_operator_3.py took 0.034 seconds
[2024-10-16T04:02:45.988+0000] {processor.py:186} INFO - Started process (PID=1466) to work on /home/airflow/.local/lib/python3.12/site-packages/airflow/example_dags/example_branch_python_dop_operator_3.py
[2024-10-16T04:02:45.988+0000] {processor.py:914} INFO - Processing file /home/airflow/.local/lib/python3.12/site-packages/airflow/example_dags/example_branch_python_dop_operator_3.py for tasks to queue
[2024-10-16T04:02:45.989+0000] {logging_mixin.py:190} INFO - [2024-10-16T04:02:45.989+0000] {dagbag.py:588} INFO - Filling up the DagBag from /home/airflow/.local/lib/python3.12/site-packages/airflow/example_dags/example_branch_python_dop_operator_3.py
[2024-10-16T04:02:45.994+0000] {processor.py:925} INFO - DAG(s) 'example_branch_dop_operator_v3' retrieved from /home/airflow/.local/lib/python3.12/site-packages/airflow/example_dags/example_branch_python_dop_operator_3.py
[2024-10-16T04:02:46.002+0000] {logging_mixin.py:190} INFO - [2024-10-16T04:02:46.001+0000] {dag.py:3239} INFO - Sync 1 DAGs
[2024-10-16T04:02:46.011+0000] {logging_mixin.py:190} INFO - [2024-10-16T04:02:46.011+0000] {dag.py:4180} INFO - Setting next_dagrun for example_branch_dop_operator_v3 to 2024-10-16 04:01:00+00:00, run_after=2024-10-16 04:02:00+00:00
[2024-10-16T04:02:46.018+0000] {processor.py:208} INFO - Processing /home/airflow/.local/lib/python3.12/site-packages/airflow/example_dags/example_branch_python_dop_operator_3.py took 0.032 seconds
[2024-10-16T04:03:16.814+0000] {processor.py:186} INFO - Started process (PID=1528) to work on /home/airflow/.local/lib/python3.12/site-packages/airflow/example_dags/example_branch_python_dop_operator_3.py
[2024-10-16T04:03:16.815+0000] {processor.py:914} INFO - Processing file /home/airflow/.local/lib/python3.12/site-packages/airflow/example_dags/example_branch_python_dop_operator_3.py for tasks to queue
[2024-10-16T04:03:16.816+0000] {logging_mixin.py:190} INFO - [2024-10-16T04:03:16.816+0000] {dagbag.py:588} INFO - Filling up the DagBag from /home/airflow/.local/lib/python3.12/site-packages/airflow/example_dags/example_branch_python_dop_operator_3.py
[2024-10-16T04:03:16.821+0000] {processor.py:925} INFO - DAG(s) 'example_branch_dop_operator_v3' retrieved from /home/airflow/.local/lib/python3.12/site-packages/airflow/example_dags/example_branch_python_dop_operator_3.py
[2024-10-16T04:03:16.830+0000] {logging_mixin.py:190} INFO - [2024-10-16T04:03:16.830+0000] {dag.py:3239} INFO - Sync 1 DAGs
[2024-10-16T04:03:16.841+0000] {logging_mixin.py:190} INFO - [2024-10-16T04:03:16.841+0000] {dag.py:4180} INFO - Setting next_dagrun for example_branch_dop_operator_v3 to 2024-10-16 04:02:00+00:00, run_after=2024-10-16 04:03:00+00:00
[2024-10-16T04:03:16.848+0000] {processor.py:208} INFO - Processing /home/airflow/.local/lib/python3.12/site-packages/airflow/example_dags/example_branch_python_dop_operator_3.py took 0.036 seconds
[2024-10-16T04:03:47.740+0000] {processor.py:186} INFO - Started process (PID=1589) to work on /home/airflow/.local/lib/python3.12/site-packages/airflow/example_dags/example_branch_python_dop_operator_3.py
[2024-10-16T04:03:47.741+0000] {processor.py:914} INFO - Processing file /home/airflow/.local/lib/python3.12/site-packages/airflow/example_dags/example_branch_python_dop_operator_3.py for tasks to queue
[2024-10-16T04:03:47.743+0000] {logging_mixin.py:190} INFO - [2024-10-16T04:03:47.743+0000] {dagbag.py:588} INFO - Filling up the DagBag from /home/airflow/.local/lib/python3.12/site-packages/airflow/example_dags/example_branch_python_dop_operator_3.py
[2024-10-16T04:03:47.748+0000] {processor.py:925} INFO - DAG(s) 'example_branch_dop_operator_v3' retrieved from /home/airflow/.local/lib/python3.12/site-packages/airflow/example_dags/example_branch_python_dop_operator_3.py
[2024-10-16T04:03:47.756+0000] {logging_mixin.py:190} INFO - [2024-10-16T04:03:47.756+0000] {dag.py:3239} INFO - Sync 1 DAGs
[2024-10-16T04:03:47.767+0000] {logging_mixin.py:190} INFO - [2024-10-16T04:03:47.767+0000] {dag.py:4180} INFO - Setting next_dagrun for example_branch_dop_operator_v3 to 2024-10-16 04:02:00+00:00, run_after=2024-10-16 04:03:00+00:00
[2024-10-16T04:03:47.774+0000] {processor.py:208} INFO - Processing /home/airflow/.local/lib/python3.12/site-packages/airflow/example_dags/example_branch_python_dop_operator_3.py took 0.036 seconds
[2024-10-16T04:04:18.688+0000] {processor.py:186} INFO - Started process (PID=1651) to work on /home/airflow/.local/lib/python3.12/site-packages/airflow/example_dags/example_branch_python_dop_operator_3.py
[2024-10-16T04:04:18.688+0000] {processor.py:914} INFO - Processing file /home/airflow/.local/lib/python3.12/site-packages/airflow/example_dags/example_branch_python_dop_operator_3.py for tasks to queue
[2024-10-16T04:04:18.689+0000] {logging_mixin.py:190} INFO - [2024-10-16T04:04:18.689+0000] {dagbag.py:588} INFO - Filling up the DagBag from /home/airflow/.local/lib/python3.12/site-packages/airflow/example_dags/example_branch_python_dop_operator_3.py
[2024-10-16T04:04:18.694+0000] {processor.py:925} INFO - DAG(s) 'example_branch_dop_operator_v3' retrieved from /home/airflow/.local/lib/python3.12/site-packages/airflow/example_dags/example_branch_python_dop_operator_3.py
[2024-10-16T04:04:18.702+0000] {logging_mixin.py:190} INFO - [2024-10-16T04:04:18.702+0000] {dag.py:3239} INFO - Sync 1 DAGs
[2024-10-16T04:04:18.712+0000] {logging_mixin.py:190} INFO - [2024-10-16T04:04:18.712+0000] {dag.py:4180} INFO - Setting next_dagrun for example_branch_dop_operator_v3 to 2024-10-16 04:03:00+00:00, run_after=2024-10-16 04:04:00+00:00
[2024-10-16T04:04:18.720+0000] {processor.py:208} INFO - Processing /home/airflow/.local/lib/python3.12/site-packages/airflow/example_dags/example_branch_python_dop_operator_3.py took 0.035 seconds
