[2024-10-16T03:51:27.128+0000] {processor.py:186} INFO - Started process (PID=77) to work on /home/airflow/.local/lib/python3.12/site-packages/airflow/example_dags/example_complex.py
[2024-10-16T03:51:27.129+0000] {processor.py:914} INFO - Processing file /home/airflow/.local/lib/python3.12/site-packages/airflow/example_dags/example_complex.py for tasks to queue
[2024-10-16T03:51:27.129+0000] {logging_mixin.py:190} INFO - [2024-10-16T03:51:27.129+0000] {dagbag.py:588} INFO - Filling up the DagBag from /home/airflow/.local/lib/python3.12/site-packages/airflow/example_dags/example_complex.py
[2024-10-16T03:51:27.135+0000] {processor.py:925} INFO - DAG(s) 'example_complex' retrieved from /home/airflow/.local/lib/python3.12/site-packages/airflow/example_dags/example_complex.py
[2024-10-16T03:51:27.147+0000] {logging_mixin.py:190} INFO - [2024-10-16T03:51:27.147+0000] {dag.py:3239} INFO - Sync 1 DAGs
[2024-10-16T03:51:27.158+0000] {logging_mixin.py:190} INFO - [2024-10-16T03:51:27.157+0000] {dag.py:4180} INFO - Setting next_dagrun for example_complex to None, run_after=None
[2024-10-16T03:51:27.166+0000] {processor.py:208} INFO - Processing /home/airflow/.local/lib/python3.12/site-packages/airflow/example_dags/example_complex.py took 0.041 seconds
[2024-10-16T03:51:57.264+0000] {processor.py:186} INFO - Started process (PID=138) to work on /home/airflow/.local/lib/python3.12/site-packages/airflow/example_dags/example_complex.py
[2024-10-16T03:51:57.264+0000] {processor.py:914} INFO - Processing file /home/airflow/.local/lib/python3.12/site-packages/airflow/example_dags/example_complex.py for tasks to queue
[2024-10-16T03:51:57.265+0000] {logging_mixin.py:190} INFO - [2024-10-16T03:51:57.265+0000] {dagbag.py:588} INFO - Filling up the DagBag from /home/airflow/.local/lib/python3.12/site-packages/airflow/example_dags/example_complex.py
[2024-10-16T03:51:57.270+0000] {processor.py:925} INFO - DAG(s) 'example_complex' retrieved from /home/airflow/.local/lib/python3.12/site-packages/airflow/example_dags/example_complex.py
[2024-10-16T03:51:57.282+0000] {logging_mixin.py:190} INFO - [2024-10-16T03:51:57.282+0000] {dag.py:3239} INFO - Sync 1 DAGs
[2024-10-16T03:51:57.288+0000] {logging_mixin.py:190} INFO - [2024-10-16T03:51:57.288+0000] {dag.py:4180} INFO - Setting next_dagrun for example_complex to None, run_after=None
[2024-10-16T03:51:57.294+0000] {processor.py:208} INFO - Processing /home/airflow/.local/lib/python3.12/site-packages/airflow/example_dags/example_complex.py took 0.033 seconds
[2024-10-16T03:52:27.568+0000] {processor.py:186} INFO - Started process (PID=199) to work on /home/airflow/.local/lib/python3.12/site-packages/airflow/example_dags/example_complex.py
[2024-10-16T03:52:27.569+0000] {processor.py:914} INFO - Processing file /home/airflow/.local/lib/python3.12/site-packages/airflow/example_dags/example_complex.py for tasks to queue
[2024-10-16T03:52:27.570+0000] {logging_mixin.py:190} INFO - [2024-10-16T03:52:27.570+0000] {dagbag.py:588} INFO - Filling up the DagBag from /home/airflow/.local/lib/python3.12/site-packages/airflow/example_dags/example_complex.py
[2024-10-16T03:52:27.575+0000] {processor.py:925} INFO - DAG(s) 'example_complex' retrieved from /home/airflow/.local/lib/python3.12/site-packages/airflow/example_dags/example_complex.py
[2024-10-16T03:52:27.587+0000] {logging_mixin.py:190} INFO - [2024-10-16T03:52:27.587+0000] {dag.py:3239} INFO - Sync 1 DAGs
[2024-10-16T03:52:27.592+0000] {logging_mixin.py:190} INFO - [2024-10-16T03:52:27.592+0000] {dag.py:4180} INFO - Setting next_dagrun for example_complex to None, run_after=None
[2024-10-16T03:52:27.598+0000] {processor.py:208} INFO - Processing /home/airflow/.local/lib/python3.12/site-packages/airflow/example_dags/example_complex.py took 0.032 seconds
[2024-10-16T03:52:58.722+0000] {processor.py:186} INFO - Started process (PID=262) to work on /home/airflow/.local/lib/python3.12/site-packages/airflow/example_dags/example_complex.py
[2024-10-16T03:52:58.723+0000] {processor.py:914} INFO - Processing file /home/airflow/.local/lib/python3.12/site-packages/airflow/example_dags/example_complex.py for tasks to queue
[2024-10-16T03:52:58.724+0000] {logging_mixin.py:190} INFO - [2024-10-16T03:52:58.723+0000] {dagbag.py:588} INFO - Filling up the DagBag from /home/airflow/.local/lib/python3.12/site-packages/airflow/example_dags/example_complex.py
[2024-10-16T03:52:58.729+0000] {processor.py:925} INFO - DAG(s) 'example_complex' retrieved from /home/airflow/.local/lib/python3.12/site-packages/airflow/example_dags/example_complex.py
[2024-10-16T03:52:58.741+0000] {logging_mixin.py:190} INFO - [2024-10-16T03:52:58.741+0000] {dag.py:3239} INFO - Sync 1 DAGs
[2024-10-16T03:52:58.746+0000] {logging_mixin.py:190} INFO - [2024-10-16T03:52:58.746+0000] {dag.py:4180} INFO - Setting next_dagrun for example_complex to None, run_after=None
[2024-10-16T03:52:58.753+0000] {processor.py:208} INFO - Processing /home/airflow/.local/lib/python3.12/site-packages/airflow/example_dags/example_complex.py took 0.033 seconds
[2024-10-16T03:53:29.733+0000] {processor.py:186} INFO - Started process (PID=324) to work on /home/airflow/.local/lib/python3.12/site-packages/airflow/example_dags/example_complex.py
[2024-10-16T03:53:29.733+0000] {processor.py:914} INFO - Processing file /home/airflow/.local/lib/python3.12/site-packages/airflow/example_dags/example_complex.py for tasks to queue
[2024-10-16T03:53:29.734+0000] {logging_mixin.py:190} INFO - [2024-10-16T03:53:29.734+0000] {dagbag.py:588} INFO - Filling up the DagBag from /home/airflow/.local/lib/python3.12/site-packages/airflow/example_dags/example_complex.py
[2024-10-16T03:53:29.740+0000] {processor.py:925} INFO - DAG(s) 'example_complex' retrieved from /home/airflow/.local/lib/python3.12/site-packages/airflow/example_dags/example_complex.py
[2024-10-16T03:53:29.752+0000] {logging_mixin.py:190} INFO - [2024-10-16T03:53:29.752+0000] {dag.py:3239} INFO - Sync 1 DAGs
[2024-10-16T03:53:29.759+0000] {logging_mixin.py:190} INFO - [2024-10-16T03:53:29.759+0000] {dag.py:4180} INFO - Setting next_dagrun for example_complex to None, run_after=None
[2024-10-16T03:53:29.766+0000] {processor.py:208} INFO - Processing /home/airflow/.local/lib/python3.12/site-packages/airflow/example_dags/example_complex.py took 0.035 seconds
[2024-10-16T03:54:00.706+0000] {processor.py:186} INFO - Started process (PID=385) to work on /home/airflow/.local/lib/python3.12/site-packages/airflow/example_dags/example_complex.py
[2024-10-16T03:54:00.707+0000] {processor.py:914} INFO - Processing file /home/airflow/.local/lib/python3.12/site-packages/airflow/example_dags/example_complex.py for tasks to queue
[2024-10-16T03:54:00.708+0000] {logging_mixin.py:190} INFO - [2024-10-16T03:54:00.708+0000] {dagbag.py:588} INFO - Filling up the DagBag from /home/airflow/.local/lib/python3.12/site-packages/airflow/example_dags/example_complex.py
[2024-10-16T03:54:00.714+0000] {processor.py:925} INFO - DAG(s) 'example_complex' retrieved from /home/airflow/.local/lib/python3.12/site-packages/airflow/example_dags/example_complex.py
[2024-10-16T03:54:00.726+0000] {logging_mixin.py:190} INFO - [2024-10-16T03:54:00.726+0000] {dag.py:3239} INFO - Sync 1 DAGs
[2024-10-16T03:54:00.731+0000] {logging_mixin.py:190} INFO - [2024-10-16T03:54:00.731+0000] {dag.py:4180} INFO - Setting next_dagrun for example_complex to None, run_after=None
[2024-10-16T03:54:00.740+0000] {processor.py:208} INFO - Processing /home/airflow/.local/lib/python3.12/site-packages/airflow/example_dags/example_complex.py took 0.036 seconds
[2024-10-16T03:54:31.606+0000] {processor.py:186} INFO - Started process (PID=447) to work on /home/airflow/.local/lib/python3.12/site-packages/airflow/example_dags/example_complex.py
[2024-10-16T03:54:31.607+0000] {processor.py:914} INFO - Processing file /home/airflow/.local/lib/python3.12/site-packages/airflow/example_dags/example_complex.py for tasks to queue
[2024-10-16T03:54:31.608+0000] {logging_mixin.py:190} INFO - [2024-10-16T03:54:31.608+0000] {dagbag.py:588} INFO - Filling up the DagBag from /home/airflow/.local/lib/python3.12/site-packages/airflow/example_dags/example_complex.py
[2024-10-16T03:54:31.613+0000] {processor.py:925} INFO - DAG(s) 'example_complex' retrieved from /home/airflow/.local/lib/python3.12/site-packages/airflow/example_dags/example_complex.py
[2024-10-16T03:54:31.625+0000] {logging_mixin.py:190} INFO - [2024-10-16T03:54:31.625+0000] {dag.py:3239} INFO - Sync 1 DAGs
[2024-10-16T03:54:31.631+0000] {logging_mixin.py:190} INFO - [2024-10-16T03:54:31.631+0000] {dag.py:4180} INFO - Setting next_dagrun for example_complex to None, run_after=None
[2024-10-16T03:54:31.637+0000] {processor.py:208} INFO - Processing /home/airflow/.local/lib/python3.12/site-packages/airflow/example_dags/example_complex.py took 0.034 seconds
[2024-10-16T03:55:02.626+0000] {processor.py:186} INFO - Started process (PID=510) to work on /home/airflow/.local/lib/python3.12/site-packages/airflow/example_dags/example_complex.py
[2024-10-16T03:55:02.626+0000] {processor.py:914} INFO - Processing file /home/airflow/.local/lib/python3.12/site-packages/airflow/example_dags/example_complex.py for tasks to queue
[2024-10-16T03:55:02.627+0000] {logging_mixin.py:190} INFO - [2024-10-16T03:55:02.627+0000] {dagbag.py:588} INFO - Filling up the DagBag from /home/airflow/.local/lib/python3.12/site-packages/airflow/example_dags/example_complex.py
[2024-10-16T03:55:02.632+0000] {processor.py:925} INFO - DAG(s) 'example_complex' retrieved from /home/airflow/.local/lib/python3.12/site-packages/airflow/example_dags/example_complex.py
[2024-10-16T03:55:02.644+0000] {logging_mixin.py:190} INFO - [2024-10-16T03:55:02.644+0000] {dag.py:3239} INFO - Sync 1 DAGs
[2024-10-16T03:55:02.650+0000] {logging_mixin.py:190} INFO - [2024-10-16T03:55:02.650+0000] {dag.py:4180} INFO - Setting next_dagrun for example_complex to None, run_after=None
[2024-10-16T03:55:02.657+0000] {processor.py:208} INFO - Processing /home/airflow/.local/lib/python3.12/site-packages/airflow/example_dags/example_complex.py took 0.034 seconds
[2024-10-16T03:55:33.759+0000] {processor.py:186} INFO - Started process (PID=572) to work on /home/airflow/.local/lib/python3.12/site-packages/airflow/example_dags/example_complex.py
[2024-10-16T03:55:33.760+0000] {processor.py:914} INFO - Processing file /home/airflow/.local/lib/python3.12/site-packages/airflow/example_dags/example_complex.py for tasks to queue
[2024-10-16T03:55:33.761+0000] {logging_mixin.py:190} INFO - [2024-10-16T03:55:33.761+0000] {dagbag.py:588} INFO - Filling up the DagBag from /home/airflow/.local/lib/python3.12/site-packages/airflow/example_dags/example_complex.py
[2024-10-16T03:55:33.766+0000] {processor.py:925} INFO - DAG(s) 'example_complex' retrieved from /home/airflow/.local/lib/python3.12/site-packages/airflow/example_dags/example_complex.py
[2024-10-16T03:55:33.779+0000] {logging_mixin.py:190} INFO - [2024-10-16T03:55:33.778+0000] {dag.py:3239} INFO - Sync 1 DAGs
[2024-10-16T03:55:33.784+0000] {logging_mixin.py:190} INFO - [2024-10-16T03:55:33.784+0000] {dag.py:4180} INFO - Setting next_dagrun for example_complex to None, run_after=None
[2024-10-16T03:55:33.791+0000] {processor.py:208} INFO - Processing /home/airflow/.local/lib/python3.12/site-packages/airflow/example_dags/example_complex.py took 0.034 seconds
[2024-10-16T03:56:03.903+0000] {processor.py:186} INFO - Started process (PID=634) to work on /home/airflow/.local/lib/python3.12/site-packages/airflow/example_dags/example_complex.py
[2024-10-16T03:56:03.904+0000] {processor.py:914} INFO - Processing file /home/airflow/.local/lib/python3.12/site-packages/airflow/example_dags/example_complex.py for tasks to queue
[2024-10-16T03:56:03.905+0000] {logging_mixin.py:190} INFO - [2024-10-16T03:56:03.904+0000] {dagbag.py:588} INFO - Filling up the DagBag from /home/airflow/.local/lib/python3.12/site-packages/airflow/example_dags/example_complex.py
[2024-10-16T03:56:03.910+0000] {processor.py:925} INFO - DAG(s) 'example_complex' retrieved from /home/airflow/.local/lib/python3.12/site-packages/airflow/example_dags/example_complex.py
[2024-10-16T03:56:03.924+0000] {logging_mixin.py:190} INFO - [2024-10-16T03:56:03.924+0000] {dag.py:3239} INFO - Sync 1 DAGs
[2024-10-16T03:56:03.930+0000] {logging_mixin.py:190} INFO - [2024-10-16T03:56:03.930+0000] {dag.py:4180} INFO - Setting next_dagrun for example_complex to None, run_after=None
[2024-10-16T03:56:03.940+0000] {processor.py:208} INFO - Processing /home/airflow/.local/lib/python3.12/site-packages/airflow/example_dags/example_complex.py took 0.040 seconds
[2024-10-16T03:56:35.103+0000] {processor.py:186} INFO - Started process (PID=696) to work on /home/airflow/.local/lib/python3.12/site-packages/airflow/example_dags/example_complex.py
[2024-10-16T03:56:35.103+0000] {processor.py:914} INFO - Processing file /home/airflow/.local/lib/python3.12/site-packages/airflow/example_dags/example_complex.py for tasks to queue
[2024-10-16T03:56:35.104+0000] {logging_mixin.py:190} INFO - [2024-10-16T03:56:35.104+0000] {dagbag.py:588} INFO - Filling up the DagBag from /home/airflow/.local/lib/python3.12/site-packages/airflow/example_dags/example_complex.py
[2024-10-16T03:56:35.109+0000] {processor.py:925} INFO - DAG(s) 'example_complex' retrieved from /home/airflow/.local/lib/python3.12/site-packages/airflow/example_dags/example_complex.py
[2024-10-16T03:56:35.122+0000] {logging_mixin.py:190} INFO - [2024-10-16T03:56:35.122+0000] {dag.py:3239} INFO - Sync 1 DAGs
[2024-10-16T03:56:35.127+0000] {logging_mixin.py:190} INFO - [2024-10-16T03:56:35.127+0000] {dag.py:4180} INFO - Setting next_dagrun for example_complex to None, run_after=None
[2024-10-16T03:56:35.134+0000] {processor.py:208} INFO - Processing /home/airflow/.local/lib/python3.12/site-packages/airflow/example_dags/example_complex.py took 0.034 seconds
[2024-10-16T03:57:05.388+0000] {processor.py:186} INFO - Started process (PID=758) to work on /home/airflow/.local/lib/python3.12/site-packages/airflow/example_dags/example_complex.py
[2024-10-16T03:57:05.391+0000] {processor.py:914} INFO - Processing file /home/airflow/.local/lib/python3.12/site-packages/airflow/example_dags/example_complex.py for tasks to queue
[2024-10-16T03:57:05.392+0000] {logging_mixin.py:190} INFO - [2024-10-16T03:57:05.392+0000] {dagbag.py:588} INFO - Filling up the DagBag from /home/airflow/.local/lib/python3.12/site-packages/airflow/example_dags/example_complex.py
[2024-10-16T03:57:05.399+0000] {processor.py:925} INFO - DAG(s) 'example_complex' retrieved from /home/airflow/.local/lib/python3.12/site-packages/airflow/example_dags/example_complex.py
[2024-10-16T03:57:05.416+0000] {logging_mixin.py:190} INFO - [2024-10-16T03:57:05.416+0000] {dag.py:3239} INFO - Sync 1 DAGs
[2024-10-16T03:57:05.422+0000] {logging_mixin.py:190} INFO - [2024-10-16T03:57:05.422+0000] {dag.py:4180} INFO - Setting next_dagrun for example_complex to None, run_after=None
[2024-10-16T03:57:05.429+0000] {processor.py:208} INFO - Processing /home/airflow/.local/lib/python3.12/site-packages/airflow/example_dags/example_complex.py took 0.046 seconds
[2024-10-16T03:57:36.363+0000] {processor.py:186} INFO - Started process (PID=820) to work on /home/airflow/.local/lib/python3.12/site-packages/airflow/example_dags/example_complex.py
[2024-10-16T03:57:36.363+0000] {processor.py:914} INFO - Processing file /home/airflow/.local/lib/python3.12/site-packages/airflow/example_dags/example_complex.py for tasks to queue
[2024-10-16T03:57:36.364+0000] {logging_mixin.py:190} INFO - [2024-10-16T03:57:36.364+0000] {dagbag.py:588} INFO - Filling up the DagBag from /home/airflow/.local/lib/python3.12/site-packages/airflow/example_dags/example_complex.py
[2024-10-16T03:57:36.370+0000] {processor.py:925} INFO - DAG(s) 'example_complex' retrieved from /home/airflow/.local/lib/python3.12/site-packages/airflow/example_dags/example_complex.py
[2024-10-16T03:57:36.382+0000] {logging_mixin.py:190} INFO - [2024-10-16T03:57:36.382+0000] {dag.py:3239} INFO - Sync 1 DAGs
[2024-10-16T03:57:36.388+0000] {logging_mixin.py:190} INFO - [2024-10-16T03:57:36.387+0000] {dag.py:4180} INFO - Setting next_dagrun for example_complex to None, run_after=None
[2024-10-16T03:57:36.394+0000] {processor.py:208} INFO - Processing /home/airflow/.local/lib/python3.12/site-packages/airflow/example_dags/example_complex.py took 0.034 seconds
[2024-10-16T03:58:07.646+0000] {processor.py:186} INFO - Started process (PID=882) to work on /home/airflow/.local/lib/python3.12/site-packages/airflow/example_dags/example_complex.py
[2024-10-16T03:58:07.647+0000] {processor.py:914} INFO - Processing file /home/airflow/.local/lib/python3.12/site-packages/airflow/example_dags/example_complex.py for tasks to queue
[2024-10-16T03:58:07.648+0000] {logging_mixin.py:190} INFO - [2024-10-16T03:58:07.648+0000] {dagbag.py:588} INFO - Filling up the DagBag from /home/airflow/.local/lib/python3.12/site-packages/airflow/example_dags/example_complex.py
[2024-10-16T03:58:07.786+0000] {processor.py:925} INFO - DAG(s) 'example_complex' retrieved from /home/airflow/.local/lib/python3.12/site-packages/airflow/example_dags/example_complex.py
[2024-10-16T03:58:07.819+0000] {logging_mixin.py:190} INFO - [2024-10-16T03:58:07.818+0000] {dag.py:3239} INFO - Sync 1 DAGs
[2024-10-16T03:58:07.828+0000] {logging_mixin.py:190} INFO - [2024-10-16T03:58:07.828+0000] {dag.py:4180} INFO - Setting next_dagrun for example_complex to None, run_after=None
[2024-10-16T03:58:07.838+0000] {processor.py:208} INFO - Processing /home/airflow/.local/lib/python3.12/site-packages/airflow/example_dags/example_complex.py took 0.195 seconds
[2024-10-16T03:58:38.074+0000] {processor.py:186} INFO - Started process (PID=944) to work on /home/airflow/.local/lib/python3.12/site-packages/airflow/example_dags/example_complex.py
[2024-10-16T03:58:38.075+0000] {processor.py:914} INFO - Processing file /home/airflow/.local/lib/python3.12/site-packages/airflow/example_dags/example_complex.py for tasks to queue
[2024-10-16T03:58:38.077+0000] {logging_mixin.py:190} INFO - [2024-10-16T03:58:38.076+0000] {dagbag.py:588} INFO - Filling up the DagBag from /home/airflow/.local/lib/python3.12/site-packages/airflow/example_dags/example_complex.py
[2024-10-16T03:58:38.084+0000] {processor.py:925} INFO - DAG(s) 'example_complex' retrieved from /home/airflow/.local/lib/python3.12/site-packages/airflow/example_dags/example_complex.py
[2024-10-16T03:58:38.098+0000] {logging_mixin.py:190} INFO - [2024-10-16T03:58:38.098+0000] {dag.py:3239} INFO - Sync 1 DAGs
[2024-10-16T03:58:38.105+0000] {logging_mixin.py:190} INFO - [2024-10-16T03:58:38.105+0000] {dag.py:4180} INFO - Setting next_dagrun for example_complex to None, run_after=None
[2024-10-16T03:58:38.112+0000] {processor.py:208} INFO - Processing /home/airflow/.local/lib/python3.12/site-packages/airflow/example_dags/example_complex.py took 0.041 seconds
[2024-10-16T03:59:09.025+0000] {processor.py:186} INFO - Started process (PID=1005) to work on /home/airflow/.local/lib/python3.12/site-packages/airflow/example_dags/example_complex.py
[2024-10-16T03:59:09.026+0000] {processor.py:914} INFO - Processing file /home/airflow/.local/lib/python3.12/site-packages/airflow/example_dags/example_complex.py for tasks to queue
[2024-10-16T03:59:09.027+0000] {logging_mixin.py:190} INFO - [2024-10-16T03:59:09.027+0000] {dagbag.py:588} INFO - Filling up the DagBag from /home/airflow/.local/lib/python3.12/site-packages/airflow/example_dags/example_complex.py
[2024-10-16T03:59:09.048+0000] {processor.py:925} INFO - DAG(s) 'example_complex' retrieved from /home/airflow/.local/lib/python3.12/site-packages/airflow/example_dags/example_complex.py
[2024-10-16T03:59:09.064+0000] {logging_mixin.py:190} INFO - [2024-10-16T03:59:09.064+0000] {dag.py:3239} INFO - Sync 1 DAGs
[2024-10-16T03:59:09.070+0000] {logging_mixin.py:190} INFO - [2024-10-16T03:59:09.070+0000] {dag.py:4180} INFO - Setting next_dagrun for example_complex to None, run_after=None
[2024-10-16T03:59:09.078+0000] {processor.py:208} INFO - Processing /home/airflow/.local/lib/python3.12/site-packages/airflow/example_dags/example_complex.py took 0.056 seconds
[2024-10-16T03:59:39.105+0000] {processor.py:186} INFO - Started process (PID=1067) to work on /home/airflow/.local/lib/python3.12/site-packages/airflow/example_dags/example_complex.py
[2024-10-16T03:59:39.105+0000] {processor.py:914} INFO - Processing file /home/airflow/.local/lib/python3.12/site-packages/airflow/example_dags/example_complex.py for tasks to queue
[2024-10-16T03:59:39.106+0000] {logging_mixin.py:190} INFO - [2024-10-16T03:59:39.106+0000] {dagbag.py:588} INFO - Filling up the DagBag from /home/airflow/.local/lib/python3.12/site-packages/airflow/example_dags/example_complex.py
[2024-10-16T03:59:39.112+0000] {processor.py:925} INFO - DAG(s) 'example_complex' retrieved from /home/airflow/.local/lib/python3.12/site-packages/airflow/example_dags/example_complex.py
[2024-10-16T03:59:39.123+0000] {logging_mixin.py:190} INFO - [2024-10-16T03:59:39.123+0000] {dag.py:3239} INFO - Sync 1 DAGs
[2024-10-16T03:59:39.128+0000] {logging_mixin.py:190} INFO - [2024-10-16T03:59:39.128+0000] {dag.py:4180} INFO - Setting next_dagrun for example_complex to None, run_after=None
[2024-10-16T03:59:39.134+0000] {processor.py:208} INFO - Processing /home/airflow/.local/lib/python3.12/site-packages/airflow/example_dags/example_complex.py took 0.032 seconds
[2024-10-16T04:00:09.339+0000] {processor.py:186} INFO - Started process (PID=1129) to work on /home/airflow/.local/lib/python3.12/site-packages/airflow/example_dags/example_complex.py
[2024-10-16T04:00:09.339+0000] {processor.py:914} INFO - Processing file /home/airflow/.local/lib/python3.12/site-packages/airflow/example_dags/example_complex.py for tasks to queue
[2024-10-16T04:00:09.340+0000] {logging_mixin.py:190} INFO - [2024-10-16T04:00:09.340+0000] {dagbag.py:588} INFO - Filling up the DagBag from /home/airflow/.local/lib/python3.12/site-packages/airflow/example_dags/example_complex.py
[2024-10-16T04:00:09.347+0000] {processor.py:925} INFO - DAG(s) 'example_complex' retrieved from /home/airflow/.local/lib/python3.12/site-packages/airflow/example_dags/example_complex.py
[2024-10-16T04:00:09.363+0000] {logging_mixin.py:190} INFO - [2024-10-16T04:00:09.362+0000] {dag.py:3239} INFO - Sync 1 DAGs
[2024-10-16T04:00:09.369+0000] {logging_mixin.py:190} INFO - [2024-10-16T04:00:09.369+0000] {dag.py:4180} INFO - Setting next_dagrun for example_complex to None, run_after=None
[2024-10-16T04:00:09.376+0000] {processor.py:208} INFO - Processing /home/airflow/.local/lib/python3.12/site-packages/airflow/example_dags/example_complex.py took 0.040 seconds
[2024-10-16T04:00:40.526+0000] {processor.py:186} INFO - Started process (PID=1191) to work on /home/airflow/.local/lib/python3.12/site-packages/airflow/example_dags/example_complex.py
[2024-10-16T04:00:40.527+0000] {processor.py:914} INFO - Processing file /home/airflow/.local/lib/python3.12/site-packages/airflow/example_dags/example_complex.py for tasks to queue
[2024-10-16T04:00:40.528+0000] {logging_mixin.py:190} INFO - [2024-10-16T04:00:40.528+0000] {dagbag.py:588} INFO - Filling up the DagBag from /home/airflow/.local/lib/python3.12/site-packages/airflow/example_dags/example_complex.py
[2024-10-16T04:00:40.533+0000] {processor.py:925} INFO - DAG(s) 'example_complex' retrieved from /home/airflow/.local/lib/python3.12/site-packages/airflow/example_dags/example_complex.py
[2024-10-16T04:00:40.544+0000] {logging_mixin.py:190} INFO - [2024-10-16T04:00:40.544+0000] {dag.py:3239} INFO - Sync 1 DAGs
[2024-10-16T04:00:40.549+0000] {logging_mixin.py:190} INFO - [2024-10-16T04:00:40.549+0000] {dag.py:4180} INFO - Setting next_dagrun for example_complex to None, run_after=None
[2024-10-16T04:00:40.555+0000] {processor.py:208} INFO - Processing /home/airflow/.local/lib/python3.12/site-packages/airflow/example_dags/example_complex.py took 0.031 seconds
[2024-10-16T04:01:11.488+0000] {processor.py:186} INFO - Started process (PID=1253) to work on /home/airflow/.local/lib/python3.12/site-packages/airflow/example_dags/example_complex.py
[2024-10-16T04:01:11.491+0000] {processor.py:914} INFO - Processing file /home/airflow/.local/lib/python3.12/site-packages/airflow/example_dags/example_complex.py for tasks to queue
[2024-10-16T04:01:11.492+0000] {logging_mixin.py:190} INFO - [2024-10-16T04:01:11.492+0000] {dagbag.py:588} INFO - Filling up the DagBag from /home/airflow/.local/lib/python3.12/site-packages/airflow/example_dags/example_complex.py
[2024-10-16T04:01:11.498+0000] {processor.py:925} INFO - DAG(s) 'example_complex' retrieved from /home/airflow/.local/lib/python3.12/site-packages/airflow/example_dags/example_complex.py
[2024-10-16T04:01:11.512+0000] {logging_mixin.py:190} INFO - [2024-10-16T04:01:11.511+0000] {dag.py:3239} INFO - Sync 1 DAGs
[2024-10-16T04:01:11.517+0000] {logging_mixin.py:190} INFO - [2024-10-16T04:01:11.517+0000] {dag.py:4180} INFO - Setting next_dagrun for example_complex to None, run_after=None
[2024-10-16T04:01:11.524+0000] {processor.py:208} INFO - Processing /home/airflow/.local/lib/python3.12/site-packages/airflow/example_dags/example_complex.py took 0.039 seconds
[2024-10-16T04:01:42.489+0000] {processor.py:186} INFO - Started process (PID=1315) to work on /home/airflow/.local/lib/python3.12/site-packages/airflow/example_dags/example_complex.py
[2024-10-16T04:01:42.489+0000] {processor.py:914} INFO - Processing file /home/airflow/.local/lib/python3.12/site-packages/airflow/example_dags/example_complex.py for tasks to queue
[2024-10-16T04:01:42.490+0000] {logging_mixin.py:190} INFO - [2024-10-16T04:01:42.490+0000] {dagbag.py:588} INFO - Filling up the DagBag from /home/airflow/.local/lib/python3.12/site-packages/airflow/example_dags/example_complex.py
[2024-10-16T04:01:42.496+0000] {processor.py:925} INFO - DAG(s) 'example_complex' retrieved from /home/airflow/.local/lib/python3.12/site-packages/airflow/example_dags/example_complex.py
[2024-10-16T04:01:42.507+0000] {logging_mixin.py:190} INFO - [2024-10-16T04:01:42.507+0000] {dag.py:3239} INFO - Sync 1 DAGs
[2024-10-16T04:01:42.512+0000] {logging_mixin.py:190} INFO - [2024-10-16T04:01:42.512+0000] {dag.py:4180} INFO - Setting next_dagrun for example_complex to None, run_after=None
[2024-10-16T04:01:42.519+0000] {processor.py:208} INFO - Processing /home/airflow/.local/lib/python3.12/site-packages/airflow/example_dags/example_complex.py took 0.032 seconds
[2024-10-16T04:02:13.467+0000] {processor.py:186} INFO - Started process (PID=1377) to work on /home/airflow/.local/lib/python3.12/site-packages/airflow/example_dags/example_complex.py
[2024-10-16T04:02:13.467+0000] {processor.py:914} INFO - Processing file /home/airflow/.local/lib/python3.12/site-packages/airflow/example_dags/example_complex.py for tasks to queue
[2024-10-16T04:02:13.468+0000] {logging_mixin.py:190} INFO - [2024-10-16T04:02:13.468+0000] {dagbag.py:588} INFO - Filling up the DagBag from /home/airflow/.local/lib/python3.12/site-packages/airflow/example_dags/example_complex.py
[2024-10-16T04:02:13.473+0000] {processor.py:925} INFO - DAG(s) 'example_complex' retrieved from /home/airflow/.local/lib/python3.12/site-packages/airflow/example_dags/example_complex.py
[2024-10-16T04:02:13.489+0000] {logging_mixin.py:190} INFO - [2024-10-16T04:02:13.489+0000] {dag.py:3239} INFO - Sync 1 DAGs
[2024-10-16T04:02:13.495+0000] {logging_mixin.py:190} INFO - [2024-10-16T04:02:13.495+0000] {dag.py:4180} INFO - Setting next_dagrun for example_complex to None, run_after=None
[2024-10-16T04:02:13.501+0000] {processor.py:208} INFO - Processing /home/airflow/.local/lib/python3.12/site-packages/airflow/example_dags/example_complex.py took 0.037 seconds
[2024-10-16T04:02:44.331+0000] {processor.py:186} INFO - Started process (PID=1440) to work on /home/airflow/.local/lib/python3.12/site-packages/airflow/example_dags/example_complex.py
[2024-10-16T04:02:44.331+0000] {processor.py:914} INFO - Processing file /home/airflow/.local/lib/python3.12/site-packages/airflow/example_dags/example_complex.py for tasks to queue
[2024-10-16T04:02:44.332+0000] {logging_mixin.py:190} INFO - [2024-10-16T04:02:44.332+0000] {dagbag.py:588} INFO - Filling up the DagBag from /home/airflow/.local/lib/python3.12/site-packages/airflow/example_dags/example_complex.py
[2024-10-16T04:02:44.338+0000] {processor.py:925} INFO - DAG(s) 'example_complex' retrieved from /home/airflow/.local/lib/python3.12/site-packages/airflow/example_dags/example_complex.py
[2024-10-16T04:02:44.351+0000] {logging_mixin.py:190} INFO - [2024-10-16T04:02:44.351+0000] {dag.py:3239} INFO - Sync 1 DAGs
[2024-10-16T04:02:44.359+0000] {logging_mixin.py:190} INFO - [2024-10-16T04:02:44.359+0000] {dag.py:4180} INFO - Setting next_dagrun for example_complex to None, run_after=None
[2024-10-16T04:02:44.369+0000] {processor.py:208} INFO - Processing /home/airflow/.local/lib/python3.12/site-packages/airflow/example_dags/example_complex.py took 0.041 seconds
[2024-10-16T04:03:15.205+0000] {processor.py:186} INFO - Started process (PID=1502) to work on /home/airflow/.local/lib/python3.12/site-packages/airflow/example_dags/example_complex.py
[2024-10-16T04:03:15.206+0000] {processor.py:914} INFO - Processing file /home/airflow/.local/lib/python3.12/site-packages/airflow/example_dags/example_complex.py for tasks to queue
[2024-10-16T04:03:15.207+0000] {logging_mixin.py:190} INFO - [2024-10-16T04:03:15.207+0000] {dagbag.py:588} INFO - Filling up the DagBag from /home/airflow/.local/lib/python3.12/site-packages/airflow/example_dags/example_complex.py
[2024-10-16T04:03:15.213+0000] {processor.py:925} INFO - DAG(s) 'example_complex' retrieved from /home/airflow/.local/lib/python3.12/site-packages/airflow/example_dags/example_complex.py
[2024-10-16T04:03:15.226+0000] {logging_mixin.py:190} INFO - [2024-10-16T04:03:15.226+0000] {dag.py:3239} INFO - Sync 1 DAGs
[2024-10-16T04:03:15.232+0000] {logging_mixin.py:190} INFO - [2024-10-16T04:03:15.232+0000] {dag.py:4180} INFO - Setting next_dagrun for example_complex to None, run_after=None
[2024-10-16T04:03:15.240+0000] {processor.py:208} INFO - Processing /home/airflow/.local/lib/python3.12/site-packages/airflow/example_dags/example_complex.py took 0.038 seconds
[2024-10-16T04:03:46.088+0000] {processor.py:186} INFO - Started process (PID=1569) to work on /home/airflow/.local/lib/python3.12/site-packages/airflow/example_dags/example_complex.py
[2024-10-16T04:03:46.089+0000] {processor.py:914} INFO - Processing file /home/airflow/.local/lib/python3.12/site-packages/airflow/example_dags/example_complex.py for tasks to queue
[2024-10-16T04:03:46.090+0000] {logging_mixin.py:190} INFO - [2024-10-16T04:03:46.090+0000] {dagbag.py:588} INFO - Filling up the DagBag from /home/airflow/.local/lib/python3.12/site-packages/airflow/example_dags/example_complex.py
[2024-10-16T04:03:46.095+0000] {processor.py:925} INFO - DAG(s) 'example_complex' retrieved from /home/airflow/.local/lib/python3.12/site-packages/airflow/example_dags/example_complex.py
[2024-10-16T04:03:46.107+0000] {logging_mixin.py:190} INFO - [2024-10-16T04:03:46.107+0000] {dag.py:3239} INFO - Sync 1 DAGs
[2024-10-16T04:03:46.112+0000] {logging_mixin.py:190} INFO - [2024-10-16T04:03:46.112+0000] {dag.py:4180} INFO - Setting next_dagrun for example_complex to None, run_after=None
[2024-10-16T04:03:46.119+0000] {processor.py:208} INFO - Processing /home/airflow/.local/lib/python3.12/site-packages/airflow/example_dags/example_complex.py took 0.033 seconds
[2024-10-16T04:04:17.021+0000] {processor.py:186} INFO - Started process (PID=1631) to work on /home/airflow/.local/lib/python3.12/site-packages/airflow/example_dags/example_complex.py
[2024-10-16T04:04:17.022+0000] {processor.py:914} INFO - Processing file /home/airflow/.local/lib/python3.12/site-packages/airflow/example_dags/example_complex.py for tasks to queue
[2024-10-16T04:04:17.024+0000] {logging_mixin.py:190} INFO - [2024-10-16T04:04:17.023+0000] {dagbag.py:588} INFO - Filling up the DagBag from /home/airflow/.local/lib/python3.12/site-packages/airflow/example_dags/example_complex.py
[2024-10-16T04:04:17.030+0000] {processor.py:925} INFO - DAG(s) 'example_complex' retrieved from /home/airflow/.local/lib/python3.12/site-packages/airflow/example_dags/example_complex.py
[2024-10-16T04:04:17.044+0000] {logging_mixin.py:190} INFO - [2024-10-16T04:04:17.043+0000] {dag.py:3239} INFO - Sync 1 DAGs
[2024-10-16T04:04:17.049+0000] {logging_mixin.py:190} INFO - [2024-10-16T04:04:17.049+0000] {dag.py:4180} INFO - Setting next_dagrun for example_complex to None, run_after=None
[2024-10-16T04:04:17.056+0000] {processor.py:208} INFO - Processing /home/airflow/.local/lib/python3.12/site-packages/airflow/example_dags/example_complex.py took 0.037 seconds
