[2024-10-16T03:51:27.636+0000] {processor.py:186} INFO - Started process (PID=91) to work on /home/airflow/.local/lib/python3.12/site-packages/airflow/example_dags/example_dag_decorator.py
[2024-10-16T03:51:27.637+0000] {processor.py:914} INFO - Processing file /home/airflow/.local/lib/python3.12/site-packages/airflow/example_dags/example_dag_decorator.py for tasks to queue
[2024-10-16T03:51:27.638+0000] {logging_mixin.py:190} INFO - [2024-10-16T03:51:27.638+0000] {dagbag.py:588} INFO - Filling up the DagBag from /home/airflow/.local/lib/python3.12/site-packages/airflow/example_dags/example_dag_decorator.py
[2024-10-16T03:51:27.643+0000] {processor.py:925} INFO - DAG(s) 'example_dag_decorator' retrieved from /home/airflow/.local/lib/python3.12/site-packages/airflow/example_dags/example_dag_decorator.py
[2024-10-16T03:51:27.701+0000] {logging_mixin.py:190} INFO - [2024-10-16T03:51:27.701+0000] {dag.py:3239} INFO - Sync 1 DAGs
[2024-10-16T03:51:27.707+0000] {logging_mixin.py:190} INFO - [2024-10-16T03:51:27.707+0000] {dag.py:4180} INFO - Setting next_dagrun for example_dag_decorator to None, run_after=None
[2024-10-16T03:51:27.714+0000] {processor.py:208} INFO - Processing /home/airflow/.local/lib/python3.12/site-packages/airflow/example_dags/example_dag_decorator.py took 0.080 seconds
[2024-10-16T03:51:58.933+0000] {processor.py:186} INFO - Started process (PID=152) to work on /home/airflow/.local/lib/python3.12/site-packages/airflow/example_dags/example_dag_decorator.py
[2024-10-16T03:51:58.934+0000] {processor.py:914} INFO - Processing file /home/airflow/.local/lib/python3.12/site-packages/airflow/example_dags/example_dag_decorator.py for tasks to queue
[2024-10-16T03:51:58.935+0000] {logging_mixin.py:190} INFO - [2024-10-16T03:51:58.935+0000] {dagbag.py:588} INFO - Filling up the DagBag from /home/airflow/.local/lib/python3.12/site-packages/airflow/example_dags/example_dag_decorator.py
[2024-10-16T03:51:58.945+0000] {processor.py:925} INFO - DAG(s) 'example_dag_decorator' retrieved from /home/airflow/.local/lib/python3.12/site-packages/airflow/example_dags/example_dag_decorator.py
[2024-10-16T03:51:59.020+0000] {logging_mixin.py:190} INFO - [2024-10-16T03:51:59.019+0000] {dag.py:3239} INFO - Sync 1 DAGs
[2024-10-16T03:51:59.025+0000] {logging_mixin.py:190} INFO - [2024-10-16T03:51:59.025+0000] {dag.py:4180} INFO - Setting next_dagrun for example_dag_decorator to None, run_after=None
[2024-10-16T03:51:59.033+0000] {processor.py:208} INFO - Processing /home/airflow/.local/lib/python3.12/site-packages/airflow/example_dags/example_dag_decorator.py took 0.103 seconds
[2024-10-16T03:52:29.054+0000] {processor.py:186} INFO - Started process (PID=213) to work on /home/airflow/.local/lib/python3.12/site-packages/airflow/example_dags/example_dag_decorator.py
[2024-10-16T03:52:29.055+0000] {processor.py:914} INFO - Processing file /home/airflow/.local/lib/python3.12/site-packages/airflow/example_dags/example_dag_decorator.py for tasks to queue
[2024-10-16T03:52:29.056+0000] {logging_mixin.py:190} INFO - [2024-10-16T03:52:29.056+0000] {dagbag.py:588} INFO - Filling up the DagBag from /home/airflow/.local/lib/python3.12/site-packages/airflow/example_dags/example_dag_decorator.py
[2024-10-16T03:52:29.064+0000] {processor.py:925} INFO - DAG(s) 'example_dag_decorator' retrieved from /home/airflow/.local/lib/python3.12/site-packages/airflow/example_dags/example_dag_decorator.py
[2024-10-16T03:52:29.116+0000] {logging_mixin.py:190} INFO - [2024-10-16T03:52:29.116+0000] {dag.py:3239} INFO - Sync 1 DAGs
[2024-10-16T03:52:29.122+0000] {logging_mixin.py:190} INFO - [2024-10-16T03:52:29.122+0000] {dag.py:4180} INFO - Setting next_dagrun for example_dag_decorator to None, run_after=None
[2024-10-16T03:52:29.129+0000] {processor.py:208} INFO - Processing /home/airflow/.local/lib/python3.12/site-packages/airflow/example_dags/example_dag_decorator.py took 0.078 seconds
[2024-10-16T03:52:59.180+0000] {processor.py:186} INFO - Started process (PID=275) to work on /home/airflow/.local/lib/python3.12/site-packages/airflow/example_dags/example_dag_decorator.py
[2024-10-16T03:52:59.182+0000] {processor.py:914} INFO - Processing file /home/airflow/.local/lib/python3.12/site-packages/airflow/example_dags/example_dag_decorator.py for tasks to queue
[2024-10-16T03:52:59.183+0000] {logging_mixin.py:190} INFO - [2024-10-16T03:52:59.183+0000] {dagbag.py:588} INFO - Filling up the DagBag from /home/airflow/.local/lib/python3.12/site-packages/airflow/example_dags/example_dag_decorator.py
[2024-10-16T03:52:59.194+0000] {processor.py:925} INFO - DAG(s) 'example_dag_decorator' retrieved from /home/airflow/.local/lib/python3.12/site-packages/airflow/example_dags/example_dag_decorator.py
[2024-10-16T03:52:59.208+0000] {logging_mixin.py:190} INFO - [2024-10-16T03:52:59.207+0000] {dag.py:3239} INFO - Sync 1 DAGs
[2024-10-16T03:52:59.217+0000] {logging_mixin.py:190} INFO - [2024-10-16T03:52:59.217+0000] {dag.py:4180} INFO - Setting next_dagrun for example_dag_decorator to None, run_after=None
[2024-10-16T03:52:59.225+0000] {processor.py:208} INFO - Processing /home/airflow/.local/lib/python3.12/site-packages/airflow/example_dags/example_dag_decorator.py took 0.049 seconds
[2024-10-16T03:53:30.154+0000] {processor.py:186} INFO - Started process (PID=338) to work on /home/airflow/.local/lib/python3.12/site-packages/airflow/example_dags/example_dag_decorator.py
[2024-10-16T03:53:30.155+0000] {processor.py:914} INFO - Processing file /home/airflow/.local/lib/python3.12/site-packages/airflow/example_dags/example_dag_decorator.py for tasks to queue
[2024-10-16T03:53:30.156+0000] {logging_mixin.py:190} INFO - [2024-10-16T03:53:30.156+0000] {dagbag.py:588} INFO - Filling up the DagBag from /home/airflow/.local/lib/python3.12/site-packages/airflow/example_dags/example_dag_decorator.py
[2024-10-16T03:53:30.161+0000] {processor.py:925} INFO - DAG(s) 'example_dag_decorator' retrieved from /home/airflow/.local/lib/python3.12/site-packages/airflow/example_dags/example_dag_decorator.py
[2024-10-16T03:53:30.220+0000] {logging_mixin.py:190} INFO - [2024-10-16T03:53:30.220+0000] {dag.py:3239} INFO - Sync 1 DAGs
[2024-10-16T03:53:30.227+0000] {logging_mixin.py:190} INFO - [2024-10-16T03:53:30.226+0000] {dag.py:4180} INFO - Setting next_dagrun for example_dag_decorator to None, run_after=None
[2024-10-16T03:53:30.234+0000] {processor.py:208} INFO - Processing /home/airflow/.local/lib/python3.12/site-packages/airflow/example_dags/example_dag_decorator.py took 0.082 seconds
[2024-10-16T03:54:01.176+0000] {processor.py:186} INFO - Started process (PID=400) to work on /home/airflow/.local/lib/python3.12/site-packages/airflow/example_dags/example_dag_decorator.py
[2024-10-16T03:54:01.177+0000] {processor.py:914} INFO - Processing file /home/airflow/.local/lib/python3.12/site-packages/airflow/example_dags/example_dag_decorator.py for tasks to queue
[2024-10-16T03:54:01.178+0000] {logging_mixin.py:190} INFO - [2024-10-16T03:54:01.178+0000] {dagbag.py:588} INFO - Filling up the DagBag from /home/airflow/.local/lib/python3.12/site-packages/airflow/example_dags/example_dag_decorator.py
[2024-10-16T03:54:01.183+0000] {processor.py:925} INFO - DAG(s) 'example_dag_decorator' retrieved from /home/airflow/.local/lib/python3.12/site-packages/airflow/example_dags/example_dag_decorator.py
[2024-10-16T03:54:01.192+0000] {logging_mixin.py:190} INFO - [2024-10-16T03:54:01.192+0000] {dag.py:3239} INFO - Sync 1 DAGs
[2024-10-16T03:54:01.198+0000] {logging_mixin.py:190} INFO - [2024-10-16T03:54:01.198+0000] {dag.py:4180} INFO - Setting next_dagrun for example_dag_decorator to None, run_after=None
[2024-10-16T03:54:01.205+0000] {processor.py:208} INFO - Processing /home/airflow/.local/lib/python3.12/site-packages/airflow/example_dags/example_dag_decorator.py took 0.031 seconds
[2024-10-16T03:54:32.084+0000] {processor.py:186} INFO - Started process (PID=462) to work on /home/airflow/.local/lib/python3.12/site-packages/airflow/example_dags/example_dag_decorator.py
[2024-10-16T03:54:32.084+0000] {processor.py:914} INFO - Processing file /home/airflow/.local/lib/python3.12/site-packages/airflow/example_dags/example_dag_decorator.py for tasks to queue
[2024-10-16T03:54:32.085+0000] {logging_mixin.py:190} INFO - [2024-10-16T03:54:32.085+0000] {dagbag.py:588} INFO - Filling up the DagBag from /home/airflow/.local/lib/python3.12/site-packages/airflow/example_dags/example_dag_decorator.py
[2024-10-16T03:54:32.091+0000] {processor.py:925} INFO - DAG(s) 'example_dag_decorator' retrieved from /home/airflow/.local/lib/python3.12/site-packages/airflow/example_dags/example_dag_decorator.py
[2024-10-16T03:54:32.138+0000] {logging_mixin.py:190} INFO - [2024-10-16T03:54:32.138+0000] {dag.py:3239} INFO - Sync 1 DAGs
[2024-10-16T03:54:32.143+0000] {logging_mixin.py:190} INFO - [2024-10-16T03:54:32.143+0000] {dag.py:4180} INFO - Setting next_dagrun for example_dag_decorator to None, run_after=None
[2024-10-16T03:54:32.150+0000] {processor.py:208} INFO - Processing /home/airflow/.local/lib/python3.12/site-packages/airflow/example_dags/example_dag_decorator.py took 0.069 seconds
[2024-10-16T03:55:03.086+0000] {processor.py:186} INFO - Started process (PID=524) to work on /home/airflow/.local/lib/python3.12/site-packages/airflow/example_dags/example_dag_decorator.py
[2024-10-16T03:55:03.086+0000] {processor.py:914} INFO - Processing file /home/airflow/.local/lib/python3.12/site-packages/airflow/example_dags/example_dag_decorator.py for tasks to queue
[2024-10-16T03:55:03.087+0000] {logging_mixin.py:190} INFO - [2024-10-16T03:55:03.087+0000] {dagbag.py:588} INFO - Filling up the DagBag from /home/airflow/.local/lib/python3.12/site-packages/airflow/example_dags/example_dag_decorator.py
[2024-10-16T03:55:03.093+0000] {processor.py:925} INFO - DAG(s) 'example_dag_decorator' retrieved from /home/airflow/.local/lib/python3.12/site-packages/airflow/example_dags/example_dag_decorator.py
[2024-10-16T03:55:03.143+0000] {logging_mixin.py:190} INFO - [2024-10-16T03:55:03.143+0000] {dag.py:3239} INFO - Sync 1 DAGs
[2024-10-16T03:55:03.148+0000] {logging_mixin.py:190} INFO - [2024-10-16T03:55:03.148+0000] {dag.py:4180} INFO - Setting next_dagrun for example_dag_decorator to None, run_after=None
[2024-10-16T03:55:03.156+0000] {processor.py:208} INFO - Processing /home/airflow/.local/lib/python3.12/site-packages/airflow/example_dags/example_dag_decorator.py took 0.073 seconds
[2024-10-16T03:55:34.229+0000] {processor.py:186} INFO - Started process (PID=586) to work on /home/airflow/.local/lib/python3.12/site-packages/airflow/example_dags/example_dag_decorator.py
[2024-10-16T03:55:34.230+0000] {processor.py:914} INFO - Processing file /home/airflow/.local/lib/python3.12/site-packages/airflow/example_dags/example_dag_decorator.py for tasks to queue
[2024-10-16T03:55:34.231+0000] {logging_mixin.py:190} INFO - [2024-10-16T03:55:34.230+0000] {dagbag.py:588} INFO - Filling up the DagBag from /home/airflow/.local/lib/python3.12/site-packages/airflow/example_dags/example_dag_decorator.py
[2024-10-16T03:55:34.236+0000] {processor.py:925} INFO - DAG(s) 'example_dag_decorator' retrieved from /home/airflow/.local/lib/python3.12/site-packages/airflow/example_dags/example_dag_decorator.py
[2024-10-16T03:55:34.283+0000] {logging_mixin.py:190} INFO - [2024-10-16T03:55:34.283+0000] {dag.py:3239} INFO - Sync 1 DAGs
[2024-10-16T03:55:34.288+0000] {logging_mixin.py:190} INFO - [2024-10-16T03:55:34.288+0000] {dag.py:4180} INFO - Setting next_dagrun for example_dag_decorator to None, run_after=None
[2024-10-16T03:55:34.295+0000] {processor.py:208} INFO - Processing /home/airflow/.local/lib/python3.12/site-packages/airflow/example_dags/example_dag_decorator.py took 0.069 seconds
[2024-10-16T03:56:04.422+0000] {processor.py:186} INFO - Started process (PID=648) to work on /home/airflow/.local/lib/python3.12/site-packages/airflow/example_dags/example_dag_decorator.py
[2024-10-16T03:56:04.423+0000] {processor.py:914} INFO - Processing file /home/airflow/.local/lib/python3.12/site-packages/airflow/example_dags/example_dag_decorator.py for tasks to queue
[2024-10-16T03:56:04.424+0000] {logging_mixin.py:190} INFO - [2024-10-16T03:56:04.424+0000] {dagbag.py:588} INFO - Filling up the DagBag from /home/airflow/.local/lib/python3.12/site-packages/airflow/example_dags/example_dag_decorator.py
[2024-10-16T03:56:04.430+0000] {processor.py:925} INFO - DAG(s) 'example_dag_decorator' retrieved from /home/airflow/.local/lib/python3.12/site-packages/airflow/example_dags/example_dag_decorator.py
[2024-10-16T03:56:04.483+0000] {logging_mixin.py:190} INFO - [2024-10-16T03:56:04.483+0000] {dag.py:3239} INFO - Sync 1 DAGs
[2024-10-16T03:56:04.492+0000] {logging_mixin.py:190} INFO - [2024-10-16T03:56:04.491+0000] {dag.py:4180} INFO - Setting next_dagrun for example_dag_decorator to None, run_after=None
[2024-10-16T03:56:04.499+0000] {processor.py:208} INFO - Processing /home/airflow/.local/lib/python3.12/site-packages/airflow/example_dags/example_dag_decorator.py took 0.081 seconds
[2024-10-16T03:56:35.922+0000] {processor.py:186} INFO - Started process (PID=710) to work on /home/airflow/.local/lib/python3.12/site-packages/airflow/example_dags/example_dag_decorator.py
[2024-10-16T03:56:35.923+0000] {processor.py:914} INFO - Processing file /home/airflow/.local/lib/python3.12/site-packages/airflow/example_dags/example_dag_decorator.py for tasks to queue
[2024-10-16T03:56:35.924+0000] {logging_mixin.py:190} INFO - [2024-10-16T03:56:35.924+0000] {dagbag.py:588} INFO - Filling up the DagBag from /home/airflow/.local/lib/python3.12/site-packages/airflow/example_dags/example_dag_decorator.py
[2024-10-16T03:56:35.932+0000] {processor.py:925} INFO - DAG(s) 'example_dag_decorator' retrieved from /home/airflow/.local/lib/python3.12/site-packages/airflow/example_dags/example_dag_decorator.py
[2024-10-16T03:56:35.982+0000] {logging_mixin.py:190} INFO - [2024-10-16T03:56:35.981+0000] {dag.py:3239} INFO - Sync 1 DAGs
[2024-10-16T03:56:35.986+0000] {logging_mixin.py:190} INFO - [2024-10-16T03:56:35.986+0000] {dag.py:4180} INFO - Setting next_dagrun for example_dag_decorator to None, run_after=None
[2024-10-16T03:56:35.993+0000] {processor.py:208} INFO - Processing /home/airflow/.local/lib/python3.12/site-packages/airflow/example_dags/example_dag_decorator.py took 0.073 seconds
[2024-10-16T03:57:06.980+0000] {processor.py:186} INFO - Started process (PID=772) to work on /home/airflow/.local/lib/python3.12/site-packages/airflow/example_dags/example_dag_decorator.py
[2024-10-16T03:57:06.981+0000] {processor.py:914} INFO - Processing file /home/airflow/.local/lib/python3.12/site-packages/airflow/example_dags/example_dag_decorator.py for tasks to queue
[2024-10-16T03:57:06.982+0000] {logging_mixin.py:190} INFO - [2024-10-16T03:57:06.982+0000] {dagbag.py:588} INFO - Filling up the DagBag from /home/airflow/.local/lib/python3.12/site-packages/airflow/example_dags/example_dag_decorator.py
[2024-10-16T03:57:06.989+0000] {processor.py:925} INFO - DAG(s) 'example_dag_decorator' retrieved from /home/airflow/.local/lib/python3.12/site-packages/airflow/example_dags/example_dag_decorator.py
[2024-10-16T03:57:07.041+0000] {logging_mixin.py:190} INFO - [2024-10-16T03:57:07.041+0000] {dag.py:3239} INFO - Sync 1 DAGs
[2024-10-16T03:57:07.049+0000] {logging_mixin.py:190} INFO - [2024-10-16T03:57:07.049+0000] {dag.py:4180} INFO - Setting next_dagrun for example_dag_decorator to None, run_after=None
[2024-10-16T03:57:07.060+0000] {processor.py:208} INFO - Processing /home/airflow/.local/lib/python3.12/site-packages/airflow/example_dags/example_dag_decorator.py took 0.083 seconds
[2024-10-16T03:57:37.825+0000] {processor.py:186} INFO - Started process (PID=834) to work on /home/airflow/.local/lib/python3.12/site-packages/airflow/example_dags/example_dag_decorator.py
[2024-10-16T03:57:37.826+0000] {processor.py:914} INFO - Processing file /home/airflow/.local/lib/python3.12/site-packages/airflow/example_dags/example_dag_decorator.py for tasks to queue
[2024-10-16T03:57:37.827+0000] {logging_mixin.py:190} INFO - [2024-10-16T03:57:37.827+0000] {dagbag.py:588} INFO - Filling up the DagBag from /home/airflow/.local/lib/python3.12/site-packages/airflow/example_dags/example_dag_decorator.py
[2024-10-16T03:57:37.832+0000] {processor.py:925} INFO - DAG(s) 'example_dag_decorator' retrieved from /home/airflow/.local/lib/python3.12/site-packages/airflow/example_dags/example_dag_decorator.py
[2024-10-16T03:57:37.877+0000] {logging_mixin.py:190} INFO - [2024-10-16T03:57:37.877+0000] {dag.py:3239} INFO - Sync 1 DAGs
[2024-10-16T03:57:37.882+0000] {logging_mixin.py:190} INFO - [2024-10-16T03:57:37.882+0000] {dag.py:4180} INFO - Setting next_dagrun for example_dag_decorator to None, run_after=None
[2024-10-16T03:57:37.892+0000] {processor.py:208} INFO - Processing /home/airflow/.local/lib/python3.12/site-packages/airflow/example_dags/example_dag_decorator.py took 0.069 seconds
[2024-10-16T03:58:08.375+0000] {processor.py:186} INFO - Started process (PID=896) to work on /home/airflow/.local/lib/python3.12/site-packages/airflow/example_dags/example_dag_decorator.py
[2024-10-16T03:58:08.375+0000] {processor.py:914} INFO - Processing file /home/airflow/.local/lib/python3.12/site-packages/airflow/example_dags/example_dag_decorator.py for tasks to queue
[2024-10-16T03:58:08.376+0000] {logging_mixin.py:190} INFO - [2024-10-16T03:58:08.376+0000] {dagbag.py:588} INFO - Filling up the DagBag from /home/airflow/.local/lib/python3.12/site-packages/airflow/example_dags/example_dag_decorator.py
[2024-10-16T03:58:08.382+0000] {processor.py:925} INFO - DAG(s) 'example_dag_decorator' retrieved from /home/airflow/.local/lib/python3.12/site-packages/airflow/example_dags/example_dag_decorator.py
[2024-10-16T03:58:08.432+0000] {logging_mixin.py:190} INFO - [2024-10-16T03:58:08.432+0000] {dag.py:3239} INFO - Sync 1 DAGs
[2024-10-16T03:58:08.437+0000] {logging_mixin.py:190} INFO - [2024-10-16T03:58:08.437+0000] {dag.py:4180} INFO - Setting next_dagrun for example_dag_decorator to None, run_after=None
[2024-10-16T03:58:08.444+0000] {processor.py:208} INFO - Processing /home/airflow/.local/lib/python3.12/site-packages/airflow/example_dags/example_dag_decorator.py took 0.072 seconds
[2024-10-16T03:58:38.512+0000] {processor.py:186} INFO - Started process (PID=957) to work on /home/airflow/.local/lib/python3.12/site-packages/airflow/example_dags/example_dag_decorator.py
[2024-10-16T03:58:38.513+0000] {processor.py:914} INFO - Processing file /home/airflow/.local/lib/python3.12/site-packages/airflow/example_dags/example_dag_decorator.py for tasks to queue
[2024-10-16T03:58:38.514+0000] {logging_mixin.py:190} INFO - [2024-10-16T03:58:38.514+0000] {dagbag.py:588} INFO - Filling up the DagBag from /home/airflow/.local/lib/python3.12/site-packages/airflow/example_dags/example_dag_decorator.py
[2024-10-16T03:58:38.521+0000] {processor.py:925} INFO - DAG(s) 'example_dag_decorator' retrieved from /home/airflow/.local/lib/python3.12/site-packages/airflow/example_dags/example_dag_decorator.py
[2024-10-16T03:58:38.573+0000] {logging_mixin.py:190} INFO - [2024-10-16T03:58:38.573+0000] {dag.py:3239} INFO - Sync 1 DAGs
[2024-10-16T03:58:38.579+0000] {logging_mixin.py:190} INFO - [2024-10-16T03:58:38.579+0000] {dag.py:4180} INFO - Setting next_dagrun for example_dag_decorator to None, run_after=None
[2024-10-16T03:58:38.586+0000] {processor.py:208} INFO - Processing /home/airflow/.local/lib/python3.12/site-packages/airflow/example_dags/example_dag_decorator.py took 0.077 seconds
[2024-10-16T03:59:09.601+0000] {processor.py:186} INFO - Started process (PID=1020) to work on /home/airflow/.local/lib/python3.12/site-packages/airflow/example_dags/example_dag_decorator.py
[2024-10-16T03:59:09.603+0000] {processor.py:914} INFO - Processing file /home/airflow/.local/lib/python3.12/site-packages/airflow/example_dags/example_dag_decorator.py for tasks to queue
[2024-10-16T03:59:09.604+0000] {logging_mixin.py:190} INFO - [2024-10-16T03:59:09.604+0000] {dagbag.py:588} INFO - Filling up the DagBag from /home/airflow/.local/lib/python3.12/site-packages/airflow/example_dags/example_dag_decorator.py
[2024-10-16T03:59:09.609+0000] {processor.py:925} INFO - DAG(s) 'example_dag_decorator' retrieved from /home/airflow/.local/lib/python3.12/site-packages/airflow/example_dags/example_dag_decorator.py
[2024-10-16T03:59:09.665+0000] {logging_mixin.py:190} INFO - [2024-10-16T03:59:09.665+0000] {dag.py:3239} INFO - Sync 1 DAGs
[2024-10-16T03:59:09.671+0000] {logging_mixin.py:190} INFO - [2024-10-16T03:59:09.671+0000] {dag.py:4180} INFO - Setting next_dagrun for example_dag_decorator to None, run_after=None
[2024-10-16T03:59:09.679+0000] {processor.py:208} INFO - Processing /home/airflow/.local/lib/python3.12/site-packages/airflow/example_dags/example_dag_decorator.py took 0.080 seconds
[2024-10-16T03:59:40.765+0000] {processor.py:186} INFO - Started process (PID=1082) to work on /home/airflow/.local/lib/python3.12/site-packages/airflow/example_dags/example_dag_decorator.py
[2024-10-16T03:59:40.767+0000] {processor.py:914} INFO - Processing file /home/airflow/.local/lib/python3.12/site-packages/airflow/example_dags/example_dag_decorator.py for tasks to queue
[2024-10-16T03:59:40.768+0000] {logging_mixin.py:190} INFO - [2024-10-16T03:59:40.768+0000] {dagbag.py:588} INFO - Filling up the DagBag from /home/airflow/.local/lib/python3.12/site-packages/airflow/example_dags/example_dag_decorator.py
[2024-10-16T03:59:40.777+0000] {processor.py:925} INFO - DAG(s) 'example_dag_decorator' retrieved from /home/airflow/.local/lib/python3.12/site-packages/airflow/example_dags/example_dag_decorator.py
[2024-10-16T03:59:40.861+0000] {logging_mixin.py:190} INFO - [2024-10-16T03:59:40.861+0000] {dag.py:3239} INFO - Sync 1 DAGs
[2024-10-16T03:59:40.870+0000] {logging_mixin.py:190} INFO - [2024-10-16T03:59:40.869+0000] {dag.py:4180} INFO - Setting next_dagrun for example_dag_decorator to None, run_after=None
[2024-10-16T03:59:40.895+0000] {processor.py:208} INFO - Processing /home/airflow/.local/lib/python3.12/site-packages/airflow/example_dags/example_dag_decorator.py took 0.134 seconds
[2024-10-16T04:00:11.979+0000] {processor.py:186} INFO - Started process (PID=1144) to work on /home/airflow/.local/lib/python3.12/site-packages/airflow/example_dags/example_dag_decorator.py
[2024-10-16T04:00:11.980+0000] {processor.py:914} INFO - Processing file /home/airflow/.local/lib/python3.12/site-packages/airflow/example_dags/example_dag_decorator.py for tasks to queue
[2024-10-16T04:00:11.981+0000] {logging_mixin.py:190} INFO - [2024-10-16T04:00:11.981+0000] {dagbag.py:588} INFO - Filling up the DagBag from /home/airflow/.local/lib/python3.12/site-packages/airflow/example_dags/example_dag_decorator.py
[2024-10-16T04:00:11.987+0000] {processor.py:925} INFO - DAG(s) 'example_dag_decorator' retrieved from /home/airflow/.local/lib/python3.12/site-packages/airflow/example_dags/example_dag_decorator.py
[2024-10-16T04:00:12.046+0000] {logging_mixin.py:190} INFO - [2024-10-16T04:00:12.046+0000] {dag.py:3239} INFO - Sync 1 DAGs
[2024-10-16T04:00:12.054+0000] {logging_mixin.py:190} INFO - [2024-10-16T04:00:12.054+0000] {dag.py:4180} INFO - Setting next_dagrun for example_dag_decorator to None, run_after=None
[2024-10-16T04:00:12.065+0000] {processor.py:208} INFO - Processing /home/airflow/.local/lib/python3.12/site-packages/airflow/example_dags/example_dag_decorator.py took 0.089 seconds
[2024-10-16T04:00:42.085+0000] {processor.py:186} INFO - Started process (PID=1206) to work on /home/airflow/.local/lib/python3.12/site-packages/airflow/example_dags/example_dag_decorator.py
[2024-10-16T04:00:42.085+0000] {processor.py:914} INFO - Processing file /home/airflow/.local/lib/python3.12/site-packages/airflow/example_dags/example_dag_decorator.py for tasks to queue
[2024-10-16T04:00:42.086+0000] {logging_mixin.py:190} INFO - [2024-10-16T04:00:42.086+0000] {dagbag.py:588} INFO - Filling up the DagBag from /home/airflow/.local/lib/python3.12/site-packages/airflow/example_dags/example_dag_decorator.py
[2024-10-16T04:00:42.091+0000] {processor.py:925} INFO - DAG(s) 'example_dag_decorator' retrieved from /home/airflow/.local/lib/python3.12/site-packages/airflow/example_dags/example_dag_decorator.py
[2024-10-16T04:00:42.140+0000] {logging_mixin.py:190} INFO - [2024-10-16T04:00:42.140+0000] {dag.py:3239} INFO - Sync 1 DAGs
[2024-10-16T04:00:42.145+0000] {logging_mixin.py:190} INFO - [2024-10-16T04:00:42.145+0000] {dag.py:4180} INFO - Setting next_dagrun for example_dag_decorator to None, run_after=None
[2024-10-16T04:00:42.153+0000] {processor.py:208} INFO - Processing /home/airflow/.local/lib/python3.12/site-packages/airflow/example_dags/example_dag_decorator.py took 0.070 seconds
[2024-10-16T04:01:12.965+0000] {processor.py:186} INFO - Started process (PID=1268) to work on /home/airflow/.local/lib/python3.12/site-packages/airflow/example_dags/example_dag_decorator.py
[2024-10-16T04:01:12.965+0000] {processor.py:914} INFO - Processing file /home/airflow/.local/lib/python3.12/site-packages/airflow/example_dags/example_dag_decorator.py for tasks to queue
[2024-10-16T04:01:12.966+0000] {logging_mixin.py:190} INFO - [2024-10-16T04:01:12.966+0000] {dagbag.py:588} INFO - Filling up the DagBag from /home/airflow/.local/lib/python3.12/site-packages/airflow/example_dags/example_dag_decorator.py
[2024-10-16T04:01:12.971+0000] {processor.py:925} INFO - DAG(s) 'example_dag_decorator' retrieved from /home/airflow/.local/lib/python3.12/site-packages/airflow/example_dags/example_dag_decorator.py
[2024-10-16T04:01:13.020+0000] {logging_mixin.py:190} INFO - [2024-10-16T04:01:13.020+0000] {dag.py:3239} INFO - Sync 1 DAGs
[2024-10-16T04:01:13.025+0000] {logging_mixin.py:190} INFO - [2024-10-16T04:01:13.025+0000] {dag.py:4180} INFO - Setting next_dagrun for example_dag_decorator to None, run_after=None
[2024-10-16T04:01:13.032+0000] {processor.py:208} INFO - Processing /home/airflow/.local/lib/python3.12/site-packages/airflow/example_dags/example_dag_decorator.py took 0.070 seconds
[2024-10-16T04:01:44.063+0000] {processor.py:186} INFO - Started process (PID=1330) to work on /home/airflow/.local/lib/python3.12/site-packages/airflow/example_dags/example_dag_decorator.py
[2024-10-16T04:01:44.064+0000] {processor.py:914} INFO - Processing file /home/airflow/.local/lib/python3.12/site-packages/airflow/example_dags/example_dag_decorator.py for tasks to queue
[2024-10-16T04:01:44.065+0000] {logging_mixin.py:190} INFO - [2024-10-16T04:01:44.064+0000] {dagbag.py:588} INFO - Filling up the DagBag from /home/airflow/.local/lib/python3.12/site-packages/airflow/example_dags/example_dag_decorator.py
[2024-10-16T04:01:44.070+0000] {processor.py:925} INFO - DAG(s) 'example_dag_decorator' retrieved from /home/airflow/.local/lib/python3.12/site-packages/airflow/example_dags/example_dag_decorator.py
[2024-10-16T04:01:44.128+0000] {logging_mixin.py:190} INFO - [2024-10-16T04:01:44.128+0000] {dag.py:3239} INFO - Sync 1 DAGs
[2024-10-16T04:01:44.133+0000] {logging_mixin.py:190} INFO - [2024-10-16T04:01:44.133+0000] {dag.py:4180} INFO - Setting next_dagrun for example_dag_decorator to None, run_after=None
[2024-10-16T04:01:44.140+0000] {processor.py:208} INFO - Processing /home/airflow/.local/lib/python3.12/site-packages/airflow/example_dags/example_dag_decorator.py took 0.080 seconds
[2024-10-16T04:02:14.943+0000] {processor.py:186} INFO - Started process (PID=1392) to work on /home/airflow/.local/lib/python3.12/site-packages/airflow/example_dags/example_dag_decorator.py
[2024-10-16T04:02:14.944+0000] {processor.py:914} INFO - Processing file /home/airflow/.local/lib/python3.12/site-packages/airflow/example_dags/example_dag_decorator.py for tasks to queue
[2024-10-16T04:02:14.945+0000] {logging_mixin.py:190} INFO - [2024-10-16T04:02:14.945+0000] {dagbag.py:588} INFO - Filling up the DagBag from /home/airflow/.local/lib/python3.12/site-packages/airflow/example_dags/example_dag_decorator.py
[2024-10-16T04:02:14.950+0000] {processor.py:925} INFO - DAG(s) 'example_dag_decorator' retrieved from /home/airflow/.local/lib/python3.12/site-packages/airflow/example_dags/example_dag_decorator.py
[2024-10-16T04:02:14.999+0000] {logging_mixin.py:190} INFO - [2024-10-16T04:02:14.999+0000] {dag.py:3239} INFO - Sync 1 DAGs
[2024-10-16T04:02:15.003+0000] {logging_mixin.py:190} INFO - [2024-10-16T04:02:15.003+0000] {dag.py:4180} INFO - Setting next_dagrun for example_dag_decorator to None, run_after=None
[2024-10-16T04:02:15.010+0000] {processor.py:208} INFO - Processing /home/airflow/.local/lib/python3.12/site-packages/airflow/example_dags/example_dag_decorator.py took 0.069 seconds
[2024-10-16T04:02:45.836+0000] {processor.py:186} INFO - Started process (PID=1460) to work on /home/airflow/.local/lib/python3.12/site-packages/airflow/example_dags/example_dag_decorator.py
[2024-10-16T04:02:45.836+0000] {processor.py:914} INFO - Processing file /home/airflow/.local/lib/python3.12/site-packages/airflow/example_dags/example_dag_decorator.py for tasks to queue
[2024-10-16T04:02:45.837+0000] {logging_mixin.py:190} INFO - [2024-10-16T04:02:45.837+0000] {dagbag.py:588} INFO - Filling up the DagBag from /home/airflow/.local/lib/python3.12/site-packages/airflow/example_dags/example_dag_decorator.py
[2024-10-16T04:02:45.843+0000] {processor.py:925} INFO - DAG(s) 'example_dag_decorator' retrieved from /home/airflow/.local/lib/python3.12/site-packages/airflow/example_dags/example_dag_decorator.py
[2024-10-16T04:02:45.890+0000] {logging_mixin.py:190} INFO - [2024-10-16T04:02:45.890+0000] {dag.py:3239} INFO - Sync 1 DAGs
[2024-10-16T04:02:45.895+0000] {logging_mixin.py:190} INFO - [2024-10-16T04:02:45.895+0000] {dag.py:4180} INFO - Setting next_dagrun for example_dag_decorator to None, run_after=None
[2024-10-16T04:02:45.902+0000] {processor.py:208} INFO - Processing /home/airflow/.local/lib/python3.12/site-packages/airflow/example_dags/example_dag_decorator.py took 0.068 seconds
[2024-10-16T04:03:16.639+0000] {processor.py:186} INFO - Started process (PID=1522) to work on /home/airflow/.local/lib/python3.12/site-packages/airflow/example_dags/example_dag_decorator.py
[2024-10-16T04:03:16.639+0000] {processor.py:914} INFO - Processing file /home/airflow/.local/lib/python3.12/site-packages/airflow/example_dags/example_dag_decorator.py for tasks to queue
[2024-10-16T04:03:16.640+0000] {logging_mixin.py:190} INFO - [2024-10-16T04:03:16.640+0000] {dagbag.py:588} INFO - Filling up the DagBag from /home/airflow/.local/lib/python3.12/site-packages/airflow/example_dags/example_dag_decorator.py
[2024-10-16T04:03:16.645+0000] {processor.py:925} INFO - DAG(s) 'example_dag_decorator' retrieved from /home/airflow/.local/lib/python3.12/site-packages/airflow/example_dags/example_dag_decorator.py
[2024-10-16T04:03:16.690+0000] {logging_mixin.py:190} INFO - [2024-10-16T04:03:16.690+0000] {dag.py:3239} INFO - Sync 1 DAGs
[2024-10-16T04:03:16.696+0000] {logging_mixin.py:190} INFO - [2024-10-16T04:03:16.695+0000] {dag.py:4180} INFO - Setting next_dagrun for example_dag_decorator to None, run_after=None
[2024-10-16T04:03:16.703+0000] {processor.py:208} INFO - Processing /home/airflow/.local/lib/python3.12/site-packages/airflow/example_dags/example_dag_decorator.py took 0.067 seconds
[2024-10-16T04:03:47.517+0000] {processor.py:186} INFO - Started process (PID=1583) to work on /home/airflow/.local/lib/python3.12/site-packages/airflow/example_dags/example_dag_decorator.py
[2024-10-16T04:03:47.517+0000] {processor.py:914} INFO - Processing file /home/airflow/.local/lib/python3.12/site-packages/airflow/example_dags/example_dag_decorator.py for tasks to queue
[2024-10-16T04:03:47.520+0000] {logging_mixin.py:190} INFO - [2024-10-16T04:03:47.519+0000] {dagbag.py:588} INFO - Filling up the DagBag from /home/airflow/.local/lib/python3.12/site-packages/airflow/example_dags/example_dag_decorator.py
[2024-10-16T04:03:47.526+0000] {processor.py:925} INFO - DAG(s) 'example_dag_decorator' retrieved from /home/airflow/.local/lib/python3.12/site-packages/airflow/example_dags/example_dag_decorator.py
[2024-10-16T04:03:47.592+0000] {logging_mixin.py:190} INFO - [2024-10-16T04:03:47.591+0000] {dag.py:3239} INFO - Sync 1 DAGs
[2024-10-16T04:03:47.599+0000] {logging_mixin.py:190} INFO - [2024-10-16T04:03:47.599+0000] {dag.py:4180} INFO - Setting next_dagrun for example_dag_decorator to None, run_after=None
[2024-10-16T04:03:47.608+0000] {processor.py:208} INFO - Processing /home/airflow/.local/lib/python3.12/site-packages/airflow/example_dags/example_dag_decorator.py took 0.094 seconds
[2024-10-16T04:04:18.509+0000] {processor.py:186} INFO - Started process (PID=1645) to work on /home/airflow/.local/lib/python3.12/site-packages/airflow/example_dags/example_dag_decorator.py
[2024-10-16T04:04:18.510+0000] {processor.py:914} INFO - Processing file /home/airflow/.local/lib/python3.12/site-packages/airflow/example_dags/example_dag_decorator.py for tasks to queue
[2024-10-16T04:04:18.511+0000] {logging_mixin.py:190} INFO - [2024-10-16T04:04:18.511+0000] {dagbag.py:588} INFO - Filling up the DagBag from /home/airflow/.local/lib/python3.12/site-packages/airflow/example_dags/example_dag_decorator.py
[2024-10-16T04:04:18.515+0000] {processor.py:925} INFO - DAG(s) 'example_dag_decorator' retrieved from /home/airflow/.local/lib/python3.12/site-packages/airflow/example_dags/example_dag_decorator.py
[2024-10-16T04:04:18.562+0000] {logging_mixin.py:190} INFO - [2024-10-16T04:04:18.562+0000] {dag.py:3239} INFO - Sync 1 DAGs
[2024-10-16T04:04:18.568+0000] {logging_mixin.py:190} INFO - [2024-10-16T04:04:18.568+0000] {dag.py:4180} INFO - Setting next_dagrun for example_dag_decorator to None, run_after=None
[2024-10-16T04:04:18.576+0000] {processor.py:208} INFO - Processing /home/airflow/.local/lib/python3.12/site-packages/airflow/example_dags/example_dag_decorator.py took 0.070 seconds
