[2024-10-16T03:51:26.110+0000] {processor.py:186} INFO - Started process (PID=53) to work on /home/airflow/.local/lib/python3.12/site-packages/airflow/example_dags/example_bash_operator.py
[2024-10-16T03:51:26.111+0000] {processor.py:914} INFO - Processing file /home/airflow/.local/lib/python3.12/site-packages/airflow/example_dags/example_bash_operator.py for tasks to queue
[2024-10-16T03:51:26.116+0000] {logging_mixin.py:190} INFO - [2024-10-16T03:51:26.116+0000] {dagbag.py:588} INFO - Filling up the DagBag from /home/airflow/.local/lib/python3.12/site-packages/airflow/example_dags/example_bash_operator.py
[2024-10-16T03:51:26.137+0000] {processor.py:925} INFO - DAG(s) 'example_bash_operator' retrieved from /home/airflow/.local/lib/python3.12/site-packages/airflow/example_dags/example_bash_operator.py
[2024-10-16T03:51:26.187+0000] {logging_mixin.py:190} INFO - [2024-10-16T03:51:26.187+0000] {dag.py:3239} INFO - Sync 1 DAGs
[2024-10-16T03:51:26.231+0000] {logging_mixin.py:190} INFO - [2024-10-16T03:51:26.231+0000] {dag.py:4180} INFO - Setting next_dagrun for example_bash_operator to 2024-10-15 00:00:00+00:00, run_after=2024-10-16 00:00:00+00:00
[2024-10-16T03:51:26.252+0000] {processor.py:208} INFO - Processing /home/airflow/.local/lib/python3.12/site-packages/airflow/example_dags/example_bash_operator.py took 0.146 seconds
[2024-10-16T03:51:56.531+0000] {processor.py:186} INFO - Started process (PID=113) to work on /home/airflow/.local/lib/python3.12/site-packages/airflow/example_dags/example_bash_operator.py
[2024-10-16T03:51:56.532+0000] {processor.py:914} INFO - Processing file /home/airflow/.local/lib/python3.12/site-packages/airflow/example_dags/example_bash_operator.py for tasks to queue
[2024-10-16T03:51:56.533+0000] {logging_mixin.py:190} INFO - [2024-10-16T03:51:56.533+0000] {dagbag.py:588} INFO - Filling up the DagBag from /home/airflow/.local/lib/python3.12/site-packages/airflow/example_dags/example_bash_operator.py
[2024-10-16T03:51:56.540+0000] {processor.py:925} INFO - DAG(s) 'example_bash_operator' retrieved from /home/airflow/.local/lib/python3.12/site-packages/airflow/example_dags/example_bash_operator.py
[2024-10-16T03:51:56.551+0000] {logging_mixin.py:190} INFO - [2024-10-16T03:51:56.551+0000] {dag.py:3239} INFO - Sync 1 DAGs
[2024-10-16T03:51:56.561+0000] {logging_mixin.py:190} INFO - [2024-10-16T03:51:56.561+0000] {dag.py:4180} INFO - Setting next_dagrun for example_bash_operator to 2024-10-15 00:00:00+00:00, run_after=2024-10-16 00:00:00+00:00
[2024-10-16T03:51:56.567+0000] {processor.py:208} INFO - Processing /home/airflow/.local/lib/python3.12/site-packages/airflow/example_dags/example_bash_operator.py took 0.041 seconds
[2024-10-16T03:52:27.000+0000] {processor.py:186} INFO - Started process (PID=176) to work on /home/airflow/.local/lib/python3.12/site-packages/airflow/example_dags/example_bash_operator.py
[2024-10-16T03:52:27.000+0000] {processor.py:914} INFO - Processing file /home/airflow/.local/lib/python3.12/site-packages/airflow/example_dags/example_bash_operator.py for tasks to queue
[2024-10-16T03:52:27.001+0000] {logging_mixin.py:190} INFO - [2024-10-16T03:52:27.001+0000] {dagbag.py:588} INFO - Filling up the DagBag from /home/airflow/.local/lib/python3.12/site-packages/airflow/example_dags/example_bash_operator.py
[2024-10-16T03:52:27.007+0000] {processor.py:925} INFO - DAG(s) 'example_bash_operator' retrieved from /home/airflow/.local/lib/python3.12/site-packages/airflow/example_dags/example_bash_operator.py
[2024-10-16T03:52:27.016+0000] {logging_mixin.py:190} INFO - [2024-10-16T03:52:27.016+0000] {dag.py:3239} INFO - Sync 1 DAGs
[2024-10-16T03:52:27.025+0000] {logging_mixin.py:190} INFO - [2024-10-16T03:52:27.025+0000] {dag.py:4180} INFO - Setting next_dagrun for example_bash_operator to 2024-10-15 00:00:00+00:00, run_after=2024-10-16 00:00:00+00:00
[2024-10-16T03:52:27.032+0000] {processor.py:208} INFO - Processing /home/airflow/.local/lib/python3.12/site-packages/airflow/example_dags/example_bash_operator.py took 0.035 seconds
[2024-10-16T03:52:58.076+0000] {processor.py:186} INFO - Started process (PID=238) to work on /home/airflow/.local/lib/python3.12/site-packages/airflow/example_dags/example_bash_operator.py
[2024-10-16T03:52:58.076+0000] {processor.py:914} INFO - Processing file /home/airflow/.local/lib/python3.12/site-packages/airflow/example_dags/example_bash_operator.py for tasks to queue
[2024-10-16T03:52:58.078+0000] {logging_mixin.py:190} INFO - [2024-10-16T03:52:58.078+0000] {dagbag.py:588} INFO - Filling up the DagBag from /home/airflow/.local/lib/python3.12/site-packages/airflow/example_dags/example_bash_operator.py
[2024-10-16T03:52:58.085+0000] {processor.py:925} INFO - DAG(s) 'example_bash_operator' retrieved from /home/airflow/.local/lib/python3.12/site-packages/airflow/example_dags/example_bash_operator.py
[2024-10-16T03:52:58.103+0000] {logging_mixin.py:190} INFO - [2024-10-16T03:52:58.103+0000] {dag.py:3239} INFO - Sync 1 DAGs
[2024-10-16T03:52:58.116+0000] {logging_mixin.py:190} INFO - [2024-10-16T03:52:58.116+0000] {dag.py:4180} INFO - Setting next_dagrun for example_bash_operator to 2024-10-15 00:00:00+00:00, run_after=2024-10-16 00:00:00+00:00
[2024-10-16T03:52:58.125+0000] {processor.py:208} INFO - Processing /home/airflow/.local/lib/python3.12/site-packages/airflow/example_dags/example_bash_operator.py took 0.053 seconds
[2024-10-16T03:53:29.121+0000] {processor.py:186} INFO - Started process (PID=300) to work on /home/airflow/.local/lib/python3.12/site-packages/airflow/example_dags/example_bash_operator.py
[2024-10-16T03:53:29.122+0000] {processor.py:914} INFO - Processing file /home/airflow/.local/lib/python3.12/site-packages/airflow/example_dags/example_bash_operator.py for tasks to queue
[2024-10-16T03:53:29.122+0000] {logging_mixin.py:190} INFO - [2024-10-16T03:53:29.122+0000] {dagbag.py:588} INFO - Filling up the DagBag from /home/airflow/.local/lib/python3.12/site-packages/airflow/example_dags/example_bash_operator.py
[2024-10-16T03:53:29.128+0000] {processor.py:925} INFO - DAG(s) 'example_bash_operator' retrieved from /home/airflow/.local/lib/python3.12/site-packages/airflow/example_dags/example_bash_operator.py
[2024-10-16T03:53:29.139+0000] {logging_mixin.py:190} INFO - [2024-10-16T03:53:29.138+0000] {dag.py:3239} INFO - Sync 1 DAGs
[2024-10-16T03:53:29.147+0000] {logging_mixin.py:190} INFO - [2024-10-16T03:53:29.147+0000] {dag.py:4180} INFO - Setting next_dagrun for example_bash_operator to 2024-10-15 00:00:00+00:00, run_after=2024-10-16 00:00:00+00:00
[2024-10-16T03:53:29.154+0000] {processor.py:208} INFO - Processing /home/airflow/.local/lib/python3.12/site-packages/airflow/example_dags/example_bash_operator.py took 0.035 seconds
[2024-10-16T03:54:00.095+0000] {processor.py:186} INFO - Started process (PID=362) to work on /home/airflow/.local/lib/python3.12/site-packages/airflow/example_dags/example_bash_operator.py
[2024-10-16T03:54:00.096+0000] {processor.py:914} INFO - Processing file /home/airflow/.local/lib/python3.12/site-packages/airflow/example_dags/example_bash_operator.py for tasks to queue
[2024-10-16T03:54:00.097+0000] {logging_mixin.py:190} INFO - [2024-10-16T03:54:00.096+0000] {dagbag.py:588} INFO - Filling up the DagBag from /home/airflow/.local/lib/python3.12/site-packages/airflow/example_dags/example_bash_operator.py
[2024-10-16T03:54:00.102+0000] {processor.py:925} INFO - DAG(s) 'example_bash_operator' retrieved from /home/airflow/.local/lib/python3.12/site-packages/airflow/example_dags/example_bash_operator.py
[2024-10-16T03:54:00.112+0000] {logging_mixin.py:190} INFO - [2024-10-16T03:54:00.112+0000] {dag.py:3239} INFO - Sync 1 DAGs
[2024-10-16T03:54:00.121+0000] {logging_mixin.py:190} INFO - [2024-10-16T03:54:00.120+0000] {dag.py:4180} INFO - Setting next_dagrun for example_bash_operator to 2024-10-15 00:00:00+00:00, run_after=2024-10-16 00:00:00+00:00
[2024-10-16T03:54:00.127+0000] {processor.py:208} INFO - Processing /home/airflow/.local/lib/python3.12/site-packages/airflow/example_dags/example_bash_operator.py took 0.035 seconds
[2024-10-16T03:54:31.036+0000] {processor.py:186} INFO - Started process (PID=424) to work on /home/airflow/.local/lib/python3.12/site-packages/airflow/example_dags/example_bash_operator.py
[2024-10-16T03:54:31.037+0000] {processor.py:914} INFO - Processing file /home/airflow/.local/lib/python3.12/site-packages/airflow/example_dags/example_bash_operator.py for tasks to queue
[2024-10-16T03:54:31.038+0000] {logging_mixin.py:190} INFO - [2024-10-16T03:54:31.038+0000] {dagbag.py:588} INFO - Filling up the DagBag from /home/airflow/.local/lib/python3.12/site-packages/airflow/example_dags/example_bash_operator.py
[2024-10-16T03:54:31.044+0000] {processor.py:925} INFO - DAG(s) 'example_bash_operator' retrieved from /home/airflow/.local/lib/python3.12/site-packages/airflow/example_dags/example_bash_operator.py
[2024-10-16T03:54:31.053+0000] {logging_mixin.py:190} INFO - [2024-10-16T03:54:31.053+0000] {dag.py:3239} INFO - Sync 1 DAGs
[2024-10-16T03:54:31.062+0000] {logging_mixin.py:190} INFO - [2024-10-16T03:54:31.062+0000] {dag.py:4180} INFO - Setting next_dagrun for example_bash_operator to 2024-10-15 00:00:00+00:00, run_after=2024-10-16 00:00:00+00:00
[2024-10-16T03:54:31.069+0000] {processor.py:208} INFO - Processing /home/airflow/.local/lib/python3.12/site-packages/airflow/example_dags/example_bash_operator.py took 0.035 seconds
[2024-10-16T03:55:02.074+0000] {processor.py:186} INFO - Started process (PID=486) to work on /home/airflow/.local/lib/python3.12/site-packages/airflow/example_dags/example_bash_operator.py
[2024-10-16T03:55:02.075+0000] {processor.py:914} INFO - Processing file /home/airflow/.local/lib/python3.12/site-packages/airflow/example_dags/example_bash_operator.py for tasks to queue
[2024-10-16T03:55:02.076+0000] {logging_mixin.py:190} INFO - [2024-10-16T03:55:02.076+0000] {dagbag.py:588} INFO - Filling up the DagBag from /home/airflow/.local/lib/python3.12/site-packages/airflow/example_dags/example_bash_operator.py
[2024-10-16T03:55:02.082+0000] {processor.py:925} INFO - DAG(s) 'example_bash_operator' retrieved from /home/airflow/.local/lib/python3.12/site-packages/airflow/example_dags/example_bash_operator.py
[2024-10-16T03:55:02.092+0000] {logging_mixin.py:190} INFO - [2024-10-16T03:55:02.092+0000] {dag.py:3239} INFO - Sync 1 DAGs
[2024-10-16T03:55:02.101+0000] {logging_mixin.py:190} INFO - [2024-10-16T03:55:02.101+0000] {dag.py:4180} INFO - Setting next_dagrun for example_bash_operator to 2024-10-15 00:00:00+00:00, run_after=2024-10-16 00:00:00+00:00
[2024-10-16T03:55:02.107+0000] {processor.py:208} INFO - Processing /home/airflow/.local/lib/python3.12/site-packages/airflow/example_dags/example_bash_operator.py took 0.036 seconds
[2024-10-16T03:55:33.079+0000] {processor.py:186} INFO - Started process (PID=548) to work on /home/airflow/.local/lib/python3.12/site-packages/airflow/example_dags/example_bash_operator.py
[2024-10-16T03:55:33.080+0000] {processor.py:914} INFO - Processing file /home/airflow/.local/lib/python3.12/site-packages/airflow/example_dags/example_bash_operator.py for tasks to queue
[2024-10-16T03:55:33.081+0000] {logging_mixin.py:190} INFO - [2024-10-16T03:55:33.080+0000] {dagbag.py:588} INFO - Filling up the DagBag from /home/airflow/.local/lib/python3.12/site-packages/airflow/example_dags/example_bash_operator.py
[2024-10-16T03:55:33.088+0000] {processor.py:925} INFO - DAG(s) 'example_bash_operator' retrieved from /home/airflow/.local/lib/python3.12/site-packages/airflow/example_dags/example_bash_operator.py
[2024-10-16T03:55:33.099+0000] {logging_mixin.py:190} INFO - [2024-10-16T03:55:33.099+0000] {dag.py:3239} INFO - Sync 1 DAGs
[2024-10-16T03:55:33.109+0000] {logging_mixin.py:190} INFO - [2024-10-16T03:55:33.109+0000] {dag.py:4180} INFO - Setting next_dagrun for example_bash_operator to 2024-10-15 00:00:00+00:00, run_after=2024-10-16 00:00:00+00:00
[2024-10-16T03:55:33.116+0000] {processor.py:208} INFO - Processing /home/airflow/.local/lib/python3.12/site-packages/airflow/example_dags/example_bash_operator.py took 0.039 seconds
[2024-10-16T03:56:03.309+0000] {processor.py:186} INFO - Started process (PID=610) to work on /home/airflow/.local/lib/python3.12/site-packages/airflow/example_dags/example_bash_operator.py
[2024-10-16T03:56:03.310+0000] {processor.py:914} INFO - Processing file /home/airflow/.local/lib/python3.12/site-packages/airflow/example_dags/example_bash_operator.py for tasks to queue
[2024-10-16T03:56:03.311+0000] {logging_mixin.py:190} INFO - [2024-10-16T03:56:03.310+0000] {dagbag.py:588} INFO - Filling up the DagBag from /home/airflow/.local/lib/python3.12/site-packages/airflow/example_dags/example_bash_operator.py
[2024-10-16T03:56:03.317+0000] {processor.py:925} INFO - DAG(s) 'example_bash_operator' retrieved from /home/airflow/.local/lib/python3.12/site-packages/airflow/example_dags/example_bash_operator.py
[2024-10-16T03:56:03.328+0000] {logging_mixin.py:190} INFO - [2024-10-16T03:56:03.328+0000] {dag.py:3239} INFO - Sync 1 DAGs
[2024-10-16T03:56:03.337+0000] {logging_mixin.py:190} INFO - [2024-10-16T03:56:03.337+0000] {dag.py:4180} INFO - Setting next_dagrun for example_bash_operator to 2024-10-15 00:00:00+00:00, run_after=2024-10-16 00:00:00+00:00
[2024-10-16T03:56:03.343+0000] {processor.py:208} INFO - Processing /home/airflow/.local/lib/python3.12/site-packages/airflow/example_dags/example_bash_operator.py took 0.037 seconds
[2024-10-16T03:56:34.417+0000] {processor.py:186} INFO - Started process (PID=672) to work on /home/airflow/.local/lib/python3.12/site-packages/airflow/example_dags/example_bash_operator.py
[2024-10-16T03:56:34.417+0000] {processor.py:914} INFO - Processing file /home/airflow/.local/lib/python3.12/site-packages/airflow/example_dags/example_bash_operator.py for tasks to queue
[2024-10-16T03:56:34.419+0000] {logging_mixin.py:190} INFO - [2024-10-16T03:56:34.418+0000] {dagbag.py:588} INFO - Filling up the DagBag from /home/airflow/.local/lib/python3.12/site-packages/airflow/example_dags/example_bash_operator.py
[2024-10-16T03:56:34.433+0000] {processor.py:925} INFO - DAG(s) 'example_bash_operator' retrieved from /home/airflow/.local/lib/python3.12/site-packages/airflow/example_dags/example_bash_operator.py
[2024-10-16T03:56:34.452+0000] {logging_mixin.py:190} INFO - [2024-10-16T03:56:34.451+0000] {dag.py:3239} INFO - Sync 1 DAGs
[2024-10-16T03:56:34.464+0000] {logging_mixin.py:190} INFO - [2024-10-16T03:56:34.463+0000] {dag.py:4180} INFO - Setting next_dagrun for example_bash_operator to 2024-10-15 00:00:00+00:00, run_after=2024-10-16 00:00:00+00:00
[2024-10-16T03:56:34.473+0000] {processor.py:208} INFO - Processing /home/airflow/.local/lib/python3.12/site-packages/airflow/example_dags/example_bash_operator.py took 0.060 seconds
[2024-10-16T03:57:04.713+0000] {processor.py:186} INFO - Started process (PID=734) to work on /home/airflow/.local/lib/python3.12/site-packages/airflow/example_dags/example_bash_operator.py
[2024-10-16T03:57:04.714+0000] {processor.py:914} INFO - Processing file /home/airflow/.local/lib/python3.12/site-packages/airflow/example_dags/example_bash_operator.py for tasks to queue
[2024-10-16T03:57:04.715+0000] {logging_mixin.py:190} INFO - [2024-10-16T03:57:04.715+0000] {dagbag.py:588} INFO - Filling up the DagBag from /home/airflow/.local/lib/python3.12/site-packages/airflow/example_dags/example_bash_operator.py
[2024-10-16T03:57:04.721+0000] {processor.py:925} INFO - DAG(s) 'example_bash_operator' retrieved from /home/airflow/.local/lib/python3.12/site-packages/airflow/example_dags/example_bash_operator.py
[2024-10-16T03:57:04.732+0000] {logging_mixin.py:190} INFO - [2024-10-16T03:57:04.732+0000] {dag.py:3239} INFO - Sync 1 DAGs
[2024-10-16T03:57:04.742+0000] {logging_mixin.py:190} INFO - [2024-10-16T03:57:04.741+0000] {dag.py:4180} INFO - Setting next_dagrun for example_bash_operator to 2024-10-15 00:00:00+00:00, run_after=2024-10-16 00:00:00+00:00
[2024-10-16T03:57:04.748+0000] {processor.py:208} INFO - Processing /home/airflow/.local/lib/python3.12/site-packages/airflow/example_dags/example_bash_operator.py took 0.037 seconds
[2024-10-16T03:57:35.774+0000] {processor.py:186} INFO - Started process (PID=796) to work on /home/airflow/.local/lib/python3.12/site-packages/airflow/example_dags/example_bash_operator.py
[2024-10-16T03:57:35.775+0000] {processor.py:914} INFO - Processing file /home/airflow/.local/lib/python3.12/site-packages/airflow/example_dags/example_bash_operator.py for tasks to queue
[2024-10-16T03:57:35.776+0000] {logging_mixin.py:190} INFO - [2024-10-16T03:57:35.776+0000] {dagbag.py:588} INFO - Filling up the DagBag from /home/airflow/.local/lib/python3.12/site-packages/airflow/example_dags/example_bash_operator.py
[2024-10-16T03:57:35.782+0000] {processor.py:925} INFO - DAG(s) 'example_bash_operator' retrieved from /home/airflow/.local/lib/python3.12/site-packages/airflow/example_dags/example_bash_operator.py
[2024-10-16T03:57:35.792+0000] {logging_mixin.py:190} INFO - [2024-10-16T03:57:35.792+0000] {dag.py:3239} INFO - Sync 1 DAGs
[2024-10-16T03:57:35.802+0000] {logging_mixin.py:190} INFO - [2024-10-16T03:57:35.801+0000] {dag.py:4180} INFO - Setting next_dagrun for example_bash_operator to 2024-10-15 00:00:00+00:00, run_after=2024-10-16 00:00:00+00:00
[2024-10-16T03:57:35.809+0000] {processor.py:208} INFO - Processing /home/airflow/.local/lib/python3.12/site-packages/airflow/example_dags/example_bash_operator.py took 0.037 seconds
[2024-10-16T03:58:06.700+0000] {processor.py:186} INFO - Started process (PID=858) to work on /home/airflow/.local/lib/python3.12/site-packages/airflow/example_dags/example_bash_operator.py
[2024-10-16T03:58:06.701+0000] {processor.py:914} INFO - Processing file /home/airflow/.local/lib/python3.12/site-packages/airflow/example_dags/example_bash_operator.py for tasks to queue
[2024-10-16T03:58:06.702+0000] {logging_mixin.py:190} INFO - [2024-10-16T03:58:06.702+0000] {dagbag.py:588} INFO - Filling up the DagBag from /home/airflow/.local/lib/python3.12/site-packages/airflow/example_dags/example_bash_operator.py
[2024-10-16T03:58:06.709+0000] {processor.py:925} INFO - DAG(s) 'example_bash_operator' retrieved from /home/airflow/.local/lib/python3.12/site-packages/airflow/example_dags/example_bash_operator.py
[2024-10-16T03:58:06.726+0000] {logging_mixin.py:190} INFO - [2024-10-16T03:58:06.726+0000] {dag.py:3239} INFO - Sync 1 DAGs
[2024-10-16T03:58:06.743+0000] {logging_mixin.py:190} INFO - [2024-10-16T03:58:06.743+0000] {dag.py:4180} INFO - Setting next_dagrun for example_bash_operator to 2024-10-15 00:00:00+00:00, run_after=2024-10-16 00:00:00+00:00
[2024-10-16T03:58:06.752+0000] {processor.py:208} INFO - Processing /home/airflow/.local/lib/python3.12/site-packages/airflow/example_dags/example_bash_operator.py took 0.055 seconds
[2024-10-16T03:58:37.290+0000] {processor.py:186} INFO - Started process (PID=920) to work on /home/airflow/.local/lib/python3.12/site-packages/airflow/example_dags/example_bash_operator.py
[2024-10-16T03:58:37.291+0000] {processor.py:914} INFO - Processing file /home/airflow/.local/lib/python3.12/site-packages/airflow/example_dags/example_bash_operator.py for tasks to queue
[2024-10-16T03:58:37.292+0000] {logging_mixin.py:190} INFO - [2024-10-16T03:58:37.292+0000] {dagbag.py:588} INFO - Filling up the DagBag from /home/airflow/.local/lib/python3.12/site-packages/airflow/example_dags/example_bash_operator.py
[2024-10-16T03:58:37.298+0000] {processor.py:925} INFO - DAG(s) 'example_bash_operator' retrieved from /home/airflow/.local/lib/python3.12/site-packages/airflow/example_dags/example_bash_operator.py
[2024-10-16T03:58:37.308+0000] {logging_mixin.py:190} INFO - [2024-10-16T03:58:37.308+0000] {dag.py:3239} INFO - Sync 1 DAGs
[2024-10-16T03:58:37.318+0000] {logging_mixin.py:190} INFO - [2024-10-16T03:58:37.318+0000] {dag.py:4180} INFO - Setting next_dagrun for example_bash_operator to 2024-10-15 00:00:00+00:00, run_after=2024-10-16 00:00:00+00:00
[2024-10-16T03:58:37.325+0000] {processor.py:208} INFO - Processing /home/airflow/.local/lib/python3.12/site-packages/airflow/example_dags/example_bash_operator.py took 0.037 seconds
[2024-10-16T03:59:08.332+0000] {processor.py:186} INFO - Started process (PID=982) to work on /home/airflow/.local/lib/python3.12/site-packages/airflow/example_dags/example_bash_operator.py
[2024-10-16T03:59:08.333+0000] {processor.py:914} INFO - Processing file /home/airflow/.local/lib/python3.12/site-packages/airflow/example_dags/example_bash_operator.py for tasks to queue
[2024-10-16T03:59:08.334+0000] {logging_mixin.py:190} INFO - [2024-10-16T03:59:08.334+0000] {dagbag.py:588} INFO - Filling up the DagBag from /home/airflow/.local/lib/python3.12/site-packages/airflow/example_dags/example_bash_operator.py
[2024-10-16T03:59:08.340+0000] {processor.py:925} INFO - DAG(s) 'example_bash_operator' retrieved from /home/airflow/.local/lib/python3.12/site-packages/airflow/example_dags/example_bash_operator.py
[2024-10-16T03:59:08.351+0000] {logging_mixin.py:190} INFO - [2024-10-16T03:59:08.351+0000] {dag.py:3239} INFO - Sync 1 DAGs
[2024-10-16T03:59:08.361+0000] {logging_mixin.py:190} INFO - [2024-10-16T03:59:08.360+0000] {dag.py:4180} INFO - Setting next_dagrun for example_bash_operator to 2024-10-15 00:00:00+00:00, run_after=2024-10-16 00:00:00+00:00
[2024-10-16T03:59:08.367+0000] {processor.py:208} INFO - Processing /home/airflow/.local/lib/python3.12/site-packages/airflow/example_dags/example_bash_operator.py took 0.037 seconds
[2024-10-16T03:59:38.491+0000] {processor.py:186} INFO - Started process (PID=1044) to work on /home/airflow/.local/lib/python3.12/site-packages/airflow/example_dags/example_bash_operator.py
[2024-10-16T03:59:38.491+0000] {processor.py:914} INFO - Processing file /home/airflow/.local/lib/python3.12/site-packages/airflow/example_dags/example_bash_operator.py for tasks to queue
[2024-10-16T03:59:38.492+0000] {logging_mixin.py:190} INFO - [2024-10-16T03:59:38.492+0000] {dagbag.py:588} INFO - Filling up the DagBag from /home/airflow/.local/lib/python3.12/site-packages/airflow/example_dags/example_bash_operator.py
[2024-10-16T03:59:38.501+0000] {processor.py:925} INFO - DAG(s) 'example_bash_operator' retrieved from /home/airflow/.local/lib/python3.12/site-packages/airflow/example_dags/example_bash_operator.py
[2024-10-16T03:59:38.515+0000] {logging_mixin.py:190} INFO - [2024-10-16T03:59:38.514+0000] {dag.py:3239} INFO - Sync 1 DAGs
[2024-10-16T03:59:38.524+0000] {logging_mixin.py:190} INFO - [2024-10-16T03:59:38.523+0000] {dag.py:4180} INFO - Setting next_dagrun for example_bash_operator to 2024-10-15 00:00:00+00:00, run_after=2024-10-16 00:00:00+00:00
[2024-10-16T03:59:38.530+0000] {processor.py:208} INFO - Processing /home/airflow/.local/lib/python3.12/site-packages/airflow/example_dags/example_bash_operator.py took 0.042 seconds
[2024-10-16T04:00:08.737+0000] {processor.py:186} INFO - Started process (PID=1106) to work on /home/airflow/.local/lib/python3.12/site-packages/airflow/example_dags/example_bash_operator.py
[2024-10-16T04:00:08.737+0000] {processor.py:914} INFO - Processing file /home/airflow/.local/lib/python3.12/site-packages/airflow/example_dags/example_bash_operator.py for tasks to queue
[2024-10-16T04:00:08.738+0000] {logging_mixin.py:190} INFO - [2024-10-16T04:00:08.738+0000] {dagbag.py:588} INFO - Filling up the DagBag from /home/airflow/.local/lib/python3.12/site-packages/airflow/example_dags/example_bash_operator.py
[2024-10-16T04:00:08.744+0000] {processor.py:925} INFO - DAG(s) 'example_bash_operator' retrieved from /home/airflow/.local/lib/python3.12/site-packages/airflow/example_dags/example_bash_operator.py
[2024-10-16T04:00:08.754+0000] {logging_mixin.py:190} INFO - [2024-10-16T04:00:08.754+0000] {dag.py:3239} INFO - Sync 1 DAGs
[2024-10-16T04:00:08.762+0000] {logging_mixin.py:190} INFO - [2024-10-16T04:00:08.762+0000] {dag.py:4180} INFO - Setting next_dagrun for example_bash_operator to 2024-10-15 00:00:00+00:00, run_after=2024-10-16 00:00:00+00:00
[2024-10-16T04:00:08.769+0000] {processor.py:208} INFO - Processing /home/airflow/.local/lib/python3.12/site-packages/airflow/example_dags/example_bash_operator.py took 0.035 seconds
[2024-10-16T04:00:39.830+0000] {processor.py:186} INFO - Started process (PID=1168) to work on /home/airflow/.local/lib/python3.12/site-packages/airflow/example_dags/example_bash_operator.py
[2024-10-16T04:00:39.831+0000] {processor.py:914} INFO - Processing file /home/airflow/.local/lib/python3.12/site-packages/airflow/example_dags/example_bash_operator.py for tasks to queue
[2024-10-16T04:00:39.832+0000] {logging_mixin.py:190} INFO - [2024-10-16T04:00:39.832+0000] {dagbag.py:588} INFO - Filling up the DagBag from /home/airflow/.local/lib/python3.12/site-packages/airflow/example_dags/example_bash_operator.py
[2024-10-16T04:00:39.839+0000] {processor.py:925} INFO - DAG(s) 'example_bash_operator' retrieved from /home/airflow/.local/lib/python3.12/site-packages/airflow/example_dags/example_bash_operator.py
[2024-10-16T04:00:39.852+0000] {logging_mixin.py:190} INFO - [2024-10-16T04:00:39.852+0000] {dag.py:3239} INFO - Sync 1 DAGs
[2024-10-16T04:00:39.861+0000] {logging_mixin.py:190} INFO - [2024-10-16T04:00:39.861+0000] {dag.py:4180} INFO - Setting next_dagrun for example_bash_operator to 2024-10-15 00:00:00+00:00, run_after=2024-10-16 00:00:00+00:00
[2024-10-16T04:00:39.869+0000] {processor.py:208} INFO - Processing /home/airflow/.local/lib/python3.12/site-packages/airflow/example_dags/example_bash_operator.py took 0.041 seconds
[2024-10-16T04:01:10.941+0000] {processor.py:186} INFO - Started process (PID=1230) to work on /home/airflow/.local/lib/python3.12/site-packages/airflow/example_dags/example_bash_operator.py
[2024-10-16T04:01:10.942+0000] {processor.py:914} INFO - Processing file /home/airflow/.local/lib/python3.12/site-packages/airflow/example_dags/example_bash_operator.py for tasks to queue
[2024-10-16T04:01:10.943+0000] {logging_mixin.py:190} INFO - [2024-10-16T04:01:10.943+0000] {dagbag.py:588} INFO - Filling up the DagBag from /home/airflow/.local/lib/python3.12/site-packages/airflow/example_dags/example_bash_operator.py
[2024-10-16T04:01:10.951+0000] {processor.py:925} INFO - DAG(s) 'example_bash_operator' retrieved from /home/airflow/.local/lib/python3.12/site-packages/airflow/example_dags/example_bash_operator.py
[2024-10-16T04:01:10.963+0000] {logging_mixin.py:190} INFO - [2024-10-16T04:01:10.963+0000] {dag.py:3239} INFO - Sync 1 DAGs
[2024-10-16T04:01:10.973+0000] {logging_mixin.py:190} INFO - [2024-10-16T04:01:10.973+0000] {dag.py:4180} INFO - Setting next_dagrun for example_bash_operator to 2024-10-15 00:00:00+00:00, run_after=2024-10-16 00:00:00+00:00
[2024-10-16T04:01:10.980+0000] {processor.py:208} INFO - Processing /home/airflow/.local/lib/python3.12/site-packages/airflow/example_dags/example_bash_operator.py took 0.043 seconds
[2024-10-16T04:01:41.901+0000] {processor.py:186} INFO - Started process (PID=1292) to work on /home/airflow/.local/lib/python3.12/site-packages/airflow/example_dags/example_bash_operator.py
[2024-10-16T04:01:41.902+0000] {processor.py:914} INFO - Processing file /home/airflow/.local/lib/python3.12/site-packages/airflow/example_dags/example_bash_operator.py for tasks to queue
[2024-10-16T04:01:41.903+0000] {logging_mixin.py:190} INFO - [2024-10-16T04:01:41.902+0000] {dagbag.py:588} INFO - Filling up the DagBag from /home/airflow/.local/lib/python3.12/site-packages/airflow/example_dags/example_bash_operator.py
[2024-10-16T04:01:41.908+0000] {processor.py:925} INFO - DAG(s) 'example_bash_operator' retrieved from /home/airflow/.local/lib/python3.12/site-packages/airflow/example_dags/example_bash_operator.py
[2024-10-16T04:01:41.920+0000] {logging_mixin.py:190} INFO - [2024-10-16T04:01:41.919+0000] {dag.py:3239} INFO - Sync 1 DAGs
[2024-10-16T04:01:41.929+0000] {logging_mixin.py:190} INFO - [2024-10-16T04:01:41.929+0000] {dag.py:4180} INFO - Setting next_dagrun for example_bash_operator to 2024-10-15 00:00:00+00:00, run_after=2024-10-16 00:00:00+00:00
[2024-10-16T04:01:41.935+0000] {processor.py:208} INFO - Processing /home/airflow/.local/lib/python3.12/site-packages/airflow/example_dags/example_bash_operator.py took 0.036 seconds
[2024-10-16T04:02:12.854+0000] {processor.py:186} INFO - Started process (PID=1354) to work on /home/airflow/.local/lib/python3.12/site-packages/airflow/example_dags/example_bash_operator.py
[2024-10-16T04:02:12.855+0000] {processor.py:914} INFO - Processing file /home/airflow/.local/lib/python3.12/site-packages/airflow/example_dags/example_bash_operator.py for tasks to queue
[2024-10-16T04:02:12.856+0000] {logging_mixin.py:190} INFO - [2024-10-16T04:02:12.856+0000] {dagbag.py:588} INFO - Filling up the DagBag from /home/airflow/.local/lib/python3.12/site-packages/airflow/example_dags/example_bash_operator.py
[2024-10-16T04:02:12.862+0000] {processor.py:925} INFO - DAG(s) 'example_bash_operator' retrieved from /home/airflow/.local/lib/python3.12/site-packages/airflow/example_dags/example_bash_operator.py
[2024-10-16T04:02:12.872+0000] {logging_mixin.py:190} INFO - [2024-10-16T04:02:12.872+0000] {dag.py:3239} INFO - Sync 1 DAGs
[2024-10-16T04:02:12.881+0000] {logging_mixin.py:190} INFO - [2024-10-16T04:02:12.881+0000] {dag.py:4180} INFO - Setting next_dagrun for example_bash_operator to 2024-10-15 00:00:00+00:00, run_after=2024-10-16 00:00:00+00:00
[2024-10-16T04:02:12.888+0000] {processor.py:208} INFO - Processing /home/airflow/.local/lib/python3.12/site-packages/airflow/example_dags/example_bash_operator.py took 0.036 seconds
[2024-10-16T04:02:43.677+0000] {processor.py:186} INFO - Started process (PID=1416) to work on /home/airflow/.local/lib/python3.12/site-packages/airflow/example_dags/example_bash_operator.py
[2024-10-16T04:02:43.677+0000] {processor.py:914} INFO - Processing file /home/airflow/.local/lib/python3.12/site-packages/airflow/example_dags/example_bash_operator.py for tasks to queue
[2024-10-16T04:02:43.678+0000] {logging_mixin.py:190} INFO - [2024-10-16T04:02:43.678+0000] {dagbag.py:588} INFO - Filling up the DagBag from /home/airflow/.local/lib/python3.12/site-packages/airflow/example_dags/example_bash_operator.py
[2024-10-16T04:02:43.684+0000] {processor.py:925} INFO - DAG(s) 'example_bash_operator' retrieved from /home/airflow/.local/lib/python3.12/site-packages/airflow/example_dags/example_bash_operator.py
[2024-10-16T04:02:43.694+0000] {logging_mixin.py:190} INFO - [2024-10-16T04:02:43.694+0000] {dag.py:3239} INFO - Sync 1 DAGs
[2024-10-16T04:02:43.703+0000] {logging_mixin.py:190} INFO - [2024-10-16T04:02:43.703+0000] {dag.py:4180} INFO - Setting next_dagrun for example_bash_operator to 2024-10-15 00:00:00+00:00, run_after=2024-10-16 00:00:00+00:00
[2024-10-16T04:02:43.709+0000] {processor.py:208} INFO - Processing /home/airflow/.local/lib/python3.12/site-packages/airflow/example_dags/example_bash_operator.py took 0.035 seconds
[2024-10-16T04:03:14.578+0000] {processor.py:186} INFO - Started process (PID=1478) to work on /home/airflow/.local/lib/python3.12/site-packages/airflow/example_dags/example_bash_operator.py
[2024-10-16T04:03:14.578+0000] {processor.py:914} INFO - Processing file /home/airflow/.local/lib/python3.12/site-packages/airflow/example_dags/example_bash_operator.py for tasks to queue
[2024-10-16T04:03:14.579+0000] {logging_mixin.py:190} INFO - [2024-10-16T04:03:14.579+0000] {dagbag.py:588} INFO - Filling up the DagBag from /home/airflow/.local/lib/python3.12/site-packages/airflow/example_dags/example_bash_operator.py
[2024-10-16T04:03:14.585+0000] {processor.py:925} INFO - DAG(s) 'example_bash_operator' retrieved from /home/airflow/.local/lib/python3.12/site-packages/airflow/example_dags/example_bash_operator.py
[2024-10-16T04:03:14.595+0000] {logging_mixin.py:190} INFO - [2024-10-16T04:03:14.595+0000] {dag.py:3239} INFO - Sync 1 DAGs
[2024-10-16T04:03:14.604+0000] {logging_mixin.py:190} INFO - [2024-10-16T04:03:14.604+0000] {dag.py:4180} INFO - Setting next_dagrun for example_bash_operator to 2024-10-15 00:00:00+00:00, run_after=2024-10-16 00:00:00+00:00
[2024-10-16T04:03:14.610+0000] {processor.py:208} INFO - Processing /home/airflow/.local/lib/python3.12/site-packages/airflow/example_dags/example_bash_operator.py took 0.035 seconds
[2024-10-16T04:03:45.494+0000] {processor.py:186} INFO - Started process (PID=1540) to work on /home/airflow/.local/lib/python3.12/site-packages/airflow/example_dags/example_bash_operator.py
[2024-10-16T04:03:45.494+0000] {processor.py:914} INFO - Processing file /home/airflow/.local/lib/python3.12/site-packages/airflow/example_dags/example_bash_operator.py for tasks to queue
[2024-10-16T04:03:45.495+0000] {logging_mixin.py:190} INFO - [2024-10-16T04:03:45.495+0000] {dagbag.py:588} INFO - Filling up the DagBag from /home/airflow/.local/lib/python3.12/site-packages/airflow/example_dags/example_bash_operator.py
[2024-10-16T04:03:45.502+0000] {processor.py:925} INFO - DAG(s) 'example_bash_operator' retrieved from /home/airflow/.local/lib/python3.12/site-packages/airflow/example_dags/example_bash_operator.py
[2024-10-16T04:03:45.511+0000] {logging_mixin.py:190} INFO - [2024-10-16T04:03:45.511+0000] {dag.py:3239} INFO - Sync 1 DAGs
[2024-10-16T04:03:45.520+0000] {logging_mixin.py:190} INFO - [2024-10-16T04:03:45.520+0000] {dag.py:4180} INFO - Setting next_dagrun for example_bash_operator to 2024-10-15 00:00:00+00:00, run_after=2024-10-16 00:00:00+00:00
[2024-10-16T04:03:45.526+0000] {processor.py:208} INFO - Processing /home/airflow/.local/lib/python3.12/site-packages/airflow/example_dags/example_bash_operator.py took 0.035 seconds
[2024-10-16T04:04:16.433+0000] {processor.py:186} INFO - Started process (PID=1607) to work on /home/airflow/.local/lib/python3.12/site-packages/airflow/example_dags/example_bash_operator.py
[2024-10-16T04:04:16.433+0000] {processor.py:914} INFO - Processing file /home/airflow/.local/lib/python3.12/site-packages/airflow/example_dags/example_bash_operator.py for tasks to queue
[2024-10-16T04:04:16.434+0000] {logging_mixin.py:190} INFO - [2024-10-16T04:04:16.434+0000] {dagbag.py:588} INFO - Filling up the DagBag from /home/airflow/.local/lib/python3.12/site-packages/airflow/example_dags/example_bash_operator.py
[2024-10-16T04:04:16.440+0000] {processor.py:925} INFO - DAG(s) 'example_bash_operator' retrieved from /home/airflow/.local/lib/python3.12/site-packages/airflow/example_dags/example_bash_operator.py
[2024-10-16T04:04:16.449+0000] {logging_mixin.py:190} INFO - [2024-10-16T04:04:16.449+0000] {dag.py:3239} INFO - Sync 1 DAGs
[2024-10-16T04:04:16.458+0000] {logging_mixin.py:190} INFO - [2024-10-16T04:04:16.458+0000] {dag.py:4180} INFO - Setting next_dagrun for example_bash_operator to 2024-10-15 00:00:00+00:00, run_after=2024-10-16 00:00:00+00:00
[2024-10-16T04:04:16.464+0000] {processor.py:208} INFO - Processing /home/airflow/.local/lib/python3.12/site-packages/airflow/example_dags/example_bash_operator.py took 0.034 seconds
