[2024-10-16T03:51:27.692+0000] {processor.py:186} INFO - Started process (PID=92) to work on /home/airflow/.local/lib/python3.12/site-packages/airflow/example_dags/example_task_group.py
[2024-10-16T03:51:27.692+0000] {processor.py:914} INFO - Processing file /home/airflow/.local/lib/python3.12/site-packages/airflow/example_dags/example_task_group.py for tasks to queue
[2024-10-16T03:51:27.694+0000] {logging_mixin.py:190} INFO - [2024-10-16T03:51:27.694+0000] {dagbag.py:588} INFO - Filling up the DagBag from /home/airflow/.local/lib/python3.12/site-packages/airflow/example_dags/example_task_group.py
[2024-10-16T03:51:27.699+0000] {processor.py:925} INFO - DAG(s) 'example_task_group' retrieved from /home/airflow/.local/lib/python3.12/site-packages/airflow/example_dags/example_task_group.py
[2024-10-16T03:51:27.709+0000] {logging_mixin.py:190} INFO - [2024-10-16T03:51:27.709+0000] {dag.py:3239} INFO - Sync 1 DAGs
[2024-10-16T03:51:27.715+0000] {logging_mixin.py:190} INFO - [2024-10-16T03:51:27.715+0000] {dag.py:4180} INFO - Setting next_dagrun for example_task_group to None, run_after=None
[2024-10-16T03:51:27.721+0000] {processor.py:208} INFO - Processing /home/airflow/.local/lib/python3.12/site-packages/airflow/example_dags/example_task_group.py took 0.035 seconds
[2024-10-16T03:51:59.051+0000] {processor.py:186} INFO - Started process (PID=153) to work on /home/airflow/.local/lib/python3.12/site-packages/airflow/example_dags/example_task_group.py
[2024-10-16T03:51:59.056+0000] {processor.py:914} INFO - Processing file /home/airflow/.local/lib/python3.12/site-packages/airflow/example_dags/example_task_group.py for tasks to queue
[2024-10-16T03:51:59.057+0000] {logging_mixin.py:190} INFO - [2024-10-16T03:51:59.057+0000] {dagbag.py:588} INFO - Filling up the DagBag from /home/airflow/.local/lib/python3.12/site-packages/airflow/example_dags/example_task_group.py
[2024-10-16T03:51:59.062+0000] {processor.py:925} INFO - DAG(s) 'example_task_group' retrieved from /home/airflow/.local/lib/python3.12/site-packages/airflow/example_dags/example_task_group.py
[2024-10-16T03:51:59.079+0000] {logging_mixin.py:190} INFO - [2024-10-16T03:51:59.079+0000] {dag.py:3239} INFO - Sync 1 DAGs
[2024-10-16T03:51:59.088+0000] {logging_mixin.py:190} INFO - [2024-10-16T03:51:59.087+0000] {dag.py:4180} INFO - Setting next_dagrun for example_task_group to None, run_after=None
[2024-10-16T03:51:59.099+0000] {processor.py:208} INFO - Processing /home/airflow/.local/lib/python3.12/site-packages/airflow/example_dags/example_task_group.py took 0.051 seconds
[2024-10-16T03:52:29.142+0000] {processor.py:186} INFO - Started process (PID=215) to work on /home/airflow/.local/lib/python3.12/site-packages/airflow/example_dags/example_task_group.py
[2024-10-16T03:52:29.142+0000] {processor.py:914} INFO - Processing file /home/airflow/.local/lib/python3.12/site-packages/airflow/example_dags/example_task_group.py for tasks to queue
[2024-10-16T03:52:29.143+0000] {logging_mixin.py:190} INFO - [2024-10-16T03:52:29.143+0000] {dagbag.py:588} INFO - Filling up the DagBag from /home/airflow/.local/lib/python3.12/site-packages/airflow/example_dags/example_task_group.py
[2024-10-16T03:52:29.147+0000] {processor.py:925} INFO - DAG(s) 'example_task_group' retrieved from /home/airflow/.local/lib/python3.12/site-packages/airflow/example_dags/example_task_group.py
[2024-10-16T03:52:29.159+0000] {logging_mixin.py:190} INFO - [2024-10-16T03:52:29.159+0000] {dag.py:3239} INFO - Sync 1 DAGs
[2024-10-16T03:52:29.167+0000] {logging_mixin.py:190} INFO - [2024-10-16T03:52:29.167+0000] {dag.py:4180} INFO - Setting next_dagrun for example_task_group to None, run_after=None
[2024-10-16T03:52:29.175+0000] {processor.py:208} INFO - Processing /home/airflow/.local/lib/python3.12/site-packages/airflow/example_dags/example_task_group.py took 0.036 seconds
[2024-10-16T03:52:59.230+0000] {processor.py:186} INFO - Started process (PID=276) to work on /home/airflow/.local/lib/python3.12/site-packages/airflow/example_dags/example_task_group.py
[2024-10-16T03:52:59.230+0000] {processor.py:914} INFO - Processing file /home/airflow/.local/lib/python3.12/site-packages/airflow/example_dags/example_task_group.py for tasks to queue
[2024-10-16T03:52:59.231+0000] {logging_mixin.py:190} INFO - [2024-10-16T03:52:59.231+0000] {dagbag.py:588} INFO - Filling up the DagBag from /home/airflow/.local/lib/python3.12/site-packages/airflow/example_dags/example_task_group.py
[2024-10-16T03:52:59.236+0000] {processor.py:925} INFO - DAG(s) 'example_task_group' retrieved from /home/airflow/.local/lib/python3.12/site-packages/airflow/example_dags/example_task_group.py
[2024-10-16T03:52:59.255+0000] {logging_mixin.py:190} INFO - [2024-10-16T03:52:59.255+0000] {dag.py:3239} INFO - Sync 1 DAGs
[2024-10-16T03:52:59.262+0000] {logging_mixin.py:190} INFO - [2024-10-16T03:52:59.261+0000] {dag.py:4180} INFO - Setting next_dagrun for example_task_group to None, run_after=None
[2024-10-16T03:52:59.269+0000] {processor.py:208} INFO - Processing /home/airflow/.local/lib/python3.12/site-packages/airflow/example_dags/example_task_group.py took 0.042 seconds
[2024-10-16T03:53:30.242+0000] {processor.py:186} INFO - Started process (PID=339) to work on /home/airflow/.local/lib/python3.12/site-packages/airflow/example_dags/example_task_group.py
[2024-10-16T03:53:30.243+0000] {processor.py:914} INFO - Processing file /home/airflow/.local/lib/python3.12/site-packages/airflow/example_dags/example_task_group.py for tasks to queue
[2024-10-16T03:53:30.244+0000] {logging_mixin.py:190} INFO - [2024-10-16T03:53:30.243+0000] {dagbag.py:588} INFO - Filling up the DagBag from /home/airflow/.local/lib/python3.12/site-packages/airflow/example_dags/example_task_group.py
[2024-10-16T03:53:30.247+0000] {processor.py:925} INFO - DAG(s) 'example_task_group' retrieved from /home/airflow/.local/lib/python3.12/site-packages/airflow/example_dags/example_task_group.py
[2024-10-16T03:53:30.256+0000] {logging_mixin.py:190} INFO - [2024-10-16T03:53:30.256+0000] {dag.py:3239} INFO - Sync 1 DAGs
[2024-10-16T03:53:30.261+0000] {logging_mixin.py:190} INFO - [2024-10-16T03:53:30.261+0000] {dag.py:4180} INFO - Setting next_dagrun for example_task_group to None, run_after=None
[2024-10-16T03:53:30.268+0000] {processor.py:208} INFO - Processing /home/airflow/.local/lib/python3.12/site-packages/airflow/example_dags/example_task_group.py took 0.028 seconds
[2024-10-16T03:54:01.215+0000] {processor.py:186} INFO - Started process (PID=401) to work on /home/airflow/.local/lib/python3.12/site-packages/airflow/example_dags/example_task_group.py
[2024-10-16T03:54:01.215+0000] {processor.py:914} INFO - Processing file /home/airflow/.local/lib/python3.12/site-packages/airflow/example_dags/example_task_group.py for tasks to queue
[2024-10-16T03:54:01.216+0000] {logging_mixin.py:190} INFO - [2024-10-16T03:54:01.216+0000] {dagbag.py:588} INFO - Filling up the DagBag from /home/airflow/.local/lib/python3.12/site-packages/airflow/example_dags/example_task_group.py
[2024-10-16T03:54:01.220+0000] {processor.py:925} INFO - DAG(s) 'example_task_group' retrieved from /home/airflow/.local/lib/python3.12/site-packages/airflow/example_dags/example_task_group.py
[2024-10-16T03:54:01.229+0000] {logging_mixin.py:190} INFO - [2024-10-16T03:54:01.229+0000] {dag.py:3239} INFO - Sync 1 DAGs
[2024-10-16T03:54:01.235+0000] {logging_mixin.py:190} INFO - [2024-10-16T03:54:01.235+0000] {dag.py:4180} INFO - Setting next_dagrun for example_task_group to None, run_after=None
[2024-10-16T03:54:01.242+0000] {processor.py:208} INFO - Processing /home/airflow/.local/lib/python3.12/site-packages/airflow/example_dags/example_task_group.py took 0.029 seconds
[2024-10-16T03:54:32.161+0000] {processor.py:186} INFO - Started process (PID=463) to work on /home/airflow/.local/lib/python3.12/site-packages/airflow/example_dags/example_task_group.py
[2024-10-16T03:54:32.161+0000] {processor.py:914} INFO - Processing file /home/airflow/.local/lib/python3.12/site-packages/airflow/example_dags/example_task_group.py for tasks to queue
[2024-10-16T03:54:32.162+0000] {logging_mixin.py:190} INFO - [2024-10-16T03:54:32.162+0000] {dagbag.py:588} INFO - Filling up the DagBag from /home/airflow/.local/lib/python3.12/site-packages/airflow/example_dags/example_task_group.py
[2024-10-16T03:54:32.166+0000] {processor.py:925} INFO - DAG(s) 'example_task_group' retrieved from /home/airflow/.local/lib/python3.12/site-packages/airflow/example_dags/example_task_group.py
[2024-10-16T03:54:32.176+0000] {logging_mixin.py:190} INFO - [2024-10-16T03:54:32.176+0000] {dag.py:3239} INFO - Sync 1 DAGs
[2024-10-16T03:54:32.182+0000] {logging_mixin.py:190} INFO - [2024-10-16T03:54:32.182+0000] {dag.py:4180} INFO - Setting next_dagrun for example_task_group to None, run_after=None
[2024-10-16T03:54:32.190+0000] {processor.py:208} INFO - Processing /home/airflow/.local/lib/python3.12/site-packages/airflow/example_dags/example_task_group.py took 0.032 seconds
[2024-10-16T03:55:03.168+0000] {processor.py:186} INFO - Started process (PID=525) to work on /home/airflow/.local/lib/python3.12/site-packages/airflow/example_dags/example_task_group.py
[2024-10-16T03:55:03.169+0000] {processor.py:914} INFO - Processing file /home/airflow/.local/lib/python3.12/site-packages/airflow/example_dags/example_task_group.py for tasks to queue
[2024-10-16T03:55:03.170+0000] {logging_mixin.py:190} INFO - [2024-10-16T03:55:03.170+0000] {dagbag.py:588} INFO - Filling up the DagBag from /home/airflow/.local/lib/python3.12/site-packages/airflow/example_dags/example_task_group.py
[2024-10-16T03:55:03.176+0000] {processor.py:925} INFO - DAG(s) 'example_task_group' retrieved from /home/airflow/.local/lib/python3.12/site-packages/airflow/example_dags/example_task_group.py
[2024-10-16T03:55:03.186+0000] {logging_mixin.py:190} INFO - [2024-10-16T03:55:03.186+0000] {dag.py:3239} INFO - Sync 1 DAGs
[2024-10-16T03:55:03.192+0000] {logging_mixin.py:190} INFO - [2024-10-16T03:55:03.192+0000] {dag.py:4180} INFO - Setting next_dagrun for example_task_group to None, run_after=None
[2024-10-16T03:55:03.199+0000] {processor.py:208} INFO - Processing /home/airflow/.local/lib/python3.12/site-packages/airflow/example_dags/example_task_group.py took 0.033 seconds
[2024-10-16T03:55:34.306+0000] {processor.py:186} INFO - Started process (PID=587) to work on /home/airflow/.local/lib/python3.12/site-packages/airflow/example_dags/example_task_group.py
[2024-10-16T03:55:34.306+0000] {processor.py:914} INFO - Processing file /home/airflow/.local/lib/python3.12/site-packages/airflow/example_dags/example_task_group.py for tasks to queue
[2024-10-16T03:55:34.307+0000] {logging_mixin.py:190} INFO - [2024-10-16T03:55:34.307+0000] {dagbag.py:588} INFO - Filling up the DagBag from /home/airflow/.local/lib/python3.12/site-packages/airflow/example_dags/example_task_group.py
[2024-10-16T03:55:34.311+0000] {processor.py:925} INFO - DAG(s) 'example_task_group' retrieved from /home/airflow/.local/lib/python3.12/site-packages/airflow/example_dags/example_task_group.py
[2024-10-16T03:55:34.320+0000] {logging_mixin.py:190} INFO - [2024-10-16T03:55:34.320+0000] {dag.py:3239} INFO - Sync 1 DAGs
[2024-10-16T03:55:34.326+0000] {logging_mixin.py:190} INFO - [2024-10-16T03:55:34.326+0000] {dag.py:4180} INFO - Setting next_dagrun for example_task_group to None, run_after=None
[2024-10-16T03:55:34.333+0000] {processor.py:208} INFO - Processing /home/airflow/.local/lib/python3.12/site-packages/airflow/example_dags/example_task_group.py took 0.030 seconds
[2024-10-16T03:56:04.513+0000] {processor.py:186} INFO - Started process (PID=649) to work on /home/airflow/.local/lib/python3.12/site-packages/airflow/example_dags/example_task_group.py
[2024-10-16T03:56:04.514+0000] {processor.py:914} INFO - Processing file /home/airflow/.local/lib/python3.12/site-packages/airflow/example_dags/example_task_group.py for tasks to queue
[2024-10-16T03:56:04.516+0000] {logging_mixin.py:190} INFO - [2024-10-16T03:56:04.516+0000] {dagbag.py:588} INFO - Filling up the DagBag from /home/airflow/.local/lib/python3.12/site-packages/airflow/example_dags/example_task_group.py
[2024-10-16T03:56:04.526+0000] {processor.py:925} INFO - DAG(s) 'example_task_group' retrieved from /home/airflow/.local/lib/python3.12/site-packages/airflow/example_dags/example_task_group.py
[2024-10-16T03:56:04.541+0000] {logging_mixin.py:190} INFO - [2024-10-16T03:56:04.537+0000] {dag.py:3239} INFO - Sync 1 DAGs
[2024-10-16T03:56:04.550+0000] {logging_mixin.py:190} INFO - [2024-10-16T03:56:04.550+0000] {dag.py:4180} INFO - Setting next_dagrun for example_task_group to None, run_after=None
[2024-10-16T03:56:04.564+0000] {processor.py:208} INFO - Processing /home/airflow/.local/lib/python3.12/site-packages/airflow/example_dags/example_task_group.py took 0.054 seconds
[2024-10-16T03:56:35.923+0000] {processor.py:186} INFO - Started process (PID=711) to work on /home/airflow/.local/lib/python3.12/site-packages/airflow/example_dags/example_task_group.py
[2024-10-16T03:56:35.924+0000] {processor.py:914} INFO - Processing file /home/airflow/.local/lib/python3.12/site-packages/airflow/example_dags/example_task_group.py for tasks to queue
[2024-10-16T03:56:35.927+0000] {logging_mixin.py:190} INFO - [2024-10-16T03:56:35.926+0000] {dagbag.py:588} INFO - Filling up the DagBag from /home/airflow/.local/lib/python3.12/site-packages/airflow/example_dags/example_task_group.py
[2024-10-16T03:56:35.931+0000] {processor.py:925} INFO - DAG(s) 'example_task_group' retrieved from /home/airflow/.local/lib/python3.12/site-packages/airflow/example_dags/example_task_group.py
[2024-10-16T03:56:35.940+0000] {logging_mixin.py:190} INFO - [2024-10-16T03:56:35.940+0000] {dag.py:3239} INFO - Sync 1 DAGs
[2024-10-16T03:56:35.947+0000] {logging_mixin.py:190} INFO - [2024-10-16T03:56:35.947+0000] {dag.py:4180} INFO - Setting next_dagrun for example_task_group to None, run_after=None
[2024-10-16T03:56:35.954+0000] {processor.py:208} INFO - Processing /home/airflow/.local/lib/python3.12/site-packages/airflow/example_dags/example_task_group.py took 0.033 seconds
[2024-10-16T03:57:06.982+0000] {processor.py:186} INFO - Started process (PID=773) to work on /home/airflow/.local/lib/python3.12/site-packages/airflow/example_dags/example_task_group.py
[2024-10-16T03:57:06.983+0000] {processor.py:914} INFO - Processing file /home/airflow/.local/lib/python3.12/site-packages/airflow/example_dags/example_task_group.py for tasks to queue
[2024-10-16T03:57:06.984+0000] {logging_mixin.py:190} INFO - [2024-10-16T03:57:06.984+0000] {dagbag.py:588} INFO - Filling up the DagBag from /home/airflow/.local/lib/python3.12/site-packages/airflow/example_dags/example_task_group.py
[2024-10-16T03:57:06.989+0000] {processor.py:925} INFO - DAG(s) 'example_task_group' retrieved from /home/airflow/.local/lib/python3.12/site-packages/airflow/example_dags/example_task_group.py
[2024-10-16T03:57:06.998+0000] {logging_mixin.py:190} INFO - [2024-10-16T03:57:06.998+0000] {dag.py:3239} INFO - Sync 1 DAGs
[2024-10-16T03:57:07.004+0000] {logging_mixin.py:190} INFO - [2024-10-16T03:57:07.004+0000] {dag.py:4180} INFO - Setting next_dagrun for example_task_group to None, run_after=None
[2024-10-16T03:57:07.011+0000] {processor.py:208} INFO - Processing /home/airflow/.local/lib/python3.12/site-packages/airflow/example_dags/example_task_group.py took 0.031 seconds
[2024-10-16T03:57:37.906+0000] {processor.py:186} INFO - Started process (PID=835) to work on /home/airflow/.local/lib/python3.12/site-packages/airflow/example_dags/example_task_group.py
[2024-10-16T03:57:37.906+0000] {processor.py:914} INFO - Processing file /home/airflow/.local/lib/python3.12/site-packages/airflow/example_dags/example_task_group.py for tasks to queue
[2024-10-16T03:57:37.908+0000] {logging_mixin.py:190} INFO - [2024-10-16T03:57:37.907+0000] {dagbag.py:588} INFO - Filling up the DagBag from /home/airflow/.local/lib/python3.12/site-packages/airflow/example_dags/example_task_group.py
[2024-10-16T03:57:37.912+0000] {processor.py:925} INFO - DAG(s) 'example_task_group' retrieved from /home/airflow/.local/lib/python3.12/site-packages/airflow/example_dags/example_task_group.py
[2024-10-16T03:57:37.921+0000] {logging_mixin.py:190} INFO - [2024-10-16T03:57:37.921+0000] {dag.py:3239} INFO - Sync 1 DAGs
[2024-10-16T03:57:37.926+0000] {logging_mixin.py:190} INFO - [2024-10-16T03:57:37.926+0000] {dag.py:4180} INFO - Setting next_dagrun for example_task_group to None, run_after=None
[2024-10-16T03:57:37.933+0000] {processor.py:208} INFO - Processing /home/airflow/.local/lib/python3.12/site-packages/airflow/example_dags/example_task_group.py took 0.030 seconds
[2024-10-16T03:58:08.455+0000] {processor.py:186} INFO - Started process (PID=897) to work on /home/airflow/.local/lib/python3.12/site-packages/airflow/example_dags/example_task_group.py
[2024-10-16T03:58:08.455+0000] {processor.py:914} INFO - Processing file /home/airflow/.local/lib/python3.12/site-packages/airflow/example_dags/example_task_group.py for tasks to queue
[2024-10-16T03:58:08.456+0000] {logging_mixin.py:190} INFO - [2024-10-16T03:58:08.456+0000] {dagbag.py:588} INFO - Filling up the DagBag from /home/airflow/.local/lib/python3.12/site-packages/airflow/example_dags/example_task_group.py
[2024-10-16T03:58:08.460+0000] {processor.py:925} INFO - DAG(s) 'example_task_group' retrieved from /home/airflow/.local/lib/python3.12/site-packages/airflow/example_dags/example_task_group.py
[2024-10-16T03:58:08.472+0000] {logging_mixin.py:190} INFO - [2024-10-16T03:58:08.472+0000] {dag.py:3239} INFO - Sync 1 DAGs
[2024-10-16T03:58:08.479+0000] {logging_mixin.py:190} INFO - [2024-10-16T03:58:08.478+0000] {dag.py:4180} INFO - Setting next_dagrun for example_task_group to None, run_after=None
[2024-10-16T03:58:08.486+0000] {processor.py:208} INFO - Processing /home/airflow/.local/lib/python3.12/site-packages/airflow/example_dags/example_task_group.py took 0.034 seconds
[2024-10-16T03:58:38.598+0000] {processor.py:186} INFO - Started process (PID=959) to work on /home/airflow/.local/lib/python3.12/site-packages/airflow/example_dags/example_task_group.py
[2024-10-16T03:58:38.598+0000] {processor.py:914} INFO - Processing file /home/airflow/.local/lib/python3.12/site-packages/airflow/example_dags/example_task_group.py for tasks to queue
[2024-10-16T03:58:38.599+0000] {logging_mixin.py:190} INFO - [2024-10-16T03:58:38.599+0000] {dagbag.py:588} INFO - Filling up the DagBag from /home/airflow/.local/lib/python3.12/site-packages/airflow/example_dags/example_task_group.py
[2024-10-16T03:58:38.603+0000] {processor.py:925} INFO - DAG(s) 'example_task_group' retrieved from /home/airflow/.local/lib/python3.12/site-packages/airflow/example_dags/example_task_group.py
[2024-10-16T03:58:38.612+0000] {logging_mixin.py:190} INFO - [2024-10-16T03:58:38.612+0000] {dag.py:3239} INFO - Sync 1 DAGs
[2024-10-16T03:58:38.618+0000] {logging_mixin.py:190} INFO - [2024-10-16T03:58:38.618+0000] {dag.py:4180} INFO - Setting next_dagrun for example_task_group to None, run_after=None
[2024-10-16T03:58:38.627+0000] {processor.py:208} INFO - Processing /home/airflow/.local/lib/python3.12/site-packages/airflow/example_dags/example_task_group.py took 0.032 seconds
[2024-10-16T03:59:09.694+0000] {processor.py:186} INFO - Started process (PID=1021) to work on /home/airflow/.local/lib/python3.12/site-packages/airflow/example_dags/example_task_group.py
[2024-10-16T03:59:09.695+0000] {processor.py:914} INFO - Processing file /home/airflow/.local/lib/python3.12/site-packages/airflow/example_dags/example_task_group.py for tasks to queue
[2024-10-16T03:59:09.697+0000] {logging_mixin.py:190} INFO - [2024-10-16T03:59:09.697+0000] {dagbag.py:588} INFO - Filling up the DagBag from /home/airflow/.local/lib/python3.12/site-packages/airflow/example_dags/example_task_group.py
[2024-10-16T03:59:09.702+0000] {processor.py:925} INFO - DAG(s) 'example_task_group' retrieved from /home/airflow/.local/lib/python3.12/site-packages/airflow/example_dags/example_task_group.py
[2024-10-16T03:59:09.713+0000] {logging_mixin.py:190} INFO - [2024-10-16T03:59:09.713+0000] {dag.py:3239} INFO - Sync 1 DAGs
[2024-10-16T03:59:09.721+0000] {logging_mixin.py:190} INFO - [2024-10-16T03:59:09.721+0000] {dag.py:4180} INFO - Setting next_dagrun for example_task_group to None, run_after=None
[2024-10-16T03:59:09.730+0000] {processor.py:208} INFO - Processing /home/airflow/.local/lib/python3.12/site-packages/airflow/example_dags/example_task_group.py took 0.039 seconds
[2024-10-16T03:59:40.938+0000] {processor.py:186} INFO - Started process (PID=1083) to work on /home/airflow/.local/lib/python3.12/site-packages/airflow/example_dags/example_task_group.py
[2024-10-16T03:59:40.942+0000] {processor.py:914} INFO - Processing file /home/airflow/.local/lib/python3.12/site-packages/airflow/example_dags/example_task_group.py for tasks to queue
[2024-10-16T03:59:40.944+0000] {logging_mixin.py:190} INFO - [2024-10-16T03:59:40.944+0000] {dagbag.py:588} INFO - Filling up the DagBag from /home/airflow/.local/lib/python3.12/site-packages/airflow/example_dags/example_task_group.py
[2024-10-16T03:59:40.950+0000] {processor.py:925} INFO - DAG(s) 'example_task_group' retrieved from /home/airflow/.local/lib/python3.12/site-packages/airflow/example_dags/example_task_group.py
[2024-10-16T03:59:40.963+0000] {logging_mixin.py:190} INFO - [2024-10-16T03:59:40.963+0000] {dag.py:3239} INFO - Sync 1 DAGs
[2024-10-16T03:59:40.971+0000] {logging_mixin.py:190} INFO - [2024-10-16T03:59:40.971+0000] {dag.py:4180} INFO - Setting next_dagrun for example_task_group to None, run_after=None
[2024-10-16T03:59:40.981+0000] {processor.py:208} INFO - Processing /home/airflow/.local/lib/python3.12/site-packages/airflow/example_dags/example_task_group.py took 0.051 seconds
[2024-10-16T04:00:11.980+0000] {processor.py:186} INFO - Started process (PID=1145) to work on /home/airflow/.local/lib/python3.12/site-packages/airflow/example_dags/example_task_group.py
[2024-10-16T04:00:11.981+0000] {processor.py:914} INFO - Processing file /home/airflow/.local/lib/python3.12/site-packages/airflow/example_dags/example_task_group.py for tasks to queue
[2024-10-16T04:00:11.982+0000] {logging_mixin.py:190} INFO - [2024-10-16T04:00:11.982+0000] {dagbag.py:588} INFO - Filling up the DagBag from /home/airflow/.local/lib/python3.12/site-packages/airflow/example_dags/example_task_group.py
[2024-10-16T04:00:11.986+0000] {processor.py:925} INFO - DAG(s) 'example_task_group' retrieved from /home/airflow/.local/lib/python3.12/site-packages/airflow/example_dags/example_task_group.py
[2024-10-16T04:00:11.996+0000] {logging_mixin.py:190} INFO - [2024-10-16T04:00:11.996+0000] {dag.py:3239} INFO - Sync 1 DAGs
[2024-10-16T04:00:12.003+0000] {logging_mixin.py:190} INFO - [2024-10-16T04:00:12.003+0000] {dag.py:4180} INFO - Setting next_dagrun for example_task_group to None, run_after=None
[2024-10-16T04:00:12.011+0000] {processor.py:208} INFO - Processing /home/airflow/.local/lib/python3.12/site-packages/airflow/example_dags/example_task_group.py took 0.034 seconds
[2024-10-16T04:00:42.166+0000] {processor.py:186} INFO - Started process (PID=1207) to work on /home/airflow/.local/lib/python3.12/site-packages/airflow/example_dags/example_task_group.py
[2024-10-16T04:00:42.167+0000] {processor.py:914} INFO - Processing file /home/airflow/.local/lib/python3.12/site-packages/airflow/example_dags/example_task_group.py for tasks to queue
[2024-10-16T04:00:42.168+0000] {logging_mixin.py:190} INFO - [2024-10-16T04:00:42.168+0000] {dagbag.py:588} INFO - Filling up the DagBag from /home/airflow/.local/lib/python3.12/site-packages/airflow/example_dags/example_task_group.py
[2024-10-16T04:00:42.172+0000] {processor.py:925} INFO - DAG(s) 'example_task_group' retrieved from /home/airflow/.local/lib/python3.12/site-packages/airflow/example_dags/example_task_group.py
[2024-10-16T04:00:42.181+0000] {logging_mixin.py:190} INFO - [2024-10-16T04:00:42.181+0000] {dag.py:3239} INFO - Sync 1 DAGs
[2024-10-16T04:00:42.187+0000] {logging_mixin.py:190} INFO - [2024-10-16T04:00:42.187+0000] {dag.py:4180} INFO - Setting next_dagrun for example_task_group to None, run_after=None
[2024-10-16T04:00:42.194+0000] {processor.py:208} INFO - Processing /home/airflow/.local/lib/python3.12/site-packages/airflow/example_dags/example_task_group.py took 0.030 seconds
[2024-10-16T04:01:13.043+0000] {processor.py:186} INFO - Started process (PID=1269) to work on /home/airflow/.local/lib/python3.12/site-packages/airflow/example_dags/example_task_group.py
[2024-10-16T04:01:13.044+0000] {processor.py:914} INFO - Processing file /home/airflow/.local/lib/python3.12/site-packages/airflow/example_dags/example_task_group.py for tasks to queue
[2024-10-16T04:01:13.045+0000] {logging_mixin.py:190} INFO - [2024-10-16T04:01:13.044+0000] {dagbag.py:588} INFO - Filling up the DagBag from /home/airflow/.local/lib/python3.12/site-packages/airflow/example_dags/example_task_group.py
[2024-10-16T04:01:13.048+0000] {processor.py:925} INFO - DAG(s) 'example_task_group' retrieved from /home/airflow/.local/lib/python3.12/site-packages/airflow/example_dags/example_task_group.py
[2024-10-16T04:01:13.057+0000] {logging_mixin.py:190} INFO - [2024-10-16T04:01:13.057+0000] {dag.py:3239} INFO - Sync 1 DAGs
[2024-10-16T04:01:13.062+0000] {logging_mixin.py:190} INFO - [2024-10-16T04:01:13.062+0000] {dag.py:4180} INFO - Setting next_dagrun for example_task_group to None, run_after=None
[2024-10-16T04:01:13.069+0000] {processor.py:208} INFO - Processing /home/airflow/.local/lib/python3.12/site-packages/airflow/example_dags/example_task_group.py took 0.028 seconds
[2024-10-16T04:01:44.064+0000] {processor.py:186} INFO - Started process (PID=1331) to work on /home/airflow/.local/lib/python3.12/site-packages/airflow/example_dags/example_task_group.py
[2024-10-16T04:01:44.065+0000] {processor.py:914} INFO - Processing file /home/airflow/.local/lib/python3.12/site-packages/airflow/example_dags/example_task_group.py for tasks to queue
[2024-10-16T04:01:44.066+0000] {logging_mixin.py:190} INFO - [2024-10-16T04:01:44.066+0000] {dagbag.py:588} INFO - Filling up the DagBag from /home/airflow/.local/lib/python3.12/site-packages/airflow/example_dags/example_task_group.py
[2024-10-16T04:01:44.069+0000] {processor.py:925} INFO - DAG(s) 'example_task_group' retrieved from /home/airflow/.local/lib/python3.12/site-packages/airflow/example_dags/example_task_group.py
[2024-10-16T04:01:44.078+0000] {logging_mixin.py:190} INFO - [2024-10-16T04:01:44.078+0000] {dag.py:3239} INFO - Sync 1 DAGs
[2024-10-16T04:01:44.084+0000] {logging_mixin.py:190} INFO - [2024-10-16T04:01:44.084+0000] {dag.py:4180} INFO - Setting next_dagrun for example_task_group to None, run_after=None
[2024-10-16T04:01:44.091+0000] {processor.py:208} INFO - Processing /home/airflow/.local/lib/python3.12/site-packages/airflow/example_dags/example_task_group.py took 0.029 seconds
[2024-10-16T04:02:15.021+0000] {processor.py:186} INFO - Started process (PID=1393) to work on /home/airflow/.local/lib/python3.12/site-packages/airflow/example_dags/example_task_group.py
[2024-10-16T04:02:15.021+0000] {processor.py:914} INFO - Processing file /home/airflow/.local/lib/python3.12/site-packages/airflow/example_dags/example_task_group.py for tasks to queue
[2024-10-16T04:02:15.022+0000] {logging_mixin.py:190} INFO - [2024-10-16T04:02:15.022+0000] {dagbag.py:588} INFO - Filling up the DagBag from /home/airflow/.local/lib/python3.12/site-packages/airflow/example_dags/example_task_group.py
[2024-10-16T04:02:15.026+0000] {processor.py:925} INFO - DAG(s) 'example_task_group' retrieved from /home/airflow/.local/lib/python3.12/site-packages/airflow/example_dags/example_task_group.py
[2024-10-16T04:02:15.035+0000] {logging_mixin.py:190} INFO - [2024-10-16T04:02:15.035+0000] {dag.py:3239} INFO - Sync 1 DAGs
[2024-10-16T04:02:15.041+0000] {logging_mixin.py:190} INFO - [2024-10-16T04:02:15.041+0000] {dag.py:4180} INFO - Setting next_dagrun for example_task_group to None, run_after=None
[2024-10-16T04:02:15.048+0000] {processor.py:208} INFO - Processing /home/airflow/.local/lib/python3.12/site-packages/airflow/example_dags/example_task_group.py took 0.029 seconds
[2024-10-16T04:02:45.838+0000] {processor.py:186} INFO - Started process (PID=1461) to work on /home/airflow/.local/lib/python3.12/site-packages/airflow/example_dags/example_task_group.py
[2024-10-16T04:02:45.838+0000] {processor.py:914} INFO - Processing file /home/airflow/.local/lib/python3.12/site-packages/airflow/example_dags/example_task_group.py for tasks to queue
[2024-10-16T04:02:45.839+0000] {logging_mixin.py:190} INFO - [2024-10-16T04:02:45.839+0000] {dagbag.py:588} INFO - Filling up the DagBag from /home/airflow/.local/lib/python3.12/site-packages/airflow/example_dags/example_task_group.py
[2024-10-16T04:02:45.843+0000] {processor.py:925} INFO - DAG(s) 'example_task_group' retrieved from /home/airflow/.local/lib/python3.12/site-packages/airflow/example_dags/example_task_group.py
[2024-10-16T04:02:45.852+0000] {logging_mixin.py:190} INFO - [2024-10-16T04:02:45.851+0000] {dag.py:3239} INFO - Sync 1 DAGs
[2024-10-16T04:02:45.858+0000] {logging_mixin.py:190} INFO - [2024-10-16T04:02:45.858+0000] {dag.py:4180} INFO - Setting next_dagrun for example_task_group to None, run_after=None
[2024-10-16T04:02:45.865+0000] {processor.py:208} INFO - Processing /home/airflow/.local/lib/python3.12/site-packages/airflow/example_dags/example_task_group.py took 0.029 seconds
[2024-10-16T04:03:16.714+0000] {processor.py:186} INFO - Started process (PID=1523) to work on /home/airflow/.local/lib/python3.12/site-packages/airflow/example_dags/example_task_group.py
[2024-10-16T04:03:16.714+0000] {processor.py:914} INFO - Processing file /home/airflow/.local/lib/python3.12/site-packages/airflow/example_dags/example_task_group.py for tasks to queue
[2024-10-16T04:03:16.715+0000] {logging_mixin.py:190} INFO - [2024-10-16T04:03:16.715+0000] {dagbag.py:588} INFO - Filling up the DagBag from /home/airflow/.local/lib/python3.12/site-packages/airflow/example_dags/example_task_group.py
[2024-10-16T04:03:16.719+0000] {processor.py:925} INFO - DAG(s) 'example_task_group' retrieved from /home/airflow/.local/lib/python3.12/site-packages/airflow/example_dags/example_task_group.py
[2024-10-16T04:03:16.728+0000] {logging_mixin.py:190} INFO - [2024-10-16T04:03:16.728+0000] {dag.py:3239} INFO - Sync 1 DAGs
[2024-10-16T04:03:16.733+0000] {logging_mixin.py:190} INFO - [2024-10-16T04:03:16.733+0000] {dag.py:4180} INFO - Setting next_dagrun for example_task_group to None, run_after=None
[2024-10-16T04:03:16.740+0000] {processor.py:208} INFO - Processing /home/airflow/.local/lib/python3.12/site-packages/airflow/example_dags/example_task_group.py took 0.029 seconds
[2024-10-16T04:03:47.623+0000] {processor.py:186} INFO - Started process (PID=1584) to work on /home/airflow/.local/lib/python3.12/site-packages/airflow/example_dags/example_task_group.py
[2024-10-16T04:03:47.623+0000] {processor.py:914} INFO - Processing file /home/airflow/.local/lib/python3.12/site-packages/airflow/example_dags/example_task_group.py for tasks to queue
[2024-10-16T04:03:47.625+0000] {logging_mixin.py:190} INFO - [2024-10-16T04:03:47.625+0000] {dagbag.py:588} INFO - Filling up the DagBag from /home/airflow/.local/lib/python3.12/site-packages/airflow/example_dags/example_task_group.py
[2024-10-16T04:03:47.629+0000] {processor.py:925} INFO - DAG(s) 'example_task_group' retrieved from /home/airflow/.local/lib/python3.12/site-packages/airflow/example_dags/example_task_group.py
[2024-10-16T04:03:47.638+0000] {logging_mixin.py:190} INFO - [2024-10-16T04:03:47.637+0000] {dag.py:3239} INFO - Sync 1 DAGs
[2024-10-16T04:03:47.643+0000] {logging_mixin.py:190} INFO - [2024-10-16T04:03:47.643+0000] {dag.py:4180} INFO - Setting next_dagrun for example_task_group to None, run_after=None
[2024-10-16T04:03:47.651+0000] {processor.py:208} INFO - Processing /home/airflow/.local/lib/python3.12/site-packages/airflow/example_dags/example_task_group.py took 0.030 seconds
[2024-10-16T04:04:18.588+0000] {processor.py:186} INFO - Started process (PID=1646) to work on /home/airflow/.local/lib/python3.12/site-packages/airflow/example_dags/example_task_group.py
[2024-10-16T04:04:18.588+0000] {processor.py:914} INFO - Processing file /home/airflow/.local/lib/python3.12/site-packages/airflow/example_dags/example_task_group.py for tasks to queue
[2024-10-16T04:04:18.589+0000] {logging_mixin.py:190} INFO - [2024-10-16T04:04:18.589+0000] {dagbag.py:588} INFO - Filling up the DagBag from /home/airflow/.local/lib/python3.12/site-packages/airflow/example_dags/example_task_group.py
[2024-10-16T04:04:18.593+0000] {processor.py:925} INFO - DAG(s) 'example_task_group' retrieved from /home/airflow/.local/lib/python3.12/site-packages/airflow/example_dags/example_task_group.py
[2024-10-16T04:04:18.602+0000] {logging_mixin.py:190} INFO - [2024-10-16T04:04:18.602+0000] {dag.py:3239} INFO - Sync 1 DAGs
[2024-10-16T04:04:18.608+0000] {logging_mixin.py:190} INFO - [2024-10-16T04:04:18.607+0000] {dag.py:4180} INFO - Setting next_dagrun for example_task_group to None, run_after=None
[2024-10-16T04:04:18.614+0000] {processor.py:208} INFO - Processing /home/airflow/.local/lib/python3.12/site-packages/airflow/example_dags/example_task_group.py took 0.029 seconds
