[2024-10-16T03:51:26.981+0000] {processor.py:186} INFO - Started process (PID=72) to work on /home/airflow/.local/lib/python3.12/site-packages/airflow/example_dags/example_short_circuit_operator.py
[2024-10-16T03:51:26.981+0000] {processor.py:914} INFO - Processing file /home/airflow/.local/lib/python3.12/site-packages/airflow/example_dags/example_short_circuit_operator.py for tasks to queue
[2024-10-16T03:51:26.983+0000] {logging_mixin.py:190} INFO - [2024-10-16T03:51:26.982+0000] {dagbag.py:588} INFO - Filling up the DagBag from /home/airflow/.local/lib/python3.12/site-packages/airflow/example_dags/example_short_circuit_operator.py
[2024-10-16T03:51:26.987+0000] {processor.py:925} INFO - DAG(s) 'example_short_circuit_operator' retrieved from /home/airflow/.local/lib/python3.12/site-packages/airflow/example_dags/example_short_circuit_operator.py
[2024-10-16T03:51:27.001+0000] {logging_mixin.py:190} INFO - [2024-10-16T03:51:27.001+0000] {dag.py:3239} INFO - Sync 1 DAGs
[2024-10-16T03:51:27.015+0000] {logging_mixin.py:190} INFO - [2024-10-16T03:51:27.014+0000] {dag.py:4180} INFO - Setting next_dagrun for example_short_circuit_operator to None, run_after=None
[2024-10-16T03:51:27.025+0000] {processor.py:208} INFO - Processing /home/airflow/.local/lib/python3.12/site-packages/airflow/example_dags/example_short_circuit_operator.py took 0.047 seconds
[2024-10-16T03:51:57.131+0000] {processor.py:186} INFO - Started process (PID=133) to work on /home/airflow/.local/lib/python3.12/site-packages/airflow/example_dags/example_short_circuit_operator.py
[2024-10-16T03:51:57.132+0000] {processor.py:914} INFO - Processing file /home/airflow/.local/lib/python3.12/site-packages/airflow/example_dags/example_short_circuit_operator.py for tasks to queue
[2024-10-16T03:51:57.133+0000] {logging_mixin.py:190} INFO - [2024-10-16T03:51:57.133+0000] {dagbag.py:588} INFO - Filling up the DagBag from /home/airflow/.local/lib/python3.12/site-packages/airflow/example_dags/example_short_circuit_operator.py
[2024-10-16T03:51:57.137+0000] {processor.py:925} INFO - DAG(s) 'example_short_circuit_operator' retrieved from /home/airflow/.local/lib/python3.12/site-packages/airflow/example_dags/example_short_circuit_operator.py
[2024-10-16T03:51:57.148+0000] {logging_mixin.py:190} INFO - [2024-10-16T03:51:57.147+0000] {dag.py:3239} INFO - Sync 1 DAGs
[2024-10-16T03:51:57.155+0000] {logging_mixin.py:190} INFO - [2024-10-16T03:51:57.155+0000] {dag.py:4180} INFO - Setting next_dagrun for example_short_circuit_operator to None, run_after=None
[2024-10-16T03:51:57.164+0000] {processor.py:208} INFO - Processing /home/airflow/.local/lib/python3.12/site-packages/airflow/example_dags/example_short_circuit_operator.py took 0.035 seconds
[2024-10-16T03:52:27.434+0000] {processor.py:186} INFO - Started process (PID=195) to work on /home/airflow/.local/lib/python3.12/site-packages/airflow/example_dags/example_short_circuit_operator.py
[2024-10-16T03:52:27.434+0000] {processor.py:914} INFO - Processing file /home/airflow/.local/lib/python3.12/site-packages/airflow/example_dags/example_short_circuit_operator.py for tasks to queue
[2024-10-16T03:52:27.435+0000] {logging_mixin.py:190} INFO - [2024-10-16T03:52:27.435+0000] {dagbag.py:588} INFO - Filling up the DagBag from /home/airflow/.local/lib/python3.12/site-packages/airflow/example_dags/example_short_circuit_operator.py
[2024-10-16T03:52:27.439+0000] {processor.py:925} INFO - DAG(s) 'example_short_circuit_operator' retrieved from /home/airflow/.local/lib/python3.12/site-packages/airflow/example_dags/example_short_circuit_operator.py
[2024-10-16T03:52:27.449+0000] {logging_mixin.py:190} INFO - [2024-10-16T03:52:27.449+0000] {dag.py:3239} INFO - Sync 1 DAGs
[2024-10-16T03:52:27.455+0000] {logging_mixin.py:190} INFO - [2024-10-16T03:52:27.455+0000] {dag.py:4180} INFO - Setting next_dagrun for example_short_circuit_operator to None, run_after=None
[2024-10-16T03:52:27.464+0000] {processor.py:208} INFO - Processing /home/airflow/.local/lib/python3.12/site-packages/airflow/example_dags/example_short_circuit_operator.py took 0.033 seconds
[2024-10-16T03:52:58.609+0000] {processor.py:186} INFO - Started process (PID=257) to work on /home/airflow/.local/lib/python3.12/site-packages/airflow/example_dags/example_short_circuit_operator.py
[2024-10-16T03:52:58.610+0000] {processor.py:914} INFO - Processing file /home/airflow/.local/lib/python3.12/site-packages/airflow/example_dags/example_short_circuit_operator.py for tasks to queue
[2024-10-16T03:52:58.611+0000] {logging_mixin.py:190} INFO - [2024-10-16T03:52:58.611+0000] {dagbag.py:588} INFO - Filling up the DagBag from /home/airflow/.local/lib/python3.12/site-packages/airflow/example_dags/example_short_circuit_operator.py
[2024-10-16T03:52:58.615+0000] {processor.py:925} INFO - DAG(s) 'example_short_circuit_operator' retrieved from /home/airflow/.local/lib/python3.12/site-packages/airflow/example_dags/example_short_circuit_operator.py
[2024-10-16T03:52:58.627+0000] {logging_mixin.py:190} INFO - [2024-10-16T03:52:58.627+0000] {dag.py:3239} INFO - Sync 1 DAGs
[2024-10-16T03:52:58.633+0000] {logging_mixin.py:190} INFO - [2024-10-16T03:52:58.633+0000] {dag.py:4180} INFO - Setting next_dagrun for example_short_circuit_operator to None, run_after=None
[2024-10-16T03:52:58.641+0000] {processor.py:208} INFO - Processing /home/airflow/.local/lib/python3.12/site-packages/airflow/example_dags/example_short_circuit_operator.py took 0.038 seconds
[2024-10-16T03:53:29.632+0000] {processor.py:186} INFO - Started process (PID=319) to work on /home/airflow/.local/lib/python3.12/site-packages/airflow/example_dags/example_short_circuit_operator.py
[2024-10-16T03:53:29.632+0000] {processor.py:914} INFO - Processing file /home/airflow/.local/lib/python3.12/site-packages/airflow/example_dags/example_short_circuit_operator.py for tasks to queue
[2024-10-16T03:53:29.633+0000] {logging_mixin.py:190} INFO - [2024-10-16T03:53:29.633+0000] {dagbag.py:588} INFO - Filling up the DagBag from /home/airflow/.local/lib/python3.12/site-packages/airflow/example_dags/example_short_circuit_operator.py
[2024-10-16T03:53:29.638+0000] {processor.py:925} INFO - DAG(s) 'example_short_circuit_operator' retrieved from /home/airflow/.local/lib/python3.12/site-packages/airflow/example_dags/example_short_circuit_operator.py
[2024-10-16T03:53:29.647+0000] {logging_mixin.py:190} INFO - [2024-10-16T03:53:29.647+0000] {dag.py:3239} INFO - Sync 1 DAGs
[2024-10-16T03:53:29.655+0000] {logging_mixin.py:190} INFO - [2024-10-16T03:53:29.655+0000] {dag.py:4180} INFO - Setting next_dagrun for example_short_circuit_operator to None, run_after=None
[2024-10-16T03:53:29.664+0000] {processor.py:208} INFO - Processing /home/airflow/.local/lib/python3.12/site-packages/airflow/example_dags/example_short_circuit_operator.py took 0.034 seconds
[2024-10-16T03:54:00.618+0000] {processor.py:186} INFO - Started process (PID=381) to work on /home/airflow/.local/lib/python3.12/site-packages/airflow/example_dags/example_short_circuit_operator.py
[2024-10-16T03:54:00.618+0000] {processor.py:914} INFO - Processing file /home/airflow/.local/lib/python3.12/site-packages/airflow/example_dags/example_short_circuit_operator.py for tasks to queue
[2024-10-16T03:54:00.619+0000] {logging_mixin.py:190} INFO - [2024-10-16T03:54:00.619+0000] {dagbag.py:588} INFO - Filling up the DagBag from /home/airflow/.local/lib/python3.12/site-packages/airflow/example_dags/example_short_circuit_operator.py
[2024-10-16T03:54:00.624+0000] {processor.py:925} INFO - DAG(s) 'example_short_circuit_operator' retrieved from /home/airflow/.local/lib/python3.12/site-packages/airflow/example_dags/example_short_circuit_operator.py
[2024-10-16T03:54:00.633+0000] {logging_mixin.py:190} INFO - [2024-10-16T03:54:00.633+0000] {dag.py:3239} INFO - Sync 1 DAGs
[2024-10-16T03:54:00.638+0000] {logging_mixin.py:190} INFO - [2024-10-16T03:54:00.638+0000] {dag.py:4180} INFO - Setting next_dagrun for example_short_circuit_operator to None, run_after=None
[2024-10-16T03:54:00.645+0000] {processor.py:208} INFO - Processing /home/airflow/.local/lib/python3.12/site-packages/airflow/example_dags/example_short_circuit_operator.py took 0.030 seconds
[2024-10-16T03:54:31.514+0000] {processor.py:186} INFO - Started process (PID=443) to work on /home/airflow/.local/lib/python3.12/site-packages/airflow/example_dags/example_short_circuit_operator.py
[2024-10-16T03:54:31.514+0000] {processor.py:914} INFO - Processing file /home/airflow/.local/lib/python3.12/site-packages/airflow/example_dags/example_short_circuit_operator.py for tasks to queue
[2024-10-16T03:54:31.516+0000] {logging_mixin.py:190} INFO - [2024-10-16T03:54:31.515+0000] {dagbag.py:588} INFO - Filling up the DagBag from /home/airflow/.local/lib/python3.12/site-packages/airflow/example_dags/example_short_circuit_operator.py
[2024-10-16T03:54:31.520+0000] {processor.py:925} INFO - DAG(s) 'example_short_circuit_operator' retrieved from /home/airflow/.local/lib/python3.12/site-packages/airflow/example_dags/example_short_circuit_operator.py
[2024-10-16T03:54:31.529+0000] {logging_mixin.py:190} INFO - [2024-10-16T03:54:31.529+0000] {dag.py:3239} INFO - Sync 1 DAGs
[2024-10-16T03:54:31.535+0000] {logging_mixin.py:190} INFO - [2024-10-16T03:54:31.535+0000] {dag.py:4180} INFO - Setting next_dagrun for example_short_circuit_operator to None, run_after=None
[2024-10-16T03:54:31.542+0000] {processor.py:208} INFO - Processing /home/airflow/.local/lib/python3.12/site-packages/airflow/example_dags/example_short_circuit_operator.py took 0.030 seconds
[2024-10-16T03:55:02.530+0000] {processor.py:186} INFO - Started process (PID=505) to work on /home/airflow/.local/lib/python3.12/site-packages/airflow/example_dags/example_short_circuit_operator.py
[2024-10-16T03:55:02.530+0000] {processor.py:914} INFO - Processing file /home/airflow/.local/lib/python3.12/site-packages/airflow/example_dags/example_short_circuit_operator.py for tasks to queue
[2024-10-16T03:55:02.531+0000] {logging_mixin.py:190} INFO - [2024-10-16T03:55:02.531+0000] {dagbag.py:588} INFO - Filling up the DagBag from /home/airflow/.local/lib/python3.12/site-packages/airflow/example_dags/example_short_circuit_operator.py
[2024-10-16T03:55:02.535+0000] {processor.py:925} INFO - DAG(s) 'example_short_circuit_operator' retrieved from /home/airflow/.local/lib/python3.12/site-packages/airflow/example_dags/example_short_circuit_operator.py
[2024-10-16T03:55:02.545+0000] {logging_mixin.py:190} INFO - [2024-10-16T03:55:02.545+0000] {dag.py:3239} INFO - Sync 1 DAGs
[2024-10-16T03:55:02.551+0000] {logging_mixin.py:190} INFO - [2024-10-16T03:55:02.551+0000] {dag.py:4180} INFO - Setting next_dagrun for example_short_circuit_operator to None, run_after=None
[2024-10-16T03:55:02.558+0000] {processor.py:208} INFO - Processing /home/airflow/.local/lib/python3.12/site-packages/airflow/example_dags/example_short_circuit_operator.py took 0.031 seconds
[2024-10-16T03:55:33.637+0000] {processor.py:186} INFO - Started process (PID=567) to work on /home/airflow/.local/lib/python3.12/site-packages/airflow/example_dags/example_short_circuit_operator.py
[2024-10-16T03:55:33.639+0000] {processor.py:914} INFO - Processing file /home/airflow/.local/lib/python3.12/site-packages/airflow/example_dags/example_short_circuit_operator.py for tasks to queue
[2024-10-16T03:55:33.640+0000] {logging_mixin.py:190} INFO - [2024-10-16T03:55:33.640+0000] {dagbag.py:588} INFO - Filling up the DagBag from /home/airflow/.local/lib/python3.12/site-packages/airflow/example_dags/example_short_circuit_operator.py
[2024-10-16T03:55:33.644+0000] {processor.py:925} INFO - DAG(s) 'example_short_circuit_operator' retrieved from /home/airflow/.local/lib/python3.12/site-packages/airflow/example_dags/example_short_circuit_operator.py
[2024-10-16T03:55:33.655+0000] {logging_mixin.py:190} INFO - [2024-10-16T03:55:33.655+0000] {dag.py:3239} INFO - Sync 1 DAGs
[2024-10-16T03:55:33.661+0000] {logging_mixin.py:190} INFO - [2024-10-16T03:55:33.661+0000] {dag.py:4180} INFO - Setting next_dagrun for example_short_circuit_operator to None, run_after=None
[2024-10-16T03:55:33.667+0000] {processor.py:208} INFO - Processing /home/airflow/.local/lib/python3.12/site-packages/airflow/example_dags/example_short_circuit_operator.py took 0.033 seconds
[2024-10-16T03:56:03.781+0000] {processor.py:186} INFO - Started process (PID=629) to work on /home/airflow/.local/lib/python3.12/site-packages/airflow/example_dags/example_short_circuit_operator.py
[2024-10-16T03:56:03.781+0000] {processor.py:914} INFO - Processing file /home/airflow/.local/lib/python3.12/site-packages/airflow/example_dags/example_short_circuit_operator.py for tasks to queue
[2024-10-16T03:56:03.783+0000] {logging_mixin.py:190} INFO - [2024-10-16T03:56:03.782+0000] {dagbag.py:588} INFO - Filling up the DagBag from /home/airflow/.local/lib/python3.12/site-packages/airflow/example_dags/example_short_circuit_operator.py
[2024-10-16T03:56:03.787+0000] {processor.py:925} INFO - DAG(s) 'example_short_circuit_operator' retrieved from /home/airflow/.local/lib/python3.12/site-packages/airflow/example_dags/example_short_circuit_operator.py
[2024-10-16T03:56:03.803+0000] {logging_mixin.py:190} INFO - [2024-10-16T03:56:03.803+0000] {dag.py:3239} INFO - Sync 1 DAGs
[2024-10-16T03:56:03.814+0000] {logging_mixin.py:190} INFO - [2024-10-16T03:56:03.814+0000] {dag.py:4180} INFO - Setting next_dagrun for example_short_circuit_operator to None, run_after=None
[2024-10-16T03:56:03.822+0000] {processor.py:208} INFO - Processing /home/airflow/.local/lib/python3.12/site-packages/airflow/example_dags/example_short_circuit_operator.py took 0.044 seconds
[2024-10-16T03:56:34.990+0000] {processor.py:186} INFO - Started process (PID=691) to work on /home/airflow/.local/lib/python3.12/site-packages/airflow/example_dags/example_short_circuit_operator.py
[2024-10-16T03:56:34.990+0000] {processor.py:914} INFO - Processing file /home/airflow/.local/lib/python3.12/site-packages/airflow/example_dags/example_short_circuit_operator.py for tasks to queue
[2024-10-16T03:56:34.992+0000] {logging_mixin.py:190} INFO - [2024-10-16T03:56:34.991+0000] {dagbag.py:588} INFO - Filling up the DagBag from /home/airflow/.local/lib/python3.12/site-packages/airflow/example_dags/example_short_circuit_operator.py
[2024-10-16T03:56:34.996+0000] {processor.py:925} INFO - DAG(s) 'example_short_circuit_operator' retrieved from /home/airflow/.local/lib/python3.12/site-packages/airflow/example_dags/example_short_circuit_operator.py
[2024-10-16T03:56:35.006+0000] {logging_mixin.py:190} INFO - [2024-10-16T03:56:35.006+0000] {dag.py:3239} INFO - Sync 1 DAGs
[2024-10-16T03:56:35.012+0000] {logging_mixin.py:190} INFO - [2024-10-16T03:56:35.012+0000] {dag.py:4180} INFO - Setting next_dagrun for example_short_circuit_operator to None, run_after=None
[2024-10-16T03:56:35.018+0000] {processor.py:208} INFO - Processing /home/airflow/.local/lib/python3.12/site-packages/airflow/example_dags/example_short_circuit_operator.py took 0.031 seconds
[2024-10-16T03:57:05.251+0000] {processor.py:186} INFO - Started process (PID=753) to work on /home/airflow/.local/lib/python3.12/site-packages/airflow/example_dags/example_short_circuit_operator.py
[2024-10-16T03:57:05.252+0000] {processor.py:914} INFO - Processing file /home/airflow/.local/lib/python3.12/site-packages/airflow/example_dags/example_short_circuit_operator.py for tasks to queue
[2024-10-16T03:57:05.253+0000] {logging_mixin.py:190} INFO - [2024-10-16T03:57:05.253+0000] {dagbag.py:588} INFO - Filling up the DagBag from /home/airflow/.local/lib/python3.12/site-packages/airflow/example_dags/example_short_circuit_operator.py
[2024-10-16T03:57:05.257+0000] {processor.py:925} INFO - DAG(s) 'example_short_circuit_operator' retrieved from /home/airflow/.local/lib/python3.12/site-packages/airflow/example_dags/example_short_circuit_operator.py
[2024-10-16T03:57:05.266+0000] {logging_mixin.py:190} INFO - [2024-10-16T03:57:05.266+0000] {dag.py:3239} INFO - Sync 1 DAGs
[2024-10-16T03:57:05.272+0000] {logging_mixin.py:190} INFO - [2024-10-16T03:57:05.272+0000] {dag.py:4180} INFO - Setting next_dagrun for example_short_circuit_operator to None, run_after=None
[2024-10-16T03:57:05.279+0000] {processor.py:208} INFO - Processing /home/airflow/.local/lib/python3.12/site-packages/airflow/example_dags/example_short_circuit_operator.py took 0.031 seconds
[2024-10-16T03:57:36.251+0000] {processor.py:186} INFO - Started process (PID=815) to work on /home/airflow/.local/lib/python3.12/site-packages/airflow/example_dags/example_short_circuit_operator.py
[2024-10-16T03:57:36.252+0000] {processor.py:914} INFO - Processing file /home/airflow/.local/lib/python3.12/site-packages/airflow/example_dags/example_short_circuit_operator.py for tasks to queue
[2024-10-16T03:57:36.253+0000] {logging_mixin.py:190} INFO - [2024-10-16T03:57:36.252+0000] {dagbag.py:588} INFO - Filling up the DagBag from /home/airflow/.local/lib/python3.12/site-packages/airflow/example_dags/example_short_circuit_operator.py
[2024-10-16T03:57:36.256+0000] {processor.py:925} INFO - DAG(s) 'example_short_circuit_operator' retrieved from /home/airflow/.local/lib/python3.12/site-packages/airflow/example_dags/example_short_circuit_operator.py
[2024-10-16T03:57:36.265+0000] {logging_mixin.py:190} INFO - [2024-10-16T03:57:36.265+0000] {dag.py:3239} INFO - Sync 1 DAGs
[2024-10-16T03:57:36.270+0000] {logging_mixin.py:190} INFO - [2024-10-16T03:57:36.270+0000] {dag.py:4180} INFO - Setting next_dagrun for example_short_circuit_operator to None, run_after=None
[2024-10-16T03:57:36.276+0000] {processor.py:208} INFO - Processing /home/airflow/.local/lib/python3.12/site-packages/airflow/example_dags/example_short_circuit_operator.py took 0.028 seconds
[2024-10-16T03:58:07.428+0000] {processor.py:186} INFO - Started process (PID=877) to work on /home/airflow/.local/lib/python3.12/site-packages/airflow/example_dags/example_short_circuit_operator.py
[2024-10-16T03:58:07.428+0000] {processor.py:914} INFO - Processing file /home/airflow/.local/lib/python3.12/site-packages/airflow/example_dags/example_short_circuit_operator.py for tasks to queue
[2024-10-16T03:58:07.429+0000] {logging_mixin.py:190} INFO - [2024-10-16T03:58:07.429+0000] {dagbag.py:588} INFO - Filling up the DagBag from /home/airflow/.local/lib/python3.12/site-packages/airflow/example_dags/example_short_circuit_operator.py
[2024-10-16T03:58:07.434+0000] {processor.py:925} INFO - DAG(s) 'example_short_circuit_operator' retrieved from /home/airflow/.local/lib/python3.12/site-packages/airflow/example_dags/example_short_circuit_operator.py
[2024-10-16T03:58:07.444+0000] {logging_mixin.py:190} INFO - [2024-10-16T03:58:07.444+0000] {dag.py:3239} INFO - Sync 1 DAGs
[2024-10-16T03:58:07.451+0000] {logging_mixin.py:190} INFO - [2024-10-16T03:58:07.450+0000] {dag.py:4180} INFO - Setting next_dagrun for example_short_circuit_operator to None, run_after=None
[2024-10-16T03:58:07.459+0000] {processor.py:208} INFO - Processing /home/airflow/.local/lib/python3.12/site-packages/airflow/example_dags/example_short_circuit_operator.py took 0.034 seconds
[2024-10-16T03:58:37.900+0000] {processor.py:186} INFO - Started process (PID=939) to work on /home/airflow/.local/lib/python3.12/site-packages/airflow/example_dags/example_short_circuit_operator.py
[2024-10-16T03:58:37.901+0000] {processor.py:914} INFO - Processing file /home/airflow/.local/lib/python3.12/site-packages/airflow/example_dags/example_short_circuit_operator.py for tasks to queue
[2024-10-16T03:58:37.902+0000] {logging_mixin.py:190} INFO - [2024-10-16T03:58:37.901+0000] {dagbag.py:588} INFO - Filling up the DagBag from /home/airflow/.local/lib/python3.12/site-packages/airflow/example_dags/example_short_circuit_operator.py
[2024-10-16T03:58:37.906+0000] {processor.py:925} INFO - DAG(s) 'example_short_circuit_operator' retrieved from /home/airflow/.local/lib/python3.12/site-packages/airflow/example_dags/example_short_circuit_operator.py
[2024-10-16T03:58:37.914+0000] {logging_mixin.py:190} INFO - [2024-10-16T03:58:37.914+0000] {dag.py:3239} INFO - Sync 1 DAGs
[2024-10-16T03:58:37.920+0000] {logging_mixin.py:190} INFO - [2024-10-16T03:58:37.920+0000] {dag.py:4180} INFO - Setting next_dagrun for example_short_circuit_operator to None, run_after=None
[2024-10-16T03:58:37.927+0000] {processor.py:208} INFO - Processing /home/airflow/.local/lib/python3.12/site-packages/airflow/example_dags/example_short_circuit_operator.py took 0.029 seconds
[2024-10-16T03:59:08.905+0000] {processor.py:186} INFO - Started process (PID=1001) to work on /home/airflow/.local/lib/python3.12/site-packages/airflow/example_dags/example_short_circuit_operator.py
[2024-10-16T03:59:08.906+0000] {processor.py:914} INFO - Processing file /home/airflow/.local/lib/python3.12/site-packages/airflow/example_dags/example_short_circuit_operator.py for tasks to queue
[2024-10-16T03:59:08.908+0000] {logging_mixin.py:190} INFO - [2024-10-16T03:59:08.908+0000] {dagbag.py:588} INFO - Filling up the DagBag from /home/airflow/.local/lib/python3.12/site-packages/airflow/example_dags/example_short_circuit_operator.py
[2024-10-16T03:59:08.913+0000] {processor.py:925} INFO - DAG(s) 'example_short_circuit_operator' retrieved from /home/airflow/.local/lib/python3.12/site-packages/airflow/example_dags/example_short_circuit_operator.py
[2024-10-16T03:59:08.923+0000] {logging_mixin.py:190} INFO - [2024-10-16T03:59:08.923+0000] {dag.py:3239} INFO - Sync 1 DAGs
[2024-10-16T03:59:08.930+0000] {logging_mixin.py:190} INFO - [2024-10-16T03:59:08.930+0000] {dag.py:4180} INFO - Setting next_dagrun for example_short_circuit_operator to None, run_after=None
[2024-10-16T03:59:08.939+0000] {processor.py:208} INFO - Processing /home/airflow/.local/lib/python3.12/site-packages/airflow/example_dags/example_short_circuit_operator.py took 0.037 seconds
[2024-10-16T03:59:38.965+0000] {processor.py:186} INFO - Started process (PID=1063) to work on /home/airflow/.local/lib/python3.12/site-packages/airflow/example_dags/example_short_circuit_operator.py
[2024-10-16T03:59:38.965+0000] {processor.py:914} INFO - Processing file /home/airflow/.local/lib/python3.12/site-packages/airflow/example_dags/example_short_circuit_operator.py for tasks to queue
[2024-10-16T03:59:38.966+0000] {logging_mixin.py:190} INFO - [2024-10-16T03:59:38.966+0000] {dagbag.py:588} INFO - Filling up the DagBag from /home/airflow/.local/lib/python3.12/site-packages/airflow/example_dags/example_short_circuit_operator.py
[2024-10-16T03:59:38.970+0000] {processor.py:925} INFO - DAG(s) 'example_short_circuit_operator' retrieved from /home/airflow/.local/lib/python3.12/site-packages/airflow/example_dags/example_short_circuit_operator.py
[2024-10-16T03:59:38.982+0000] {logging_mixin.py:190} INFO - [2024-10-16T03:59:38.982+0000] {dag.py:3239} INFO - Sync 1 DAGs
[2024-10-16T03:59:38.987+0000] {logging_mixin.py:190} INFO - [2024-10-16T03:59:38.987+0000] {dag.py:4180} INFO - Setting next_dagrun for example_short_circuit_operator to None, run_after=None
[2024-10-16T03:59:38.994+0000] {processor.py:208} INFO - Processing /home/airflow/.local/lib/python3.12/site-packages/airflow/example_dags/example_short_circuit_operator.py took 0.032 seconds
[2024-10-16T04:00:09.205+0000] {processor.py:186} INFO - Started process (PID=1125) to work on /home/airflow/.local/lib/python3.12/site-packages/airflow/example_dags/example_short_circuit_operator.py
[2024-10-16T04:00:09.206+0000] {processor.py:914} INFO - Processing file /home/airflow/.local/lib/python3.12/site-packages/airflow/example_dags/example_short_circuit_operator.py for tasks to queue
[2024-10-16T04:00:09.207+0000] {logging_mixin.py:190} INFO - [2024-10-16T04:00:09.206+0000] {dagbag.py:588} INFO - Filling up the DagBag from /home/airflow/.local/lib/python3.12/site-packages/airflow/example_dags/example_short_circuit_operator.py
[2024-10-16T04:00:09.211+0000] {processor.py:925} INFO - DAG(s) 'example_short_circuit_operator' retrieved from /home/airflow/.local/lib/python3.12/site-packages/airflow/example_dags/example_short_circuit_operator.py
[2024-10-16T04:00:09.221+0000] {logging_mixin.py:190} INFO - [2024-10-16T04:00:09.221+0000] {dag.py:3239} INFO - Sync 1 DAGs
[2024-10-16T04:00:09.228+0000] {logging_mixin.py:190} INFO - [2024-10-16T04:00:09.228+0000] {dag.py:4180} INFO - Setting next_dagrun for example_short_circuit_operator to None, run_after=None
[2024-10-16T04:00:09.234+0000] {processor.py:208} INFO - Processing /home/airflow/.local/lib/python3.12/site-packages/airflow/example_dags/example_short_circuit_operator.py took 0.032 seconds
[2024-10-16T04:00:40.425+0000] {processor.py:186} INFO - Started process (PID=1187) to work on /home/airflow/.local/lib/python3.12/site-packages/airflow/example_dags/example_short_circuit_operator.py
[2024-10-16T04:00:40.425+0000] {processor.py:914} INFO - Processing file /home/airflow/.local/lib/python3.12/site-packages/airflow/example_dags/example_short_circuit_operator.py for tasks to queue
[2024-10-16T04:00:40.426+0000] {logging_mixin.py:190} INFO - [2024-10-16T04:00:40.426+0000] {dagbag.py:588} INFO - Filling up the DagBag from /home/airflow/.local/lib/python3.12/site-packages/airflow/example_dags/example_short_circuit_operator.py
[2024-10-16T04:00:40.430+0000] {processor.py:925} INFO - DAG(s) 'example_short_circuit_operator' retrieved from /home/airflow/.local/lib/python3.12/site-packages/airflow/example_dags/example_short_circuit_operator.py
[2024-10-16T04:00:40.442+0000] {logging_mixin.py:190} INFO - [2024-10-16T04:00:40.441+0000] {dag.py:3239} INFO - Sync 1 DAGs
[2024-10-16T04:00:40.450+0000] {logging_mixin.py:190} INFO - [2024-10-16T04:00:40.450+0000] {dag.py:4180} INFO - Setting next_dagrun for example_short_circuit_operator to None, run_after=None
[2024-10-16T04:00:40.458+0000] {processor.py:208} INFO - Processing /home/airflow/.local/lib/python3.12/site-packages/airflow/example_dags/example_short_circuit_operator.py took 0.036 seconds
[2024-10-16T04:01:11.385+0000] {processor.py:186} INFO - Started process (PID=1249) to work on /home/airflow/.local/lib/python3.12/site-packages/airflow/example_dags/example_short_circuit_operator.py
[2024-10-16T04:01:11.385+0000] {processor.py:914} INFO - Processing file /home/airflow/.local/lib/python3.12/site-packages/airflow/example_dags/example_short_circuit_operator.py for tasks to queue
[2024-10-16T04:01:11.386+0000] {logging_mixin.py:190} INFO - [2024-10-16T04:01:11.386+0000] {dagbag.py:588} INFO - Filling up the DagBag from /home/airflow/.local/lib/python3.12/site-packages/airflow/example_dags/example_short_circuit_operator.py
[2024-10-16T04:01:11.390+0000] {processor.py:925} INFO - DAG(s) 'example_short_circuit_operator' retrieved from /home/airflow/.local/lib/python3.12/site-packages/airflow/example_dags/example_short_circuit_operator.py
[2024-10-16T04:01:11.399+0000] {logging_mixin.py:190} INFO - [2024-10-16T04:01:11.399+0000] {dag.py:3239} INFO - Sync 1 DAGs
[2024-10-16T04:01:11.406+0000] {logging_mixin.py:190} INFO - [2024-10-16T04:01:11.406+0000] {dag.py:4180} INFO - Setting next_dagrun for example_short_circuit_operator to None, run_after=None
[2024-10-16T04:01:11.413+0000] {processor.py:208} INFO - Processing /home/airflow/.local/lib/python3.12/site-packages/airflow/example_dags/example_short_circuit_operator.py took 0.031 seconds
[2024-10-16T04:01:42.392+0000] {processor.py:186} INFO - Started process (PID=1311) to work on /home/airflow/.local/lib/python3.12/site-packages/airflow/example_dags/example_short_circuit_operator.py
[2024-10-16T04:01:42.392+0000] {processor.py:914} INFO - Processing file /home/airflow/.local/lib/python3.12/site-packages/airflow/example_dags/example_short_circuit_operator.py for tasks to queue
[2024-10-16T04:01:42.393+0000] {logging_mixin.py:190} INFO - [2024-10-16T04:01:42.393+0000] {dagbag.py:588} INFO - Filling up the DagBag from /home/airflow/.local/lib/python3.12/site-packages/airflow/example_dags/example_short_circuit_operator.py
[2024-10-16T04:01:42.397+0000] {processor.py:925} INFO - DAG(s) 'example_short_circuit_operator' retrieved from /home/airflow/.local/lib/python3.12/site-packages/airflow/example_dags/example_short_circuit_operator.py
[2024-10-16T04:01:42.407+0000] {logging_mixin.py:190} INFO - [2024-10-16T04:01:42.407+0000] {dag.py:3239} INFO - Sync 1 DAGs
[2024-10-16T04:01:42.413+0000] {logging_mixin.py:190} INFO - [2024-10-16T04:01:42.413+0000] {dag.py:4180} INFO - Setting next_dagrun for example_short_circuit_operator to None, run_after=None
[2024-10-16T04:01:42.419+0000] {processor.py:208} INFO - Processing /home/airflow/.local/lib/python3.12/site-packages/airflow/example_dags/example_short_circuit_operator.py took 0.030 seconds
[2024-10-16T04:02:13.372+0000] {processor.py:186} INFO - Started process (PID=1373) to work on /home/airflow/.local/lib/python3.12/site-packages/airflow/example_dags/example_short_circuit_operator.py
[2024-10-16T04:02:13.373+0000] {processor.py:914} INFO - Processing file /home/airflow/.local/lib/python3.12/site-packages/airflow/example_dags/example_short_circuit_operator.py for tasks to queue
[2024-10-16T04:02:13.374+0000] {logging_mixin.py:190} INFO - [2024-10-16T04:02:13.374+0000] {dagbag.py:588} INFO - Filling up the DagBag from /home/airflow/.local/lib/python3.12/site-packages/airflow/example_dags/example_short_circuit_operator.py
[2024-10-16T04:02:13.378+0000] {processor.py:925} INFO - DAG(s) 'example_short_circuit_operator' retrieved from /home/airflow/.local/lib/python3.12/site-packages/airflow/example_dags/example_short_circuit_operator.py
[2024-10-16T04:02:13.387+0000] {logging_mixin.py:190} INFO - [2024-10-16T04:02:13.387+0000] {dag.py:3239} INFO - Sync 1 DAGs
[2024-10-16T04:02:13.393+0000] {logging_mixin.py:190} INFO - [2024-10-16T04:02:13.393+0000] {dag.py:4180} INFO - Setting next_dagrun for example_short_circuit_operator to None, run_after=None
[2024-10-16T04:02:13.401+0000] {processor.py:208} INFO - Processing /home/airflow/.local/lib/python3.12/site-packages/airflow/example_dags/example_short_circuit_operator.py took 0.031 seconds
[2024-10-16T04:02:44.128+0000] {processor.py:186} INFO - Started process (PID=1435) to work on /home/airflow/.local/lib/python3.12/site-packages/airflow/example_dags/example_short_circuit_operator.py
[2024-10-16T04:02:44.129+0000] {processor.py:914} INFO - Processing file /home/airflow/.local/lib/python3.12/site-packages/airflow/example_dags/example_short_circuit_operator.py for tasks to queue
[2024-10-16T04:02:44.129+0000] {logging_mixin.py:190} INFO - [2024-10-16T04:02:44.129+0000] {dagbag.py:588} INFO - Filling up the DagBag from /home/airflow/.local/lib/python3.12/site-packages/airflow/example_dags/example_short_circuit_operator.py
[2024-10-16T04:02:44.133+0000] {processor.py:925} INFO - DAG(s) 'example_short_circuit_operator' retrieved from /home/airflow/.local/lib/python3.12/site-packages/airflow/example_dags/example_short_circuit_operator.py
[2024-10-16T04:02:44.143+0000] {logging_mixin.py:190} INFO - [2024-10-16T04:02:44.143+0000] {dag.py:3239} INFO - Sync 1 DAGs
[2024-10-16T04:02:44.149+0000] {logging_mixin.py:190} INFO - [2024-10-16T04:02:44.149+0000] {dag.py:4180} INFO - Setting next_dagrun for example_short_circuit_operator to None, run_after=None
[2024-10-16T04:02:44.156+0000] {processor.py:208} INFO - Processing /home/airflow/.local/lib/python3.12/site-packages/airflow/example_dags/example_short_circuit_operator.py took 0.031 seconds
[2024-10-16T04:03:15.071+0000] {processor.py:186} INFO - Started process (PID=1497) to work on /home/airflow/.local/lib/python3.12/site-packages/airflow/example_dags/example_short_circuit_operator.py
[2024-10-16T04:03:15.071+0000] {processor.py:914} INFO - Processing file /home/airflow/.local/lib/python3.12/site-packages/airflow/example_dags/example_short_circuit_operator.py for tasks to queue
[2024-10-16T04:03:15.072+0000] {logging_mixin.py:190} INFO - [2024-10-16T04:03:15.072+0000] {dagbag.py:588} INFO - Filling up the DagBag from /home/airflow/.local/lib/python3.12/site-packages/airflow/example_dags/example_short_circuit_operator.py
[2024-10-16T04:03:15.076+0000] {processor.py:925} INFO - DAG(s) 'example_short_circuit_operator' retrieved from /home/airflow/.local/lib/python3.12/site-packages/airflow/example_dags/example_short_circuit_operator.py
[2024-10-16T04:03:15.085+0000] {logging_mixin.py:190} INFO - [2024-10-16T04:03:15.085+0000] {dag.py:3239} INFO - Sync 1 DAGs
[2024-10-16T04:03:15.091+0000] {logging_mixin.py:190} INFO - [2024-10-16T04:03:15.091+0000] {dag.py:4180} INFO - Setting next_dagrun for example_short_circuit_operator to None, run_after=None
[2024-10-16T04:03:15.098+0000] {processor.py:208} INFO - Processing /home/airflow/.local/lib/python3.12/site-packages/airflow/example_dags/example_short_circuit_operator.py took 0.030 seconds
[2024-10-16T04:03:45.991+0000] {processor.py:186} INFO - Started process (PID=1564) to work on /home/airflow/.local/lib/python3.12/site-packages/airflow/example_dags/example_short_circuit_operator.py
[2024-10-16T04:03:45.991+0000] {processor.py:914} INFO - Processing file /home/airflow/.local/lib/python3.12/site-packages/airflow/example_dags/example_short_circuit_operator.py for tasks to queue
[2024-10-16T04:03:45.992+0000] {logging_mixin.py:190} INFO - [2024-10-16T04:03:45.992+0000] {dagbag.py:588} INFO - Filling up the DagBag from /home/airflow/.local/lib/python3.12/site-packages/airflow/example_dags/example_short_circuit_operator.py
[2024-10-16T04:03:45.996+0000] {processor.py:925} INFO - DAG(s) 'example_short_circuit_operator' retrieved from /home/airflow/.local/lib/python3.12/site-packages/airflow/example_dags/example_short_circuit_operator.py
[2024-10-16T04:03:46.005+0000] {logging_mixin.py:190} INFO - [2024-10-16T04:03:46.005+0000] {dag.py:3239} INFO - Sync 1 DAGs
[2024-10-16T04:03:46.011+0000] {logging_mixin.py:190} INFO - [2024-10-16T04:03:46.011+0000] {dag.py:4180} INFO - Setting next_dagrun for example_short_circuit_operator to None, run_after=None
[2024-10-16T04:03:46.017+0000] {processor.py:208} INFO - Processing /home/airflow/.local/lib/python3.12/site-packages/airflow/example_dags/example_short_circuit_operator.py took 0.029 seconds
[2024-10-16T04:04:16.916+0000] {processor.py:186} INFO - Started process (PID=1626) to work on /home/airflow/.local/lib/python3.12/site-packages/airflow/example_dags/example_short_circuit_operator.py
[2024-10-16T04:04:16.916+0000] {processor.py:914} INFO - Processing file /home/airflow/.local/lib/python3.12/site-packages/airflow/example_dags/example_short_circuit_operator.py for tasks to queue
[2024-10-16T04:04:16.917+0000] {logging_mixin.py:190} INFO - [2024-10-16T04:04:16.917+0000] {dagbag.py:588} INFO - Filling up the DagBag from /home/airflow/.local/lib/python3.12/site-packages/airflow/example_dags/example_short_circuit_operator.py
[2024-10-16T04:04:16.922+0000] {processor.py:925} INFO - DAG(s) 'example_short_circuit_operator' retrieved from /home/airflow/.local/lib/python3.12/site-packages/airflow/example_dags/example_short_circuit_operator.py
[2024-10-16T04:04:16.931+0000] {logging_mixin.py:190} INFO - [2024-10-16T04:04:16.931+0000] {dag.py:3239} INFO - Sync 1 DAGs
[2024-10-16T04:04:16.936+0000] {logging_mixin.py:190} INFO - [2024-10-16T04:04:16.936+0000] {dag.py:4180} INFO - Setting next_dagrun for example_short_circuit_operator to None, run_after=None
[2024-10-16T04:04:16.944+0000] {processor.py:208} INFO - Processing /home/airflow/.local/lib/python3.12/site-packages/airflow/example_dags/example_short_circuit_operator.py took 0.030 seconds
