[2024-10-16T03:51:26.384+0000] {processor.py:186} INFO - Started process (PID=55) to work on /home/airflow/.local/lib/python3.12/site-packages/airflow/example_dags/example_task_group_decorator.py
[2024-10-16T03:51:26.385+0000] {processor.py:914} INFO - Processing file /home/airflow/.local/lib/python3.12/site-packages/airflow/example_dags/example_task_group_decorator.py for tasks to queue
[2024-10-16T03:51:26.388+0000] {logging_mixin.py:190} INFO - [2024-10-16T03:51:26.387+0000] {dagbag.py:588} INFO - Filling up the DagBag from /home/airflow/.local/lib/python3.12/site-packages/airflow/example_dags/example_task_group_decorator.py
[2024-10-16T03:51:26.403+0000] {processor.py:925} INFO - DAG(s) 'example_task_group_decorator' retrieved from /home/airflow/.local/lib/python3.12/site-packages/airflow/example_dags/example_task_group_decorator.py
[2024-10-16T03:51:26.426+0000] {logging_mixin.py:190} INFO - [2024-10-16T03:51:26.426+0000] {dag.py:3239} INFO - Sync 1 DAGs
[2024-10-16T03:51:26.438+0000] {logging_mixin.py:190} INFO - [2024-10-16T03:51:26.438+0000] {dag.py:4180} INFO - Setting next_dagrun for example_task_group_decorator to None, run_after=None
[2024-10-16T03:51:26.468+0000] {processor.py:208} INFO - Processing /home/airflow/.local/lib/python3.12/site-packages/airflow/example_dags/example_task_group_decorator.py took 0.090 seconds
[2024-10-16T03:51:56.645+0000] {processor.py:186} INFO - Started process (PID=116) to work on /home/airflow/.local/lib/python3.12/site-packages/airflow/example_dags/example_task_group_decorator.py
[2024-10-16T03:51:56.646+0000] {processor.py:914} INFO - Processing file /home/airflow/.local/lib/python3.12/site-packages/airflow/example_dags/example_task_group_decorator.py for tasks to queue
[2024-10-16T03:51:56.648+0000] {logging_mixin.py:190} INFO - [2024-10-16T03:51:56.647+0000] {dagbag.py:588} INFO - Filling up the DagBag from /home/airflow/.local/lib/python3.12/site-packages/airflow/example_dags/example_task_group_decorator.py
[2024-10-16T03:51:56.655+0000] {processor.py:925} INFO - DAG(s) 'example_task_group_decorator' retrieved from /home/airflow/.local/lib/python3.12/site-packages/airflow/example_dags/example_task_group_decorator.py
[2024-10-16T03:51:56.665+0000] {logging_mixin.py:190} INFO - [2024-10-16T03:51:56.665+0000] {dag.py:3239} INFO - Sync 1 DAGs
[2024-10-16T03:51:56.671+0000] {logging_mixin.py:190} INFO - [2024-10-16T03:51:56.671+0000] {dag.py:4180} INFO - Setting next_dagrun for example_task_group_decorator to None, run_after=None
[2024-10-16T03:51:56.680+0000] {processor.py:208} INFO - Processing /home/airflow/.local/lib/python3.12/site-packages/airflow/example_dags/example_task_group_decorator.py took 0.038 seconds
[2024-10-16T03:52:27.041+0000] {processor.py:186} INFO - Started process (PID=178) to work on /home/airflow/.local/lib/python3.12/site-packages/airflow/example_dags/example_task_group_decorator.py
[2024-10-16T03:52:27.041+0000] {processor.py:914} INFO - Processing file /home/airflow/.local/lib/python3.12/site-packages/airflow/example_dags/example_task_group_decorator.py for tasks to queue
[2024-10-16T03:52:27.043+0000] {logging_mixin.py:190} INFO - [2024-10-16T03:52:27.043+0000] {dagbag.py:588} INFO - Filling up the DagBag from /home/airflow/.local/lib/python3.12/site-packages/airflow/example_dags/example_task_group_decorator.py
[2024-10-16T03:52:27.050+0000] {processor.py:925} INFO - DAG(s) 'example_task_group_decorator' retrieved from /home/airflow/.local/lib/python3.12/site-packages/airflow/example_dags/example_task_group_decorator.py
[2024-10-16T03:52:27.059+0000] {logging_mixin.py:190} INFO - [2024-10-16T03:52:27.059+0000] {dag.py:3239} INFO - Sync 1 DAGs
[2024-10-16T03:52:27.065+0000] {logging_mixin.py:190} INFO - [2024-10-16T03:52:27.065+0000] {dag.py:4180} INFO - Setting next_dagrun for example_task_group_decorator to None, run_after=None
[2024-10-16T03:52:27.071+0000] {processor.py:208} INFO - Processing /home/airflow/.local/lib/python3.12/site-packages/airflow/example_dags/example_task_group_decorator.py took 0.034 seconds
[2024-10-16T03:52:58.134+0000] {processor.py:186} INFO - Started process (PID=240) to work on /home/airflow/.local/lib/python3.12/site-packages/airflow/example_dags/example_task_group_decorator.py
[2024-10-16T03:52:58.134+0000] {processor.py:914} INFO - Processing file /home/airflow/.local/lib/python3.12/site-packages/airflow/example_dags/example_task_group_decorator.py for tasks to queue
[2024-10-16T03:52:58.135+0000] {logging_mixin.py:190} INFO - [2024-10-16T03:52:58.135+0000] {dagbag.py:588} INFO - Filling up the DagBag from /home/airflow/.local/lib/python3.12/site-packages/airflow/example_dags/example_task_group_decorator.py
[2024-10-16T03:52:58.144+0000] {processor.py:925} INFO - DAG(s) 'example_task_group_decorator' retrieved from /home/airflow/.local/lib/python3.12/site-packages/airflow/example_dags/example_task_group_decorator.py
[2024-10-16T03:52:58.165+0000] {logging_mixin.py:190} INFO - [2024-10-16T03:52:58.165+0000] {dag.py:3239} INFO - Sync 1 DAGs
[2024-10-16T03:52:58.172+0000] {logging_mixin.py:190} INFO - [2024-10-16T03:52:58.171+0000] {dag.py:4180} INFO - Setting next_dagrun for example_task_group_decorator to None, run_after=None
[2024-10-16T03:52:58.179+0000] {processor.py:208} INFO - Processing /home/airflow/.local/lib/python3.12/site-packages/airflow/example_dags/example_task_group_decorator.py took 0.048 seconds
[2024-10-16T03:53:29.204+0000] {processor.py:186} INFO - Started process (PID=302) to work on /home/airflow/.local/lib/python3.12/site-packages/airflow/example_dags/example_task_group_decorator.py
[2024-10-16T03:53:29.205+0000] {processor.py:914} INFO - Processing file /home/airflow/.local/lib/python3.12/site-packages/airflow/example_dags/example_task_group_decorator.py for tasks to queue
[2024-10-16T03:53:29.206+0000] {logging_mixin.py:190} INFO - [2024-10-16T03:53:29.206+0000] {dagbag.py:588} INFO - Filling up the DagBag from /home/airflow/.local/lib/python3.12/site-packages/airflow/example_dags/example_task_group_decorator.py
[2024-10-16T03:53:29.213+0000] {processor.py:925} INFO - DAG(s) 'example_task_group_decorator' retrieved from /home/airflow/.local/lib/python3.12/site-packages/airflow/example_dags/example_task_group_decorator.py
[2024-10-16T03:53:29.222+0000] {logging_mixin.py:190} INFO - [2024-10-16T03:53:29.222+0000] {dag.py:3239} INFO - Sync 1 DAGs
[2024-10-16T03:53:29.228+0000] {logging_mixin.py:190} INFO - [2024-10-16T03:53:29.228+0000] {dag.py:4180} INFO - Setting next_dagrun for example_task_group_decorator to None, run_after=None
[2024-10-16T03:53:29.235+0000] {processor.py:208} INFO - Processing /home/airflow/.local/lib/python3.12/site-packages/airflow/example_dags/example_task_group_decorator.py took 0.033 seconds
[2024-10-16T03:54:00.133+0000] {processor.py:186} INFO - Started process (PID=364) to work on /home/airflow/.local/lib/python3.12/site-packages/airflow/example_dags/example_task_group_decorator.py
[2024-10-16T03:54:00.134+0000] {processor.py:914} INFO - Processing file /home/airflow/.local/lib/python3.12/site-packages/airflow/example_dags/example_task_group_decorator.py for tasks to queue
[2024-10-16T03:54:00.135+0000] {logging_mixin.py:190} INFO - [2024-10-16T03:54:00.135+0000] {dagbag.py:588} INFO - Filling up the DagBag from /home/airflow/.local/lib/python3.12/site-packages/airflow/example_dags/example_task_group_decorator.py
[2024-10-16T03:54:00.141+0000] {processor.py:925} INFO - DAG(s) 'example_task_group_decorator' retrieved from /home/airflow/.local/lib/python3.12/site-packages/airflow/example_dags/example_task_group_decorator.py
[2024-10-16T03:54:00.150+0000] {logging_mixin.py:190} INFO - [2024-10-16T03:54:00.150+0000] {dag.py:3239} INFO - Sync 1 DAGs
[2024-10-16T03:54:00.155+0000] {logging_mixin.py:190} INFO - [2024-10-16T03:54:00.155+0000] {dag.py:4180} INFO - Setting next_dagrun for example_task_group_decorator to None, run_after=None
[2024-10-16T03:54:00.161+0000] {processor.py:208} INFO - Processing /home/airflow/.local/lib/python3.12/site-packages/airflow/example_dags/example_task_group_decorator.py took 0.030 seconds
[2024-10-16T03:54:31.076+0000] {processor.py:186} INFO - Started process (PID=426) to work on /home/airflow/.local/lib/python3.12/site-packages/airflow/example_dags/example_task_group_decorator.py
[2024-10-16T03:54:31.076+0000] {processor.py:914} INFO - Processing file /home/airflow/.local/lib/python3.12/site-packages/airflow/example_dags/example_task_group_decorator.py for tasks to queue
[2024-10-16T03:54:31.077+0000] {logging_mixin.py:190} INFO - [2024-10-16T03:54:31.077+0000] {dagbag.py:588} INFO - Filling up the DagBag from /home/airflow/.local/lib/python3.12/site-packages/airflow/example_dags/example_task_group_decorator.py
[2024-10-16T03:54:31.083+0000] {processor.py:925} INFO - DAG(s) 'example_task_group_decorator' retrieved from /home/airflow/.local/lib/python3.12/site-packages/airflow/example_dags/example_task_group_decorator.py
[2024-10-16T03:54:31.093+0000] {logging_mixin.py:190} INFO - [2024-10-16T03:54:31.093+0000] {dag.py:3239} INFO - Sync 1 DAGs
[2024-10-16T03:54:31.098+0000] {logging_mixin.py:190} INFO - [2024-10-16T03:54:31.098+0000] {dag.py:4180} INFO - Setting next_dagrun for example_task_group_decorator to None, run_after=None
[2024-10-16T03:54:31.104+0000] {processor.py:208} INFO - Processing /home/airflow/.local/lib/python3.12/site-packages/airflow/example_dags/example_task_group_decorator.py took 0.030 seconds
[2024-10-16T03:55:02.118+0000] {processor.py:186} INFO - Started process (PID=488) to work on /home/airflow/.local/lib/python3.12/site-packages/airflow/example_dags/example_task_group_decorator.py
[2024-10-16T03:55:02.119+0000] {processor.py:914} INFO - Processing file /home/airflow/.local/lib/python3.12/site-packages/airflow/example_dags/example_task_group_decorator.py for tasks to queue
[2024-10-16T03:55:02.120+0000] {logging_mixin.py:190} INFO - [2024-10-16T03:55:02.119+0000] {dagbag.py:588} INFO - Filling up the DagBag from /home/airflow/.local/lib/python3.12/site-packages/airflow/example_dags/example_task_group_decorator.py
[2024-10-16T03:55:02.126+0000] {processor.py:925} INFO - DAG(s) 'example_task_group_decorator' retrieved from /home/airflow/.local/lib/python3.12/site-packages/airflow/example_dags/example_task_group_decorator.py
[2024-10-16T03:55:02.136+0000] {logging_mixin.py:190} INFO - [2024-10-16T03:55:02.136+0000] {dag.py:3239} INFO - Sync 1 DAGs
[2024-10-16T03:55:02.142+0000] {logging_mixin.py:190} INFO - [2024-10-16T03:55:02.142+0000] {dag.py:4180} INFO - Setting next_dagrun for example_task_group_decorator to None, run_after=None
[2024-10-16T03:55:02.149+0000] {processor.py:208} INFO - Processing /home/airflow/.local/lib/python3.12/site-packages/airflow/example_dags/example_task_group_decorator.py took 0.034 seconds
[2024-10-16T03:55:33.165+0000] {processor.py:186} INFO - Started process (PID=550) to work on /home/airflow/.local/lib/python3.12/site-packages/airflow/example_dags/example_task_group_decorator.py
[2024-10-16T03:55:33.165+0000] {processor.py:914} INFO - Processing file /home/airflow/.local/lib/python3.12/site-packages/airflow/example_dags/example_task_group_decorator.py for tasks to queue
[2024-10-16T03:55:33.167+0000] {logging_mixin.py:190} INFO - [2024-10-16T03:55:33.167+0000] {dagbag.py:588} INFO - Filling up the DagBag from /home/airflow/.local/lib/python3.12/site-packages/airflow/example_dags/example_task_group_decorator.py
[2024-10-16T03:55:33.175+0000] {processor.py:925} INFO - DAG(s) 'example_task_group_decorator' retrieved from /home/airflow/.local/lib/python3.12/site-packages/airflow/example_dags/example_task_group_decorator.py
[2024-10-16T03:55:33.186+0000] {logging_mixin.py:190} INFO - [2024-10-16T03:55:33.186+0000] {dag.py:3239} INFO - Sync 1 DAGs
[2024-10-16T03:55:33.194+0000] {logging_mixin.py:190} INFO - [2024-10-16T03:55:33.194+0000] {dag.py:4180} INFO - Setting next_dagrun for example_task_group_decorator to None, run_after=None
[2024-10-16T03:55:33.201+0000] {processor.py:208} INFO - Processing /home/airflow/.local/lib/python3.12/site-packages/airflow/example_dags/example_task_group_decorator.py took 0.039 seconds
[2024-10-16T03:56:03.352+0000] {processor.py:186} INFO - Started process (PID=612) to work on /home/airflow/.local/lib/python3.12/site-packages/airflow/example_dags/example_task_group_decorator.py
[2024-10-16T03:56:03.353+0000] {processor.py:914} INFO - Processing file /home/airflow/.local/lib/python3.12/site-packages/airflow/example_dags/example_task_group_decorator.py for tasks to queue
[2024-10-16T03:56:03.354+0000] {logging_mixin.py:190} INFO - [2024-10-16T03:56:03.354+0000] {dagbag.py:588} INFO - Filling up the DagBag from /home/airflow/.local/lib/python3.12/site-packages/airflow/example_dags/example_task_group_decorator.py
[2024-10-16T03:56:03.360+0000] {processor.py:925} INFO - DAG(s) 'example_task_group_decorator' retrieved from /home/airflow/.local/lib/python3.12/site-packages/airflow/example_dags/example_task_group_decorator.py
[2024-10-16T03:56:03.370+0000] {logging_mixin.py:190} INFO - [2024-10-16T03:56:03.370+0000] {dag.py:3239} INFO - Sync 1 DAGs
[2024-10-16T03:56:03.376+0000] {logging_mixin.py:190} INFO - [2024-10-16T03:56:03.376+0000] {dag.py:4180} INFO - Setting next_dagrun for example_task_group_decorator to None, run_after=None
[2024-10-16T03:56:03.382+0000] {processor.py:208} INFO - Processing /home/airflow/.local/lib/python3.12/site-packages/airflow/example_dags/example_task_group_decorator.py took 0.032 seconds
[2024-10-16T03:56:34.482+0000] {processor.py:186} INFO - Started process (PID=674) to work on /home/airflow/.local/lib/python3.12/site-packages/airflow/example_dags/example_task_group_decorator.py
[2024-10-16T03:56:34.483+0000] {processor.py:914} INFO - Processing file /home/airflow/.local/lib/python3.12/site-packages/airflow/example_dags/example_task_group_decorator.py for tasks to queue
[2024-10-16T03:56:34.484+0000] {logging_mixin.py:190} INFO - [2024-10-16T03:56:34.484+0000] {dagbag.py:588} INFO - Filling up the DagBag from /home/airflow/.local/lib/python3.12/site-packages/airflow/example_dags/example_task_group_decorator.py
[2024-10-16T03:56:34.494+0000] {processor.py:925} INFO - DAG(s) 'example_task_group_decorator' retrieved from /home/airflow/.local/lib/python3.12/site-packages/airflow/example_dags/example_task_group_decorator.py
[2024-10-16T03:56:34.509+0000] {logging_mixin.py:190} INFO - [2024-10-16T03:56:34.509+0000] {dag.py:3239} INFO - Sync 1 DAGs
[2024-10-16T03:56:34.534+0000] {logging_mixin.py:190} INFO - [2024-10-16T03:56:34.534+0000] {dag.py:4180} INFO - Setting next_dagrun for example_task_group_decorator to None, run_after=None
[2024-10-16T03:56:34.546+0000] {processor.py:208} INFO - Processing /home/airflow/.local/lib/python3.12/site-packages/airflow/example_dags/example_task_group_decorator.py took 0.066 seconds
[2024-10-16T03:57:04.793+0000] {processor.py:186} INFO - Started process (PID=736) to work on /home/airflow/.local/lib/python3.12/site-packages/airflow/example_dags/example_task_group_decorator.py
[2024-10-16T03:57:04.793+0000] {processor.py:914} INFO - Processing file /home/airflow/.local/lib/python3.12/site-packages/airflow/example_dags/example_task_group_decorator.py for tasks to queue
[2024-10-16T03:57:04.795+0000] {logging_mixin.py:190} INFO - [2024-10-16T03:57:04.794+0000] {dagbag.py:588} INFO - Filling up the DagBag from /home/airflow/.local/lib/python3.12/site-packages/airflow/example_dags/example_task_group_decorator.py
[2024-10-16T03:57:04.802+0000] {processor.py:925} INFO - DAG(s) 'example_task_group_decorator' retrieved from /home/airflow/.local/lib/python3.12/site-packages/airflow/example_dags/example_task_group_decorator.py
[2024-10-16T03:57:04.821+0000] {logging_mixin.py:190} INFO - [2024-10-16T03:57:04.820+0000] {dag.py:3239} INFO - Sync 1 DAGs
[2024-10-16T03:57:04.829+0000] {logging_mixin.py:190} INFO - [2024-10-16T03:57:04.829+0000] {dag.py:4180} INFO - Setting next_dagrun for example_task_group_decorator to None, run_after=None
[2024-10-16T03:57:04.837+0000] {processor.py:208} INFO - Processing /home/airflow/.local/lib/python3.12/site-packages/airflow/example_dags/example_task_group_decorator.py took 0.047 seconds
[2024-10-16T03:57:35.819+0000] {processor.py:186} INFO - Started process (PID=798) to work on /home/airflow/.local/lib/python3.12/site-packages/airflow/example_dags/example_task_group_decorator.py
[2024-10-16T03:57:35.819+0000] {processor.py:914} INFO - Processing file /home/airflow/.local/lib/python3.12/site-packages/airflow/example_dags/example_task_group_decorator.py for tasks to queue
[2024-10-16T03:57:35.820+0000] {logging_mixin.py:190} INFO - [2024-10-16T03:57:35.820+0000] {dagbag.py:588} INFO - Filling up the DagBag from /home/airflow/.local/lib/python3.12/site-packages/airflow/example_dags/example_task_group_decorator.py
[2024-10-16T03:57:35.827+0000] {processor.py:925} INFO - DAG(s) 'example_task_group_decorator' retrieved from /home/airflow/.local/lib/python3.12/site-packages/airflow/example_dags/example_task_group_decorator.py
[2024-10-16T03:57:35.837+0000] {logging_mixin.py:190} INFO - [2024-10-16T03:57:35.836+0000] {dag.py:3239} INFO - Sync 1 DAGs
[2024-10-16T03:57:35.842+0000] {logging_mixin.py:190} INFO - [2024-10-16T03:57:35.842+0000] {dag.py:4180} INFO - Setting next_dagrun for example_task_group_decorator to None, run_after=None
[2024-10-16T03:57:35.848+0000] {processor.py:208} INFO - Processing /home/airflow/.local/lib/python3.12/site-packages/airflow/example_dags/example_task_group_decorator.py took 0.032 seconds
[2024-10-16T03:58:06.812+0000] {processor.py:186} INFO - Started process (PID=860) to work on /home/airflow/.local/lib/python3.12/site-packages/airflow/example_dags/example_task_group_decorator.py
[2024-10-16T03:58:06.813+0000] {processor.py:914} INFO - Processing file /home/airflow/.local/lib/python3.12/site-packages/airflow/example_dags/example_task_group_decorator.py for tasks to queue
[2024-10-16T03:58:06.814+0000] {logging_mixin.py:190} INFO - [2024-10-16T03:58:06.814+0000] {dagbag.py:588} INFO - Filling up the DagBag from /home/airflow/.local/lib/python3.12/site-packages/airflow/example_dags/example_task_group_decorator.py
[2024-10-16T03:58:06.822+0000] {processor.py:925} INFO - DAG(s) 'example_task_group_decorator' retrieved from /home/airflow/.local/lib/python3.12/site-packages/airflow/example_dags/example_task_group_decorator.py
[2024-10-16T03:58:06.835+0000] {logging_mixin.py:190} INFO - [2024-10-16T03:58:06.835+0000] {dag.py:3239} INFO - Sync 1 DAGs
[2024-10-16T03:58:06.841+0000] {logging_mixin.py:190} INFO - [2024-10-16T03:58:06.841+0000] {dag.py:4180} INFO - Setting next_dagrun for example_task_group_decorator to None, run_after=None
[2024-10-16T03:58:06.849+0000] {processor.py:208} INFO - Processing /home/airflow/.local/lib/python3.12/site-packages/airflow/example_dags/example_task_group_decorator.py took 0.040 seconds
[2024-10-16T03:58:37.333+0000] {processor.py:186} INFO - Started process (PID=922) to work on /home/airflow/.local/lib/python3.12/site-packages/airflow/example_dags/example_task_group_decorator.py
[2024-10-16T03:58:37.333+0000] {processor.py:914} INFO - Processing file /home/airflow/.local/lib/python3.12/site-packages/airflow/example_dags/example_task_group_decorator.py for tasks to queue
[2024-10-16T03:58:37.334+0000] {logging_mixin.py:190} INFO - [2024-10-16T03:58:37.334+0000] {dagbag.py:588} INFO - Filling up the DagBag from /home/airflow/.local/lib/python3.12/site-packages/airflow/example_dags/example_task_group_decorator.py
[2024-10-16T03:58:37.341+0000] {processor.py:925} INFO - DAG(s) 'example_task_group_decorator' retrieved from /home/airflow/.local/lib/python3.12/site-packages/airflow/example_dags/example_task_group_decorator.py
[2024-10-16T03:58:37.351+0000] {logging_mixin.py:190} INFO - [2024-10-16T03:58:37.351+0000] {dag.py:3239} INFO - Sync 1 DAGs
[2024-10-16T03:58:37.360+0000] {logging_mixin.py:190} INFO - [2024-10-16T03:58:37.360+0000] {dag.py:4180} INFO - Setting next_dagrun for example_task_group_decorator to None, run_after=None
[2024-10-16T03:58:37.367+0000] {processor.py:208} INFO - Processing /home/airflow/.local/lib/python3.12/site-packages/airflow/example_dags/example_task_group_decorator.py took 0.037 seconds
[2024-10-16T03:59:08.378+0000] {processor.py:186} INFO - Started process (PID=984) to work on /home/airflow/.local/lib/python3.12/site-packages/airflow/example_dags/example_task_group_decorator.py
[2024-10-16T03:59:08.378+0000] {processor.py:914} INFO - Processing file /home/airflow/.local/lib/python3.12/site-packages/airflow/example_dags/example_task_group_decorator.py for tasks to queue
[2024-10-16T03:59:08.379+0000] {logging_mixin.py:190} INFO - [2024-10-16T03:59:08.379+0000] {dagbag.py:588} INFO - Filling up the DagBag from /home/airflow/.local/lib/python3.12/site-packages/airflow/example_dags/example_task_group_decorator.py
[2024-10-16T03:59:08.386+0000] {processor.py:925} INFO - DAG(s) 'example_task_group_decorator' retrieved from /home/airflow/.local/lib/python3.12/site-packages/airflow/example_dags/example_task_group_decorator.py
[2024-10-16T03:59:08.396+0000] {logging_mixin.py:190} INFO - [2024-10-16T03:59:08.396+0000] {dag.py:3239} INFO - Sync 1 DAGs
[2024-10-16T03:59:08.402+0000] {logging_mixin.py:190} INFO - [2024-10-16T03:59:08.402+0000] {dag.py:4180} INFO - Setting next_dagrun for example_task_group_decorator to None, run_after=None
[2024-10-16T03:59:08.409+0000] {processor.py:208} INFO - Processing /home/airflow/.local/lib/python3.12/site-packages/airflow/example_dags/example_task_group_decorator.py took 0.034 seconds
[2024-10-16T03:59:38.537+0000] {processor.py:186} INFO - Started process (PID=1046) to work on /home/airflow/.local/lib/python3.12/site-packages/airflow/example_dags/example_task_group_decorator.py
[2024-10-16T03:59:38.537+0000] {processor.py:914} INFO - Processing file /home/airflow/.local/lib/python3.12/site-packages/airflow/example_dags/example_task_group_decorator.py for tasks to queue
[2024-10-16T03:59:38.538+0000] {logging_mixin.py:190} INFO - [2024-10-16T03:59:38.538+0000] {dagbag.py:588} INFO - Filling up the DagBag from /home/airflow/.local/lib/python3.12/site-packages/airflow/example_dags/example_task_group_decorator.py
[2024-10-16T03:59:38.544+0000] {processor.py:925} INFO - DAG(s) 'example_task_group_decorator' retrieved from /home/airflow/.local/lib/python3.12/site-packages/airflow/example_dags/example_task_group_decorator.py
[2024-10-16T03:59:38.554+0000] {logging_mixin.py:190} INFO - [2024-10-16T03:59:38.554+0000] {dag.py:3239} INFO - Sync 1 DAGs
[2024-10-16T03:59:38.559+0000] {logging_mixin.py:190} INFO - [2024-10-16T03:59:38.559+0000] {dag.py:4180} INFO - Setting next_dagrun for example_task_group_decorator to None, run_after=None
[2024-10-16T03:59:38.565+0000] {processor.py:208} INFO - Processing /home/airflow/.local/lib/python3.12/site-packages/airflow/example_dags/example_task_group_decorator.py took 0.030 seconds
[2024-10-16T04:00:08.777+0000] {processor.py:186} INFO - Started process (PID=1108) to work on /home/airflow/.local/lib/python3.12/site-packages/airflow/example_dags/example_task_group_decorator.py
[2024-10-16T04:00:08.777+0000] {processor.py:914} INFO - Processing file /home/airflow/.local/lib/python3.12/site-packages/airflow/example_dags/example_task_group_decorator.py for tasks to queue
[2024-10-16T04:00:08.778+0000] {logging_mixin.py:190} INFO - [2024-10-16T04:00:08.778+0000] {dagbag.py:588} INFO - Filling up the DagBag from /home/airflow/.local/lib/python3.12/site-packages/airflow/example_dags/example_task_group_decorator.py
[2024-10-16T04:00:08.785+0000] {processor.py:925} INFO - DAG(s) 'example_task_group_decorator' retrieved from /home/airflow/.local/lib/python3.12/site-packages/airflow/example_dags/example_task_group_decorator.py
[2024-10-16T04:00:08.794+0000] {logging_mixin.py:190} INFO - [2024-10-16T04:00:08.794+0000] {dag.py:3239} INFO - Sync 1 DAGs
[2024-10-16T04:00:08.799+0000] {logging_mixin.py:190} INFO - [2024-10-16T04:00:08.799+0000] {dag.py:4180} INFO - Setting next_dagrun for example_task_group_decorator to None, run_after=None
[2024-10-16T04:00:08.805+0000] {processor.py:208} INFO - Processing /home/airflow/.local/lib/python3.12/site-packages/airflow/example_dags/example_task_group_decorator.py took 0.031 seconds
[2024-10-16T04:00:39.913+0000] {processor.py:186} INFO - Started process (PID=1170) to work on /home/airflow/.local/lib/python3.12/site-packages/airflow/example_dags/example_task_group_decorator.py
[2024-10-16T04:00:39.914+0000] {processor.py:914} INFO - Processing file /home/airflow/.local/lib/python3.12/site-packages/airflow/example_dags/example_task_group_decorator.py for tasks to queue
[2024-10-16T04:00:39.915+0000] {logging_mixin.py:190} INFO - [2024-10-16T04:00:39.915+0000] {dagbag.py:588} INFO - Filling up the DagBag from /home/airflow/.local/lib/python3.12/site-packages/airflow/example_dags/example_task_group_decorator.py
[2024-10-16T04:00:39.922+0000] {processor.py:925} INFO - DAG(s) 'example_task_group_decorator' retrieved from /home/airflow/.local/lib/python3.12/site-packages/airflow/example_dags/example_task_group_decorator.py
[2024-10-16T04:00:39.932+0000] {logging_mixin.py:190} INFO - [2024-10-16T04:00:39.932+0000] {dag.py:3239} INFO - Sync 1 DAGs
[2024-10-16T04:00:39.939+0000] {logging_mixin.py:190} INFO - [2024-10-16T04:00:39.939+0000] {dag.py:4180} INFO - Setting next_dagrun for example_task_group_decorator to None, run_after=None
[2024-10-16T04:00:39.946+0000] {processor.py:208} INFO - Processing /home/airflow/.local/lib/python3.12/site-packages/airflow/example_dags/example_task_group_decorator.py took 0.036 seconds
[2024-10-16T04:01:10.986+0000] {processor.py:186} INFO - Started process (PID=1232) to work on /home/airflow/.local/lib/python3.12/site-packages/airflow/example_dags/example_task_group_decorator.py
[2024-10-16T04:01:10.987+0000] {processor.py:914} INFO - Processing file /home/airflow/.local/lib/python3.12/site-packages/airflow/example_dags/example_task_group_decorator.py for tasks to queue
[2024-10-16T04:01:10.988+0000] {logging_mixin.py:190} INFO - [2024-10-16T04:01:10.988+0000] {dagbag.py:588} INFO - Filling up the DagBag from /home/airflow/.local/lib/python3.12/site-packages/airflow/example_dags/example_task_group_decorator.py
[2024-10-16T04:01:10.994+0000] {processor.py:925} INFO - DAG(s) 'example_task_group_decorator' retrieved from /home/airflow/.local/lib/python3.12/site-packages/airflow/example_dags/example_task_group_decorator.py
[2024-10-16T04:01:11.004+0000] {logging_mixin.py:190} INFO - [2024-10-16T04:01:11.003+0000] {dag.py:3239} INFO - Sync 1 DAGs
[2024-10-16T04:01:11.009+0000] {logging_mixin.py:190} INFO - [2024-10-16T04:01:11.009+0000] {dag.py:4180} INFO - Setting next_dagrun for example_task_group_decorator to None, run_after=None
[2024-10-16T04:01:11.015+0000] {processor.py:208} INFO - Processing /home/airflow/.local/lib/python3.12/site-packages/airflow/example_dags/example_task_group_decorator.py took 0.031 seconds
[2024-10-16T04:01:41.945+0000] {processor.py:186} INFO - Started process (PID=1294) to work on /home/airflow/.local/lib/python3.12/site-packages/airflow/example_dags/example_task_group_decorator.py
[2024-10-16T04:01:41.946+0000] {processor.py:914} INFO - Processing file /home/airflow/.local/lib/python3.12/site-packages/airflow/example_dags/example_task_group_decorator.py for tasks to queue
[2024-10-16T04:01:41.947+0000] {logging_mixin.py:190} INFO - [2024-10-16T04:01:41.947+0000] {dagbag.py:588} INFO - Filling up the DagBag from /home/airflow/.local/lib/python3.12/site-packages/airflow/example_dags/example_task_group_decorator.py
[2024-10-16T04:01:41.954+0000] {processor.py:925} INFO - DAG(s) 'example_task_group_decorator' retrieved from /home/airflow/.local/lib/python3.12/site-packages/airflow/example_dags/example_task_group_decorator.py
[2024-10-16T04:01:41.964+0000] {logging_mixin.py:190} INFO - [2024-10-16T04:01:41.964+0000] {dag.py:3239} INFO - Sync 1 DAGs
[2024-10-16T04:01:41.970+0000] {logging_mixin.py:190} INFO - [2024-10-16T04:01:41.970+0000] {dag.py:4180} INFO - Setting next_dagrun for example_task_group_decorator to None, run_after=None
[2024-10-16T04:01:41.976+0000] {processor.py:208} INFO - Processing /home/airflow/.local/lib/python3.12/site-packages/airflow/example_dags/example_task_group_decorator.py took 0.033 seconds
[2024-10-16T04:02:12.898+0000] {processor.py:186} INFO - Started process (PID=1356) to work on /home/airflow/.local/lib/python3.12/site-packages/airflow/example_dags/example_task_group_decorator.py
[2024-10-16T04:02:12.899+0000] {processor.py:914} INFO - Processing file /home/airflow/.local/lib/python3.12/site-packages/airflow/example_dags/example_task_group_decorator.py for tasks to queue
[2024-10-16T04:02:12.900+0000] {logging_mixin.py:190} INFO - [2024-10-16T04:02:12.900+0000] {dagbag.py:588} INFO - Filling up the DagBag from /home/airflow/.local/lib/python3.12/site-packages/airflow/example_dags/example_task_group_decorator.py
[2024-10-16T04:02:12.906+0000] {processor.py:925} INFO - DAG(s) 'example_task_group_decorator' retrieved from /home/airflow/.local/lib/python3.12/site-packages/airflow/example_dags/example_task_group_decorator.py
[2024-10-16T04:02:12.916+0000] {logging_mixin.py:190} INFO - [2024-10-16T04:02:12.916+0000] {dag.py:3239} INFO - Sync 1 DAGs
[2024-10-16T04:02:12.921+0000] {logging_mixin.py:190} INFO - [2024-10-16T04:02:12.921+0000] {dag.py:4180} INFO - Setting next_dagrun for example_task_group_decorator to None, run_after=None
[2024-10-16T04:02:12.929+0000] {processor.py:208} INFO - Processing /home/airflow/.local/lib/python3.12/site-packages/airflow/example_dags/example_task_group_decorator.py took 0.033 seconds
[2024-10-16T04:02:43.717+0000] {processor.py:186} INFO - Started process (PID=1418) to work on /home/airflow/.local/lib/python3.12/site-packages/airflow/example_dags/example_task_group_decorator.py
[2024-10-16T04:02:43.717+0000] {processor.py:914} INFO - Processing file /home/airflow/.local/lib/python3.12/site-packages/airflow/example_dags/example_task_group_decorator.py for tasks to queue
[2024-10-16T04:02:43.718+0000] {logging_mixin.py:190} INFO - [2024-10-16T04:02:43.718+0000] {dagbag.py:588} INFO - Filling up the DagBag from /home/airflow/.local/lib/python3.12/site-packages/airflow/example_dags/example_task_group_decorator.py
[2024-10-16T04:02:43.725+0000] {processor.py:925} INFO - DAG(s) 'example_task_group_decorator' retrieved from /home/airflow/.local/lib/python3.12/site-packages/airflow/example_dags/example_task_group_decorator.py
[2024-10-16T04:02:43.735+0000] {logging_mixin.py:190} INFO - [2024-10-16T04:02:43.735+0000] {dag.py:3239} INFO - Sync 1 DAGs
[2024-10-16T04:02:43.740+0000] {logging_mixin.py:190} INFO - [2024-10-16T04:02:43.740+0000] {dag.py:4180} INFO - Setting next_dagrun for example_task_group_decorator to None, run_after=None
[2024-10-16T04:02:43.746+0000] {processor.py:208} INFO - Processing /home/airflow/.local/lib/python3.12/site-packages/airflow/example_dags/example_task_group_decorator.py took 0.032 seconds
[2024-10-16T04:03:14.655+0000] {processor.py:186} INFO - Started process (PID=1480) to work on /home/airflow/.local/lib/python3.12/site-packages/airflow/example_dags/example_task_group_decorator.py
[2024-10-16T04:03:14.656+0000] {processor.py:914} INFO - Processing file /home/airflow/.local/lib/python3.12/site-packages/airflow/example_dags/example_task_group_decorator.py for tasks to queue
[2024-10-16T04:03:14.657+0000] {logging_mixin.py:190} INFO - [2024-10-16T04:03:14.656+0000] {dagbag.py:588} INFO - Filling up the DagBag from /home/airflow/.local/lib/python3.12/site-packages/airflow/example_dags/example_task_group_decorator.py
[2024-10-16T04:03:14.663+0000] {processor.py:925} INFO - DAG(s) 'example_task_group_decorator' retrieved from /home/airflow/.local/lib/python3.12/site-packages/airflow/example_dags/example_task_group_decorator.py
[2024-10-16T04:03:14.673+0000] {logging_mixin.py:190} INFO - [2024-10-16T04:03:14.673+0000] {dag.py:3239} INFO - Sync 1 DAGs
[2024-10-16T04:03:14.679+0000] {logging_mixin.py:190} INFO - [2024-10-16T04:03:14.679+0000] {dag.py:4180} INFO - Setting next_dagrun for example_task_group_decorator to None, run_after=None
[2024-10-16T04:03:14.686+0000] {processor.py:208} INFO - Processing /home/airflow/.local/lib/python3.12/site-packages/airflow/example_dags/example_task_group_decorator.py took 0.033 seconds
[2024-10-16T04:03:45.533+0000] {processor.py:186} INFO - Started process (PID=1542) to work on /home/airflow/.local/lib/python3.12/site-packages/airflow/example_dags/example_task_group_decorator.py
[2024-10-16T04:03:45.534+0000] {processor.py:914} INFO - Processing file /home/airflow/.local/lib/python3.12/site-packages/airflow/example_dags/example_task_group_decorator.py for tasks to queue
[2024-10-16T04:03:45.535+0000] {logging_mixin.py:190} INFO - [2024-10-16T04:03:45.534+0000] {dagbag.py:588} INFO - Filling up the DagBag from /home/airflow/.local/lib/python3.12/site-packages/airflow/example_dags/example_task_group_decorator.py
[2024-10-16T04:03:45.541+0000] {processor.py:925} INFO - DAG(s) 'example_task_group_decorator' retrieved from /home/airflow/.local/lib/python3.12/site-packages/airflow/example_dags/example_task_group_decorator.py
[2024-10-16T04:03:45.550+0000] {logging_mixin.py:190} INFO - [2024-10-16T04:03:45.550+0000] {dag.py:3239} INFO - Sync 1 DAGs
[2024-10-16T04:03:45.555+0000] {logging_mixin.py:190} INFO - [2024-10-16T04:03:45.555+0000] {dag.py:4180} INFO - Setting next_dagrun for example_task_group_decorator to None, run_after=None
[2024-10-16T04:03:45.562+0000] {processor.py:208} INFO - Processing /home/airflow/.local/lib/python3.12/site-packages/airflow/example_dags/example_task_group_decorator.py took 0.031 seconds
[2024-10-16T04:04:16.472+0000] {processor.py:186} INFO - Started process (PID=1609) to work on /home/airflow/.local/lib/python3.12/site-packages/airflow/example_dags/example_task_group_decorator.py
[2024-10-16T04:04:16.473+0000] {processor.py:914} INFO - Processing file /home/airflow/.local/lib/python3.12/site-packages/airflow/example_dags/example_task_group_decorator.py for tasks to queue
[2024-10-16T04:04:16.473+0000] {logging_mixin.py:190} INFO - [2024-10-16T04:04:16.473+0000] {dagbag.py:588} INFO - Filling up the DagBag from /home/airflow/.local/lib/python3.12/site-packages/airflow/example_dags/example_task_group_decorator.py
[2024-10-16T04:04:16.480+0000] {processor.py:925} INFO - DAG(s) 'example_task_group_decorator' retrieved from /home/airflow/.local/lib/python3.12/site-packages/airflow/example_dags/example_task_group_decorator.py
[2024-10-16T04:04:16.489+0000] {logging_mixin.py:190} INFO - [2024-10-16T04:04:16.489+0000] {dag.py:3239} INFO - Sync 1 DAGs
[2024-10-16T04:04:16.494+0000] {logging_mixin.py:190} INFO - [2024-10-16T04:04:16.494+0000] {dag.py:4180} INFO - Setting next_dagrun for example_task_group_decorator to None, run_after=None
[2024-10-16T04:04:16.500+0000] {processor.py:208} INFO - Processing /home/airflow/.local/lib/python3.12/site-packages/airflow/example_dags/example_task_group_decorator.py took 0.030 seconds
