[2024-10-16T03:51:27.280+0000] {processor.py:186} INFO - Started process (PID=81) to work on /home/airflow/.local/lib/python3.12/site-packages/airflow/example_dags/example_subdag_operator.py
[2024-10-16T03:51:27.281+0000] {processor.py:914} INFO - Processing file /home/airflow/.local/lib/python3.12/site-packages/airflow/example_dags/example_subdag_operator.py for tasks to queue
[2024-10-16T03:51:27.283+0000] {logging_mixin.py:190} INFO - [2024-10-16T03:51:27.282+0000] {dagbag.py:588} INFO - Filling up the DagBag from /home/airflow/.local/lib/python3.12/site-packages/airflow/example_dags/example_subdag_operator.py
[2024-10-16T03:51:27.296+0000] {processor.py:925} INFO - DAG(s) 'example_subdag_operator.section-1', 'example_subdag_operator.section-2', 'example_subdag_operator' retrieved from /home/airflow/.local/lib/python3.12/site-packages/airflow/example_dags/example_subdag_operator.py
[2024-10-16T03:51:27.302+0000] {logging_mixin.py:190} INFO - [2024-10-16T03:51:27.302+0000] {dag.py:3239} INFO - Sync 3 DAGs
[2024-10-16T03:51:27.312+0000] {logging_mixin.py:190} INFO - [2024-10-16T03:51:27.311+0000] {dag.py:4180} INFO - Setting next_dagrun for example_subdag_operator to 2022-01-01 00:00:00+00:00, run_after=2022-01-01 00:00:00+00:00
[2024-10-16T03:51:27.313+0000] {logging_mixin.py:190} INFO - [2024-10-16T03:51:27.313+0000] {dag.py:4180} INFO - Setting next_dagrun for example_subdag_operator.section-1 to None, run_after=None
[2024-10-16T03:51:27.317+0000] {logging_mixin.py:190} INFO - [2024-10-16T03:51:27.316+0000] {dag.py:4180} INFO - Setting next_dagrun for example_subdag_operator.section-2 to None, run_after=None
[2024-10-16T03:51:27.320+0000] {logging_mixin.py:190} INFO - [2024-10-16T03:51:27.319+0000] {dag.py:3239} INFO - Sync 2 DAGs
[2024-10-16T03:51:27.322+0000] {logging_mixin.py:190} INFO - [2024-10-16T03:51:27.322+0000] {dag.py:4180} INFO - Setting next_dagrun for example_subdag_operator.section-1 to None, run_after=None
[2024-10-16T03:51:27.322+0000] {logging_mixin.py:190} INFO - [2024-10-16T03:51:27.322+0000] {dag.py:4180} INFO - Setting next_dagrun for example_subdag_operator.section-2 to None, run_after=None
[2024-10-16T03:51:27.326+0000] {processor.py:208} INFO - Processing /home/airflow/.local/lib/python3.12/site-packages/airflow/example_dags/example_subdag_operator.py took 0.051 seconds
[2024-10-16T03:51:57.395+0000] {processor.py:186} INFO - Started process (PID=142) to work on /home/airflow/.local/lib/python3.12/site-packages/airflow/example_dags/example_subdag_operator.py
[2024-10-16T03:51:57.395+0000] {processor.py:914} INFO - Processing file /home/airflow/.local/lib/python3.12/site-packages/airflow/example_dags/example_subdag_operator.py for tasks to queue
[2024-10-16T03:51:57.396+0000] {logging_mixin.py:190} INFO - [2024-10-16T03:51:57.396+0000] {dagbag.py:588} INFO - Filling up the DagBag from /home/airflow/.local/lib/python3.12/site-packages/airflow/example_dags/example_subdag_operator.py
[2024-10-16T03:51:57.408+0000] {processor.py:925} INFO - DAG(s) 'example_subdag_operator.section-1', 'example_subdag_operator.section-2', 'example_subdag_operator' retrieved from /home/airflow/.local/lib/python3.12/site-packages/airflow/example_dags/example_subdag_operator.py
[2024-10-16T03:51:57.413+0000] {logging_mixin.py:190} INFO - [2024-10-16T03:51:57.413+0000] {dag.py:3239} INFO - Sync 3 DAGs
[2024-10-16T03:51:57.422+0000] {logging_mixin.py:190} INFO - [2024-10-16T03:51:57.422+0000] {dag.py:4180} INFO - Setting next_dagrun for example_subdag_operator to 2022-01-01 00:00:00+00:00, run_after=2022-01-01 00:00:00+00:00
[2024-10-16T03:51:57.423+0000] {logging_mixin.py:190} INFO - [2024-10-16T03:51:57.423+0000] {dag.py:4180} INFO - Setting next_dagrun for example_subdag_operator.section-1 to None, run_after=None
[2024-10-16T03:51:57.424+0000] {logging_mixin.py:190} INFO - [2024-10-16T03:51:57.424+0000] {dag.py:4180} INFO - Setting next_dagrun for example_subdag_operator.section-2 to None, run_after=None
[2024-10-16T03:51:57.426+0000] {logging_mixin.py:190} INFO - [2024-10-16T03:51:57.426+0000] {dag.py:3239} INFO - Sync 2 DAGs
[2024-10-16T03:51:57.428+0000] {logging_mixin.py:190} INFO - [2024-10-16T03:51:57.428+0000] {dag.py:4180} INFO - Setting next_dagrun for example_subdag_operator.section-1 to None, run_after=None
[2024-10-16T03:51:57.429+0000] {logging_mixin.py:190} INFO - [2024-10-16T03:51:57.429+0000] {dag.py:4180} INFO - Setting next_dagrun for example_subdag_operator.section-2 to None, run_after=None
[2024-10-16T03:51:57.432+0000] {processor.py:208} INFO - Processing /home/airflow/.local/lib/python3.12/site-packages/airflow/example_dags/example_subdag_operator.py took 0.040 seconds
[2024-10-16T03:52:27.720+0000] {processor.py:186} INFO - Started process (PID=204) to work on /home/airflow/.local/lib/python3.12/site-packages/airflow/example_dags/example_subdag_operator.py
[2024-10-16T03:52:27.721+0000] {processor.py:914} INFO - Processing file /home/airflow/.local/lib/python3.12/site-packages/airflow/example_dags/example_subdag_operator.py for tasks to queue
[2024-10-16T03:52:27.722+0000] {logging_mixin.py:190} INFO - [2024-10-16T03:52:27.722+0000] {dagbag.py:588} INFO - Filling up the DagBag from /home/airflow/.local/lib/python3.12/site-packages/airflow/example_dags/example_subdag_operator.py
[2024-10-16T03:52:27.734+0000] {processor.py:925} INFO - DAG(s) 'example_subdag_operator.section-1', 'example_subdag_operator.section-2', 'example_subdag_operator' retrieved from /home/airflow/.local/lib/python3.12/site-packages/airflow/example_dags/example_subdag_operator.py
[2024-10-16T03:52:27.740+0000] {logging_mixin.py:190} INFO - [2024-10-16T03:52:27.740+0000] {dag.py:3239} INFO - Sync 3 DAGs
[2024-10-16T03:52:27.750+0000] {logging_mixin.py:190} INFO - [2024-10-16T03:52:27.750+0000] {dag.py:4180} INFO - Setting next_dagrun for example_subdag_operator to 2022-01-01 00:00:00+00:00, run_after=2022-01-01 00:00:00+00:00
[2024-10-16T03:52:27.752+0000] {logging_mixin.py:190} INFO - [2024-10-16T03:52:27.752+0000] {dag.py:4180} INFO - Setting next_dagrun for example_subdag_operator.section-1 to None, run_after=None
[2024-10-16T03:52:27.752+0000] {logging_mixin.py:190} INFO - [2024-10-16T03:52:27.752+0000] {dag.py:4180} INFO - Setting next_dagrun for example_subdag_operator.section-2 to None, run_after=None
[2024-10-16T03:52:27.755+0000] {logging_mixin.py:190} INFO - [2024-10-16T03:52:27.755+0000] {dag.py:3239} INFO - Sync 2 DAGs
[2024-10-16T03:52:27.757+0000] {logging_mixin.py:190} INFO - [2024-10-16T03:52:27.757+0000] {dag.py:4180} INFO - Setting next_dagrun for example_subdag_operator.section-1 to None, run_after=None
[2024-10-16T03:52:27.758+0000] {logging_mixin.py:190} INFO - [2024-10-16T03:52:27.758+0000] {dag.py:4180} INFO - Setting next_dagrun for example_subdag_operator.section-2 to None, run_after=None
[2024-10-16T03:52:27.761+0000] {processor.py:208} INFO - Processing /home/airflow/.local/lib/python3.12/site-packages/airflow/example_dags/example_subdag_operator.py took 0.044 seconds
[2024-10-16T03:52:58.863+0000] {processor.py:186} INFO - Started process (PID=266) to work on /home/airflow/.local/lib/python3.12/site-packages/airflow/example_dags/example_subdag_operator.py
[2024-10-16T03:52:58.865+0000] {processor.py:914} INFO - Processing file /home/airflow/.local/lib/python3.12/site-packages/airflow/example_dags/example_subdag_operator.py for tasks to queue
[2024-10-16T03:52:58.867+0000] {logging_mixin.py:190} INFO - [2024-10-16T03:52:58.866+0000] {dagbag.py:588} INFO - Filling up the DagBag from /home/airflow/.local/lib/python3.12/site-packages/airflow/example_dags/example_subdag_operator.py
[2024-10-16T03:52:58.877+0000] {processor.py:925} INFO - DAG(s) 'example_subdag_operator.section-1', 'example_subdag_operator.section-2', 'example_subdag_operator' retrieved from /home/airflow/.local/lib/python3.12/site-packages/airflow/example_dags/example_subdag_operator.py
[2024-10-16T03:52:58.883+0000] {logging_mixin.py:190} INFO - [2024-10-16T03:52:58.883+0000] {dag.py:3239} INFO - Sync 3 DAGs
[2024-10-16T03:52:58.892+0000] {logging_mixin.py:190} INFO - [2024-10-16T03:52:58.892+0000] {dag.py:4180} INFO - Setting next_dagrun for example_subdag_operator to 2022-01-01 00:00:00+00:00, run_after=2022-01-01 00:00:00+00:00
[2024-10-16T03:52:58.893+0000] {logging_mixin.py:190} INFO - [2024-10-16T03:52:58.893+0000] {dag.py:4180} INFO - Setting next_dagrun for example_subdag_operator.section-1 to None, run_after=None
[2024-10-16T03:52:58.894+0000] {logging_mixin.py:190} INFO - [2024-10-16T03:52:58.894+0000] {dag.py:4180} INFO - Setting next_dagrun for example_subdag_operator.section-2 to None, run_after=None
[2024-10-16T03:52:58.896+0000] {logging_mixin.py:190} INFO - [2024-10-16T03:52:58.896+0000] {dag.py:3239} INFO - Sync 2 DAGs
[2024-10-16T03:52:58.898+0000] {logging_mixin.py:190} INFO - [2024-10-16T03:52:58.898+0000] {dag.py:4180} INFO - Setting next_dagrun for example_subdag_operator.section-1 to None, run_after=None
[2024-10-16T03:52:58.898+0000] {logging_mixin.py:190} INFO - [2024-10-16T03:52:58.898+0000] {dag.py:4180} INFO - Setting next_dagrun for example_subdag_operator.section-2 to None, run_after=None
[2024-10-16T03:52:58.902+0000] {processor.py:208} INFO - Processing /home/airflow/.local/lib/python3.12/site-packages/airflow/example_dags/example_subdag_operator.py took 0.041 seconds
[2024-10-16T03:53:29.874+0000] {processor.py:186} INFO - Started process (PID=328) to work on /home/airflow/.local/lib/python3.12/site-packages/airflow/example_dags/example_subdag_operator.py
[2024-10-16T03:53:29.875+0000] {processor.py:914} INFO - Processing file /home/airflow/.local/lib/python3.12/site-packages/airflow/example_dags/example_subdag_operator.py for tasks to queue
[2024-10-16T03:53:29.876+0000] {logging_mixin.py:190} INFO - [2024-10-16T03:53:29.876+0000] {dagbag.py:588} INFO - Filling up the DagBag from /home/airflow/.local/lib/python3.12/site-packages/airflow/example_dags/example_subdag_operator.py
[2024-10-16T03:53:29.887+0000] {processor.py:925} INFO - DAG(s) 'example_subdag_operator.section-1', 'example_subdag_operator.section-2', 'example_subdag_operator' retrieved from /home/airflow/.local/lib/python3.12/site-packages/airflow/example_dags/example_subdag_operator.py
[2024-10-16T03:53:29.892+0000] {logging_mixin.py:190} INFO - [2024-10-16T03:53:29.892+0000] {dag.py:3239} INFO - Sync 3 DAGs
[2024-10-16T03:53:29.901+0000] {logging_mixin.py:190} INFO - [2024-10-16T03:53:29.901+0000] {dag.py:4180} INFO - Setting next_dagrun for example_subdag_operator to 2022-01-01 00:00:00+00:00, run_after=2022-01-01 00:00:00+00:00
[2024-10-16T03:53:29.902+0000] {logging_mixin.py:190} INFO - [2024-10-16T03:53:29.902+0000] {dag.py:4180} INFO - Setting next_dagrun for example_subdag_operator.section-1 to None, run_after=None
[2024-10-16T03:53:29.903+0000] {logging_mixin.py:190} INFO - [2024-10-16T03:53:29.903+0000] {dag.py:4180} INFO - Setting next_dagrun for example_subdag_operator.section-2 to None, run_after=None
[2024-10-16T03:53:29.906+0000] {logging_mixin.py:190} INFO - [2024-10-16T03:53:29.906+0000] {dag.py:3239} INFO - Sync 2 DAGs
[2024-10-16T03:53:29.908+0000] {logging_mixin.py:190} INFO - [2024-10-16T03:53:29.908+0000] {dag.py:4180} INFO - Setting next_dagrun for example_subdag_operator.section-1 to None, run_after=None
[2024-10-16T03:53:29.908+0000] {logging_mixin.py:190} INFO - [2024-10-16T03:53:29.908+0000] {dag.py:4180} INFO - Setting next_dagrun for example_subdag_operator.section-2 to None, run_after=None
[2024-10-16T03:53:29.912+0000] {processor.py:208} INFO - Processing /home/airflow/.local/lib/python3.12/site-packages/airflow/example_dags/example_subdag_operator.py took 0.040 seconds
[2024-10-16T03:54:00.878+0000] {processor.py:186} INFO - Started process (PID=390) to work on /home/airflow/.local/lib/python3.12/site-packages/airflow/example_dags/example_subdag_operator.py
[2024-10-16T03:54:00.879+0000] {processor.py:914} INFO - Processing file /home/airflow/.local/lib/python3.12/site-packages/airflow/example_dags/example_subdag_operator.py for tasks to queue
[2024-10-16T03:54:00.880+0000] {logging_mixin.py:190} INFO - [2024-10-16T03:54:00.880+0000] {dagbag.py:588} INFO - Filling up the DagBag from /home/airflow/.local/lib/python3.12/site-packages/airflow/example_dags/example_subdag_operator.py
[2024-10-16T03:54:00.891+0000] {processor.py:925} INFO - DAG(s) 'example_subdag_operator.section-1', 'example_subdag_operator.section-2', 'example_subdag_operator' retrieved from /home/airflow/.local/lib/python3.12/site-packages/airflow/example_dags/example_subdag_operator.py
[2024-10-16T03:54:00.897+0000] {logging_mixin.py:190} INFO - [2024-10-16T03:54:00.897+0000] {dag.py:3239} INFO - Sync 3 DAGs
[2024-10-16T03:54:00.907+0000] {logging_mixin.py:190} INFO - [2024-10-16T03:54:00.906+0000] {dag.py:4180} INFO - Setting next_dagrun for example_subdag_operator to 2022-01-01 00:00:00+00:00, run_after=2022-01-01 00:00:00+00:00
[2024-10-16T03:54:00.908+0000] {logging_mixin.py:190} INFO - [2024-10-16T03:54:00.908+0000] {dag.py:4180} INFO - Setting next_dagrun for example_subdag_operator.section-1 to None, run_after=None
[2024-10-16T03:54:00.909+0000] {logging_mixin.py:190} INFO - [2024-10-16T03:54:00.909+0000] {dag.py:4180} INFO - Setting next_dagrun for example_subdag_operator.section-2 to None, run_after=None
[2024-10-16T03:54:00.911+0000] {logging_mixin.py:190} INFO - [2024-10-16T03:54:00.911+0000] {dag.py:3239} INFO - Sync 2 DAGs
[2024-10-16T03:54:00.914+0000] {logging_mixin.py:190} INFO - [2024-10-16T03:54:00.914+0000] {dag.py:4180} INFO - Setting next_dagrun for example_subdag_operator.section-1 to None, run_after=None
[2024-10-16T03:54:00.914+0000] {logging_mixin.py:190} INFO - [2024-10-16T03:54:00.914+0000] {dag.py:4180} INFO - Setting next_dagrun for example_subdag_operator.section-2 to None, run_after=None
[2024-10-16T03:54:00.917+0000] {processor.py:208} INFO - Processing /home/airflow/.local/lib/python3.12/site-packages/airflow/example_dags/example_subdag_operator.py took 0.042 seconds
[2024-10-16T03:54:31.773+0000] {processor.py:186} INFO - Started process (PID=452) to work on /home/airflow/.local/lib/python3.12/site-packages/airflow/example_dags/example_subdag_operator.py
[2024-10-16T03:54:31.773+0000] {processor.py:914} INFO - Processing file /home/airflow/.local/lib/python3.12/site-packages/airflow/example_dags/example_subdag_operator.py for tasks to queue
[2024-10-16T03:54:31.775+0000] {logging_mixin.py:190} INFO - [2024-10-16T03:54:31.775+0000] {dagbag.py:588} INFO - Filling up the DagBag from /home/airflow/.local/lib/python3.12/site-packages/airflow/example_dags/example_subdag_operator.py
[2024-10-16T03:54:31.787+0000] {processor.py:925} INFO - DAG(s) 'example_subdag_operator.section-1', 'example_subdag_operator.section-2', 'example_subdag_operator' retrieved from /home/airflow/.local/lib/python3.12/site-packages/airflow/example_dags/example_subdag_operator.py
[2024-10-16T03:54:31.794+0000] {logging_mixin.py:190} INFO - [2024-10-16T03:54:31.794+0000] {dag.py:3239} INFO - Sync 3 DAGs
[2024-10-16T03:54:31.804+0000] {logging_mixin.py:190} INFO - [2024-10-16T03:54:31.804+0000] {dag.py:4180} INFO - Setting next_dagrun for example_subdag_operator to 2022-01-01 00:00:00+00:00, run_after=2022-01-01 00:00:00+00:00
[2024-10-16T03:54:31.806+0000] {logging_mixin.py:190} INFO - [2024-10-16T03:54:31.806+0000] {dag.py:4180} INFO - Setting next_dagrun for example_subdag_operator.section-1 to None, run_after=None
[2024-10-16T03:54:31.806+0000] {logging_mixin.py:190} INFO - [2024-10-16T03:54:31.806+0000] {dag.py:4180} INFO - Setting next_dagrun for example_subdag_operator.section-2 to None, run_after=None
[2024-10-16T03:54:31.810+0000] {logging_mixin.py:190} INFO - [2024-10-16T03:54:31.810+0000] {dag.py:3239} INFO - Sync 2 DAGs
[2024-10-16T03:54:31.812+0000] {logging_mixin.py:190} INFO - [2024-10-16T03:54:31.812+0000] {dag.py:4180} INFO - Setting next_dagrun for example_subdag_operator.section-1 to None, run_after=None
[2024-10-16T03:54:31.812+0000] {logging_mixin.py:190} INFO - [2024-10-16T03:54:31.812+0000] {dag.py:4180} INFO - Setting next_dagrun for example_subdag_operator.section-2 to None, run_after=None
[2024-10-16T03:54:31.816+0000] {processor.py:208} INFO - Processing /home/airflow/.local/lib/python3.12/site-packages/airflow/example_dags/example_subdag_operator.py took 0.047 seconds
[2024-10-16T03:55:02.760+0000] {processor.py:186} INFO - Started process (PID=514) to work on /home/airflow/.local/lib/python3.12/site-packages/airflow/example_dags/example_subdag_operator.py
[2024-10-16T03:55:02.761+0000] {processor.py:914} INFO - Processing file /home/airflow/.local/lib/python3.12/site-packages/airflow/example_dags/example_subdag_operator.py for tasks to queue
[2024-10-16T03:55:02.762+0000] {logging_mixin.py:190} INFO - [2024-10-16T03:55:02.762+0000] {dagbag.py:588} INFO - Filling up the DagBag from /home/airflow/.local/lib/python3.12/site-packages/airflow/example_dags/example_subdag_operator.py
[2024-10-16T03:55:02.775+0000] {processor.py:925} INFO - DAG(s) 'example_subdag_operator.section-1', 'example_subdag_operator.section-2', 'example_subdag_operator' retrieved from /home/airflow/.local/lib/python3.12/site-packages/airflow/example_dags/example_subdag_operator.py
[2024-10-16T03:55:02.781+0000] {logging_mixin.py:190} INFO - [2024-10-16T03:55:02.781+0000] {dag.py:3239} INFO - Sync 3 DAGs
[2024-10-16T03:55:02.790+0000] {logging_mixin.py:190} INFO - [2024-10-16T03:55:02.790+0000] {dag.py:4180} INFO - Setting next_dagrun for example_subdag_operator to 2022-01-01 00:00:00+00:00, run_after=2022-01-01 00:00:00+00:00
[2024-10-16T03:55:02.792+0000] {logging_mixin.py:190} INFO - [2024-10-16T03:55:02.792+0000] {dag.py:4180} INFO - Setting next_dagrun for example_subdag_operator.section-1 to None, run_after=None
[2024-10-16T03:55:02.792+0000] {logging_mixin.py:190} INFO - [2024-10-16T03:55:02.792+0000] {dag.py:4180} INFO - Setting next_dagrun for example_subdag_operator.section-2 to None, run_after=None
[2024-10-16T03:55:02.795+0000] {logging_mixin.py:190} INFO - [2024-10-16T03:55:02.795+0000] {dag.py:3239} INFO - Sync 2 DAGs
[2024-10-16T03:55:02.797+0000] {logging_mixin.py:190} INFO - [2024-10-16T03:55:02.797+0000] {dag.py:4180} INFO - Setting next_dagrun for example_subdag_operator.section-1 to None, run_after=None
[2024-10-16T03:55:02.798+0000] {logging_mixin.py:190} INFO - [2024-10-16T03:55:02.798+0000] {dag.py:4180} INFO - Setting next_dagrun for example_subdag_operator.section-2 to None, run_after=None
[2024-10-16T03:55:02.801+0000] {processor.py:208} INFO - Processing /home/airflow/.local/lib/python3.12/site-packages/airflow/example_dags/example_subdag_operator.py took 0.044 seconds
[2024-10-16T03:55:33.895+0000] {processor.py:186} INFO - Started process (PID=576) to work on /home/airflow/.local/lib/python3.12/site-packages/airflow/example_dags/example_subdag_operator.py
[2024-10-16T03:55:33.896+0000] {processor.py:914} INFO - Processing file /home/airflow/.local/lib/python3.12/site-packages/airflow/example_dags/example_subdag_operator.py for tasks to queue
[2024-10-16T03:55:33.897+0000] {logging_mixin.py:190} INFO - [2024-10-16T03:55:33.897+0000] {dagbag.py:588} INFO - Filling up the DagBag from /home/airflow/.local/lib/python3.12/site-packages/airflow/example_dags/example_subdag_operator.py
[2024-10-16T03:55:33.912+0000] {processor.py:925} INFO - DAG(s) 'example_subdag_operator.section-1', 'example_subdag_operator.section-2', 'example_subdag_operator' retrieved from /home/airflow/.local/lib/python3.12/site-packages/airflow/example_dags/example_subdag_operator.py
[2024-10-16T03:55:33.918+0000] {logging_mixin.py:190} INFO - [2024-10-16T03:55:33.918+0000] {dag.py:3239} INFO - Sync 3 DAGs
[2024-10-16T03:55:33.931+0000] {logging_mixin.py:190} INFO - [2024-10-16T03:55:33.931+0000] {dag.py:4180} INFO - Setting next_dagrun for example_subdag_operator to 2022-01-01 00:00:00+00:00, run_after=2022-01-01 00:00:00+00:00
[2024-10-16T03:55:33.933+0000] {logging_mixin.py:190} INFO - [2024-10-16T03:55:33.933+0000] {dag.py:4180} INFO - Setting next_dagrun for example_subdag_operator.section-1 to None, run_after=None
[2024-10-16T03:55:33.933+0000] {logging_mixin.py:190} INFO - [2024-10-16T03:55:33.933+0000] {dag.py:4180} INFO - Setting next_dagrun for example_subdag_operator.section-2 to None, run_after=None
[2024-10-16T03:55:33.936+0000] {logging_mixin.py:190} INFO - [2024-10-16T03:55:33.936+0000] {dag.py:3239} INFO - Sync 2 DAGs
[2024-10-16T03:55:33.939+0000] {logging_mixin.py:190} INFO - [2024-10-16T03:55:33.939+0000] {dag.py:4180} INFO - Setting next_dagrun for example_subdag_operator.section-1 to None, run_after=None
[2024-10-16T03:55:33.939+0000] {logging_mixin.py:190} INFO - [2024-10-16T03:55:33.939+0000] {dag.py:4180} INFO - Setting next_dagrun for example_subdag_operator.section-2 to None, run_after=None
[2024-10-16T03:55:33.943+0000] {processor.py:208} INFO - Processing /home/airflow/.local/lib/python3.12/site-packages/airflow/example_dags/example_subdag_operator.py took 0.051 seconds
[2024-10-16T03:56:04.049+0000] {processor.py:186} INFO - Started process (PID=638) to work on /home/airflow/.local/lib/python3.12/site-packages/airflow/example_dags/example_subdag_operator.py
[2024-10-16T03:56:04.050+0000] {processor.py:914} INFO - Processing file /home/airflow/.local/lib/python3.12/site-packages/airflow/example_dags/example_subdag_operator.py for tasks to queue
[2024-10-16T03:56:04.051+0000] {logging_mixin.py:190} INFO - [2024-10-16T03:56:04.051+0000] {dagbag.py:588} INFO - Filling up the DagBag from /home/airflow/.local/lib/python3.12/site-packages/airflow/example_dags/example_subdag_operator.py
[2024-10-16T03:56:04.062+0000] {processor.py:925} INFO - DAG(s) 'example_subdag_operator.section-1', 'example_subdag_operator.section-2', 'example_subdag_operator' retrieved from /home/airflow/.local/lib/python3.12/site-packages/airflow/example_dags/example_subdag_operator.py
[2024-10-16T03:56:04.069+0000] {logging_mixin.py:190} INFO - [2024-10-16T03:56:04.068+0000] {dag.py:3239} INFO - Sync 3 DAGs
[2024-10-16T03:56:04.081+0000] {logging_mixin.py:190} INFO - [2024-10-16T03:56:04.081+0000] {dag.py:4180} INFO - Setting next_dagrun for example_subdag_operator to 2022-01-01 00:00:00+00:00, run_after=2022-01-01 00:00:00+00:00
[2024-10-16T03:56:04.083+0000] {logging_mixin.py:190} INFO - [2024-10-16T03:56:04.083+0000] {dag.py:4180} INFO - Setting next_dagrun for example_subdag_operator.section-1 to None, run_after=None
[2024-10-16T03:56:04.083+0000] {logging_mixin.py:190} INFO - [2024-10-16T03:56:04.083+0000] {dag.py:4180} INFO - Setting next_dagrun for example_subdag_operator.section-2 to None, run_after=None
[2024-10-16T03:56:04.086+0000] {logging_mixin.py:190} INFO - [2024-10-16T03:56:04.086+0000] {dag.py:3239} INFO - Sync 2 DAGs
[2024-10-16T03:56:04.090+0000] {logging_mixin.py:190} INFO - [2024-10-16T03:56:04.090+0000] {dag.py:4180} INFO - Setting next_dagrun for example_subdag_operator.section-1 to None, run_after=None
[2024-10-16T03:56:04.090+0000] {logging_mixin.py:190} INFO - [2024-10-16T03:56:04.090+0000] {dag.py:4180} INFO - Setting next_dagrun for example_subdag_operator.section-2 to None, run_after=None
[2024-10-16T03:56:04.094+0000] {processor.py:208} INFO - Processing /home/airflow/.local/lib/python3.12/site-packages/airflow/example_dags/example_subdag_operator.py took 0.048 seconds
[2024-10-16T03:56:35.275+0000] {processor.py:186} INFO - Started process (PID=700) to work on /home/airflow/.local/lib/python3.12/site-packages/airflow/example_dags/example_subdag_operator.py
[2024-10-16T03:56:35.276+0000] {processor.py:914} INFO - Processing file /home/airflow/.local/lib/python3.12/site-packages/airflow/example_dags/example_subdag_operator.py for tasks to queue
[2024-10-16T03:56:35.277+0000] {logging_mixin.py:190} INFO - [2024-10-16T03:56:35.276+0000] {dagbag.py:588} INFO - Filling up the DagBag from /home/airflow/.local/lib/python3.12/site-packages/airflow/example_dags/example_subdag_operator.py
[2024-10-16T03:56:35.287+0000] {processor.py:925} INFO - DAG(s) 'example_subdag_operator.section-1', 'example_subdag_operator.section-2', 'example_subdag_operator' retrieved from /home/airflow/.local/lib/python3.12/site-packages/airflow/example_dags/example_subdag_operator.py
[2024-10-16T03:56:35.305+0000] {logging_mixin.py:190} INFO - [2024-10-16T03:56:35.305+0000] {dag.py:3239} INFO - Sync 3 DAGs
[2024-10-16T03:56:35.314+0000] {logging_mixin.py:190} INFO - [2024-10-16T03:56:35.313+0000] {dag.py:4180} INFO - Setting next_dagrun for example_subdag_operator to 2022-01-01 00:00:00+00:00, run_after=2022-01-01 00:00:00+00:00
[2024-10-16T03:56:35.315+0000] {logging_mixin.py:190} INFO - [2024-10-16T03:56:35.315+0000] {dag.py:4180} INFO - Setting next_dagrun for example_subdag_operator.section-1 to None, run_after=None
[2024-10-16T03:56:35.316+0000] {logging_mixin.py:190} INFO - [2024-10-16T03:56:35.316+0000] {dag.py:4180} INFO - Setting next_dagrun for example_subdag_operator.section-2 to None, run_after=None
[2024-10-16T03:56:35.318+0000] {logging_mixin.py:190} INFO - [2024-10-16T03:56:35.318+0000] {dag.py:3239} INFO - Sync 2 DAGs
[2024-10-16T03:56:35.320+0000] {logging_mixin.py:190} INFO - [2024-10-16T03:56:35.320+0000] {dag.py:4180} INFO - Setting next_dagrun for example_subdag_operator.section-1 to None, run_after=None
[2024-10-16T03:56:35.320+0000] {logging_mixin.py:190} INFO - [2024-10-16T03:56:35.320+0000] {dag.py:4180} INFO - Setting next_dagrun for example_subdag_operator.section-2 to None, run_after=None
[2024-10-16T03:56:35.326+0000] {processor.py:208} INFO - Processing /home/airflow/.local/lib/python3.12/site-packages/airflow/example_dags/example_subdag_operator.py took 0.054 seconds
[2024-10-16T03:57:05.541+0000] {processor.py:186} INFO - Started process (PID=762) to work on /home/airflow/.local/lib/python3.12/site-packages/airflow/example_dags/example_subdag_operator.py
[2024-10-16T03:57:05.542+0000] {processor.py:914} INFO - Processing file /home/airflow/.local/lib/python3.12/site-packages/airflow/example_dags/example_subdag_operator.py for tasks to queue
[2024-10-16T03:57:05.543+0000] {logging_mixin.py:190} INFO - [2024-10-16T03:57:05.543+0000] {dagbag.py:588} INFO - Filling up the DagBag from /home/airflow/.local/lib/python3.12/site-packages/airflow/example_dags/example_subdag_operator.py
[2024-10-16T03:57:05.555+0000] {processor.py:925} INFO - DAG(s) 'example_subdag_operator.section-1', 'example_subdag_operator.section-2', 'example_subdag_operator' retrieved from /home/airflow/.local/lib/python3.12/site-packages/airflow/example_dags/example_subdag_operator.py
[2024-10-16T03:57:05.561+0000] {logging_mixin.py:190} INFO - [2024-10-16T03:57:05.560+0000] {dag.py:3239} INFO - Sync 3 DAGs
[2024-10-16T03:57:05.569+0000] {logging_mixin.py:190} INFO - [2024-10-16T03:57:05.569+0000] {dag.py:4180} INFO - Setting next_dagrun for example_subdag_operator to 2022-01-01 00:00:00+00:00, run_after=2022-01-01 00:00:00+00:00
[2024-10-16T03:57:05.571+0000] {logging_mixin.py:190} INFO - [2024-10-16T03:57:05.571+0000] {dag.py:4180} INFO - Setting next_dagrun for example_subdag_operator.section-1 to None, run_after=None
[2024-10-16T03:57:05.572+0000] {logging_mixin.py:190} INFO - [2024-10-16T03:57:05.571+0000] {dag.py:4180} INFO - Setting next_dagrun for example_subdag_operator.section-2 to None, run_after=None
[2024-10-16T03:57:05.574+0000] {logging_mixin.py:190} INFO - [2024-10-16T03:57:05.574+0000] {dag.py:3239} INFO - Sync 2 DAGs
[2024-10-16T03:57:05.576+0000] {logging_mixin.py:190} INFO - [2024-10-16T03:57:05.576+0000] {dag.py:4180} INFO - Setting next_dagrun for example_subdag_operator.section-1 to None, run_after=None
[2024-10-16T03:57:05.577+0000] {logging_mixin.py:190} INFO - [2024-10-16T03:57:05.576+0000] {dag.py:4180} INFO - Setting next_dagrun for example_subdag_operator.section-2 to None, run_after=None
[2024-10-16T03:57:05.582+0000] {processor.py:208} INFO - Processing /home/airflow/.local/lib/python3.12/site-packages/airflow/example_dags/example_subdag_operator.py took 0.043 seconds
[2024-10-16T03:57:36.492+0000] {processor.py:186} INFO - Started process (PID=824) to work on /home/airflow/.local/lib/python3.12/site-packages/airflow/example_dags/example_subdag_operator.py
[2024-10-16T03:57:36.492+0000] {processor.py:914} INFO - Processing file /home/airflow/.local/lib/python3.12/site-packages/airflow/example_dags/example_subdag_operator.py for tasks to queue
[2024-10-16T03:57:36.493+0000] {logging_mixin.py:190} INFO - [2024-10-16T03:57:36.493+0000] {dagbag.py:588} INFO - Filling up the DagBag from /home/airflow/.local/lib/python3.12/site-packages/airflow/example_dags/example_subdag_operator.py
[2024-10-16T03:57:36.503+0000] {processor.py:925} INFO - DAG(s) 'example_subdag_operator.section-1', 'example_subdag_operator.section-2', 'example_subdag_operator' retrieved from /home/airflow/.local/lib/python3.12/site-packages/airflow/example_dags/example_subdag_operator.py
[2024-10-16T03:57:36.509+0000] {logging_mixin.py:190} INFO - [2024-10-16T03:57:36.509+0000] {dag.py:3239} INFO - Sync 3 DAGs
[2024-10-16T03:57:36.518+0000] {logging_mixin.py:190} INFO - [2024-10-16T03:57:36.517+0000] {dag.py:4180} INFO - Setting next_dagrun for example_subdag_operator to 2022-01-01 00:00:00+00:00, run_after=2022-01-01 00:00:00+00:00
[2024-10-16T03:57:36.519+0000] {logging_mixin.py:190} INFO - [2024-10-16T03:57:36.519+0000] {dag.py:4180} INFO - Setting next_dagrun for example_subdag_operator.section-1 to None, run_after=None
[2024-10-16T03:57:36.519+0000] {logging_mixin.py:190} INFO - [2024-10-16T03:57:36.519+0000] {dag.py:4180} INFO - Setting next_dagrun for example_subdag_operator.section-2 to None, run_after=None
[2024-10-16T03:57:36.522+0000] {logging_mixin.py:190} INFO - [2024-10-16T03:57:36.522+0000] {dag.py:3239} INFO - Sync 2 DAGs
[2024-10-16T03:57:36.524+0000] {logging_mixin.py:190} INFO - [2024-10-16T03:57:36.524+0000] {dag.py:4180} INFO - Setting next_dagrun for example_subdag_operator.section-1 to None, run_after=None
[2024-10-16T03:57:36.524+0000] {logging_mixin.py:190} INFO - [2024-10-16T03:57:36.524+0000] {dag.py:4180} INFO - Setting next_dagrun for example_subdag_operator.section-2 to None, run_after=None
[2024-10-16T03:57:36.528+0000] {processor.py:208} INFO - Processing /home/airflow/.local/lib/python3.12/site-packages/airflow/example_dags/example_subdag_operator.py took 0.039 seconds
[2024-10-16T03:58:07.951+0000] {processor.py:186} INFO - Started process (PID=886) to work on /home/airflow/.local/lib/python3.12/site-packages/airflow/example_dags/example_subdag_operator.py
[2024-10-16T03:58:07.952+0000] {processor.py:914} INFO - Processing file /home/airflow/.local/lib/python3.12/site-packages/airflow/example_dags/example_subdag_operator.py for tasks to queue
[2024-10-16T03:58:07.954+0000] {logging_mixin.py:190} INFO - [2024-10-16T03:58:07.953+0000] {dagbag.py:588} INFO - Filling up the DagBag from /home/airflow/.local/lib/python3.12/site-packages/airflow/example_dags/example_subdag_operator.py
[2024-10-16T03:58:07.969+0000] {processor.py:925} INFO - DAG(s) 'example_subdag_operator.section-1', 'example_subdag_operator.section-2', 'example_subdag_operator' retrieved from /home/airflow/.local/lib/python3.12/site-packages/airflow/example_dags/example_subdag_operator.py
[2024-10-16T03:58:07.979+0000] {logging_mixin.py:190} INFO - [2024-10-16T03:58:07.979+0000] {dag.py:3239} INFO - Sync 3 DAGs
[2024-10-16T03:58:07.991+0000] {logging_mixin.py:190} INFO - [2024-10-16T03:58:07.991+0000] {dag.py:4180} INFO - Setting next_dagrun for example_subdag_operator to 2022-01-01 00:00:00+00:00, run_after=2022-01-01 00:00:00+00:00
[2024-10-16T03:58:07.993+0000] {logging_mixin.py:190} INFO - [2024-10-16T03:58:07.993+0000] {dag.py:4180} INFO - Setting next_dagrun for example_subdag_operator.section-1 to None, run_after=None
[2024-10-16T03:58:07.994+0000] {logging_mixin.py:190} INFO - [2024-10-16T03:58:07.994+0000] {dag.py:4180} INFO - Setting next_dagrun for example_subdag_operator.section-2 to None, run_after=None
[2024-10-16T03:58:07.997+0000] {logging_mixin.py:190} INFO - [2024-10-16T03:58:07.997+0000] {dag.py:3239} INFO - Sync 2 DAGs
[2024-10-16T03:58:08.000+0000] {logging_mixin.py:190} INFO - [2024-10-16T03:58:08.000+0000] {dag.py:4180} INFO - Setting next_dagrun for example_subdag_operator.section-1 to None, run_after=None
[2024-10-16T03:58:08.001+0000] {logging_mixin.py:190} INFO - [2024-10-16T03:58:08.001+0000] {dag.py:4180} INFO - Setting next_dagrun for example_subdag_operator.section-2 to None, run_after=None
[2024-10-16T03:58:08.006+0000] {processor.py:208} INFO - Processing /home/airflow/.local/lib/python3.12/site-packages/airflow/example_dags/example_subdag_operator.py took 0.060 seconds
[2024-10-16T03:58:38.226+0000] {processor.py:186} INFO - Started process (PID=949) to work on /home/airflow/.local/lib/python3.12/site-packages/airflow/example_dags/example_subdag_operator.py
[2024-10-16T03:58:38.226+0000] {processor.py:914} INFO - Processing file /home/airflow/.local/lib/python3.12/site-packages/airflow/example_dags/example_subdag_operator.py for tasks to queue
[2024-10-16T03:58:38.228+0000] {logging_mixin.py:190} INFO - [2024-10-16T03:58:38.228+0000] {dagbag.py:588} INFO - Filling up the DagBag from /home/airflow/.local/lib/python3.12/site-packages/airflow/example_dags/example_subdag_operator.py
[2024-10-16T03:58:38.242+0000] {processor.py:925} INFO - DAG(s) 'example_subdag_operator.section-1', 'example_subdag_operator.section-2', 'example_subdag_operator' retrieved from /home/airflow/.local/lib/python3.12/site-packages/airflow/example_dags/example_subdag_operator.py
[2024-10-16T03:58:38.249+0000] {logging_mixin.py:190} INFO - [2024-10-16T03:58:38.249+0000] {dag.py:3239} INFO - Sync 3 DAGs
[2024-10-16T03:58:38.262+0000] {logging_mixin.py:190} INFO - [2024-10-16T03:58:38.262+0000] {dag.py:4180} INFO - Setting next_dagrun for example_subdag_operator to 2022-01-01 00:00:00+00:00, run_after=2022-01-01 00:00:00+00:00
[2024-10-16T03:58:38.264+0000] {logging_mixin.py:190} INFO - [2024-10-16T03:58:38.263+0000] {dag.py:4180} INFO - Setting next_dagrun for example_subdag_operator.section-1 to None, run_after=None
[2024-10-16T03:58:38.264+0000] {logging_mixin.py:190} INFO - [2024-10-16T03:58:38.264+0000] {dag.py:4180} INFO - Setting next_dagrun for example_subdag_operator.section-2 to None, run_after=None
[2024-10-16T03:58:38.268+0000] {logging_mixin.py:190} INFO - [2024-10-16T03:58:38.267+0000] {dag.py:3239} INFO - Sync 2 DAGs
[2024-10-16T03:58:38.270+0000] {logging_mixin.py:190} INFO - [2024-10-16T03:58:38.270+0000] {dag.py:4180} INFO - Setting next_dagrun for example_subdag_operator.section-1 to None, run_after=None
[2024-10-16T03:58:38.271+0000] {logging_mixin.py:190} INFO - [2024-10-16T03:58:38.271+0000] {dag.py:4180} INFO - Setting next_dagrun for example_subdag_operator.section-2 to None, run_after=None
[2024-10-16T03:58:38.276+0000] {processor.py:208} INFO - Processing /home/airflow/.local/lib/python3.12/site-packages/airflow/example_dags/example_subdag_operator.py took 0.056 seconds
[2024-10-16T03:59:09.223+0000] {processor.py:186} INFO - Started process (PID=1010) to work on /home/airflow/.local/lib/python3.12/site-packages/airflow/example_dags/example_subdag_operator.py
[2024-10-16T03:59:09.224+0000] {processor.py:914} INFO - Processing file /home/airflow/.local/lib/python3.12/site-packages/airflow/example_dags/example_subdag_operator.py for tasks to queue
[2024-10-16T03:59:09.227+0000] {logging_mixin.py:190} INFO - [2024-10-16T03:59:09.227+0000] {dagbag.py:588} INFO - Filling up the DagBag from /home/airflow/.local/lib/python3.12/site-packages/airflow/example_dags/example_subdag_operator.py
[2024-10-16T03:59:09.243+0000] {processor.py:925} INFO - DAG(s) 'example_subdag_operator.section-1', 'example_subdag_operator.section-2', 'example_subdag_operator' retrieved from /home/airflow/.local/lib/python3.12/site-packages/airflow/example_dags/example_subdag_operator.py
[2024-10-16T03:59:09.250+0000] {logging_mixin.py:190} INFO - [2024-10-16T03:59:09.250+0000] {dag.py:3239} INFO - Sync 3 DAGs
[2024-10-16T03:59:09.261+0000] {logging_mixin.py:190} INFO - [2024-10-16T03:59:09.261+0000] {dag.py:4180} INFO - Setting next_dagrun for example_subdag_operator to 2022-01-01 00:00:00+00:00, run_after=2022-01-01 00:00:00+00:00
[2024-10-16T03:59:09.263+0000] {logging_mixin.py:190} INFO - [2024-10-16T03:59:09.263+0000] {dag.py:4180} INFO - Setting next_dagrun for example_subdag_operator.section-1 to None, run_after=None
[2024-10-16T03:59:09.264+0000] {logging_mixin.py:190} INFO - [2024-10-16T03:59:09.264+0000] {dag.py:4180} INFO - Setting next_dagrun for example_subdag_operator.section-2 to None, run_after=None
[2024-10-16T03:59:09.268+0000] {logging_mixin.py:190} INFO - [2024-10-16T03:59:09.268+0000] {dag.py:3239} INFO - Sync 2 DAGs
[2024-10-16T03:59:09.271+0000] {logging_mixin.py:190} INFO - [2024-10-16T03:59:09.271+0000] {dag.py:4180} INFO - Setting next_dagrun for example_subdag_operator.section-1 to None, run_after=None
[2024-10-16T03:59:09.272+0000] {logging_mixin.py:190} INFO - [2024-10-16T03:59:09.272+0000] {dag.py:4180} INFO - Setting next_dagrun for example_subdag_operator.section-2 to None, run_after=None
[2024-10-16T03:59:09.277+0000] {processor.py:208} INFO - Processing /home/airflow/.local/lib/python3.12/site-packages/airflow/example_dags/example_subdag_operator.py took 0.060 seconds
[2024-10-16T03:59:40.337+0000] {processor.py:186} INFO - Started process (PID=1072) to work on /home/airflow/.local/lib/python3.12/site-packages/airflow/example_dags/example_subdag_operator.py
[2024-10-16T03:59:40.337+0000] {processor.py:914} INFO - Processing file /home/airflow/.local/lib/python3.12/site-packages/airflow/example_dags/example_subdag_operator.py for tasks to queue
[2024-10-16T03:59:40.339+0000] {logging_mixin.py:190} INFO - [2024-10-16T03:59:40.338+0000] {dagbag.py:588} INFO - Filling up the DagBag from /home/airflow/.local/lib/python3.12/site-packages/airflow/example_dags/example_subdag_operator.py
[2024-10-16T03:59:40.355+0000] {processor.py:925} INFO - DAG(s) 'example_subdag_operator.section-1', 'example_subdag_operator.section-2', 'example_subdag_operator' retrieved from /home/airflow/.local/lib/python3.12/site-packages/airflow/example_dags/example_subdag_operator.py
[2024-10-16T03:59:40.362+0000] {logging_mixin.py:190} INFO - [2024-10-16T03:59:40.362+0000] {dag.py:3239} INFO - Sync 3 DAGs
[2024-10-16T03:59:40.371+0000] {logging_mixin.py:190} INFO - [2024-10-16T03:59:40.371+0000] {dag.py:4180} INFO - Setting next_dagrun for example_subdag_operator to 2022-01-01 00:00:00+00:00, run_after=2022-01-01 00:00:00+00:00
[2024-10-16T03:59:40.373+0000] {logging_mixin.py:190} INFO - [2024-10-16T03:59:40.373+0000] {dag.py:4180} INFO - Setting next_dagrun for example_subdag_operator.section-1 to None, run_after=None
[2024-10-16T03:59:40.373+0000] {logging_mixin.py:190} INFO - [2024-10-16T03:59:40.373+0000] {dag.py:4180} INFO - Setting next_dagrun for example_subdag_operator.section-2 to None, run_after=None
[2024-10-16T03:59:40.377+0000] {logging_mixin.py:190} INFO - [2024-10-16T03:59:40.376+0000] {dag.py:3239} INFO - Sync 2 DAGs
[2024-10-16T03:59:40.380+0000] {logging_mixin.py:190} INFO - [2024-10-16T03:59:40.380+0000] {dag.py:4180} INFO - Setting next_dagrun for example_subdag_operator.section-1 to None, run_after=None
[2024-10-16T03:59:40.380+0000] {logging_mixin.py:190} INFO - [2024-10-16T03:59:40.380+0000] {dag.py:4180} INFO - Setting next_dagrun for example_subdag_operator.section-2 to None, run_after=None
[2024-10-16T03:59:40.384+0000] {processor.py:208} INFO - Processing /home/airflow/.local/lib/python3.12/site-packages/airflow/example_dags/example_subdag_operator.py took 0.051 seconds
[2024-10-16T04:00:10.508+0000] {processor.py:186} INFO - Started process (PID=1134) to work on /home/airflow/.local/lib/python3.12/site-packages/airflow/example_dags/example_subdag_operator.py
[2024-10-16T04:00:10.509+0000] {processor.py:914} INFO - Processing file /home/airflow/.local/lib/python3.12/site-packages/airflow/example_dags/example_subdag_operator.py for tasks to queue
[2024-10-16T04:00:10.510+0000] {logging_mixin.py:190} INFO - [2024-10-16T04:00:10.510+0000] {dagbag.py:588} INFO - Filling up the DagBag from /home/airflow/.local/lib/python3.12/site-packages/airflow/example_dags/example_subdag_operator.py
[2024-10-16T04:00:10.525+0000] {processor.py:925} INFO - DAG(s) 'example_subdag_operator.section-1', 'example_subdag_operator.section-2', 'example_subdag_operator' retrieved from /home/airflow/.local/lib/python3.12/site-packages/airflow/example_dags/example_subdag_operator.py
[2024-10-16T04:00:10.532+0000] {logging_mixin.py:190} INFO - [2024-10-16T04:00:10.532+0000] {dag.py:3239} INFO - Sync 3 DAGs
[2024-10-16T04:00:10.541+0000] {logging_mixin.py:190} INFO - [2024-10-16T04:00:10.541+0000] {dag.py:4180} INFO - Setting next_dagrun for example_subdag_operator to 2022-01-01 00:00:00+00:00, run_after=2022-01-01 00:00:00+00:00
[2024-10-16T04:00:10.542+0000] {logging_mixin.py:190} INFO - [2024-10-16T04:00:10.542+0000] {dag.py:4180} INFO - Setting next_dagrun for example_subdag_operator.section-1 to None, run_after=None
[2024-10-16T04:00:10.543+0000] {logging_mixin.py:190} INFO - [2024-10-16T04:00:10.543+0000] {dag.py:4180} INFO - Setting next_dagrun for example_subdag_operator.section-2 to None, run_after=None
[2024-10-16T04:00:10.546+0000] {logging_mixin.py:190} INFO - [2024-10-16T04:00:10.546+0000] {dag.py:3239} INFO - Sync 2 DAGs
[2024-10-16T04:00:10.548+0000] {logging_mixin.py:190} INFO - [2024-10-16T04:00:10.548+0000] {dag.py:4180} INFO - Setting next_dagrun for example_subdag_operator.section-1 to None, run_after=None
[2024-10-16T04:00:10.548+0000] {logging_mixin.py:190} INFO - [2024-10-16T04:00:10.548+0000] {dag.py:4180} INFO - Setting next_dagrun for example_subdag_operator.section-2 to None, run_after=None
[2024-10-16T04:00:10.552+0000] {processor.py:208} INFO - Processing /home/airflow/.local/lib/python3.12/site-packages/airflow/example_dags/example_subdag_operator.py took 0.046 seconds
[2024-10-16T04:00:40.723+0000] {processor.py:186} INFO - Started process (PID=1196) to work on /home/airflow/.local/lib/python3.12/site-packages/airflow/example_dags/example_subdag_operator.py
[2024-10-16T04:00:40.724+0000] {processor.py:914} INFO - Processing file /home/airflow/.local/lib/python3.12/site-packages/airflow/example_dags/example_subdag_operator.py for tasks to queue
[2024-10-16T04:00:40.725+0000] {logging_mixin.py:190} INFO - [2024-10-16T04:00:40.725+0000] {dagbag.py:588} INFO - Filling up the DagBag from /home/airflow/.local/lib/python3.12/site-packages/airflow/example_dags/example_subdag_operator.py
[2024-10-16T04:00:40.741+0000] {processor.py:925} INFO - DAG(s) 'example_subdag_operator.section-1', 'example_subdag_operator.section-2', 'example_subdag_operator' retrieved from /home/airflow/.local/lib/python3.12/site-packages/airflow/example_dags/example_subdag_operator.py
[2024-10-16T04:00:40.749+0000] {logging_mixin.py:190} INFO - [2024-10-16T04:00:40.749+0000] {dag.py:3239} INFO - Sync 3 DAGs
[2024-10-16T04:00:40.759+0000] {logging_mixin.py:190} INFO - [2024-10-16T04:00:40.759+0000] {dag.py:4180} INFO - Setting next_dagrun for example_subdag_operator to 2022-01-01 00:00:00+00:00, run_after=2022-01-01 00:00:00+00:00
[2024-10-16T04:00:40.761+0000] {logging_mixin.py:190} INFO - [2024-10-16T04:00:40.761+0000] {dag.py:4180} INFO - Setting next_dagrun for example_subdag_operator.section-1 to None, run_after=None
[2024-10-16T04:00:40.761+0000] {logging_mixin.py:190} INFO - [2024-10-16T04:00:40.761+0000] {dag.py:4180} INFO - Setting next_dagrun for example_subdag_operator.section-2 to None, run_after=None
[2024-10-16T04:00:40.764+0000] {logging_mixin.py:190} INFO - [2024-10-16T04:00:40.764+0000] {dag.py:3239} INFO - Sync 2 DAGs
[2024-10-16T04:00:40.766+0000] {logging_mixin.py:190} INFO - [2024-10-16T04:00:40.766+0000] {dag.py:4180} INFO - Setting next_dagrun for example_subdag_operator.section-1 to None, run_after=None
[2024-10-16T04:00:40.767+0000] {logging_mixin.py:190} INFO - [2024-10-16T04:00:40.767+0000] {dag.py:4180} INFO - Setting next_dagrun for example_subdag_operator.section-2 to None, run_after=None
[2024-10-16T04:00:40.770+0000] {processor.py:208} INFO - Processing /home/airflow/.local/lib/python3.12/site-packages/airflow/example_dags/example_subdag_operator.py took 0.051 seconds
[2024-10-16T04:01:11.618+0000] {processor.py:186} INFO - Started process (PID=1258) to work on /home/airflow/.local/lib/python3.12/site-packages/airflow/example_dags/example_subdag_operator.py
[2024-10-16T04:01:11.618+0000] {processor.py:914} INFO - Processing file /home/airflow/.local/lib/python3.12/site-packages/airflow/example_dags/example_subdag_operator.py for tasks to queue
[2024-10-16T04:01:11.619+0000] {logging_mixin.py:190} INFO - [2024-10-16T04:01:11.619+0000] {dagbag.py:588} INFO - Filling up the DagBag from /home/airflow/.local/lib/python3.12/site-packages/airflow/example_dags/example_subdag_operator.py
[2024-10-16T04:01:11.630+0000] {processor.py:925} INFO - DAG(s) 'example_subdag_operator.section-1', 'example_subdag_operator.section-2', 'example_subdag_operator' retrieved from /home/airflow/.local/lib/python3.12/site-packages/airflow/example_dags/example_subdag_operator.py
[2024-10-16T04:01:11.636+0000] {logging_mixin.py:190} INFO - [2024-10-16T04:01:11.635+0000] {dag.py:3239} INFO - Sync 3 DAGs
[2024-10-16T04:01:11.645+0000] {logging_mixin.py:190} INFO - [2024-10-16T04:01:11.645+0000] {dag.py:4180} INFO - Setting next_dagrun for example_subdag_operator to 2022-01-01 00:00:00+00:00, run_after=2022-01-01 00:00:00+00:00
[2024-10-16T04:01:11.646+0000] {logging_mixin.py:190} INFO - [2024-10-16T04:01:11.646+0000] {dag.py:4180} INFO - Setting next_dagrun for example_subdag_operator.section-1 to None, run_after=None
[2024-10-16T04:01:11.647+0000] {logging_mixin.py:190} INFO - [2024-10-16T04:01:11.647+0000] {dag.py:4180} INFO - Setting next_dagrun for example_subdag_operator.section-2 to None, run_after=None
[2024-10-16T04:01:11.650+0000] {logging_mixin.py:190} INFO - [2024-10-16T04:01:11.650+0000] {dag.py:3239} INFO - Sync 2 DAGs
[2024-10-16T04:01:11.652+0000] {logging_mixin.py:190} INFO - [2024-10-16T04:01:11.652+0000] {dag.py:4180} INFO - Setting next_dagrun for example_subdag_operator.section-1 to None, run_after=None
[2024-10-16T04:01:11.652+0000] {logging_mixin.py:190} INFO - [2024-10-16T04:01:11.652+0000] {dag.py:4180} INFO - Setting next_dagrun for example_subdag_operator.section-2 to None, run_after=None
[2024-10-16T04:01:11.656+0000] {processor.py:208} INFO - Processing /home/airflow/.local/lib/python3.12/site-packages/airflow/example_dags/example_subdag_operator.py took 0.041 seconds
[2024-10-16T04:01:42.602+0000] {processor.py:186} INFO - Started process (PID=1319) to work on /home/airflow/.local/lib/python3.12/site-packages/airflow/example_dags/example_subdag_operator.py
[2024-10-16T04:01:42.603+0000] {processor.py:914} INFO - Processing file /home/airflow/.local/lib/python3.12/site-packages/airflow/example_dags/example_subdag_operator.py for tasks to queue
[2024-10-16T04:01:42.604+0000] {logging_mixin.py:190} INFO - [2024-10-16T04:01:42.604+0000] {dagbag.py:588} INFO - Filling up the DagBag from /home/airflow/.local/lib/python3.12/site-packages/airflow/example_dags/example_subdag_operator.py
[2024-10-16T04:01:42.614+0000] {processor.py:925} INFO - DAG(s) 'example_subdag_operator.section-1', 'example_subdag_operator.section-2', 'example_subdag_operator' retrieved from /home/airflow/.local/lib/python3.12/site-packages/airflow/example_dags/example_subdag_operator.py
[2024-10-16T04:01:42.620+0000] {logging_mixin.py:190} INFO - [2024-10-16T04:01:42.620+0000] {dag.py:3239} INFO - Sync 3 DAGs
[2024-10-16T04:01:42.629+0000] {logging_mixin.py:190} INFO - [2024-10-16T04:01:42.628+0000] {dag.py:4180} INFO - Setting next_dagrun for example_subdag_operator to 2022-01-01 00:00:00+00:00, run_after=2022-01-01 00:00:00+00:00
[2024-10-16T04:01:42.630+0000] {logging_mixin.py:190} INFO - [2024-10-16T04:01:42.630+0000] {dag.py:4180} INFO - Setting next_dagrun for example_subdag_operator.section-1 to None, run_after=None
[2024-10-16T04:01:42.631+0000] {logging_mixin.py:190} INFO - [2024-10-16T04:01:42.631+0000] {dag.py:4180} INFO - Setting next_dagrun for example_subdag_operator.section-2 to None, run_after=None
[2024-10-16T04:01:42.633+0000] {logging_mixin.py:190} INFO - [2024-10-16T04:01:42.633+0000] {dag.py:3239} INFO - Sync 2 DAGs
[2024-10-16T04:01:42.635+0000] {logging_mixin.py:190} INFO - [2024-10-16T04:01:42.635+0000] {dag.py:4180} INFO - Setting next_dagrun for example_subdag_operator.section-1 to None, run_after=None
[2024-10-16T04:01:42.636+0000] {logging_mixin.py:190} INFO - [2024-10-16T04:01:42.636+0000] {dag.py:4180} INFO - Setting next_dagrun for example_subdag_operator.section-2 to None, run_after=None
[2024-10-16T04:01:42.639+0000] {processor.py:208} INFO - Processing /home/airflow/.local/lib/python3.12/site-packages/airflow/example_dags/example_subdag_operator.py took 0.039 seconds
[2024-10-16T04:02:13.594+0000] {processor.py:186} INFO - Started process (PID=1382) to work on /home/airflow/.local/lib/python3.12/site-packages/airflow/example_dags/example_subdag_operator.py
[2024-10-16T04:02:13.595+0000] {processor.py:914} INFO - Processing file /home/airflow/.local/lib/python3.12/site-packages/airflow/example_dags/example_subdag_operator.py for tasks to queue
[2024-10-16T04:02:13.596+0000] {logging_mixin.py:190} INFO - [2024-10-16T04:02:13.595+0000] {dagbag.py:588} INFO - Filling up the DagBag from /home/airflow/.local/lib/python3.12/site-packages/airflow/example_dags/example_subdag_operator.py
[2024-10-16T04:02:13.606+0000] {processor.py:925} INFO - DAG(s) 'example_subdag_operator.section-1', 'example_subdag_operator.section-2', 'example_subdag_operator' retrieved from /home/airflow/.local/lib/python3.12/site-packages/airflow/example_dags/example_subdag_operator.py
[2024-10-16T04:02:13.612+0000] {logging_mixin.py:190} INFO - [2024-10-16T04:02:13.612+0000] {dag.py:3239} INFO - Sync 3 DAGs
[2024-10-16T04:02:13.621+0000] {logging_mixin.py:190} INFO - [2024-10-16T04:02:13.621+0000] {dag.py:4180} INFO - Setting next_dagrun for example_subdag_operator to 2022-01-01 00:00:00+00:00, run_after=2022-01-01 00:00:00+00:00
[2024-10-16T04:02:13.623+0000] {logging_mixin.py:190} INFO - [2024-10-16T04:02:13.623+0000] {dag.py:4180} INFO - Setting next_dagrun for example_subdag_operator.section-1 to None, run_after=None
[2024-10-16T04:02:13.623+0000] {logging_mixin.py:190} INFO - [2024-10-16T04:02:13.623+0000] {dag.py:4180} INFO - Setting next_dagrun for example_subdag_operator.section-2 to None, run_after=None
[2024-10-16T04:02:13.626+0000] {logging_mixin.py:190} INFO - [2024-10-16T04:02:13.626+0000] {dag.py:3239} INFO - Sync 2 DAGs
[2024-10-16T04:02:13.628+0000] {logging_mixin.py:190} INFO - [2024-10-16T04:02:13.628+0000] {dag.py:4180} INFO - Setting next_dagrun for example_subdag_operator.section-1 to None, run_after=None
[2024-10-16T04:02:13.628+0000] {logging_mixin.py:190} INFO - [2024-10-16T04:02:13.628+0000] {dag.py:4180} INFO - Setting next_dagrun for example_subdag_operator.section-2 to None, run_after=None
[2024-10-16T04:02:13.632+0000] {processor.py:208} INFO - Processing /home/airflow/.local/lib/python3.12/site-packages/airflow/example_dags/example_subdag_operator.py took 0.040 seconds
[2024-10-16T04:02:44.431+0000] {processor.py:186} INFO - Started process (PID=1444) to work on /home/airflow/.local/lib/python3.12/site-packages/airflow/example_dags/example_subdag_operator.py
[2024-10-16T04:02:44.432+0000] {processor.py:914} INFO - Processing file /home/airflow/.local/lib/python3.12/site-packages/airflow/example_dags/example_subdag_operator.py for tasks to queue
[2024-10-16T04:02:44.433+0000] {logging_mixin.py:190} INFO - [2024-10-16T04:02:44.433+0000] {dagbag.py:588} INFO - Filling up the DagBag from /home/airflow/.local/lib/python3.12/site-packages/airflow/example_dags/example_subdag_operator.py
[2024-10-16T04:02:44.443+0000] {processor.py:925} INFO - DAG(s) 'example_subdag_operator.section-1', 'example_subdag_operator.section-2', 'example_subdag_operator' retrieved from /home/airflow/.local/lib/python3.12/site-packages/airflow/example_dags/example_subdag_operator.py
[2024-10-16T04:02:44.448+0000] {logging_mixin.py:190} INFO - [2024-10-16T04:02:44.448+0000] {dag.py:3239} INFO - Sync 3 DAGs
[2024-10-16T04:02:44.458+0000] {logging_mixin.py:190} INFO - [2024-10-16T04:02:44.458+0000] {dag.py:4180} INFO - Setting next_dagrun for example_subdag_operator to 2022-01-01 00:00:00+00:00, run_after=2022-01-01 00:00:00+00:00
[2024-10-16T04:02:44.460+0000] {logging_mixin.py:190} INFO - [2024-10-16T04:02:44.460+0000] {dag.py:4180} INFO - Setting next_dagrun for example_subdag_operator.section-1 to None, run_after=None
[2024-10-16T04:02:44.462+0000] {logging_mixin.py:190} INFO - [2024-10-16T04:02:44.462+0000] {dag.py:4180} INFO - Setting next_dagrun for example_subdag_operator.section-2 to None, run_after=None
[2024-10-16T04:02:44.465+0000] {logging_mixin.py:190} INFO - [2024-10-16T04:02:44.465+0000] {dag.py:3239} INFO - Sync 2 DAGs
[2024-10-16T04:02:44.468+0000] {logging_mixin.py:190} INFO - [2024-10-16T04:02:44.468+0000] {dag.py:4180} INFO - Setting next_dagrun for example_subdag_operator.section-1 to None, run_after=None
[2024-10-16T04:02:44.468+0000] {logging_mixin.py:190} INFO - [2024-10-16T04:02:44.468+0000] {dag.py:4180} INFO - Setting next_dagrun for example_subdag_operator.section-2 to None, run_after=None
[2024-10-16T04:02:44.472+0000] {processor.py:208} INFO - Processing /home/airflow/.local/lib/python3.12/site-packages/airflow/example_dags/example_subdag_operator.py took 0.043 seconds
[2024-10-16T04:03:15.320+0000] {processor.py:186} INFO - Started process (PID=1506) to work on /home/airflow/.local/lib/python3.12/site-packages/airflow/example_dags/example_subdag_operator.py
[2024-10-16T04:03:15.321+0000] {processor.py:914} INFO - Processing file /home/airflow/.local/lib/python3.12/site-packages/airflow/example_dags/example_subdag_operator.py for tasks to queue
[2024-10-16T04:03:15.322+0000] {logging_mixin.py:190} INFO - [2024-10-16T04:03:15.322+0000] {dagbag.py:588} INFO - Filling up the DagBag from /home/airflow/.local/lib/python3.12/site-packages/airflow/example_dags/example_subdag_operator.py
[2024-10-16T04:03:15.332+0000] {processor.py:925} INFO - DAG(s) 'example_subdag_operator.section-1', 'example_subdag_operator.section-2', 'example_subdag_operator' retrieved from /home/airflow/.local/lib/python3.12/site-packages/airflow/example_dags/example_subdag_operator.py
[2024-10-16T04:03:15.338+0000] {logging_mixin.py:190} INFO - [2024-10-16T04:03:15.338+0000] {dag.py:3239} INFO - Sync 3 DAGs
[2024-10-16T04:03:15.347+0000] {logging_mixin.py:190} INFO - [2024-10-16T04:03:15.347+0000] {dag.py:4180} INFO - Setting next_dagrun for example_subdag_operator to 2022-01-01 00:00:00+00:00, run_after=2022-01-01 00:00:00+00:00
[2024-10-16T04:03:15.349+0000] {logging_mixin.py:190} INFO - [2024-10-16T04:03:15.349+0000] {dag.py:4180} INFO - Setting next_dagrun for example_subdag_operator.section-1 to None, run_after=None
[2024-10-16T04:03:15.349+0000] {logging_mixin.py:190} INFO - [2024-10-16T04:03:15.349+0000] {dag.py:4180} INFO - Setting next_dagrun for example_subdag_operator.section-2 to None, run_after=None
[2024-10-16T04:03:15.352+0000] {logging_mixin.py:190} INFO - [2024-10-16T04:03:15.352+0000] {dag.py:3239} INFO - Sync 2 DAGs
[2024-10-16T04:03:15.354+0000] {logging_mixin.py:190} INFO - [2024-10-16T04:03:15.354+0000] {dag.py:4180} INFO - Setting next_dagrun for example_subdag_operator.section-1 to None, run_after=None
[2024-10-16T04:03:15.354+0000] {logging_mixin.py:190} INFO - [2024-10-16T04:03:15.354+0000] {dag.py:4180} INFO - Setting next_dagrun for example_subdag_operator.section-2 to None, run_after=None
[2024-10-16T04:03:15.358+0000] {processor.py:208} INFO - Processing /home/airflow/.local/lib/python3.12/site-packages/airflow/example_dags/example_subdag_operator.py took 0.040 seconds
[2024-10-16T04:03:46.218+0000] {processor.py:186} INFO - Started process (PID=1573) to work on /home/airflow/.local/lib/python3.12/site-packages/airflow/example_dags/example_subdag_operator.py
[2024-10-16T04:03:46.219+0000] {processor.py:914} INFO - Processing file /home/airflow/.local/lib/python3.12/site-packages/airflow/example_dags/example_subdag_operator.py for tasks to queue
[2024-10-16T04:03:46.220+0000] {logging_mixin.py:190} INFO - [2024-10-16T04:03:46.220+0000] {dagbag.py:588} INFO - Filling up the DagBag from /home/airflow/.local/lib/python3.12/site-packages/airflow/example_dags/example_subdag_operator.py
[2024-10-16T04:03:46.230+0000] {processor.py:925} INFO - DAG(s) 'example_subdag_operator.section-1', 'example_subdag_operator.section-2', 'example_subdag_operator' retrieved from /home/airflow/.local/lib/python3.12/site-packages/airflow/example_dags/example_subdag_operator.py
[2024-10-16T04:03:46.236+0000] {logging_mixin.py:190} INFO - [2024-10-16T04:03:46.236+0000] {dag.py:3239} INFO - Sync 3 DAGs
[2024-10-16T04:03:46.245+0000] {logging_mixin.py:190} INFO - [2024-10-16T04:03:46.245+0000] {dag.py:4180} INFO - Setting next_dagrun for example_subdag_operator to 2022-01-01 00:00:00+00:00, run_after=2022-01-01 00:00:00+00:00
[2024-10-16T04:03:46.246+0000] {logging_mixin.py:190} INFO - [2024-10-16T04:03:46.246+0000] {dag.py:4180} INFO - Setting next_dagrun for example_subdag_operator.section-1 to None, run_after=None
[2024-10-16T04:03:46.247+0000] {logging_mixin.py:190} INFO - [2024-10-16T04:03:46.247+0000] {dag.py:4180} INFO - Setting next_dagrun for example_subdag_operator.section-2 to None, run_after=None
[2024-10-16T04:03:46.250+0000] {logging_mixin.py:190} INFO - [2024-10-16T04:03:46.250+0000] {dag.py:3239} INFO - Sync 2 DAGs
[2024-10-16T04:03:46.253+0000] {logging_mixin.py:190} INFO - [2024-10-16T04:03:46.253+0000] {dag.py:4180} INFO - Setting next_dagrun for example_subdag_operator.section-1 to None, run_after=None
[2024-10-16T04:03:46.253+0000] {logging_mixin.py:190} INFO - [2024-10-16T04:03:46.253+0000] {dag.py:4180} INFO - Setting next_dagrun for example_subdag_operator.section-2 to None, run_after=None
[2024-10-16T04:03:46.258+0000] {processor.py:208} INFO - Processing /home/airflow/.local/lib/python3.12/site-packages/airflow/example_dags/example_subdag_operator.py took 0.042 seconds
[2024-10-16T04:04:17.165+0000] {processor.py:186} INFO - Started process (PID=1635) to work on /home/airflow/.local/lib/python3.12/site-packages/airflow/example_dags/example_subdag_operator.py
[2024-10-16T04:04:17.166+0000] {processor.py:914} INFO - Processing file /home/airflow/.local/lib/python3.12/site-packages/airflow/example_dags/example_subdag_operator.py for tasks to queue
[2024-10-16T04:04:17.167+0000] {logging_mixin.py:190} INFO - [2024-10-16T04:04:17.167+0000] {dagbag.py:588} INFO - Filling up the DagBag from /home/airflow/.local/lib/python3.12/site-packages/airflow/example_dags/example_subdag_operator.py
[2024-10-16T04:04:17.177+0000] {processor.py:925} INFO - DAG(s) 'example_subdag_operator.section-1', 'example_subdag_operator.section-2', 'example_subdag_operator' retrieved from /home/airflow/.local/lib/python3.12/site-packages/airflow/example_dags/example_subdag_operator.py
[2024-10-16T04:04:17.182+0000] {logging_mixin.py:190} INFO - [2024-10-16T04:04:17.182+0000] {dag.py:3239} INFO - Sync 3 DAGs
[2024-10-16T04:04:17.191+0000] {logging_mixin.py:190} INFO - [2024-10-16T04:04:17.191+0000] {dag.py:4180} INFO - Setting next_dagrun for example_subdag_operator to 2022-01-01 00:00:00+00:00, run_after=2022-01-01 00:00:00+00:00
[2024-10-16T04:04:17.192+0000] {logging_mixin.py:190} INFO - [2024-10-16T04:04:17.192+0000] {dag.py:4180} INFO - Setting next_dagrun for example_subdag_operator.section-1 to None, run_after=None
[2024-10-16T04:04:17.193+0000] {logging_mixin.py:190} INFO - [2024-10-16T04:04:17.193+0000] {dag.py:4180} INFO - Setting next_dagrun for example_subdag_operator.section-2 to None, run_after=None
[2024-10-16T04:04:17.195+0000] {logging_mixin.py:190} INFO - [2024-10-16T04:04:17.195+0000] {dag.py:3239} INFO - Sync 2 DAGs
[2024-10-16T04:04:17.198+0000] {logging_mixin.py:190} INFO - [2024-10-16T04:04:17.198+0000] {dag.py:4180} INFO - Setting next_dagrun for example_subdag_operator.section-1 to None, run_after=None
[2024-10-16T04:04:17.198+0000] {logging_mixin.py:190} INFO - [2024-10-16T04:04:17.198+0000] {dag.py:4180} INFO - Setting next_dagrun for example_subdag_operator.section-2 to None, run_after=None
[2024-10-16T04:04:17.201+0000] {processor.py:208} INFO - Processing /home/airflow/.local/lib/python3.12/site-packages/airflow/example_dags/example_subdag_operator.py took 0.038 seconds
