[2024-10-16T03:51:27.239+0000] {processor.py:186} INFO - Started process (PID=80) to work on /home/airflow/.local/lib/python3.12/site-packages/airflow/example_dags/example_short_circuit_decorator.py
[2024-10-16T03:51:27.239+0000] {processor.py:914} INFO - Processing file /home/airflow/.local/lib/python3.12/site-packages/airflow/example_dags/example_short_circuit_decorator.py for tasks to queue
[2024-10-16T03:51:27.240+0000] {logging_mixin.py:190} INFO - [2024-10-16T03:51:27.240+0000] {dagbag.py:588} INFO - Filling up the DagBag from /home/airflow/.local/lib/python3.12/site-packages/airflow/example_dags/example_short_circuit_decorator.py
[2024-10-16T03:51:27.244+0000] {processor.py:925} INFO - DAG(s) 'example_short_circuit_decorator' retrieved from /home/airflow/.local/lib/python3.12/site-packages/airflow/example_dags/example_short_circuit_decorator.py
[2024-10-16T03:51:27.254+0000] {logging_mixin.py:190} INFO - [2024-10-16T03:51:27.254+0000] {dag.py:3239} INFO - Sync 1 DAGs
[2024-10-16T03:51:27.260+0000] {logging_mixin.py:190} INFO - [2024-10-16T03:51:27.260+0000] {dag.py:4180} INFO - Setting next_dagrun for example_short_circuit_decorator to None, run_after=None
[2024-10-16T03:51:27.266+0000] {processor.py:208} INFO - Processing /home/airflow/.local/lib/python3.12/site-packages/airflow/example_dags/example_short_circuit_decorator.py took 0.030 seconds
[2024-10-16T03:51:57.362+0000] {processor.py:186} INFO - Started process (PID=141) to work on /home/airflow/.local/lib/python3.12/site-packages/airflow/example_dags/example_short_circuit_decorator.py
[2024-10-16T03:51:57.363+0000] {processor.py:914} INFO - Processing file /home/airflow/.local/lib/python3.12/site-packages/airflow/example_dags/example_short_circuit_decorator.py for tasks to queue
[2024-10-16T03:51:57.364+0000] {logging_mixin.py:190} INFO - [2024-10-16T03:51:57.364+0000] {dagbag.py:588} INFO - Filling up the DagBag from /home/airflow/.local/lib/python3.12/site-packages/airflow/example_dags/example_short_circuit_decorator.py
[2024-10-16T03:51:57.368+0000] {processor.py:925} INFO - DAG(s) 'example_short_circuit_decorator' retrieved from /home/airflow/.local/lib/python3.12/site-packages/airflow/example_dags/example_short_circuit_decorator.py
[2024-10-16T03:51:57.377+0000] {logging_mixin.py:190} INFO - [2024-10-16T03:51:57.377+0000] {dag.py:3239} INFO - Sync 1 DAGs
[2024-10-16T03:51:57.382+0000] {logging_mixin.py:190} INFO - [2024-10-16T03:51:57.382+0000] {dag.py:4180} INFO - Setting next_dagrun for example_short_circuit_decorator to None, run_after=None
[2024-10-16T03:51:57.389+0000] {processor.py:208} INFO - Processing /home/airflow/.local/lib/python3.12/site-packages/airflow/example_dags/example_short_circuit_decorator.py took 0.029 seconds
[2024-10-16T03:52:27.700+0000] {processor.py:186} INFO - Started process (PID=203) to work on /home/airflow/.local/lib/python3.12/site-packages/airflow/example_dags/example_short_circuit_decorator.py
[2024-10-16T03:52:27.700+0000] {processor.py:914} INFO - Processing file /home/airflow/.local/lib/python3.12/site-packages/airflow/example_dags/example_short_circuit_decorator.py for tasks to queue
[2024-10-16T03:52:27.701+0000] {logging_mixin.py:190} INFO - [2024-10-16T03:52:27.701+0000] {dagbag.py:588} INFO - Filling up the DagBag from /home/airflow/.local/lib/python3.12/site-packages/airflow/example_dags/example_short_circuit_decorator.py
[2024-10-16T03:52:27.707+0000] {processor.py:925} INFO - DAG(s) 'example_short_circuit_decorator' retrieved from /home/airflow/.local/lib/python3.12/site-packages/airflow/example_dags/example_short_circuit_decorator.py
[2024-10-16T03:52:27.721+0000] {logging_mixin.py:190} INFO - [2024-10-16T03:52:27.721+0000] {dag.py:3239} INFO - Sync 1 DAGs
[2024-10-16T03:52:27.728+0000] {logging_mixin.py:190} INFO - [2024-10-16T03:52:27.728+0000] {dag.py:4180} INFO - Setting next_dagrun for example_short_circuit_decorator to None, run_after=None
[2024-10-16T03:52:27.735+0000] {processor.py:208} INFO - Processing /home/airflow/.local/lib/python3.12/site-packages/airflow/example_dags/example_short_circuit_decorator.py took 0.038 seconds
[2024-10-16T03:52:58.826+0000] {processor.py:186} INFO - Started process (PID=265) to work on /home/airflow/.local/lib/python3.12/site-packages/airflow/example_dags/example_short_circuit_decorator.py
[2024-10-16T03:52:58.826+0000] {processor.py:914} INFO - Processing file /home/airflow/.local/lib/python3.12/site-packages/airflow/example_dags/example_short_circuit_decorator.py for tasks to queue
[2024-10-16T03:52:58.827+0000] {logging_mixin.py:190} INFO - [2024-10-16T03:52:58.827+0000] {dagbag.py:588} INFO - Filling up the DagBag from /home/airflow/.local/lib/python3.12/site-packages/airflow/example_dags/example_short_circuit_decorator.py
[2024-10-16T03:52:58.831+0000] {processor.py:925} INFO - DAG(s) 'example_short_circuit_decorator' retrieved from /home/airflow/.local/lib/python3.12/site-packages/airflow/example_dags/example_short_circuit_decorator.py
[2024-10-16T03:52:58.840+0000] {logging_mixin.py:190} INFO - [2024-10-16T03:52:58.840+0000] {dag.py:3239} INFO - Sync 1 DAGs
[2024-10-16T03:52:58.846+0000] {logging_mixin.py:190} INFO - [2024-10-16T03:52:58.846+0000] {dag.py:4180} INFO - Setting next_dagrun for example_short_circuit_decorator to None, run_after=None
[2024-10-16T03:52:58.852+0000] {processor.py:208} INFO - Processing /home/airflow/.local/lib/python3.12/site-packages/airflow/example_dags/example_short_circuit_decorator.py took 0.029 seconds
[2024-10-16T03:53:29.827+0000] {processor.py:186} INFO - Started process (PID=327) to work on /home/airflow/.local/lib/python3.12/site-packages/airflow/example_dags/example_short_circuit_decorator.py
[2024-10-16T03:53:29.828+0000] {processor.py:914} INFO - Processing file /home/airflow/.local/lib/python3.12/site-packages/airflow/example_dags/example_short_circuit_decorator.py for tasks to queue
[2024-10-16T03:53:29.829+0000] {logging_mixin.py:190} INFO - [2024-10-16T03:53:29.829+0000] {dagbag.py:588} INFO - Filling up the DagBag from /home/airflow/.local/lib/python3.12/site-packages/airflow/example_dags/example_short_circuit_decorator.py
[2024-10-16T03:53:29.835+0000] {processor.py:925} INFO - DAG(s) 'example_short_circuit_decorator' retrieved from /home/airflow/.local/lib/python3.12/site-packages/airflow/example_dags/example_short_circuit_decorator.py
[2024-10-16T03:53:29.848+0000] {logging_mixin.py:190} INFO - [2024-10-16T03:53:29.847+0000] {dag.py:3239} INFO - Sync 1 DAGs
[2024-10-16T03:53:29.854+0000] {logging_mixin.py:190} INFO - [2024-10-16T03:53:29.854+0000] {dag.py:4180} INFO - Setting next_dagrun for example_short_circuit_decorator to None, run_after=None
[2024-10-16T03:53:29.862+0000] {processor.py:208} INFO - Processing /home/airflow/.local/lib/python3.12/site-packages/airflow/example_dags/example_short_circuit_decorator.py took 0.038 seconds
[2024-10-16T03:54:00.832+0000] {processor.py:186} INFO - Started process (PID=389) to work on /home/airflow/.local/lib/python3.12/site-packages/airflow/example_dags/example_short_circuit_decorator.py
[2024-10-16T03:54:00.832+0000] {processor.py:914} INFO - Processing file /home/airflow/.local/lib/python3.12/site-packages/airflow/example_dags/example_short_circuit_decorator.py for tasks to queue
[2024-10-16T03:54:00.833+0000] {logging_mixin.py:190} INFO - [2024-10-16T03:54:00.833+0000] {dagbag.py:588} INFO - Filling up the DagBag from /home/airflow/.local/lib/python3.12/site-packages/airflow/example_dags/example_short_circuit_decorator.py
[2024-10-16T03:54:00.838+0000] {processor.py:925} INFO - DAG(s) 'example_short_circuit_decorator' retrieved from /home/airflow/.local/lib/python3.12/site-packages/airflow/example_dags/example_short_circuit_decorator.py
[2024-10-16T03:54:00.849+0000] {logging_mixin.py:190} INFO - [2024-10-16T03:54:00.849+0000] {dag.py:3239} INFO - Sync 1 DAGs
[2024-10-16T03:54:00.857+0000] {logging_mixin.py:190} INFO - [2024-10-16T03:54:00.857+0000] {dag.py:4180} INFO - Setting next_dagrun for example_short_circuit_decorator to None, run_after=None
[2024-10-16T03:54:00.866+0000] {processor.py:208} INFO - Processing /home/airflow/.local/lib/python3.12/site-packages/airflow/example_dags/example_short_circuit_decorator.py took 0.037 seconds
[2024-10-16T03:54:31.732+0000] {processor.py:186} INFO - Started process (PID=451) to work on /home/airflow/.local/lib/python3.12/site-packages/airflow/example_dags/example_short_circuit_decorator.py
[2024-10-16T03:54:31.733+0000] {processor.py:914} INFO - Processing file /home/airflow/.local/lib/python3.12/site-packages/airflow/example_dags/example_short_circuit_decorator.py for tasks to queue
[2024-10-16T03:54:31.734+0000] {logging_mixin.py:190} INFO - [2024-10-16T03:54:31.734+0000] {dagbag.py:588} INFO - Filling up the DagBag from /home/airflow/.local/lib/python3.12/site-packages/airflow/example_dags/example_short_circuit_decorator.py
[2024-10-16T03:54:31.738+0000] {processor.py:925} INFO - DAG(s) 'example_short_circuit_decorator' retrieved from /home/airflow/.local/lib/python3.12/site-packages/airflow/example_dags/example_short_circuit_decorator.py
[2024-10-16T03:54:31.747+0000] {logging_mixin.py:190} INFO - [2024-10-16T03:54:31.747+0000] {dag.py:3239} INFO - Sync 1 DAGs
[2024-10-16T03:54:31.753+0000] {logging_mixin.py:190} INFO - [2024-10-16T03:54:31.753+0000] {dag.py:4180} INFO - Setting next_dagrun for example_short_circuit_decorator to None, run_after=None
[2024-10-16T03:54:31.760+0000] {processor.py:208} INFO - Processing /home/airflow/.local/lib/python3.12/site-packages/airflow/example_dags/example_short_circuit_decorator.py took 0.030 seconds
[2024-10-16T03:55:02.723+0000] {processor.py:186} INFO - Started process (PID=513) to work on /home/airflow/.local/lib/python3.12/site-packages/airflow/example_dags/example_short_circuit_decorator.py
[2024-10-16T03:55:02.724+0000] {processor.py:914} INFO - Processing file /home/airflow/.local/lib/python3.12/site-packages/airflow/example_dags/example_short_circuit_decorator.py for tasks to queue
[2024-10-16T03:55:02.725+0000] {logging_mixin.py:190} INFO - [2024-10-16T03:55:02.725+0000] {dagbag.py:588} INFO - Filling up the DagBag from /home/airflow/.local/lib/python3.12/site-packages/airflow/example_dags/example_short_circuit_decorator.py
[2024-10-16T03:55:02.729+0000] {processor.py:925} INFO - DAG(s) 'example_short_circuit_decorator' retrieved from /home/airflow/.local/lib/python3.12/site-packages/airflow/example_dags/example_short_circuit_decorator.py
[2024-10-16T03:55:02.739+0000] {logging_mixin.py:190} INFO - [2024-10-16T03:55:02.739+0000] {dag.py:3239} INFO - Sync 1 DAGs
[2024-10-16T03:55:02.745+0000] {logging_mixin.py:190} INFO - [2024-10-16T03:55:02.745+0000] {dag.py:4180} INFO - Setting next_dagrun for example_short_circuit_decorator to None, run_after=None
[2024-10-16T03:55:02.751+0000] {processor.py:208} INFO - Processing /home/airflow/.local/lib/python3.12/site-packages/airflow/example_dags/example_short_circuit_decorator.py took 0.031 seconds
[2024-10-16T03:55:33.849+0000] {processor.py:186} INFO - Started process (PID=575) to work on /home/airflow/.local/lib/python3.12/site-packages/airflow/example_dags/example_short_circuit_decorator.py
[2024-10-16T03:55:33.849+0000] {processor.py:914} INFO - Processing file /home/airflow/.local/lib/python3.12/site-packages/airflow/example_dags/example_short_circuit_decorator.py for tasks to queue
[2024-10-16T03:55:33.850+0000] {logging_mixin.py:190} INFO - [2024-10-16T03:55:33.850+0000] {dagbag.py:588} INFO - Filling up the DagBag from /home/airflow/.local/lib/python3.12/site-packages/airflow/example_dags/example_short_circuit_decorator.py
[2024-10-16T03:55:33.857+0000] {processor.py:925} INFO - DAG(s) 'example_short_circuit_decorator' retrieved from /home/airflow/.local/lib/python3.12/site-packages/airflow/example_dags/example_short_circuit_decorator.py
[2024-10-16T03:55:33.867+0000] {logging_mixin.py:190} INFO - [2024-10-16T03:55:33.867+0000] {dag.py:3239} INFO - Sync 1 DAGs
[2024-10-16T03:55:33.874+0000] {logging_mixin.py:190} INFO - [2024-10-16T03:55:33.874+0000] {dag.py:4180} INFO - Setting next_dagrun for example_short_circuit_decorator to None, run_after=None
[2024-10-16T03:55:33.881+0000] {processor.py:208} INFO - Processing /home/airflow/.local/lib/python3.12/site-packages/airflow/example_dags/example_short_circuit_decorator.py took 0.034 seconds
[2024-10-16T03:56:04.002+0000] {processor.py:186} INFO - Started process (PID=636) to work on /home/airflow/.local/lib/python3.12/site-packages/airflow/example_dags/example_short_circuit_decorator.py
[2024-10-16T03:56:04.002+0000] {processor.py:914} INFO - Processing file /home/airflow/.local/lib/python3.12/site-packages/airflow/example_dags/example_short_circuit_decorator.py for tasks to queue
[2024-10-16T03:56:04.003+0000] {logging_mixin.py:190} INFO - [2024-10-16T03:56:04.003+0000] {dagbag.py:588} INFO - Filling up the DagBag from /home/airflow/.local/lib/python3.12/site-packages/airflow/example_dags/example_short_circuit_decorator.py
[2024-10-16T03:56:04.009+0000] {processor.py:925} INFO - DAG(s) 'example_short_circuit_decorator' retrieved from /home/airflow/.local/lib/python3.12/site-packages/airflow/example_dags/example_short_circuit_decorator.py
[2024-10-16T03:56:04.018+0000] {logging_mixin.py:190} INFO - [2024-10-16T03:56:04.018+0000] {dag.py:3239} INFO - Sync 1 DAGs
[2024-10-16T03:56:04.030+0000] {logging_mixin.py:190} INFO - [2024-10-16T03:56:04.030+0000] {dag.py:4180} INFO - Setting next_dagrun for example_short_circuit_decorator to None, run_after=None
[2024-10-16T03:56:04.038+0000] {processor.py:208} INFO - Processing /home/airflow/.local/lib/python3.12/site-packages/airflow/example_dags/example_short_circuit_decorator.py took 0.039 seconds
[2024-10-16T03:56:35.239+0000] {processor.py:186} INFO - Started process (PID=699) to work on /home/airflow/.local/lib/python3.12/site-packages/airflow/example_dags/example_short_circuit_decorator.py
[2024-10-16T03:56:35.240+0000] {processor.py:914} INFO - Processing file /home/airflow/.local/lib/python3.12/site-packages/airflow/example_dags/example_short_circuit_decorator.py for tasks to queue
[2024-10-16T03:56:35.241+0000] {logging_mixin.py:190} INFO - [2024-10-16T03:56:35.241+0000] {dagbag.py:588} INFO - Filling up the DagBag from /home/airflow/.local/lib/python3.12/site-packages/airflow/example_dags/example_short_circuit_decorator.py
[2024-10-16T03:56:35.247+0000] {processor.py:925} INFO - DAG(s) 'example_short_circuit_decorator' retrieved from /home/airflow/.local/lib/python3.12/site-packages/airflow/example_dags/example_short_circuit_decorator.py
[2024-10-16T03:56:35.257+0000] {logging_mixin.py:190} INFO - [2024-10-16T03:56:35.256+0000] {dag.py:3239} INFO - Sync 1 DAGs
[2024-10-16T03:56:35.262+0000] {logging_mixin.py:190} INFO - [2024-10-16T03:56:35.262+0000] {dag.py:4180} INFO - Setting next_dagrun for example_short_circuit_decorator to None, run_after=None
[2024-10-16T03:56:35.269+0000] {processor.py:208} INFO - Processing /home/airflow/.local/lib/python3.12/site-packages/airflow/example_dags/example_short_circuit_decorator.py took 0.032 seconds
[2024-10-16T03:57:05.499+0000] {processor.py:186} INFO - Started process (PID=761) to work on /home/airflow/.local/lib/python3.12/site-packages/airflow/example_dags/example_short_circuit_decorator.py
[2024-10-16T03:57:05.500+0000] {processor.py:914} INFO - Processing file /home/airflow/.local/lib/python3.12/site-packages/airflow/example_dags/example_short_circuit_decorator.py for tasks to queue
[2024-10-16T03:57:05.501+0000] {logging_mixin.py:190} INFO - [2024-10-16T03:57:05.501+0000] {dagbag.py:588} INFO - Filling up the DagBag from /home/airflow/.local/lib/python3.12/site-packages/airflow/example_dags/example_short_circuit_decorator.py
[2024-10-16T03:57:05.505+0000] {processor.py:925} INFO - DAG(s) 'example_short_circuit_decorator' retrieved from /home/airflow/.local/lib/python3.12/site-packages/airflow/example_dags/example_short_circuit_decorator.py
[2024-10-16T03:57:05.517+0000] {logging_mixin.py:190} INFO - [2024-10-16T03:57:05.517+0000] {dag.py:3239} INFO - Sync 1 DAGs
[2024-10-16T03:57:05.527+0000] {logging_mixin.py:190} INFO - [2024-10-16T03:57:05.527+0000] {dag.py:4180} INFO - Setting next_dagrun for example_short_circuit_decorator to None, run_after=None
[2024-10-16T03:57:05.536+0000] {processor.py:208} INFO - Processing /home/airflow/.local/lib/python3.12/site-packages/airflow/example_dags/example_short_circuit_decorator.py took 0.040 seconds
[2024-10-16T03:57:36.490+0000] {processor.py:186} INFO - Started process (PID=823) to work on /home/airflow/.local/lib/python3.12/site-packages/airflow/example_dags/example_short_circuit_decorator.py
[2024-10-16T03:57:36.491+0000] {processor.py:914} INFO - Processing file /home/airflow/.local/lib/python3.12/site-packages/airflow/example_dags/example_short_circuit_decorator.py for tasks to queue
[2024-10-16T03:57:36.492+0000] {logging_mixin.py:190} INFO - [2024-10-16T03:57:36.491+0000] {dagbag.py:588} INFO - Filling up the DagBag from /home/airflow/.local/lib/python3.12/site-packages/airflow/example_dags/example_short_circuit_decorator.py
[2024-10-16T03:57:36.496+0000] {processor.py:925} INFO - DAG(s) 'example_short_circuit_decorator' retrieved from /home/airflow/.local/lib/python3.12/site-packages/airflow/example_dags/example_short_circuit_decorator.py
[2024-10-16T03:57:36.505+0000] {logging_mixin.py:190} INFO - [2024-10-16T03:57:36.505+0000] {dag.py:3239} INFO - Sync 1 DAGs
[2024-10-16T03:57:36.511+0000] {logging_mixin.py:190} INFO - [2024-10-16T03:57:36.511+0000] {dag.py:4180} INFO - Setting next_dagrun for example_short_circuit_decorator to None, run_after=None
[2024-10-16T03:57:36.518+0000] {processor.py:208} INFO - Processing /home/airflow/.local/lib/python3.12/site-packages/airflow/example_dags/example_short_circuit_decorator.py took 0.030 seconds
[2024-10-16T03:58:07.882+0000] {processor.py:186} INFO - Started process (PID=885) to work on /home/airflow/.local/lib/python3.12/site-packages/airflow/example_dags/example_short_circuit_decorator.py
[2024-10-16T03:58:07.884+0000] {processor.py:914} INFO - Processing file /home/airflow/.local/lib/python3.12/site-packages/airflow/example_dags/example_short_circuit_decorator.py for tasks to queue
[2024-10-16T03:58:07.886+0000] {logging_mixin.py:190} INFO - [2024-10-16T03:58:07.886+0000] {dagbag.py:588} INFO - Filling up the DagBag from /home/airflow/.local/lib/python3.12/site-packages/airflow/example_dags/example_short_circuit_decorator.py
[2024-10-16T03:58:07.893+0000] {processor.py:925} INFO - DAG(s) 'example_short_circuit_decorator' retrieved from /home/airflow/.local/lib/python3.12/site-packages/airflow/example_dags/example_short_circuit_decorator.py
[2024-10-16T03:58:07.907+0000] {logging_mixin.py:190} INFO - [2024-10-16T03:58:07.907+0000] {dag.py:3239} INFO - Sync 1 DAGs
[2024-10-16T03:58:07.916+0000] {logging_mixin.py:190} INFO - [2024-10-16T03:58:07.915+0000] {dag.py:4180} INFO - Setting next_dagrun for example_short_circuit_decorator to None, run_after=None
[2024-10-16T03:58:07.926+0000] {processor.py:208} INFO - Processing /home/airflow/.local/lib/python3.12/site-packages/airflow/example_dags/example_short_circuit_decorator.py took 0.050 seconds
[2024-10-16T03:58:38.166+0000] {processor.py:186} INFO - Started process (PID=947) to work on /home/airflow/.local/lib/python3.12/site-packages/airflow/example_dags/example_short_circuit_decorator.py
[2024-10-16T03:58:38.166+0000] {processor.py:914} INFO - Processing file /home/airflow/.local/lib/python3.12/site-packages/airflow/example_dags/example_short_circuit_decorator.py for tasks to queue
[2024-10-16T03:58:38.167+0000] {logging_mixin.py:190} INFO - [2024-10-16T03:58:38.167+0000] {dagbag.py:588} INFO - Filling up the DagBag from /home/airflow/.local/lib/python3.12/site-packages/airflow/example_dags/example_short_circuit_decorator.py
[2024-10-16T03:58:38.172+0000] {processor.py:925} INFO - DAG(s) 'example_short_circuit_decorator' retrieved from /home/airflow/.local/lib/python3.12/site-packages/airflow/example_dags/example_short_circuit_decorator.py
[2024-10-16T03:58:38.182+0000] {logging_mixin.py:190} INFO - [2024-10-16T03:58:38.182+0000] {dag.py:3239} INFO - Sync 1 DAGs
[2024-10-16T03:58:38.189+0000] {logging_mixin.py:190} INFO - [2024-10-16T03:58:38.189+0000] {dag.py:4180} INFO - Setting next_dagrun for example_short_circuit_decorator to None, run_after=None
[2024-10-16T03:58:38.205+0000] {processor.py:208} INFO - Processing /home/airflow/.local/lib/python3.12/site-packages/airflow/example_dags/example_short_circuit_decorator.py took 0.042 seconds
[2024-10-16T03:59:09.207+0000] {processor.py:186} INFO - Started process (PID=1009) to work on /home/airflow/.local/lib/python3.12/site-packages/airflow/example_dags/example_short_circuit_decorator.py
[2024-10-16T03:59:09.207+0000] {processor.py:914} INFO - Processing file /home/airflow/.local/lib/python3.12/site-packages/airflow/example_dags/example_short_circuit_decorator.py for tasks to queue
[2024-10-16T03:59:09.210+0000] {logging_mixin.py:190} INFO - [2024-10-16T03:59:09.209+0000] {dagbag.py:588} INFO - Filling up the DagBag from /home/airflow/.local/lib/python3.12/site-packages/airflow/example_dags/example_short_circuit_decorator.py
[2024-10-16T03:59:09.219+0000] {processor.py:925} INFO - DAG(s) 'example_short_circuit_decorator' retrieved from /home/airflow/.local/lib/python3.12/site-packages/airflow/example_dags/example_short_circuit_decorator.py
[2024-10-16T03:59:09.236+0000] {logging_mixin.py:190} INFO - [2024-10-16T03:59:09.236+0000] {dag.py:3239} INFO - Sync 1 DAGs
[2024-10-16T03:59:09.244+0000] {logging_mixin.py:190} INFO - [2024-10-16T03:59:09.244+0000] {dag.py:4180} INFO - Setting next_dagrun for example_short_circuit_decorator to None, run_after=None
[2024-10-16T03:59:09.252+0000] {processor.py:208} INFO - Processing /home/airflow/.local/lib/python3.12/site-packages/airflow/example_dags/example_short_circuit_decorator.py took 0.049 seconds
[2024-10-16T03:59:40.272+0000] {processor.py:186} INFO - Started process (PID=1071) to work on /home/airflow/.local/lib/python3.12/site-packages/airflow/example_dags/example_short_circuit_decorator.py
[2024-10-16T03:59:40.273+0000] {processor.py:914} INFO - Processing file /home/airflow/.local/lib/python3.12/site-packages/airflow/example_dags/example_short_circuit_decorator.py for tasks to queue
[2024-10-16T03:59:40.274+0000] {logging_mixin.py:190} INFO - [2024-10-16T03:59:40.274+0000] {dagbag.py:588} INFO - Filling up the DagBag from /home/airflow/.local/lib/python3.12/site-packages/airflow/example_dags/example_short_circuit_decorator.py
[2024-10-16T03:59:40.280+0000] {processor.py:925} INFO - DAG(s) 'example_short_circuit_decorator' retrieved from /home/airflow/.local/lib/python3.12/site-packages/airflow/example_dags/example_short_circuit_decorator.py
[2024-10-16T03:59:40.301+0000] {logging_mixin.py:190} INFO - [2024-10-16T03:59:40.300+0000] {dag.py:3239} INFO - Sync 1 DAGs
[2024-10-16T03:59:40.312+0000] {logging_mixin.py:190} INFO - [2024-10-16T03:59:40.312+0000] {dag.py:4180} INFO - Setting next_dagrun for example_short_circuit_decorator to None, run_after=None
[2024-10-16T03:59:40.322+0000] {processor.py:208} INFO - Processing /home/airflow/.local/lib/python3.12/site-packages/airflow/example_dags/example_short_circuit_decorator.py took 0.053 seconds
[2024-10-16T04:00:10.471+0000] {processor.py:186} INFO - Started process (PID=1133) to work on /home/airflow/.local/lib/python3.12/site-packages/airflow/example_dags/example_short_circuit_decorator.py
[2024-10-16T04:00:10.472+0000] {processor.py:914} INFO - Processing file /home/airflow/.local/lib/python3.12/site-packages/airflow/example_dags/example_short_circuit_decorator.py for tasks to queue
[2024-10-16T04:00:10.473+0000] {logging_mixin.py:190} INFO - [2024-10-16T04:00:10.472+0000] {dagbag.py:588} INFO - Filling up the DagBag from /home/airflow/.local/lib/python3.12/site-packages/airflow/example_dags/example_short_circuit_decorator.py
[2024-10-16T04:00:10.477+0000] {processor.py:925} INFO - DAG(s) 'example_short_circuit_decorator' retrieved from /home/airflow/.local/lib/python3.12/site-packages/airflow/example_dags/example_short_circuit_decorator.py
[2024-10-16T04:00:10.486+0000] {logging_mixin.py:190} INFO - [2024-10-16T04:00:10.486+0000] {dag.py:3239} INFO - Sync 1 DAGs
[2024-10-16T04:00:10.492+0000] {logging_mixin.py:190} INFO - [2024-10-16T04:00:10.492+0000] {dag.py:4180} INFO - Setting next_dagrun for example_short_circuit_decorator to None, run_after=None
[2024-10-16T04:00:10.499+0000] {processor.py:208} INFO - Processing /home/airflow/.local/lib/python3.12/site-packages/airflow/example_dags/example_short_circuit_decorator.py took 0.030 seconds
[2024-10-16T04:00:40.676+0000] {processor.py:186} INFO - Started process (PID=1195) to work on /home/airflow/.local/lib/python3.12/site-packages/airflow/example_dags/example_short_circuit_decorator.py
[2024-10-16T04:00:40.677+0000] {processor.py:914} INFO - Processing file /home/airflow/.local/lib/python3.12/site-packages/airflow/example_dags/example_short_circuit_decorator.py for tasks to queue
[2024-10-16T04:00:40.678+0000] {logging_mixin.py:190} INFO - [2024-10-16T04:00:40.678+0000] {dagbag.py:588} INFO - Filling up the DagBag from /home/airflow/.local/lib/python3.12/site-packages/airflow/example_dags/example_short_circuit_decorator.py
[2024-10-16T04:00:40.684+0000] {processor.py:925} INFO - DAG(s) 'example_short_circuit_decorator' retrieved from /home/airflow/.local/lib/python3.12/site-packages/airflow/example_dags/example_short_circuit_decorator.py
[2024-10-16T04:00:40.694+0000] {logging_mixin.py:190} INFO - [2024-10-16T04:00:40.694+0000] {dag.py:3239} INFO - Sync 1 DAGs
[2024-10-16T04:00:40.700+0000] {logging_mixin.py:190} INFO - [2024-10-16T04:00:40.700+0000] {dag.py:4180} INFO - Setting next_dagrun for example_short_circuit_decorator to None, run_after=None
[2024-10-16T04:00:40.707+0000] {processor.py:208} INFO - Processing /home/airflow/.local/lib/python3.12/site-packages/airflow/example_dags/example_short_circuit_decorator.py took 0.035 seconds
[2024-10-16T04:01:11.580+0000] {processor.py:186} INFO - Started process (PID=1257) to work on /home/airflow/.local/lib/python3.12/site-packages/airflow/example_dags/example_short_circuit_decorator.py
[2024-10-16T04:01:11.580+0000] {processor.py:914} INFO - Processing file /home/airflow/.local/lib/python3.12/site-packages/airflow/example_dags/example_short_circuit_decorator.py for tasks to queue
[2024-10-16T04:01:11.581+0000] {logging_mixin.py:190} INFO - [2024-10-16T04:01:11.581+0000] {dagbag.py:588} INFO - Filling up the DagBag from /home/airflow/.local/lib/python3.12/site-packages/airflow/example_dags/example_short_circuit_decorator.py
[2024-10-16T04:01:11.585+0000] {processor.py:925} INFO - DAG(s) 'example_short_circuit_decorator' retrieved from /home/airflow/.local/lib/python3.12/site-packages/airflow/example_dags/example_short_circuit_decorator.py
[2024-10-16T04:01:11.595+0000] {logging_mixin.py:190} INFO - [2024-10-16T04:01:11.594+0000] {dag.py:3239} INFO - Sync 1 DAGs
[2024-10-16T04:01:11.600+0000] {logging_mixin.py:190} INFO - [2024-10-16T04:01:11.600+0000] {dag.py:4180} INFO - Setting next_dagrun for example_short_circuit_decorator to None, run_after=None
[2024-10-16T04:01:11.607+0000] {processor.py:208} INFO - Processing /home/airflow/.local/lib/python3.12/site-packages/airflow/example_dags/example_short_circuit_decorator.py took 0.030 seconds
[2024-10-16T04:01:42.565+0000] {processor.py:186} INFO - Started process (PID=1318) to work on /home/airflow/.local/lib/python3.12/site-packages/airflow/example_dags/example_short_circuit_decorator.py
[2024-10-16T04:01:42.566+0000] {processor.py:914} INFO - Processing file /home/airflow/.local/lib/python3.12/site-packages/airflow/example_dags/example_short_circuit_decorator.py for tasks to queue
[2024-10-16T04:01:42.567+0000] {logging_mixin.py:190} INFO - [2024-10-16T04:01:42.566+0000] {dagbag.py:588} INFO - Filling up the DagBag from /home/airflow/.local/lib/python3.12/site-packages/airflow/example_dags/example_short_circuit_decorator.py
[2024-10-16T04:01:42.571+0000] {processor.py:925} INFO - DAG(s) 'example_short_circuit_decorator' retrieved from /home/airflow/.local/lib/python3.12/site-packages/airflow/example_dags/example_short_circuit_decorator.py
[2024-10-16T04:01:42.580+0000] {logging_mixin.py:190} INFO - [2024-10-16T04:01:42.580+0000] {dag.py:3239} INFO - Sync 1 DAGs
[2024-10-16T04:01:42.586+0000] {logging_mixin.py:190} INFO - [2024-10-16T04:01:42.586+0000] {dag.py:4180} INFO - Setting next_dagrun for example_short_circuit_decorator to None, run_after=None
[2024-10-16T04:01:42.592+0000] {processor.py:208} INFO - Processing /home/airflow/.local/lib/python3.12/site-packages/airflow/example_dags/example_short_circuit_decorator.py took 0.029 seconds
[2024-10-16T04:02:13.555+0000] {processor.py:186} INFO - Started process (PID=1380) to work on /home/airflow/.local/lib/python3.12/site-packages/airflow/example_dags/example_short_circuit_decorator.py
[2024-10-16T04:02:13.555+0000] {processor.py:914} INFO - Processing file /home/airflow/.local/lib/python3.12/site-packages/airflow/example_dags/example_short_circuit_decorator.py for tasks to queue
[2024-10-16T04:02:13.556+0000] {logging_mixin.py:190} INFO - [2024-10-16T04:02:13.556+0000] {dagbag.py:588} INFO - Filling up the DagBag from /home/airflow/.local/lib/python3.12/site-packages/airflow/example_dags/example_short_circuit_decorator.py
[2024-10-16T04:02:13.561+0000] {processor.py:925} INFO - DAG(s) 'example_short_circuit_decorator' retrieved from /home/airflow/.local/lib/python3.12/site-packages/airflow/example_dags/example_short_circuit_decorator.py
[2024-10-16T04:02:13.570+0000] {logging_mixin.py:190} INFO - [2024-10-16T04:02:13.570+0000] {dag.py:3239} INFO - Sync 1 DAGs
[2024-10-16T04:02:13.577+0000] {logging_mixin.py:190} INFO - [2024-10-16T04:02:13.577+0000] {dag.py:4180} INFO - Setting next_dagrun for example_short_circuit_decorator to None, run_after=None
[2024-10-16T04:02:13.583+0000] {processor.py:208} INFO - Processing /home/airflow/.local/lib/python3.12/site-packages/airflow/example_dags/example_short_circuit_decorator.py took 0.031 seconds
[2024-10-16T04:02:44.430+0000] {processor.py:186} INFO - Started process (PID=1443) to work on /home/airflow/.local/lib/python3.12/site-packages/airflow/example_dags/example_short_circuit_decorator.py
[2024-10-16T04:02:44.430+0000] {processor.py:914} INFO - Processing file /home/airflow/.local/lib/python3.12/site-packages/airflow/example_dags/example_short_circuit_decorator.py for tasks to queue
[2024-10-16T04:02:44.431+0000] {logging_mixin.py:190} INFO - [2024-10-16T04:02:44.431+0000] {dagbag.py:588} INFO - Filling up the DagBag from /home/airflow/.local/lib/python3.12/site-packages/airflow/example_dags/example_short_circuit_decorator.py
[2024-10-16T04:02:44.436+0000] {processor.py:925} INFO - DAG(s) 'example_short_circuit_decorator' retrieved from /home/airflow/.local/lib/python3.12/site-packages/airflow/example_dags/example_short_circuit_decorator.py
[2024-10-16T04:02:44.445+0000] {logging_mixin.py:190} INFO - [2024-10-16T04:02:44.445+0000] {dag.py:3239} INFO - Sync 1 DAGs
[2024-10-16T04:02:44.451+0000] {logging_mixin.py:190} INFO - [2024-10-16T04:02:44.451+0000] {dag.py:4180} INFO - Setting next_dagrun for example_short_circuit_decorator to None, run_after=None
[2024-10-16T04:02:44.460+0000] {processor.py:208} INFO - Processing /home/airflow/.local/lib/python3.12/site-packages/airflow/example_dags/example_short_circuit_decorator.py took 0.032 seconds
[2024-10-16T04:03:15.291+0000] {processor.py:186} INFO - Started process (PID=1505) to work on /home/airflow/.local/lib/python3.12/site-packages/airflow/example_dags/example_short_circuit_decorator.py
[2024-10-16T04:03:15.292+0000] {processor.py:914} INFO - Processing file /home/airflow/.local/lib/python3.12/site-packages/airflow/example_dags/example_short_circuit_decorator.py for tasks to queue
[2024-10-16T04:03:15.293+0000] {logging_mixin.py:190} INFO - [2024-10-16T04:03:15.293+0000] {dagbag.py:588} INFO - Filling up the DagBag from /home/airflow/.local/lib/python3.12/site-packages/airflow/example_dags/example_short_circuit_decorator.py
[2024-10-16T04:03:15.297+0000] {processor.py:925} INFO - DAG(s) 'example_short_circuit_decorator' retrieved from /home/airflow/.local/lib/python3.12/site-packages/airflow/example_dags/example_short_circuit_decorator.py
[2024-10-16T04:03:15.306+0000] {logging_mixin.py:190} INFO - [2024-10-16T04:03:15.306+0000] {dag.py:3239} INFO - Sync 1 DAGs
[2024-10-16T04:03:15.312+0000] {logging_mixin.py:190} INFO - [2024-10-16T04:03:15.312+0000] {dag.py:4180} INFO - Setting next_dagrun for example_short_circuit_decorator to None, run_after=None
[2024-10-16T04:03:15.319+0000] {processor.py:208} INFO - Processing /home/airflow/.local/lib/python3.12/site-packages/airflow/example_dags/example_short_circuit_decorator.py took 0.030 seconds
[2024-10-16T04:03:46.191+0000] {processor.py:186} INFO - Started process (PID=1572) to work on /home/airflow/.local/lib/python3.12/site-packages/airflow/example_dags/example_short_circuit_decorator.py
[2024-10-16T04:03:46.195+0000] {processor.py:914} INFO - Processing file /home/airflow/.local/lib/python3.12/site-packages/airflow/example_dags/example_short_circuit_decorator.py for tasks to queue
[2024-10-16T04:03:46.196+0000] {logging_mixin.py:190} INFO - [2024-10-16T04:03:46.196+0000] {dagbag.py:588} INFO - Filling up the DagBag from /home/airflow/.local/lib/python3.12/site-packages/airflow/example_dags/example_short_circuit_decorator.py
[2024-10-16T04:03:46.202+0000] {processor.py:925} INFO - DAG(s) 'example_short_circuit_decorator' retrieved from /home/airflow/.local/lib/python3.12/site-packages/airflow/example_dags/example_short_circuit_decorator.py
[2024-10-16T04:03:46.212+0000] {logging_mixin.py:190} INFO - [2024-10-16T04:03:46.212+0000] {dag.py:3239} INFO - Sync 1 DAGs
[2024-10-16T04:03:46.218+0000] {logging_mixin.py:190} INFO - [2024-10-16T04:03:46.218+0000] {dag.py:4180} INFO - Setting next_dagrun for example_short_circuit_decorator to None, run_after=None
[2024-10-16T04:03:46.225+0000] {processor.py:208} INFO - Processing /home/airflow/.local/lib/python3.12/site-packages/airflow/example_dags/example_short_circuit_decorator.py took 0.036 seconds
[2024-10-16T04:04:17.164+0000] {processor.py:186} INFO - Started process (PID=1634) to work on /home/airflow/.local/lib/python3.12/site-packages/airflow/example_dags/example_short_circuit_decorator.py
[2024-10-16T04:04:17.164+0000] {processor.py:914} INFO - Processing file /home/airflow/.local/lib/python3.12/site-packages/airflow/example_dags/example_short_circuit_decorator.py for tasks to queue
[2024-10-16T04:04:17.165+0000] {logging_mixin.py:190} INFO - [2024-10-16T04:04:17.165+0000] {dagbag.py:588} INFO - Filling up the DagBag from /home/airflow/.local/lib/python3.12/site-packages/airflow/example_dags/example_short_circuit_decorator.py
[2024-10-16T04:04:17.170+0000] {processor.py:925} INFO - DAG(s) 'example_short_circuit_decorator' retrieved from /home/airflow/.local/lib/python3.12/site-packages/airflow/example_dags/example_short_circuit_decorator.py
[2024-10-16T04:04:17.179+0000] {logging_mixin.py:190} INFO - [2024-10-16T04:04:17.179+0000] {dag.py:3239} INFO - Sync 1 DAGs
[2024-10-16T04:04:17.185+0000] {logging_mixin.py:190} INFO - [2024-10-16T04:04:17.185+0000] {dag.py:4180} INFO - Setting next_dagrun for example_short_circuit_decorator to None, run_after=None
[2024-10-16T04:04:17.191+0000] {processor.py:208} INFO - Processing /home/airflow/.local/lib/python3.12/site-packages/airflow/example_dags/example_short_circuit_decorator.py took 0.030 seconds
