[2024-10-16T03:51:27.432+0000] {processor.py:186} INFO - Started process (PID=87) to work on /home/airflow/.local/lib/python3.12/site-packages/airflow/example_dags/example_datasets.py
[2024-10-16T03:51:27.433+0000] {processor.py:914} INFO - Processing file /home/airflow/.local/lib/python3.12/site-packages/airflow/example_dags/example_datasets.py for tasks to queue
[2024-10-16T03:51:27.434+0000] {logging_mixin.py:190} INFO - [2024-10-16T03:51:27.434+0000] {dagbag.py:588} INFO - Filling up the DagBag from /home/airflow/.local/lib/python3.12/site-packages/airflow/example_dags/example_datasets.py
[2024-10-16T03:51:27.494+0000] {processor.py:925} INFO - DAG(s) 'consume_1_or_2_with_dataset_expressions', 'dataset_consumes_1_and_2', 'conditional_dataset_and_time_based_timetable', 'dataset_produces_1', 'dataset_produces_2', 'dataset_consumes_unknown_never_scheduled', 'consume_1_and_2_with_dataset_expressions', 'dataset_consumes_1', 'dataset_consumes_1_never_scheduled', 'consume_1_or_both_2_and_3_with_dataset_expressions' retrieved from /home/airflow/.local/lib/python3.12/site-packages/airflow/example_dags/example_datasets.py
[2024-10-16T03:51:27.515+0000] {logging_mixin.py:190} INFO - [2024-10-16T03:51:27.515+0000] {dag.py:3239} INFO - Sync 10 DAGs
[2024-10-16T03:51:27.529+0000] {logging_mixin.py:190} INFO - [2024-10-16T03:51:27.529+0000] {dag.py:4180} INFO - Setting next_dagrun for conditional_dataset_and_time_based_timetable to 2024-10-16 01:00:00+00:00, run_after=2024-10-16 01:00:00+00:00
[2024-10-16T03:51:27.532+0000] {logging_mixin.py:190} INFO - [2024-10-16T03:51:27.532+0000] {dag.py:4180} INFO - Setting next_dagrun for consume_1_and_2_with_dataset_expressions to None, run_after=None
[2024-10-16T03:51:27.533+0000] {logging_mixin.py:190} INFO - [2024-10-16T03:51:27.533+0000] {dag.py:4180} INFO - Setting next_dagrun for consume_1_or_2_with_dataset_expressions to None, run_after=None
[2024-10-16T03:51:27.534+0000] {logging_mixin.py:190} INFO - [2024-10-16T03:51:27.534+0000] {dag.py:4180} INFO - Setting next_dagrun for consume_1_or_both_2_and_3_with_dataset_expressions to None, run_after=None
[2024-10-16T03:51:27.535+0000] {logging_mixin.py:190} INFO - [2024-10-16T03:51:27.535+0000] {dag.py:4180} INFO - Setting next_dagrun for dataset_consumes_1 to None, run_after=None
[2024-10-16T03:51:27.536+0000] {logging_mixin.py:190} INFO - [2024-10-16T03:51:27.535+0000] {dag.py:4180} INFO - Setting next_dagrun for dataset_consumes_1_and_2 to None, run_after=None
[2024-10-16T03:51:27.536+0000] {logging_mixin.py:190} INFO - [2024-10-16T03:51:27.536+0000] {dag.py:4180} INFO - Setting next_dagrun for dataset_consumes_1_never_scheduled to None, run_after=None
[2024-10-16T03:51:27.537+0000] {logging_mixin.py:190} INFO - [2024-10-16T03:51:27.537+0000] {dag.py:4180} INFO - Setting next_dagrun for dataset_consumes_unknown_never_scheduled to None, run_after=None
[2024-10-16T03:51:27.538+0000] {logging_mixin.py:190} INFO - [2024-10-16T03:51:27.538+0000] {dag.py:4180} INFO - Setting next_dagrun for dataset_produces_1 to 2024-10-15 00:00:00+00:00, run_after=2024-10-16 00:00:00+00:00
[2024-10-16T03:51:27.539+0000] {logging_mixin.py:190} INFO - [2024-10-16T03:51:27.539+0000] {dag.py:4180} INFO - Setting next_dagrun for dataset_produces_2 to None, run_after=None
[2024-10-16T03:51:27.552+0000] {processor.py:208} INFO - Processing /home/airflow/.local/lib/python3.12/site-packages/airflow/example_dags/example_datasets.py took 0.122 seconds
[2024-10-16T03:51:58.526+0000] {processor.py:186} INFO - Started process (PID=148) to work on /home/airflow/.local/lib/python3.12/site-packages/airflow/example_dags/example_datasets.py
[2024-10-16T03:51:58.666+0000] {processor.py:914} INFO - Processing file /home/airflow/.local/lib/python3.12/site-packages/airflow/example_dags/example_datasets.py for tasks to queue
[2024-10-16T03:51:58.674+0000] {logging_mixin.py:190} INFO - [2024-10-16T03:51:58.674+0000] {dagbag.py:588} INFO - Filling up the DagBag from /home/airflow/.local/lib/python3.12/site-packages/airflow/example_dags/example_datasets.py
[2024-10-16T03:51:58.778+0000] {processor.py:925} INFO - DAG(s) 'dataset_consumes_1_and_2', 'consume_1_or_2_with_dataset_expressions', 'consume_1_or_both_2_and_3_with_dataset_expressions', 'dataset_consumes_1', 'dataset_consumes_1_never_scheduled', 'dataset_consumes_unknown_never_scheduled', 'conditional_dataset_and_time_based_timetable', 'dataset_produces_2', 'dataset_produces_1', 'consume_1_and_2_with_dataset_expressions' retrieved from /home/airflow/.local/lib/python3.12/site-packages/airflow/example_dags/example_datasets.py
[2024-10-16T03:51:58.803+0000] {logging_mixin.py:190} INFO - [2024-10-16T03:51:58.802+0000] {dag.py:3239} INFO - Sync 10 DAGs
[2024-10-16T03:51:58.818+0000] {logging_mixin.py:190} INFO - [2024-10-16T03:51:58.818+0000] {dag.py:4180} INFO - Setting next_dagrun for conditional_dataset_and_time_based_timetable to 2024-10-16 01:00:00+00:00, run_after=2024-10-16 01:00:00+00:00
[2024-10-16T03:51:58.820+0000] {logging_mixin.py:190} INFO - [2024-10-16T03:51:58.820+0000] {dag.py:4180} INFO - Setting next_dagrun for consume_1_and_2_with_dataset_expressions to None, run_after=None
[2024-10-16T03:51:58.821+0000] {logging_mixin.py:190} INFO - [2024-10-16T03:51:58.821+0000] {dag.py:4180} INFO - Setting next_dagrun for consume_1_or_2_with_dataset_expressions to None, run_after=None
[2024-10-16T03:51:58.821+0000] {logging_mixin.py:190} INFO - [2024-10-16T03:51:58.821+0000] {dag.py:4180} INFO - Setting next_dagrun for consume_1_or_both_2_and_3_with_dataset_expressions to None, run_after=None
[2024-10-16T03:51:58.822+0000] {logging_mixin.py:190} INFO - [2024-10-16T03:51:58.822+0000] {dag.py:4180} INFO - Setting next_dagrun for dataset_consumes_1 to None, run_after=None
[2024-10-16T03:51:58.823+0000] {logging_mixin.py:190} INFO - [2024-10-16T03:51:58.823+0000] {dag.py:4180} INFO - Setting next_dagrun for dataset_consumes_1_and_2 to None, run_after=None
[2024-10-16T03:51:58.823+0000] {logging_mixin.py:190} INFO - [2024-10-16T03:51:58.823+0000] {dag.py:4180} INFO - Setting next_dagrun for dataset_consumes_1_never_scheduled to None, run_after=None
[2024-10-16T03:51:58.824+0000] {logging_mixin.py:190} INFO - [2024-10-16T03:51:58.824+0000] {dag.py:4180} INFO - Setting next_dagrun for dataset_consumes_unknown_never_scheduled to None, run_after=None
[2024-10-16T03:51:58.825+0000] {logging_mixin.py:190} INFO - [2024-10-16T03:51:58.825+0000] {dag.py:4180} INFO - Setting next_dagrun for dataset_produces_1 to 2024-10-15 00:00:00+00:00, run_after=2024-10-16 00:00:00+00:00
[2024-10-16T03:51:58.826+0000] {logging_mixin.py:190} INFO - [2024-10-16T03:51:58.826+0000] {dag.py:4180} INFO - Setting next_dagrun for dataset_produces_2 to None, run_after=None
[2024-10-16T03:51:58.841+0000] {processor.py:208} INFO - Processing /home/airflow/.local/lib/python3.12/site-packages/airflow/example_dags/example_datasets.py took 0.321 seconds
[2024-10-16T03:52:28.873+0000] {processor.py:186} INFO - Started process (PID=210) to work on /home/airflow/.local/lib/python3.12/site-packages/airflow/example_dags/example_datasets.py
[2024-10-16T03:52:28.873+0000] {processor.py:914} INFO - Processing file /home/airflow/.local/lib/python3.12/site-packages/airflow/example_dags/example_datasets.py for tasks to queue
[2024-10-16T03:52:28.875+0000] {logging_mixin.py:190} INFO - [2024-10-16T03:52:28.874+0000] {dagbag.py:588} INFO - Filling up the DagBag from /home/airflow/.local/lib/python3.12/site-packages/airflow/example_dags/example_datasets.py
[2024-10-16T03:52:28.942+0000] {processor.py:925} INFO - DAG(s) 'dataset_consumes_1_never_scheduled', 'dataset_consumes_1_and_2', 'consume_1_or_2_with_dataset_expressions', 'dataset_produces_2', 'conditional_dataset_and_time_based_timetable', 'dataset_produces_1', 'dataset_consumes_1', 'consume_1_and_2_with_dataset_expressions', 'dataset_consumes_unknown_never_scheduled', 'consume_1_or_both_2_and_3_with_dataset_expressions' retrieved from /home/airflow/.local/lib/python3.12/site-packages/airflow/example_dags/example_datasets.py
[2024-10-16T03:52:28.960+0000] {logging_mixin.py:190} INFO - [2024-10-16T03:52:28.960+0000] {dag.py:3239} INFO - Sync 10 DAGs
[2024-10-16T03:52:28.973+0000] {logging_mixin.py:190} INFO - [2024-10-16T03:52:28.973+0000] {dag.py:4180} INFO - Setting next_dagrun for conditional_dataset_and_time_based_timetable to 2024-10-16 01:00:00+00:00, run_after=2024-10-16 01:00:00+00:00
[2024-10-16T03:52:28.975+0000] {logging_mixin.py:190} INFO - [2024-10-16T03:52:28.975+0000] {dag.py:4180} INFO - Setting next_dagrun for consume_1_and_2_with_dataset_expressions to None, run_after=None
[2024-10-16T03:52:28.976+0000] {logging_mixin.py:190} INFO - [2024-10-16T03:52:28.975+0000] {dag.py:4180} INFO - Setting next_dagrun for consume_1_or_2_with_dataset_expressions to None, run_after=None
[2024-10-16T03:52:28.976+0000] {logging_mixin.py:190} INFO - [2024-10-16T03:52:28.976+0000] {dag.py:4180} INFO - Setting next_dagrun for consume_1_or_both_2_and_3_with_dataset_expressions to None, run_after=None
[2024-10-16T03:52:28.977+0000] {logging_mixin.py:190} INFO - [2024-10-16T03:52:28.976+0000] {dag.py:4180} INFO - Setting next_dagrun for dataset_consumes_1 to None, run_after=None
[2024-10-16T03:52:28.977+0000] {logging_mixin.py:190} INFO - [2024-10-16T03:52:28.977+0000] {dag.py:4180} INFO - Setting next_dagrun for dataset_consumes_1_and_2 to None, run_after=None
[2024-10-16T03:52:28.978+0000] {logging_mixin.py:190} INFO - [2024-10-16T03:52:28.978+0000] {dag.py:4180} INFO - Setting next_dagrun for dataset_consumes_1_never_scheduled to None, run_after=None
[2024-10-16T03:52:28.978+0000] {logging_mixin.py:190} INFO - [2024-10-16T03:52:28.978+0000] {dag.py:4180} INFO - Setting next_dagrun for dataset_consumes_unknown_never_scheduled to None, run_after=None
[2024-10-16T03:52:28.979+0000] {logging_mixin.py:190} INFO - [2024-10-16T03:52:28.979+0000] {dag.py:4180} INFO - Setting next_dagrun for dataset_produces_1 to 2024-10-15 00:00:00+00:00, run_after=2024-10-16 00:00:00+00:00
[2024-10-16T03:52:28.980+0000] {logging_mixin.py:190} INFO - [2024-10-16T03:52:28.980+0000] {dag.py:4180} INFO - Setting next_dagrun for dataset_produces_2 to None, run_after=None
[2024-10-16T03:52:28.994+0000] {processor.py:208} INFO - Processing /home/airflow/.local/lib/python3.12/site-packages/airflow/example_dags/example_datasets.py took 0.126 seconds
[2024-10-16T03:52:59.090+0000] {processor.py:186} INFO - Started process (PID=272) to work on /home/airflow/.local/lib/python3.12/site-packages/airflow/example_dags/example_datasets.py
[2024-10-16T03:52:59.091+0000] {processor.py:914} INFO - Processing file /home/airflow/.local/lib/python3.12/site-packages/airflow/example_dags/example_datasets.py for tasks to queue
[2024-10-16T03:52:59.092+0000] {logging_mixin.py:190} INFO - [2024-10-16T03:52:59.092+0000] {dagbag.py:588} INFO - Filling up the DagBag from /home/airflow/.local/lib/python3.12/site-packages/airflow/example_dags/example_datasets.py
[2024-10-16T03:52:59.156+0000] {processor.py:925} INFO - DAG(s) 'conditional_dataset_and_time_based_timetable', 'dataset_consumes_1_never_scheduled', 'consume_1_or_2_with_dataset_expressions', 'dataset_consumes_unknown_never_scheduled', 'consume_1_and_2_with_dataset_expressions', 'dataset_consumes_1_and_2', 'consume_1_or_both_2_and_3_with_dataset_expressions', 'dataset_consumes_1', 'dataset_produces_2', 'dataset_produces_1' retrieved from /home/airflow/.local/lib/python3.12/site-packages/airflow/example_dags/example_datasets.py
[2024-10-16T03:52:59.174+0000] {logging_mixin.py:190} INFO - [2024-10-16T03:52:59.174+0000] {dag.py:3239} INFO - Sync 10 DAGs
[2024-10-16T03:52:59.189+0000] {logging_mixin.py:190} INFO - [2024-10-16T03:52:59.189+0000] {dag.py:4180} INFO - Setting next_dagrun for conditional_dataset_and_time_based_timetable to 2024-10-16 01:00:00+00:00, run_after=2024-10-16 01:00:00+00:00
[2024-10-16T03:52:59.191+0000] {logging_mixin.py:190} INFO - [2024-10-16T03:52:59.191+0000] {dag.py:4180} INFO - Setting next_dagrun for consume_1_and_2_with_dataset_expressions to None, run_after=None
[2024-10-16T03:52:59.192+0000] {logging_mixin.py:190} INFO - [2024-10-16T03:52:59.192+0000] {dag.py:4180} INFO - Setting next_dagrun for consume_1_or_2_with_dataset_expressions to None, run_after=None
[2024-10-16T03:52:59.193+0000] {logging_mixin.py:190} INFO - [2024-10-16T03:52:59.193+0000] {dag.py:4180} INFO - Setting next_dagrun for consume_1_or_both_2_and_3_with_dataset_expressions to None, run_after=None
[2024-10-16T03:52:59.193+0000] {logging_mixin.py:190} INFO - [2024-10-16T03:52:59.193+0000] {dag.py:4180} INFO - Setting next_dagrun for dataset_consumes_1 to None, run_after=None
[2024-10-16T03:52:59.194+0000] {logging_mixin.py:190} INFO - [2024-10-16T03:52:59.194+0000] {dag.py:4180} INFO - Setting next_dagrun for dataset_consumes_1_and_2 to None, run_after=None
[2024-10-16T03:52:59.195+0000] {logging_mixin.py:190} INFO - [2024-10-16T03:52:59.195+0000] {dag.py:4180} INFO - Setting next_dagrun for dataset_consumes_1_never_scheduled to None, run_after=None
[2024-10-16T03:52:59.195+0000] {logging_mixin.py:190} INFO - [2024-10-16T03:52:59.195+0000] {dag.py:4180} INFO - Setting next_dagrun for dataset_consumes_unknown_never_scheduled to None, run_after=None
[2024-10-16T03:52:59.198+0000] {logging_mixin.py:190} INFO - [2024-10-16T03:52:59.198+0000] {dag.py:4180} INFO - Setting next_dagrun for dataset_produces_1 to 2024-10-15 00:00:00+00:00, run_after=2024-10-16 00:00:00+00:00
[2024-10-16T03:52:59.199+0000] {logging_mixin.py:190} INFO - [2024-10-16T03:52:59.199+0000] {dag.py:4180} INFO - Setting next_dagrun for dataset_produces_2 to None, run_after=None
[2024-10-16T03:52:59.215+0000] {processor.py:208} INFO - Processing /home/airflow/.local/lib/python3.12/site-packages/airflow/example_dags/example_datasets.py took 0.127 seconds
[2024-10-16T03:53:29.997+0000] {processor.py:186} INFO - Started process (PID=334) to work on /home/airflow/.local/lib/python3.12/site-packages/airflow/example_dags/example_datasets.py
[2024-10-16T03:53:29.998+0000] {processor.py:914} INFO - Processing file /home/airflow/.local/lib/python3.12/site-packages/airflow/example_dags/example_datasets.py for tasks to queue
[2024-10-16T03:53:29.999+0000] {logging_mixin.py:190} INFO - [2024-10-16T03:53:29.998+0000] {dagbag.py:588} INFO - Filling up the DagBag from /home/airflow/.local/lib/python3.12/site-packages/airflow/example_dags/example_datasets.py
[2024-10-16T03:53:30.063+0000] {processor.py:925} INFO - DAG(s) 'dataset_consumes_1', 'dataset_consumes_1_and_2', 'consume_1_or_both_2_and_3_with_dataset_expressions', 'dataset_produces_1', 'consume_1_and_2_with_dataset_expressions', 'dataset_consumes_1_never_scheduled', 'conditional_dataset_and_time_based_timetable', 'consume_1_or_2_with_dataset_expressions', 'dataset_consumes_unknown_never_scheduled', 'dataset_produces_2' retrieved from /home/airflow/.local/lib/python3.12/site-packages/airflow/example_dags/example_datasets.py
[2024-10-16T03:53:30.078+0000] {logging_mixin.py:190} INFO - [2024-10-16T03:53:30.078+0000] {dag.py:3239} INFO - Sync 10 DAGs
[2024-10-16T03:53:30.090+0000] {logging_mixin.py:190} INFO - [2024-10-16T03:53:30.090+0000] {dag.py:4180} INFO - Setting next_dagrun for conditional_dataset_and_time_based_timetable to 2024-10-16 01:00:00+00:00, run_after=2024-10-16 01:00:00+00:00
[2024-10-16T03:53:30.091+0000] {logging_mixin.py:190} INFO - [2024-10-16T03:53:30.091+0000] {dag.py:4180} INFO - Setting next_dagrun for consume_1_and_2_with_dataset_expressions to None, run_after=None
[2024-10-16T03:53:30.092+0000] {logging_mixin.py:190} INFO - [2024-10-16T03:53:30.092+0000] {dag.py:4180} INFO - Setting next_dagrun for consume_1_or_2_with_dataset_expressions to None, run_after=None
[2024-10-16T03:53:30.092+0000] {logging_mixin.py:190} INFO - [2024-10-16T03:53:30.092+0000] {dag.py:4180} INFO - Setting next_dagrun for consume_1_or_both_2_and_3_with_dataset_expressions to None, run_after=None
[2024-10-16T03:53:30.093+0000] {logging_mixin.py:190} INFO - [2024-10-16T03:53:30.093+0000] {dag.py:4180} INFO - Setting next_dagrun for dataset_consumes_1 to None, run_after=None
[2024-10-16T03:53:30.094+0000] {logging_mixin.py:190} INFO - [2024-10-16T03:53:30.093+0000] {dag.py:4180} INFO - Setting next_dagrun for dataset_consumes_1_and_2 to None, run_after=None
[2024-10-16T03:53:30.094+0000] {logging_mixin.py:190} INFO - [2024-10-16T03:53:30.094+0000] {dag.py:4180} INFO - Setting next_dagrun for dataset_consumes_1_never_scheduled to None, run_after=None
[2024-10-16T03:53:30.095+0000] {logging_mixin.py:190} INFO - [2024-10-16T03:53:30.095+0000] {dag.py:4180} INFO - Setting next_dagrun for dataset_consumes_unknown_never_scheduled to None, run_after=None
[2024-10-16T03:53:30.096+0000] {logging_mixin.py:190} INFO - [2024-10-16T03:53:30.096+0000] {dag.py:4180} INFO - Setting next_dagrun for dataset_produces_1 to 2024-10-15 00:00:00+00:00, run_after=2024-10-16 00:00:00+00:00
[2024-10-16T03:53:30.096+0000] {logging_mixin.py:190} INFO - [2024-10-16T03:53:30.096+0000] {dag.py:4180} INFO - Setting next_dagrun for dataset_produces_2 to None, run_after=None
[2024-10-16T03:53:30.112+0000] {processor.py:208} INFO - Processing /home/airflow/.local/lib/python3.12/site-packages/airflow/example_dags/example_datasets.py took 0.117 seconds
[2024-10-16T03:54:01.006+0000] {processor.py:186} INFO - Started process (PID=396) to work on /home/airflow/.local/lib/python3.12/site-packages/airflow/example_dags/example_datasets.py
[2024-10-16T03:54:01.007+0000] {processor.py:914} INFO - Processing file /home/airflow/.local/lib/python3.12/site-packages/airflow/example_dags/example_datasets.py for tasks to queue
[2024-10-16T03:54:01.008+0000] {logging_mixin.py:190} INFO - [2024-10-16T03:54:01.008+0000] {dagbag.py:588} INFO - Filling up the DagBag from /home/airflow/.local/lib/python3.12/site-packages/airflow/example_dags/example_datasets.py
[2024-10-16T03:54:01.070+0000] {processor.py:925} INFO - DAG(s) 'consume_1_or_both_2_and_3_with_dataset_expressions', 'consume_1_and_2_with_dataset_expressions', 'dataset_consumes_unknown_never_scheduled', 'dataset_produces_2', 'dataset_consumes_1', 'dataset_consumes_1_and_2', 'consume_1_or_2_with_dataset_expressions', 'conditional_dataset_and_time_based_timetable', 'dataset_consumes_1_never_scheduled', 'dataset_produces_1' retrieved from /home/airflow/.local/lib/python3.12/site-packages/airflow/example_dags/example_datasets.py
[2024-10-16T03:54:01.088+0000] {logging_mixin.py:190} INFO - [2024-10-16T03:54:01.087+0000] {dag.py:3239} INFO - Sync 10 DAGs
[2024-10-16T03:54:01.103+0000] {logging_mixin.py:190} INFO - [2024-10-16T03:54:01.103+0000] {dag.py:4180} INFO - Setting next_dagrun for conditional_dataset_and_time_based_timetable to 2024-10-16 01:00:00+00:00, run_after=2024-10-16 01:00:00+00:00
[2024-10-16T03:54:01.105+0000] {logging_mixin.py:190} INFO - [2024-10-16T03:54:01.105+0000] {dag.py:4180} INFO - Setting next_dagrun for consume_1_and_2_with_dataset_expressions to None, run_after=None
[2024-10-16T03:54:01.106+0000] {logging_mixin.py:190} INFO - [2024-10-16T03:54:01.106+0000] {dag.py:4180} INFO - Setting next_dagrun for consume_1_or_2_with_dataset_expressions to None, run_after=None
[2024-10-16T03:54:01.106+0000] {logging_mixin.py:190} INFO - [2024-10-16T03:54:01.106+0000] {dag.py:4180} INFO - Setting next_dagrun for consume_1_or_both_2_and_3_with_dataset_expressions to None, run_after=None
[2024-10-16T03:54:01.107+0000] {logging_mixin.py:190} INFO - [2024-10-16T03:54:01.107+0000] {dag.py:4180} INFO - Setting next_dagrun for dataset_consumes_1 to None, run_after=None
[2024-10-16T03:54:01.108+0000] {logging_mixin.py:190} INFO - [2024-10-16T03:54:01.108+0000] {dag.py:4180} INFO - Setting next_dagrun for dataset_consumes_1_and_2 to None, run_after=None
[2024-10-16T03:54:01.109+0000] {logging_mixin.py:190} INFO - [2024-10-16T03:54:01.109+0000] {dag.py:4180} INFO - Setting next_dagrun for dataset_consumes_1_never_scheduled to None, run_after=None
[2024-10-16T03:54:01.112+0000] {logging_mixin.py:190} INFO - [2024-10-16T03:54:01.112+0000] {dag.py:4180} INFO - Setting next_dagrun for dataset_consumes_unknown_never_scheduled to None, run_after=None
[2024-10-16T03:54:01.113+0000] {logging_mixin.py:190} INFO - [2024-10-16T03:54:01.113+0000] {dag.py:4180} INFO - Setting next_dagrun for dataset_produces_1 to 2024-10-15 00:00:00+00:00, run_after=2024-10-16 00:00:00+00:00
[2024-10-16T03:54:01.113+0000] {logging_mixin.py:190} INFO - [2024-10-16T03:54:01.113+0000] {dag.py:4180} INFO - Setting next_dagrun for dataset_produces_2 to None, run_after=None
[2024-10-16T03:54:01.125+0000] {processor.py:208} INFO - Processing /home/airflow/.local/lib/python3.12/site-packages/airflow/example_dags/example_datasets.py took 0.122 seconds
[2024-10-16T03:54:31.916+0000] {processor.py:186} INFO - Started process (PID=458) to work on /home/airflow/.local/lib/python3.12/site-packages/airflow/example_dags/example_datasets.py
[2024-10-16T03:54:31.916+0000] {processor.py:914} INFO - Processing file /home/airflow/.local/lib/python3.12/site-packages/airflow/example_dags/example_datasets.py for tasks to queue
[2024-10-16T03:54:31.917+0000] {logging_mixin.py:190} INFO - [2024-10-16T03:54:31.917+0000] {dagbag.py:588} INFO - Filling up the DagBag from /home/airflow/.local/lib/python3.12/site-packages/airflow/example_dags/example_datasets.py
[2024-10-16T03:54:31.977+0000] {processor.py:925} INFO - DAG(s) 'dataset_produces_2', 'dataset_consumes_1', 'dataset_produces_1', 'dataset_consumes_1_and_2', 'consume_1_or_2_with_dataset_expressions', 'consume_1_and_2_with_dataset_expressions', 'dataset_consumes_1_never_scheduled', 'conditional_dataset_and_time_based_timetable', 'dataset_consumes_unknown_never_scheduled', 'consume_1_or_both_2_and_3_with_dataset_expressions' retrieved from /home/airflow/.local/lib/python3.12/site-packages/airflow/example_dags/example_datasets.py
[2024-10-16T03:54:31.995+0000] {logging_mixin.py:190} INFO - [2024-10-16T03:54:31.995+0000] {dag.py:3239} INFO - Sync 10 DAGs
[2024-10-16T03:54:32.007+0000] {logging_mixin.py:190} INFO - [2024-10-16T03:54:32.007+0000] {dag.py:4180} INFO - Setting next_dagrun for conditional_dataset_and_time_based_timetable to 2024-10-16 01:00:00+00:00, run_after=2024-10-16 01:00:00+00:00
[2024-10-16T03:54:32.009+0000] {logging_mixin.py:190} INFO - [2024-10-16T03:54:32.009+0000] {dag.py:4180} INFO - Setting next_dagrun for consume_1_and_2_with_dataset_expressions to None, run_after=None
[2024-10-16T03:54:32.010+0000] {logging_mixin.py:190} INFO - [2024-10-16T03:54:32.010+0000] {dag.py:4180} INFO - Setting next_dagrun for consume_1_or_2_with_dataset_expressions to None, run_after=None
[2024-10-16T03:54:32.010+0000] {logging_mixin.py:190} INFO - [2024-10-16T03:54:32.010+0000] {dag.py:4180} INFO - Setting next_dagrun for consume_1_or_both_2_and_3_with_dataset_expressions to None, run_after=None
[2024-10-16T03:54:32.011+0000] {logging_mixin.py:190} INFO - [2024-10-16T03:54:32.011+0000] {dag.py:4180} INFO - Setting next_dagrun for dataset_consumes_1 to None, run_after=None
[2024-10-16T03:54:32.011+0000] {logging_mixin.py:190} INFO - [2024-10-16T03:54:32.011+0000] {dag.py:4180} INFO - Setting next_dagrun for dataset_consumes_1_and_2 to None, run_after=None
[2024-10-16T03:54:32.012+0000] {logging_mixin.py:190} INFO - [2024-10-16T03:54:32.012+0000] {dag.py:4180} INFO - Setting next_dagrun for dataset_consumes_1_never_scheduled to None, run_after=None
[2024-10-16T03:54:32.012+0000] {logging_mixin.py:190} INFO - [2024-10-16T03:54:32.012+0000] {dag.py:4180} INFO - Setting next_dagrun for dataset_consumes_unknown_never_scheduled to None, run_after=None
[2024-10-16T03:54:32.014+0000] {logging_mixin.py:190} INFO - [2024-10-16T03:54:32.013+0000] {dag.py:4180} INFO - Setting next_dagrun for dataset_produces_1 to 2024-10-15 00:00:00+00:00, run_after=2024-10-16 00:00:00+00:00
[2024-10-16T03:54:32.014+0000] {logging_mixin.py:190} INFO - [2024-10-16T03:54:32.014+0000] {dag.py:4180} INFO - Setting next_dagrun for dataset_produces_2 to None, run_after=None
[2024-10-16T03:54:32.028+0000] {processor.py:208} INFO - Processing /home/airflow/.local/lib/python3.12/site-packages/airflow/example_dags/example_datasets.py took 0.115 seconds
[2024-10-16T03:55:02.931+0000] {processor.py:186} INFO - Started process (PID=520) to work on /home/airflow/.local/lib/python3.12/site-packages/airflow/example_dags/example_datasets.py
[2024-10-16T03:55:02.932+0000] {processor.py:914} INFO - Processing file /home/airflow/.local/lib/python3.12/site-packages/airflow/example_dags/example_datasets.py for tasks to queue
[2024-10-16T03:55:02.933+0000] {logging_mixin.py:190} INFO - [2024-10-16T03:55:02.933+0000] {dagbag.py:588} INFO - Filling up the DagBag from /home/airflow/.local/lib/python3.12/site-packages/airflow/example_dags/example_datasets.py
[2024-10-16T03:55:03.003+0000] {processor.py:925} INFO - DAG(s) 'dataset_consumes_1_and_2', 'consume_1_and_2_with_dataset_expressions', 'conditional_dataset_and_time_based_timetable', 'dataset_consumes_unknown_never_scheduled', 'dataset_consumes_1', 'dataset_consumes_1_never_scheduled', 'dataset_produces_2', 'consume_1_or_both_2_and_3_with_dataset_expressions', 'consume_1_or_2_with_dataset_expressions', 'dataset_produces_1' retrieved from /home/airflow/.local/lib/python3.12/site-packages/airflow/example_dags/example_datasets.py
[2024-10-16T03:55:03.020+0000] {logging_mixin.py:190} INFO - [2024-10-16T03:55:03.020+0000] {dag.py:3239} INFO - Sync 10 DAGs
[2024-10-16T03:55:03.031+0000] {logging_mixin.py:190} INFO - [2024-10-16T03:55:03.031+0000] {dag.py:4180} INFO - Setting next_dagrun for conditional_dataset_and_time_based_timetable to 2024-10-16 01:00:00+00:00, run_after=2024-10-16 01:00:00+00:00
[2024-10-16T03:55:03.032+0000] {logging_mixin.py:190} INFO - [2024-10-16T03:55:03.032+0000] {dag.py:4180} INFO - Setting next_dagrun for consume_1_and_2_with_dataset_expressions to None, run_after=None
[2024-10-16T03:55:03.033+0000] {logging_mixin.py:190} INFO - [2024-10-16T03:55:03.033+0000] {dag.py:4180} INFO - Setting next_dagrun for consume_1_or_2_with_dataset_expressions to None, run_after=None
[2024-10-16T03:55:03.034+0000] {logging_mixin.py:190} INFO - [2024-10-16T03:55:03.033+0000] {dag.py:4180} INFO - Setting next_dagrun for consume_1_or_both_2_and_3_with_dataset_expressions to None, run_after=None
[2024-10-16T03:55:03.034+0000] {logging_mixin.py:190} INFO - [2024-10-16T03:55:03.034+0000] {dag.py:4180} INFO - Setting next_dagrun for dataset_consumes_1 to None, run_after=None
[2024-10-16T03:55:03.035+0000] {logging_mixin.py:190} INFO - [2024-10-16T03:55:03.035+0000] {dag.py:4180} INFO - Setting next_dagrun for dataset_consumes_1_and_2 to None, run_after=None
[2024-10-16T03:55:03.035+0000] {logging_mixin.py:190} INFO - [2024-10-16T03:55:03.035+0000] {dag.py:4180} INFO - Setting next_dagrun for dataset_consumes_1_never_scheduled to None, run_after=None
[2024-10-16T03:55:03.036+0000] {logging_mixin.py:190} INFO - [2024-10-16T03:55:03.036+0000] {dag.py:4180} INFO - Setting next_dagrun for dataset_consumes_unknown_never_scheduled to None, run_after=None
[2024-10-16T03:55:03.037+0000] {logging_mixin.py:190} INFO - [2024-10-16T03:55:03.037+0000] {dag.py:4180} INFO - Setting next_dagrun for dataset_produces_1 to 2024-10-15 00:00:00+00:00, run_after=2024-10-16 00:00:00+00:00
[2024-10-16T03:55:03.038+0000] {logging_mixin.py:190} INFO - [2024-10-16T03:55:03.037+0000] {dag.py:4180} INFO - Setting next_dagrun for dataset_produces_2 to None, run_after=None
[2024-10-16T03:55:03.051+0000] {processor.py:208} INFO - Processing /home/airflow/.local/lib/python3.12/site-packages/airflow/example_dags/example_datasets.py took 0.122 seconds
[2024-10-16T03:55:34.057+0000] {processor.py:186} INFO - Started process (PID=582) to work on /home/airflow/.local/lib/python3.12/site-packages/airflow/example_dags/example_datasets.py
[2024-10-16T03:55:34.058+0000] {processor.py:914} INFO - Processing file /home/airflow/.local/lib/python3.12/site-packages/airflow/example_dags/example_datasets.py for tasks to queue
[2024-10-16T03:55:34.059+0000] {logging_mixin.py:190} INFO - [2024-10-16T03:55:34.059+0000] {dagbag.py:588} INFO - Filling up the DagBag from /home/airflow/.local/lib/python3.12/site-packages/airflow/example_dags/example_datasets.py
[2024-10-16T03:55:34.120+0000] {processor.py:925} INFO - DAG(s) 'dataset_produces_1', 'consume_1_and_2_with_dataset_expressions', 'consume_1_or_both_2_and_3_with_dataset_expressions', 'dataset_consumes_1', 'dataset_consumes_1_never_scheduled', 'dataset_consumes_1_and_2', 'dataset_produces_2', 'dataset_consumes_unknown_never_scheduled', 'consume_1_or_2_with_dataset_expressions', 'conditional_dataset_and_time_based_timetable' retrieved from /home/airflow/.local/lib/python3.12/site-packages/airflow/example_dags/example_datasets.py
[2024-10-16T03:55:34.144+0000] {logging_mixin.py:190} INFO - [2024-10-16T03:55:34.144+0000] {dag.py:3239} INFO - Sync 10 DAGs
[2024-10-16T03:55:34.156+0000] {logging_mixin.py:190} INFO - [2024-10-16T03:55:34.156+0000] {dag.py:4180} INFO - Setting next_dagrun for conditional_dataset_and_time_based_timetable to 2024-10-16 01:00:00+00:00, run_after=2024-10-16 01:00:00+00:00
[2024-10-16T03:55:34.158+0000] {logging_mixin.py:190} INFO - [2024-10-16T03:55:34.158+0000] {dag.py:4180} INFO - Setting next_dagrun for consume_1_and_2_with_dataset_expressions to None, run_after=None
[2024-10-16T03:55:34.159+0000] {logging_mixin.py:190} INFO - [2024-10-16T03:55:34.158+0000] {dag.py:4180} INFO - Setting next_dagrun for consume_1_or_2_with_dataset_expressions to None, run_after=None
[2024-10-16T03:55:34.159+0000] {logging_mixin.py:190} INFO - [2024-10-16T03:55:34.159+0000] {dag.py:4180} INFO - Setting next_dagrun for consume_1_or_both_2_and_3_with_dataset_expressions to None, run_after=None
[2024-10-16T03:55:34.160+0000] {logging_mixin.py:190} INFO - [2024-10-16T03:55:34.160+0000] {dag.py:4180} INFO - Setting next_dagrun for dataset_consumes_1 to None, run_after=None
[2024-10-16T03:55:34.160+0000] {logging_mixin.py:190} INFO - [2024-10-16T03:55:34.160+0000] {dag.py:4180} INFO - Setting next_dagrun for dataset_consumes_1_and_2 to None, run_after=None
[2024-10-16T03:55:34.161+0000] {logging_mixin.py:190} INFO - [2024-10-16T03:55:34.161+0000] {dag.py:4180} INFO - Setting next_dagrun for dataset_consumes_1_never_scheduled to None, run_after=None
[2024-10-16T03:55:34.161+0000] {logging_mixin.py:190} INFO - [2024-10-16T03:55:34.161+0000] {dag.py:4180} INFO - Setting next_dagrun for dataset_consumes_unknown_never_scheduled to None, run_after=None
[2024-10-16T03:55:34.162+0000] {logging_mixin.py:190} INFO - [2024-10-16T03:55:34.162+0000] {dag.py:4180} INFO - Setting next_dagrun for dataset_produces_1 to 2024-10-15 00:00:00+00:00, run_after=2024-10-16 00:00:00+00:00
[2024-10-16T03:55:34.163+0000] {logging_mixin.py:190} INFO - [2024-10-16T03:55:34.163+0000] {dag.py:4180} INFO - Setting next_dagrun for dataset_produces_2 to None, run_after=None
[2024-10-16T03:55:34.174+0000] {processor.py:208} INFO - Processing /home/airflow/.local/lib/python3.12/site-packages/airflow/example_dags/example_datasets.py took 0.120 seconds
[2024-10-16T03:56:04.205+0000] {processor.py:186} INFO - Started process (PID=644) to work on /home/airflow/.local/lib/python3.12/site-packages/airflow/example_dags/example_datasets.py
[2024-10-16T03:56:04.206+0000] {processor.py:914} INFO - Processing file /home/airflow/.local/lib/python3.12/site-packages/airflow/example_dags/example_datasets.py for tasks to queue
[2024-10-16T03:56:04.207+0000] {logging_mixin.py:190} INFO - [2024-10-16T03:56:04.207+0000] {dagbag.py:588} INFO - Filling up the DagBag from /home/airflow/.local/lib/python3.12/site-packages/airflow/example_dags/example_datasets.py
[2024-10-16T03:56:04.280+0000] {processor.py:925} INFO - DAG(s) 'dataset_consumes_unknown_never_scheduled', 'dataset_consumes_1_and_2', 'consume_1_or_2_with_dataset_expressions', 'dataset_produces_1', 'consume_1_or_both_2_and_3_with_dataset_expressions', 'dataset_consumes_1_never_scheduled', 'dataset_produces_2', 'conditional_dataset_and_time_based_timetable', 'consume_1_and_2_with_dataset_expressions', 'dataset_consumes_1' retrieved from /home/airflow/.local/lib/python3.12/site-packages/airflow/example_dags/example_datasets.py
[2024-10-16T03:56:04.304+0000] {logging_mixin.py:190} INFO - [2024-10-16T03:56:04.304+0000] {dag.py:3239} INFO - Sync 10 DAGs
[2024-10-16T03:56:04.318+0000] {logging_mixin.py:190} INFO - [2024-10-16T03:56:04.318+0000] {dag.py:4180} INFO - Setting next_dagrun for conditional_dataset_and_time_based_timetable to 2024-10-16 01:00:00+00:00, run_after=2024-10-16 01:00:00+00:00
[2024-10-16T03:56:04.319+0000] {logging_mixin.py:190} INFO - [2024-10-16T03:56:04.319+0000] {dag.py:4180} INFO - Setting next_dagrun for consume_1_and_2_with_dataset_expressions to None, run_after=None
[2024-10-16T03:56:04.320+0000] {logging_mixin.py:190} INFO - [2024-10-16T03:56:04.320+0000] {dag.py:4180} INFO - Setting next_dagrun for consume_1_or_2_with_dataset_expressions to None, run_after=None
[2024-10-16T03:56:04.321+0000] {logging_mixin.py:190} INFO - [2024-10-16T03:56:04.321+0000] {dag.py:4180} INFO - Setting next_dagrun for consume_1_or_both_2_and_3_with_dataset_expressions to None, run_after=None
[2024-10-16T03:56:04.323+0000] {logging_mixin.py:190} INFO - [2024-10-16T03:56:04.323+0000] {dag.py:4180} INFO - Setting next_dagrun for dataset_consumes_1 to None, run_after=None
[2024-10-16T03:56:04.324+0000] {logging_mixin.py:190} INFO - [2024-10-16T03:56:04.324+0000] {dag.py:4180} INFO - Setting next_dagrun for dataset_consumes_1_and_2 to None, run_after=None
[2024-10-16T03:56:04.325+0000] {logging_mixin.py:190} INFO - [2024-10-16T03:56:04.325+0000] {dag.py:4180} INFO - Setting next_dagrun for dataset_consumes_1_never_scheduled to None, run_after=None
[2024-10-16T03:56:04.326+0000] {logging_mixin.py:190} INFO - [2024-10-16T03:56:04.326+0000] {dag.py:4180} INFO - Setting next_dagrun for dataset_consumes_unknown_never_scheduled to None, run_after=None
[2024-10-16T03:56:04.327+0000] {logging_mixin.py:190} INFO - [2024-10-16T03:56:04.327+0000] {dag.py:4180} INFO - Setting next_dagrun for dataset_produces_1 to 2024-10-15 00:00:00+00:00, run_after=2024-10-16 00:00:00+00:00
[2024-10-16T03:56:04.327+0000] {logging_mixin.py:190} INFO - [2024-10-16T03:56:04.327+0000] {dag.py:4180} INFO - Setting next_dagrun for dataset_produces_2 to None, run_after=None
[2024-10-16T03:56:04.345+0000] {processor.py:208} INFO - Processing /home/airflow/.local/lib/python3.12/site-packages/airflow/example_dags/example_datasets.py took 0.144 seconds
[2024-10-16T03:56:35.609+0000] {processor.py:186} INFO - Started process (PID=706) to work on /home/airflow/.local/lib/python3.12/site-packages/airflow/example_dags/example_datasets.py
[2024-10-16T03:56:35.610+0000] {processor.py:914} INFO - Processing file /home/airflow/.local/lib/python3.12/site-packages/airflow/example_dags/example_datasets.py for tasks to queue
[2024-10-16T03:56:35.611+0000] {logging_mixin.py:190} INFO - [2024-10-16T03:56:35.611+0000] {dagbag.py:588} INFO - Filling up the DagBag from /home/airflow/.local/lib/python3.12/site-packages/airflow/example_dags/example_datasets.py
[2024-10-16T03:56:35.680+0000] {processor.py:925} INFO - DAG(s) 'dataset_produces_1', 'dataset_consumes_1', 'consume_1_or_2_with_dataset_expressions', 'dataset_consumes_unknown_never_scheduled', 'dataset_produces_2', 'consume_1_or_both_2_and_3_with_dataset_expressions', 'dataset_consumes_1_never_scheduled', 'consume_1_and_2_with_dataset_expressions', 'conditional_dataset_and_time_based_timetable', 'dataset_consumes_1_and_2' retrieved from /home/airflow/.local/lib/python3.12/site-packages/airflow/example_dags/example_datasets.py
[2024-10-16T03:56:35.707+0000] {logging_mixin.py:190} INFO - [2024-10-16T03:56:35.707+0000] {dag.py:3239} INFO - Sync 10 DAGs
[2024-10-16T03:56:35.719+0000] {logging_mixin.py:190} INFO - [2024-10-16T03:56:35.719+0000] {dag.py:4180} INFO - Setting next_dagrun for conditional_dataset_and_time_based_timetable to 2024-10-16 01:00:00+00:00, run_after=2024-10-16 01:00:00+00:00
[2024-10-16T03:56:35.722+0000] {logging_mixin.py:190} INFO - [2024-10-16T03:56:35.722+0000] {dag.py:4180} INFO - Setting next_dagrun for consume_1_and_2_with_dataset_expressions to None, run_after=None
[2024-10-16T03:56:35.723+0000] {logging_mixin.py:190} INFO - [2024-10-16T03:56:35.723+0000] {dag.py:4180} INFO - Setting next_dagrun for consume_1_or_2_with_dataset_expressions to None, run_after=None
[2024-10-16T03:56:35.724+0000] {logging_mixin.py:190} INFO - [2024-10-16T03:56:35.724+0000] {dag.py:4180} INFO - Setting next_dagrun for consume_1_or_both_2_and_3_with_dataset_expressions to None, run_after=None
[2024-10-16T03:56:35.724+0000] {logging_mixin.py:190} INFO - [2024-10-16T03:56:35.724+0000] {dag.py:4180} INFO - Setting next_dagrun for dataset_consumes_1 to None, run_after=None
[2024-10-16T03:56:35.725+0000] {logging_mixin.py:190} INFO - [2024-10-16T03:56:35.725+0000] {dag.py:4180} INFO - Setting next_dagrun for dataset_consumes_1_and_2 to None, run_after=None
[2024-10-16T03:56:35.725+0000] {logging_mixin.py:190} INFO - [2024-10-16T03:56:35.725+0000] {dag.py:4180} INFO - Setting next_dagrun for dataset_consumes_1_never_scheduled to None, run_after=None
[2024-10-16T03:56:35.726+0000] {logging_mixin.py:190} INFO - [2024-10-16T03:56:35.726+0000] {dag.py:4180} INFO - Setting next_dagrun for dataset_consumes_unknown_never_scheduled to None, run_after=None
[2024-10-16T03:56:35.727+0000] {logging_mixin.py:190} INFO - [2024-10-16T03:56:35.727+0000] {dag.py:4180} INFO - Setting next_dagrun for dataset_produces_1 to 2024-10-15 00:00:00+00:00, run_after=2024-10-16 00:00:00+00:00
[2024-10-16T03:56:35.727+0000] {logging_mixin.py:190} INFO - [2024-10-16T03:56:35.727+0000] {dag.py:4180} INFO - Setting next_dagrun for dataset_produces_2 to None, run_after=None
[2024-10-16T03:56:35.743+0000] {processor.py:208} INFO - Processing /home/airflow/.local/lib/python3.12/site-packages/airflow/example_dags/example_datasets.py took 0.136 seconds
[2024-10-16T03:57:06.653+0000] {processor.py:186} INFO - Started process (PID=768) to work on /home/airflow/.local/lib/python3.12/site-packages/airflow/example_dags/example_datasets.py
[2024-10-16T03:57:06.654+0000] {processor.py:914} INFO - Processing file /home/airflow/.local/lib/python3.12/site-packages/airflow/example_dags/example_datasets.py for tasks to queue
[2024-10-16T03:57:06.655+0000] {logging_mixin.py:190} INFO - [2024-10-16T03:57:06.655+0000] {dagbag.py:588} INFO - Filling up the DagBag from /home/airflow/.local/lib/python3.12/site-packages/airflow/example_dags/example_datasets.py
[2024-10-16T03:57:06.742+0000] {processor.py:925} INFO - DAG(s) 'dataset_consumes_1', 'dataset_produces_1', 'consume_1_and_2_with_dataset_expressions', 'conditional_dataset_and_time_based_timetable', 'dataset_consumes_1_never_scheduled', 'dataset_consumes_unknown_never_scheduled', 'dataset_produces_2', 'consume_1_or_both_2_and_3_with_dataset_expressions', 'consume_1_or_2_with_dataset_expressions', 'dataset_consumes_1_and_2' retrieved from /home/airflow/.local/lib/python3.12/site-packages/airflow/example_dags/example_datasets.py
[2024-10-16T03:57:06.760+0000] {logging_mixin.py:190} INFO - [2024-10-16T03:57:06.760+0000] {dag.py:3239} INFO - Sync 10 DAGs
[2024-10-16T03:57:06.772+0000] {logging_mixin.py:190} INFO - [2024-10-16T03:57:06.772+0000] {dag.py:4180} INFO - Setting next_dagrun for conditional_dataset_and_time_based_timetable to 2024-10-16 01:00:00+00:00, run_after=2024-10-16 01:00:00+00:00
[2024-10-16T03:57:06.773+0000] {logging_mixin.py:190} INFO - [2024-10-16T03:57:06.773+0000] {dag.py:4180} INFO - Setting next_dagrun for consume_1_and_2_with_dataset_expressions to None, run_after=None
[2024-10-16T03:57:06.774+0000] {logging_mixin.py:190} INFO - [2024-10-16T03:57:06.774+0000] {dag.py:4180} INFO - Setting next_dagrun for consume_1_or_2_with_dataset_expressions to None, run_after=None
[2024-10-16T03:57:06.774+0000] {logging_mixin.py:190} INFO - [2024-10-16T03:57:06.774+0000] {dag.py:4180} INFO - Setting next_dagrun for consume_1_or_both_2_and_3_with_dataset_expressions to None, run_after=None
[2024-10-16T03:57:06.775+0000] {logging_mixin.py:190} INFO - [2024-10-16T03:57:06.775+0000] {dag.py:4180} INFO - Setting next_dagrun for dataset_consumes_1 to None, run_after=None
[2024-10-16T03:57:06.776+0000] {logging_mixin.py:190} INFO - [2024-10-16T03:57:06.776+0000] {dag.py:4180} INFO - Setting next_dagrun for dataset_consumes_1_and_2 to None, run_after=None
[2024-10-16T03:57:06.776+0000] {logging_mixin.py:190} INFO - [2024-10-16T03:57:06.776+0000] {dag.py:4180} INFO - Setting next_dagrun for dataset_consumes_1_never_scheduled to None, run_after=None
[2024-10-16T03:57:06.777+0000] {logging_mixin.py:190} INFO - [2024-10-16T03:57:06.777+0000] {dag.py:4180} INFO - Setting next_dagrun for dataset_consumes_unknown_never_scheduled to None, run_after=None
[2024-10-16T03:57:06.778+0000] {logging_mixin.py:190} INFO - [2024-10-16T03:57:06.778+0000] {dag.py:4180} INFO - Setting next_dagrun for dataset_produces_1 to 2024-10-15 00:00:00+00:00, run_after=2024-10-16 00:00:00+00:00
[2024-10-16T03:57:06.778+0000] {logging_mixin.py:190} INFO - [2024-10-16T03:57:06.778+0000] {dag.py:4180} INFO - Setting next_dagrun for dataset_produces_2 to None, run_after=None
[2024-10-16T03:57:06.792+0000] {processor.py:208} INFO - Processing /home/airflow/.local/lib/python3.12/site-packages/airflow/example_dags/example_datasets.py took 0.143 seconds
[2024-10-16T03:57:37.642+0000] {processor.py:186} INFO - Started process (PID=830) to work on /home/airflow/.local/lib/python3.12/site-packages/airflow/example_dags/example_datasets.py
[2024-10-16T03:57:37.643+0000] {processor.py:914} INFO - Processing file /home/airflow/.local/lib/python3.12/site-packages/airflow/example_dags/example_datasets.py for tasks to queue
[2024-10-16T03:57:37.645+0000] {logging_mixin.py:190} INFO - [2024-10-16T03:57:37.645+0000] {dagbag.py:588} INFO - Filling up the DagBag from /home/airflow/.local/lib/python3.12/site-packages/airflow/example_dags/example_datasets.py
[2024-10-16T03:57:37.725+0000] {processor.py:925} INFO - DAG(s) 'dataset_produces_2', 'conditional_dataset_and_time_based_timetable', 'consume_1_or_2_with_dataset_expressions', 'dataset_consumes_1_and_2', 'consume_1_or_both_2_and_3_with_dataset_expressions', 'dataset_consumes_1', 'dataset_consumes_1_never_scheduled', 'dataset_produces_1', 'consume_1_and_2_with_dataset_expressions', 'dataset_consumes_unknown_never_scheduled' retrieved from /home/airflow/.local/lib/python3.12/site-packages/airflow/example_dags/example_datasets.py
[2024-10-16T03:57:37.743+0000] {logging_mixin.py:190} INFO - [2024-10-16T03:57:37.743+0000] {dag.py:3239} INFO - Sync 10 DAGs
[2024-10-16T03:57:37.756+0000] {logging_mixin.py:190} INFO - [2024-10-16T03:57:37.756+0000] {dag.py:4180} INFO - Setting next_dagrun for conditional_dataset_and_time_based_timetable to 2024-10-16 01:00:00+00:00, run_after=2024-10-16 01:00:00+00:00
[2024-10-16T03:57:37.758+0000] {logging_mixin.py:190} INFO - [2024-10-16T03:57:37.758+0000] {dag.py:4180} INFO - Setting next_dagrun for consume_1_and_2_with_dataset_expressions to None, run_after=None
[2024-10-16T03:57:37.758+0000] {logging_mixin.py:190} INFO - [2024-10-16T03:57:37.758+0000] {dag.py:4180} INFO - Setting next_dagrun for consume_1_or_2_with_dataset_expressions to None, run_after=None
[2024-10-16T03:57:37.759+0000] {logging_mixin.py:190} INFO - [2024-10-16T03:57:37.759+0000] {dag.py:4180} INFO - Setting next_dagrun for consume_1_or_both_2_and_3_with_dataset_expressions to None, run_after=None
[2024-10-16T03:57:37.759+0000] {logging_mixin.py:190} INFO - [2024-10-16T03:57:37.759+0000] {dag.py:4180} INFO - Setting next_dagrun for dataset_consumes_1 to None, run_after=None
[2024-10-16T03:57:37.760+0000] {logging_mixin.py:190} INFO - [2024-10-16T03:57:37.760+0000] {dag.py:4180} INFO - Setting next_dagrun for dataset_consumes_1_and_2 to None, run_after=None
[2024-10-16T03:57:37.761+0000] {logging_mixin.py:190} INFO - [2024-10-16T03:57:37.760+0000] {dag.py:4180} INFO - Setting next_dagrun for dataset_consumes_1_never_scheduled to None, run_after=None
[2024-10-16T03:57:37.761+0000] {logging_mixin.py:190} INFO - [2024-10-16T03:57:37.761+0000] {dag.py:4180} INFO - Setting next_dagrun for dataset_consumes_unknown_never_scheduled to None, run_after=None
[2024-10-16T03:57:37.762+0000] {logging_mixin.py:190} INFO - [2024-10-16T03:57:37.762+0000] {dag.py:4180} INFO - Setting next_dagrun for dataset_produces_1 to 2024-10-15 00:00:00+00:00, run_after=2024-10-16 00:00:00+00:00
[2024-10-16T03:57:37.763+0000] {logging_mixin.py:190} INFO - [2024-10-16T03:57:37.763+0000] {dag.py:4180} INFO - Setting next_dagrun for dataset_produces_2 to None, run_after=None
[2024-10-16T03:57:37.775+0000] {processor.py:208} INFO - Processing /home/airflow/.local/lib/python3.12/site-packages/airflow/example_dags/example_datasets.py took 0.139 seconds
[2024-10-16T03:58:08.115+0000] {processor.py:186} INFO - Started process (PID=892) to work on /home/airflow/.local/lib/python3.12/site-packages/airflow/example_dags/example_datasets.py
[2024-10-16T03:58:08.116+0000] {processor.py:914} INFO - Processing file /home/airflow/.local/lib/python3.12/site-packages/airflow/example_dags/example_datasets.py for tasks to queue
[2024-10-16T03:58:08.117+0000] {logging_mixin.py:190} INFO - [2024-10-16T03:58:08.117+0000] {dagbag.py:588} INFO - Filling up the DagBag from /home/airflow/.local/lib/python3.12/site-packages/airflow/example_dags/example_datasets.py
[2024-10-16T03:58:08.220+0000] {processor.py:925} INFO - DAG(s) 'dataset_consumes_1_and_2', 'dataset_consumes_unknown_never_scheduled', 'dataset_produces_1', 'dataset_consumes_1', 'consume_1_and_2_with_dataset_expressions', 'consume_1_or_both_2_and_3_with_dataset_expressions', 'conditional_dataset_and_time_based_timetable', 'dataset_consumes_1_never_scheduled', 'dataset_produces_2', 'consume_1_or_2_with_dataset_expressions' retrieved from /home/airflow/.local/lib/python3.12/site-packages/airflow/example_dags/example_datasets.py
[2024-10-16T03:58:08.250+0000] {logging_mixin.py:190} INFO - [2024-10-16T03:58:08.250+0000] {dag.py:3239} INFO - Sync 10 DAGs
[2024-10-16T03:58:08.267+0000] {logging_mixin.py:190} INFO - [2024-10-16T03:58:08.267+0000] {dag.py:4180} INFO - Setting next_dagrun for conditional_dataset_and_time_based_timetable to 2024-10-16 01:00:00+00:00, run_after=2024-10-16 01:00:00+00:00
[2024-10-16T03:58:08.269+0000] {logging_mixin.py:190} INFO - [2024-10-16T03:58:08.269+0000] {dag.py:4180} INFO - Setting next_dagrun for consume_1_and_2_with_dataset_expressions to None, run_after=None
[2024-10-16T03:58:08.270+0000] {logging_mixin.py:190} INFO - [2024-10-16T03:58:08.269+0000] {dag.py:4180} INFO - Setting next_dagrun for consume_1_or_2_with_dataset_expressions to None, run_after=None
[2024-10-16T03:58:08.270+0000] {logging_mixin.py:190} INFO - [2024-10-16T03:58:08.270+0000] {dag.py:4180} INFO - Setting next_dagrun for consume_1_or_both_2_and_3_with_dataset_expressions to None, run_after=None
[2024-10-16T03:58:08.271+0000] {logging_mixin.py:190} INFO - [2024-10-16T03:58:08.271+0000] {dag.py:4180} INFO - Setting next_dagrun for dataset_consumes_1 to None, run_after=None
[2024-10-16T03:58:08.272+0000] {logging_mixin.py:190} INFO - [2024-10-16T03:58:08.272+0000] {dag.py:4180} INFO - Setting next_dagrun for dataset_consumes_1_and_2 to None, run_after=None
[2024-10-16T03:58:08.272+0000] {logging_mixin.py:190} INFO - [2024-10-16T03:58:08.272+0000] {dag.py:4180} INFO - Setting next_dagrun for dataset_consumes_1_never_scheduled to None, run_after=None
[2024-10-16T03:58:08.273+0000] {logging_mixin.py:190} INFO - [2024-10-16T03:58:08.273+0000] {dag.py:4180} INFO - Setting next_dagrun for dataset_consumes_unknown_never_scheduled to None, run_after=None
[2024-10-16T03:58:08.275+0000] {logging_mixin.py:190} INFO - [2024-10-16T03:58:08.275+0000] {dag.py:4180} INFO - Setting next_dagrun for dataset_produces_1 to 2024-10-15 00:00:00+00:00, run_after=2024-10-16 00:00:00+00:00
[2024-10-16T03:58:08.276+0000] {logging_mixin.py:190} INFO - [2024-10-16T03:58:08.275+0000] {dag.py:4180} INFO - Setting next_dagrun for dataset_produces_2 to None, run_after=None
[2024-10-16T03:58:08.290+0000] {processor.py:208} INFO - Processing /home/airflow/.local/lib/python3.12/site-packages/airflow/example_dags/example_datasets.py took 0.178 seconds
[2024-10-16T03:58:38.346+0000] {processor.py:186} INFO - Started process (PID=954) to work on /home/airflow/.local/lib/python3.12/site-packages/airflow/example_dags/example_datasets.py
[2024-10-16T03:58:38.347+0000] {processor.py:914} INFO - Processing file /home/airflow/.local/lib/python3.12/site-packages/airflow/example_dags/example_datasets.py for tasks to queue
[2024-10-16T03:58:38.348+0000] {logging_mixin.py:190} INFO - [2024-10-16T03:58:38.348+0000] {dagbag.py:588} INFO - Filling up the DagBag from /home/airflow/.local/lib/python3.12/site-packages/airflow/example_dags/example_datasets.py
[2024-10-16T03:58:38.417+0000] {processor.py:925} INFO - DAG(s) 'dataset_consumes_1_and_2', 'dataset_produces_1', 'conditional_dataset_and_time_based_timetable', 'consume_1_or_2_with_dataset_expressions', 'consume_1_and_2_with_dataset_expressions', 'dataset_consumes_unknown_never_scheduled', 'dataset_produces_2', 'consume_1_or_both_2_and_3_with_dataset_expressions', 'dataset_consumes_1_never_scheduled', 'dataset_consumes_1' retrieved from /home/airflow/.local/lib/python3.12/site-packages/airflow/example_dags/example_datasets.py
[2024-10-16T03:58:38.433+0000] {logging_mixin.py:190} INFO - [2024-10-16T03:58:38.433+0000] {dag.py:3239} INFO - Sync 10 DAGs
[2024-10-16T03:58:38.444+0000] {logging_mixin.py:190} INFO - [2024-10-16T03:58:38.443+0000] {dag.py:4180} INFO - Setting next_dagrun for conditional_dataset_and_time_based_timetable to 2024-10-16 01:00:00+00:00, run_after=2024-10-16 01:00:00+00:00
[2024-10-16T03:58:38.445+0000] {logging_mixin.py:190} INFO - [2024-10-16T03:58:38.445+0000] {dag.py:4180} INFO - Setting next_dagrun for consume_1_and_2_with_dataset_expressions to None, run_after=None
[2024-10-16T03:58:38.445+0000] {logging_mixin.py:190} INFO - [2024-10-16T03:58:38.445+0000] {dag.py:4180} INFO - Setting next_dagrun for consume_1_or_2_with_dataset_expressions to None, run_after=None
[2024-10-16T03:58:38.446+0000] {logging_mixin.py:190} INFO - [2024-10-16T03:58:38.446+0000] {dag.py:4180} INFO - Setting next_dagrun for consume_1_or_both_2_and_3_with_dataset_expressions to None, run_after=None
[2024-10-16T03:58:38.447+0000] {logging_mixin.py:190} INFO - [2024-10-16T03:58:38.447+0000] {dag.py:4180} INFO - Setting next_dagrun for dataset_consumes_1 to None, run_after=None
[2024-10-16T03:58:38.447+0000] {logging_mixin.py:190} INFO - [2024-10-16T03:58:38.447+0000] {dag.py:4180} INFO - Setting next_dagrun for dataset_consumes_1_and_2 to None, run_after=None
[2024-10-16T03:58:38.448+0000] {logging_mixin.py:190} INFO - [2024-10-16T03:58:38.448+0000] {dag.py:4180} INFO - Setting next_dagrun for dataset_consumes_1_never_scheduled to None, run_after=None
[2024-10-16T03:58:38.448+0000] {logging_mixin.py:190} INFO - [2024-10-16T03:58:38.448+0000] {dag.py:4180} INFO - Setting next_dagrun for dataset_consumes_unknown_never_scheduled to None, run_after=None
[2024-10-16T03:58:38.449+0000] {logging_mixin.py:190} INFO - [2024-10-16T03:58:38.449+0000] {dag.py:4180} INFO - Setting next_dagrun for dataset_produces_1 to 2024-10-15 00:00:00+00:00, run_after=2024-10-16 00:00:00+00:00
[2024-10-16T03:58:38.450+0000] {logging_mixin.py:190} INFO - [2024-10-16T03:58:38.450+0000] {dag.py:4180} INFO - Setting next_dagrun for dataset_produces_2 to None, run_after=None
[2024-10-16T03:58:38.463+0000] {processor.py:208} INFO - Processing /home/airflow/.local/lib/python3.12/site-packages/airflow/example_dags/example_datasets.py took 0.119 seconds
[2024-10-16T03:59:09.419+0000] {processor.py:186} INFO - Started process (PID=1016) to work on /home/airflow/.local/lib/python3.12/site-packages/airflow/example_dags/example_datasets.py
[2024-10-16T03:59:09.420+0000] {processor.py:914} INFO - Processing file /home/airflow/.local/lib/python3.12/site-packages/airflow/example_dags/example_datasets.py for tasks to queue
[2024-10-16T03:59:09.421+0000] {logging_mixin.py:190} INFO - [2024-10-16T03:59:09.421+0000] {dagbag.py:588} INFO - Filling up the DagBag from /home/airflow/.local/lib/python3.12/site-packages/airflow/example_dags/example_datasets.py
[2024-10-16T03:59:09.489+0000] {processor.py:925} INFO - DAG(s) 'consume_1_or_both_2_and_3_with_dataset_expressions', 'dataset_produces_2', 'dataset_consumes_1_never_scheduled', 'consume_1_or_2_with_dataset_expressions', 'dataset_consumes_1_and_2', 'conditional_dataset_and_time_based_timetable', 'consume_1_and_2_with_dataset_expressions', 'dataset_consumes_unknown_never_scheduled', 'dataset_consumes_1', 'dataset_produces_1' retrieved from /home/airflow/.local/lib/python3.12/site-packages/airflow/example_dags/example_datasets.py
[2024-10-16T03:59:09.509+0000] {logging_mixin.py:190} INFO - [2024-10-16T03:59:09.509+0000] {dag.py:3239} INFO - Sync 10 DAGs
[2024-10-16T03:59:09.520+0000] {logging_mixin.py:190} INFO - [2024-10-16T03:59:09.520+0000] {dag.py:4180} INFO - Setting next_dagrun for conditional_dataset_and_time_based_timetable to 2024-10-16 01:00:00+00:00, run_after=2024-10-16 01:00:00+00:00
[2024-10-16T03:59:09.522+0000] {logging_mixin.py:190} INFO - [2024-10-16T03:59:09.522+0000] {dag.py:4180} INFO - Setting next_dagrun for consume_1_and_2_with_dataset_expressions to None, run_after=None
[2024-10-16T03:59:09.523+0000] {logging_mixin.py:190} INFO - [2024-10-16T03:59:09.523+0000] {dag.py:4180} INFO - Setting next_dagrun for consume_1_or_2_with_dataset_expressions to None, run_after=None
[2024-10-16T03:59:09.524+0000] {logging_mixin.py:190} INFO - [2024-10-16T03:59:09.523+0000] {dag.py:4180} INFO - Setting next_dagrun for consume_1_or_both_2_and_3_with_dataset_expressions to None, run_after=None
[2024-10-16T03:59:09.524+0000] {logging_mixin.py:190} INFO - [2024-10-16T03:59:09.524+0000] {dag.py:4180} INFO - Setting next_dagrun for dataset_consumes_1 to None, run_after=None
[2024-10-16T03:59:09.525+0000] {logging_mixin.py:190} INFO - [2024-10-16T03:59:09.525+0000] {dag.py:4180} INFO - Setting next_dagrun for dataset_consumes_1_and_2 to None, run_after=None
[2024-10-16T03:59:09.526+0000] {logging_mixin.py:190} INFO - [2024-10-16T03:59:09.526+0000] {dag.py:4180} INFO - Setting next_dagrun for dataset_consumes_1_never_scheduled to None, run_after=None
[2024-10-16T03:59:09.526+0000] {logging_mixin.py:190} INFO - [2024-10-16T03:59:09.526+0000] {dag.py:4180} INFO - Setting next_dagrun for dataset_consumes_unknown_never_scheduled to None, run_after=None
[2024-10-16T03:59:09.528+0000] {logging_mixin.py:190} INFO - [2024-10-16T03:59:09.528+0000] {dag.py:4180} INFO - Setting next_dagrun for dataset_produces_1 to 2024-10-15 00:00:00+00:00, run_after=2024-10-16 00:00:00+00:00
[2024-10-16T03:59:09.528+0000] {logging_mixin.py:190} INFO - [2024-10-16T03:59:09.528+0000] {dag.py:4180} INFO - Setting next_dagrun for dataset_produces_2 to None, run_after=None
[2024-10-16T03:59:09.545+0000] {processor.py:208} INFO - Processing /home/airflow/.local/lib/python3.12/site-packages/airflow/example_dags/example_datasets.py took 0.129 seconds
[2024-10-16T03:59:40.508+0000] {processor.py:186} INFO - Started process (PID=1078) to work on /home/airflow/.local/lib/python3.12/site-packages/airflow/example_dags/example_datasets.py
[2024-10-16T03:59:40.508+0000] {processor.py:914} INFO - Processing file /home/airflow/.local/lib/python3.12/site-packages/airflow/example_dags/example_datasets.py for tasks to queue
[2024-10-16T03:59:40.510+0000] {logging_mixin.py:190} INFO - [2024-10-16T03:59:40.509+0000] {dagbag.py:588} INFO - Filling up the DagBag from /home/airflow/.local/lib/python3.12/site-packages/airflow/example_dags/example_datasets.py
[2024-10-16T03:59:40.584+0000] {processor.py:925} INFO - DAG(s) 'dataset_consumes_1_never_scheduled', 'dataset_consumes_unknown_never_scheduled', 'dataset_produces_2', 'consume_1_and_2_with_dataset_expressions', 'dataset_consumes_1_and_2', 'conditional_dataset_and_time_based_timetable', 'consume_1_or_2_with_dataset_expressions', 'dataset_produces_1', 'consume_1_or_both_2_and_3_with_dataset_expressions', 'dataset_consumes_1' retrieved from /home/airflow/.local/lib/python3.12/site-packages/airflow/example_dags/example_datasets.py
[2024-10-16T03:59:40.611+0000] {logging_mixin.py:190} INFO - [2024-10-16T03:59:40.610+0000] {dag.py:3239} INFO - Sync 10 DAGs
[2024-10-16T03:59:40.652+0000] {logging_mixin.py:190} INFO - [2024-10-16T03:59:40.652+0000] {dag.py:4180} INFO - Setting next_dagrun for conditional_dataset_and_time_based_timetable to 2024-10-16 01:00:00+00:00, run_after=2024-10-16 01:00:00+00:00
[2024-10-16T03:59:40.662+0000] {logging_mixin.py:190} INFO - [2024-10-16T03:59:40.662+0000] {dag.py:4180} INFO - Setting next_dagrun for consume_1_and_2_with_dataset_expressions to None, run_after=None
[2024-10-16T03:59:40.666+0000] {logging_mixin.py:190} INFO - [2024-10-16T03:59:40.666+0000] {dag.py:4180} INFO - Setting next_dagrun for consume_1_or_2_with_dataset_expressions to None, run_after=None
[2024-10-16T03:59:40.667+0000] {logging_mixin.py:190} INFO - [2024-10-16T03:59:40.667+0000] {dag.py:4180} INFO - Setting next_dagrun for consume_1_or_both_2_and_3_with_dataset_expressions to None, run_after=None
[2024-10-16T03:59:40.668+0000] {logging_mixin.py:190} INFO - [2024-10-16T03:59:40.668+0000] {dag.py:4180} INFO - Setting next_dagrun for dataset_consumes_1 to None, run_after=None
[2024-10-16T03:59:40.669+0000] {logging_mixin.py:190} INFO - [2024-10-16T03:59:40.669+0000] {dag.py:4180} INFO - Setting next_dagrun for dataset_consumes_1_and_2 to None, run_after=None
[2024-10-16T03:59:40.669+0000] {logging_mixin.py:190} INFO - [2024-10-16T03:59:40.669+0000] {dag.py:4180} INFO - Setting next_dagrun for dataset_consumes_1_never_scheduled to None, run_after=None
[2024-10-16T03:59:40.670+0000] {logging_mixin.py:190} INFO - [2024-10-16T03:59:40.670+0000] {dag.py:4180} INFO - Setting next_dagrun for dataset_consumes_unknown_never_scheduled to None, run_after=None
[2024-10-16T03:59:40.671+0000] {logging_mixin.py:190} INFO - [2024-10-16T03:59:40.671+0000] {dag.py:4180} INFO - Setting next_dagrun for dataset_produces_1 to 2024-10-15 00:00:00+00:00, run_after=2024-10-16 00:00:00+00:00
[2024-10-16T03:59:40.673+0000] {logging_mixin.py:190} INFO - [2024-10-16T03:59:40.673+0000] {dag.py:4180} INFO - Setting next_dagrun for dataset_produces_2 to None, run_after=None
[2024-10-16T03:59:40.692+0000] {processor.py:208} INFO - Processing /home/airflow/.local/lib/python3.12/site-packages/airflow/example_dags/example_datasets.py took 0.187 seconds
[2024-10-16T04:00:11.635+0000] {processor.py:186} INFO - Started process (PID=1140) to work on /home/airflow/.local/lib/python3.12/site-packages/airflow/example_dags/example_datasets.py
[2024-10-16T04:00:11.636+0000] {processor.py:914} INFO - Processing file /home/airflow/.local/lib/python3.12/site-packages/airflow/example_dags/example_datasets.py for tasks to queue
[2024-10-16T04:00:11.637+0000] {logging_mixin.py:190} INFO - [2024-10-16T04:00:11.637+0000] {dagbag.py:588} INFO - Filling up the DagBag from /home/airflow/.local/lib/python3.12/site-packages/airflow/example_dags/example_datasets.py
[2024-10-16T04:00:11.726+0000] {processor.py:925} INFO - DAG(s) 'dataset_produces_1', 'dataset_consumes_1', 'consume_1_and_2_with_dataset_expressions', 'dataset_produces_2', 'consume_1_or_2_with_dataset_expressions', 'consume_1_or_both_2_and_3_with_dataset_expressions', 'dataset_consumes_unknown_never_scheduled', 'conditional_dataset_and_time_based_timetable', 'dataset_consumes_1_and_2', 'dataset_consumes_1_never_scheduled' retrieved from /home/airflow/.local/lib/python3.12/site-packages/airflow/example_dags/example_datasets.py
[2024-10-16T04:00:11.754+0000] {logging_mixin.py:190} INFO - [2024-10-16T04:00:11.754+0000] {dag.py:3239} INFO - Sync 10 DAGs
[2024-10-16T04:00:11.777+0000] {logging_mixin.py:190} INFO - [2024-10-16T04:00:11.777+0000] {dag.py:4180} INFO - Setting next_dagrun for conditional_dataset_and_time_based_timetable to 2024-10-16 01:00:00+00:00, run_after=2024-10-16 01:00:00+00:00
[2024-10-16T04:00:11.779+0000] {logging_mixin.py:190} INFO - [2024-10-16T04:00:11.779+0000] {dag.py:4180} INFO - Setting next_dagrun for consume_1_and_2_with_dataset_expressions to None, run_after=None
[2024-10-16T04:00:11.780+0000] {logging_mixin.py:190} INFO - [2024-10-16T04:00:11.780+0000] {dag.py:4180} INFO - Setting next_dagrun for consume_1_or_2_with_dataset_expressions to None, run_after=None
[2024-10-16T04:00:11.781+0000] {logging_mixin.py:190} INFO - [2024-10-16T04:00:11.780+0000] {dag.py:4180} INFO - Setting next_dagrun for consume_1_or_both_2_and_3_with_dataset_expressions to None, run_after=None
[2024-10-16T04:00:11.781+0000] {logging_mixin.py:190} INFO - [2024-10-16T04:00:11.781+0000] {dag.py:4180} INFO - Setting next_dagrun for dataset_consumes_1 to None, run_after=None
[2024-10-16T04:00:11.782+0000] {logging_mixin.py:190} INFO - [2024-10-16T04:00:11.782+0000] {dag.py:4180} INFO - Setting next_dagrun for dataset_consumes_1_and_2 to None, run_after=None
[2024-10-16T04:00:11.782+0000] {logging_mixin.py:190} INFO - [2024-10-16T04:00:11.782+0000] {dag.py:4180} INFO - Setting next_dagrun for dataset_consumes_1_never_scheduled to None, run_after=None
[2024-10-16T04:00:11.783+0000] {logging_mixin.py:190} INFO - [2024-10-16T04:00:11.783+0000] {dag.py:4180} INFO - Setting next_dagrun for dataset_consumes_unknown_never_scheduled to None, run_after=None
[2024-10-16T04:00:11.784+0000] {logging_mixin.py:190} INFO - [2024-10-16T04:00:11.784+0000] {dag.py:4180} INFO - Setting next_dagrun for dataset_produces_1 to 2024-10-15 00:00:00+00:00, run_after=2024-10-16 00:00:00+00:00
[2024-10-16T04:00:11.785+0000] {logging_mixin.py:190} INFO - [2024-10-16T04:00:11.785+0000] {dag.py:4180} INFO - Setting next_dagrun for dataset_produces_2 to None, run_after=None
[2024-10-16T04:00:11.799+0000] {processor.py:208} INFO - Processing /home/airflow/.local/lib/python3.12/site-packages/airflow/example_dags/example_datasets.py took 0.168 seconds
[2024-10-16T04:00:41.900+0000] {processor.py:186} INFO - Started process (PID=1202) to work on /home/airflow/.local/lib/python3.12/site-packages/airflow/example_dags/example_datasets.py
[2024-10-16T04:00:41.901+0000] {processor.py:914} INFO - Processing file /home/airflow/.local/lib/python3.12/site-packages/airflow/example_dags/example_datasets.py for tasks to queue
[2024-10-16T04:00:41.903+0000] {logging_mixin.py:190} INFO - [2024-10-16T04:00:41.903+0000] {dagbag.py:588} INFO - Filling up the DagBag from /home/airflow/.local/lib/python3.12/site-packages/airflow/example_dags/example_datasets.py
[2024-10-16T04:00:41.977+0000] {processor.py:925} INFO - DAG(s) 'dataset_produces_2', 'consume_1_or_2_with_dataset_expressions', 'conditional_dataset_and_time_based_timetable', 'dataset_consumes_unknown_never_scheduled', 'dataset_consumes_1_and_2', 'dataset_produces_1', 'consume_1_or_both_2_and_3_with_dataset_expressions', 'dataset_consumes_1', 'consume_1_and_2_with_dataset_expressions', 'dataset_consumes_1_never_scheduled' retrieved from /home/airflow/.local/lib/python3.12/site-packages/airflow/example_dags/example_datasets.py
[2024-10-16T04:00:41.995+0000] {logging_mixin.py:190} INFO - [2024-10-16T04:00:41.995+0000] {dag.py:3239} INFO - Sync 10 DAGs
[2024-10-16T04:00:42.016+0000] {logging_mixin.py:190} INFO - [2024-10-16T04:00:42.016+0000] {dag.py:4180} INFO - Setting next_dagrun for conditional_dataset_and_time_based_timetable to 2024-10-16 01:00:00+00:00, run_after=2024-10-16 01:00:00+00:00
[2024-10-16T04:00:42.017+0000] {logging_mixin.py:190} INFO - [2024-10-16T04:00:42.017+0000] {dag.py:4180} INFO - Setting next_dagrun for consume_1_and_2_with_dataset_expressions to None, run_after=None
[2024-10-16T04:00:42.018+0000] {logging_mixin.py:190} INFO - [2024-10-16T04:00:42.018+0000] {dag.py:4180} INFO - Setting next_dagrun for consume_1_or_2_with_dataset_expressions to None, run_after=None
[2024-10-16T04:00:42.018+0000] {logging_mixin.py:190} INFO - [2024-10-16T04:00:42.018+0000] {dag.py:4180} INFO - Setting next_dagrun for consume_1_or_both_2_and_3_with_dataset_expressions to None, run_after=None
[2024-10-16T04:00:42.019+0000] {logging_mixin.py:190} INFO - [2024-10-16T04:00:42.019+0000] {dag.py:4180} INFO - Setting next_dagrun for dataset_consumes_1 to None, run_after=None
[2024-10-16T04:00:42.019+0000] {logging_mixin.py:190} INFO - [2024-10-16T04:00:42.019+0000] {dag.py:4180} INFO - Setting next_dagrun for dataset_consumes_1_and_2 to None, run_after=None
[2024-10-16T04:00:42.020+0000] {logging_mixin.py:190} INFO - [2024-10-16T04:00:42.020+0000] {dag.py:4180} INFO - Setting next_dagrun for dataset_consumes_1_never_scheduled to None, run_after=None
[2024-10-16T04:00:42.020+0000] {logging_mixin.py:190} INFO - [2024-10-16T04:00:42.020+0000] {dag.py:4180} INFO - Setting next_dagrun for dataset_consumes_unknown_never_scheduled to None, run_after=None
[2024-10-16T04:00:42.021+0000] {logging_mixin.py:190} INFO - [2024-10-16T04:00:42.021+0000] {dag.py:4180} INFO - Setting next_dagrun for dataset_produces_1 to 2024-10-15 00:00:00+00:00, run_after=2024-10-16 00:00:00+00:00
[2024-10-16T04:00:42.022+0000] {logging_mixin.py:190} INFO - [2024-10-16T04:00:42.022+0000] {dag.py:4180} INFO - Setting next_dagrun for dataset_produces_2 to None, run_after=None
[2024-10-16T04:00:42.034+0000] {processor.py:208} INFO - Processing /home/airflow/.local/lib/python3.12/site-packages/airflow/example_dags/example_datasets.py took 0.138 seconds
[2024-10-16T04:01:12.784+0000] {processor.py:186} INFO - Started process (PID=1264) to work on /home/airflow/.local/lib/python3.12/site-packages/airflow/example_dags/example_datasets.py
[2024-10-16T04:01:12.785+0000] {processor.py:914} INFO - Processing file /home/airflow/.local/lib/python3.12/site-packages/airflow/example_dags/example_datasets.py for tasks to queue
[2024-10-16T04:01:12.787+0000] {logging_mixin.py:190} INFO - [2024-10-16T04:01:12.786+0000] {dagbag.py:588} INFO - Filling up the DagBag from /home/airflow/.local/lib/python3.12/site-packages/airflow/example_dags/example_datasets.py
[2024-10-16T04:01:12.857+0000] {processor.py:925} INFO - DAG(s) 'conditional_dataset_and_time_based_timetable', 'consume_1_or_2_with_dataset_expressions', 'consume_1_or_both_2_and_3_with_dataset_expressions', 'dataset_produces_2', 'dataset_consumes_1', 'dataset_produces_1', 'consume_1_and_2_with_dataset_expressions', 'dataset_consumes_1_and_2', 'dataset_consumes_1_never_scheduled', 'dataset_consumes_unknown_never_scheduled' retrieved from /home/airflow/.local/lib/python3.12/site-packages/airflow/example_dags/example_datasets.py
[2024-10-16T04:01:12.876+0000] {logging_mixin.py:190} INFO - [2024-10-16T04:01:12.876+0000] {dag.py:3239} INFO - Sync 10 DAGs
[2024-10-16T04:01:12.888+0000] {logging_mixin.py:190} INFO - [2024-10-16T04:01:12.888+0000] {dag.py:4180} INFO - Setting next_dagrun for conditional_dataset_and_time_based_timetable to 2024-10-16 01:00:00+00:00, run_after=2024-10-16 01:00:00+00:00
[2024-10-16T04:01:12.890+0000] {logging_mixin.py:190} INFO - [2024-10-16T04:01:12.890+0000] {dag.py:4180} INFO - Setting next_dagrun for consume_1_and_2_with_dataset_expressions to None, run_after=None
[2024-10-16T04:01:12.891+0000] {logging_mixin.py:190} INFO - [2024-10-16T04:01:12.891+0000] {dag.py:4180} INFO - Setting next_dagrun for consume_1_or_2_with_dataset_expressions to None, run_after=None
[2024-10-16T04:01:12.892+0000] {logging_mixin.py:190} INFO - [2024-10-16T04:01:12.892+0000] {dag.py:4180} INFO - Setting next_dagrun for consume_1_or_both_2_and_3_with_dataset_expressions to None, run_after=None
[2024-10-16T04:01:12.892+0000] {logging_mixin.py:190} INFO - [2024-10-16T04:01:12.892+0000] {dag.py:4180} INFO - Setting next_dagrun for dataset_consumes_1 to None, run_after=None
[2024-10-16T04:01:12.893+0000] {logging_mixin.py:190} INFO - [2024-10-16T04:01:12.893+0000] {dag.py:4180} INFO - Setting next_dagrun for dataset_consumes_1_and_2 to None, run_after=None
[2024-10-16T04:01:12.894+0000] {logging_mixin.py:190} INFO - [2024-10-16T04:01:12.894+0000] {dag.py:4180} INFO - Setting next_dagrun for dataset_consumes_1_never_scheduled to None, run_after=None
[2024-10-16T04:01:12.894+0000] {logging_mixin.py:190} INFO - [2024-10-16T04:01:12.894+0000] {dag.py:4180} INFO - Setting next_dagrun for dataset_consumes_unknown_never_scheduled to None, run_after=None
[2024-10-16T04:01:12.895+0000] {logging_mixin.py:190} INFO - [2024-10-16T04:01:12.895+0000] {dag.py:4180} INFO - Setting next_dagrun for dataset_produces_1 to 2024-10-15 00:00:00+00:00, run_after=2024-10-16 00:00:00+00:00
[2024-10-16T04:01:12.896+0000] {logging_mixin.py:190} INFO - [2024-10-16T04:01:12.896+0000] {dag.py:4180} INFO - Setting next_dagrun for dataset_produces_2 to None, run_after=None
[2024-10-16T04:01:12.914+0000] {processor.py:208} INFO - Processing /home/airflow/.local/lib/python3.12/site-packages/airflow/example_dags/example_datasets.py took 0.135 seconds
[2024-10-16T04:01:43.795+0000] {processor.py:186} INFO - Started process (PID=1326) to work on /home/airflow/.local/lib/python3.12/site-packages/airflow/example_dags/example_datasets.py
[2024-10-16T04:01:43.795+0000] {processor.py:914} INFO - Processing file /home/airflow/.local/lib/python3.12/site-packages/airflow/example_dags/example_datasets.py for tasks to queue
[2024-10-16T04:01:43.797+0000] {logging_mixin.py:190} INFO - [2024-10-16T04:01:43.797+0000] {dagbag.py:588} INFO - Filling up the DagBag from /home/airflow/.local/lib/python3.12/site-packages/airflow/example_dags/example_datasets.py
[2024-10-16T04:01:43.868+0000] {processor.py:925} INFO - DAG(s) 'dataset_consumes_1_never_scheduled', 'consume_1_or_2_with_dataset_expressions', 'dataset_produces_1', 'consume_1_and_2_with_dataset_expressions', 'dataset_produces_2', 'conditional_dataset_and_time_based_timetable', 'dataset_consumes_1', 'dataset_consumes_unknown_never_scheduled', 'consume_1_or_both_2_and_3_with_dataset_expressions', 'dataset_consumes_1_and_2' retrieved from /home/airflow/.local/lib/python3.12/site-packages/airflow/example_dags/example_datasets.py
[2024-10-16T04:01:43.884+0000] {logging_mixin.py:190} INFO - [2024-10-16T04:01:43.884+0000] {dag.py:3239} INFO - Sync 10 DAGs
[2024-10-16T04:01:43.897+0000] {logging_mixin.py:190} INFO - [2024-10-16T04:01:43.896+0000] {dag.py:4180} INFO - Setting next_dagrun for conditional_dataset_and_time_based_timetable to 2024-10-16 01:00:00+00:00, run_after=2024-10-16 01:00:00+00:00
[2024-10-16T04:01:43.898+0000] {logging_mixin.py:190} INFO - [2024-10-16T04:01:43.898+0000] {dag.py:4180} INFO - Setting next_dagrun for consume_1_and_2_with_dataset_expressions to None, run_after=None
[2024-10-16T04:01:43.899+0000] {logging_mixin.py:190} INFO - [2024-10-16T04:01:43.899+0000] {dag.py:4180} INFO - Setting next_dagrun for consume_1_or_2_with_dataset_expressions to None, run_after=None
[2024-10-16T04:01:43.899+0000] {logging_mixin.py:190} INFO - [2024-10-16T04:01:43.899+0000] {dag.py:4180} INFO - Setting next_dagrun for consume_1_or_both_2_and_3_with_dataset_expressions to None, run_after=None
[2024-10-16T04:01:43.900+0000] {logging_mixin.py:190} INFO - [2024-10-16T04:01:43.900+0000] {dag.py:4180} INFO - Setting next_dagrun for dataset_consumes_1 to None, run_after=None
[2024-10-16T04:01:43.900+0000] {logging_mixin.py:190} INFO - [2024-10-16T04:01:43.900+0000] {dag.py:4180} INFO - Setting next_dagrun for dataset_consumes_1_and_2 to None, run_after=None
[2024-10-16T04:01:43.901+0000] {logging_mixin.py:190} INFO - [2024-10-16T04:01:43.901+0000] {dag.py:4180} INFO - Setting next_dagrun for dataset_consumes_1_never_scheduled to None, run_after=None
[2024-10-16T04:01:43.901+0000] {logging_mixin.py:190} INFO - [2024-10-16T04:01:43.901+0000] {dag.py:4180} INFO - Setting next_dagrun for dataset_consumes_unknown_never_scheduled to None, run_after=None
[2024-10-16T04:01:43.902+0000] {logging_mixin.py:190} INFO - [2024-10-16T04:01:43.902+0000] {dag.py:4180} INFO - Setting next_dagrun for dataset_produces_1 to 2024-10-15 00:00:00+00:00, run_after=2024-10-16 00:00:00+00:00
[2024-10-16T04:01:43.903+0000] {logging_mixin.py:190} INFO - [2024-10-16T04:01:43.903+0000] {dag.py:4180} INFO - Setting next_dagrun for dataset_produces_2 to None, run_after=None
[2024-10-16T04:01:43.914+0000] {processor.py:208} INFO - Processing /home/airflow/.local/lib/python3.12/site-packages/airflow/example_dags/example_datasets.py took 0.124 seconds
[2024-10-16T04:02:14.772+0000] {processor.py:186} INFO - Started process (PID=1388) to work on /home/airflow/.local/lib/python3.12/site-packages/airflow/example_dags/example_datasets.py
[2024-10-16T04:02:14.772+0000] {processor.py:914} INFO - Processing file /home/airflow/.local/lib/python3.12/site-packages/airflow/example_dags/example_datasets.py for tasks to queue
[2024-10-16T04:02:14.773+0000] {logging_mixin.py:190} INFO - [2024-10-16T04:02:14.773+0000] {dagbag.py:588} INFO - Filling up the DagBag from /home/airflow/.local/lib/python3.12/site-packages/airflow/example_dags/example_datasets.py
[2024-10-16T04:02:14.833+0000] {processor.py:925} INFO - DAG(s) 'dataset_produces_1', 'dataset_consumes_unknown_never_scheduled', 'dataset_consumes_1_and_2', 'dataset_consumes_1', 'consume_1_or_2_with_dataset_expressions', 'consume_1_or_both_2_and_3_with_dataset_expressions', 'dataset_consumes_1_never_scheduled', 'dataset_produces_2', 'consume_1_and_2_with_dataset_expressions', 'conditional_dataset_and_time_based_timetable' retrieved from /home/airflow/.local/lib/python3.12/site-packages/airflow/example_dags/example_datasets.py
[2024-10-16T04:02:14.852+0000] {logging_mixin.py:190} INFO - [2024-10-16T04:02:14.852+0000] {dag.py:3239} INFO - Sync 10 DAGs
[2024-10-16T04:02:14.866+0000] {logging_mixin.py:190} INFO - [2024-10-16T04:02:14.866+0000] {dag.py:4180} INFO - Setting next_dagrun for conditional_dataset_and_time_based_timetable to 2024-10-16 01:00:00+00:00, run_after=2024-10-16 01:00:00+00:00
[2024-10-16T04:02:14.867+0000] {logging_mixin.py:190} INFO - [2024-10-16T04:02:14.867+0000] {dag.py:4180} INFO - Setting next_dagrun for consume_1_and_2_with_dataset_expressions to None, run_after=None
[2024-10-16T04:02:14.870+0000] {logging_mixin.py:190} INFO - [2024-10-16T04:02:14.870+0000] {dag.py:4180} INFO - Setting next_dagrun for consume_1_or_2_with_dataset_expressions to None, run_after=None
[2024-10-16T04:02:14.871+0000] {logging_mixin.py:190} INFO - [2024-10-16T04:02:14.871+0000] {dag.py:4180} INFO - Setting next_dagrun for consume_1_or_both_2_and_3_with_dataset_expressions to None, run_after=None
[2024-10-16T04:02:14.871+0000] {logging_mixin.py:190} INFO - [2024-10-16T04:02:14.871+0000] {dag.py:4180} INFO - Setting next_dagrun for dataset_consumes_1 to None, run_after=None
[2024-10-16T04:02:14.872+0000] {logging_mixin.py:190} INFO - [2024-10-16T04:02:14.872+0000] {dag.py:4180} INFO - Setting next_dagrun for dataset_consumes_1_and_2 to None, run_after=None
[2024-10-16T04:02:14.872+0000] {logging_mixin.py:190} INFO - [2024-10-16T04:02:14.872+0000] {dag.py:4180} INFO - Setting next_dagrun for dataset_consumes_1_never_scheduled to None, run_after=None
[2024-10-16T04:02:14.873+0000] {logging_mixin.py:190} INFO - [2024-10-16T04:02:14.873+0000] {dag.py:4180} INFO - Setting next_dagrun for dataset_consumes_unknown_never_scheduled to None, run_after=None
[2024-10-16T04:02:14.874+0000] {logging_mixin.py:190} INFO - [2024-10-16T04:02:14.874+0000] {dag.py:4180} INFO - Setting next_dagrun for dataset_produces_1 to 2024-10-15 00:00:00+00:00, run_after=2024-10-16 00:00:00+00:00
[2024-10-16T04:02:14.874+0000] {logging_mixin.py:190} INFO - [2024-10-16T04:02:14.874+0000] {dag.py:4180} INFO - Setting next_dagrun for dataset_produces_2 to None, run_after=None
[2024-10-16T04:02:14.887+0000] {processor.py:208} INFO - Processing /home/airflow/.local/lib/python3.12/site-packages/airflow/example_dags/example_datasets.py took 0.117 seconds
[2024-10-16T04:02:45.564+0000] {processor.py:186} INFO - Started process (PID=1456) to work on /home/airflow/.local/lib/python3.12/site-packages/airflow/example_dags/example_datasets.py
[2024-10-16T04:02:45.565+0000] {processor.py:914} INFO - Processing file /home/airflow/.local/lib/python3.12/site-packages/airflow/example_dags/example_datasets.py for tasks to queue
[2024-10-16T04:02:45.566+0000] {logging_mixin.py:190} INFO - [2024-10-16T04:02:45.566+0000] {dagbag.py:588} INFO - Filling up the DagBag from /home/airflow/.local/lib/python3.12/site-packages/airflow/example_dags/example_datasets.py
[2024-10-16T04:02:45.635+0000] {processor.py:925} INFO - DAG(s) 'consume_1_and_2_with_dataset_expressions', 'conditional_dataset_and_time_based_timetable', 'dataset_consumes_1', 'dataset_consumes_unknown_never_scheduled', 'dataset_produces_2', 'dataset_consumes_1_and_2', 'consume_1_or_both_2_and_3_with_dataset_expressions', 'dataset_consumes_1_never_scheduled', 'dataset_produces_1', 'consume_1_or_2_with_dataset_expressions' retrieved from /home/airflow/.local/lib/python3.12/site-packages/airflow/example_dags/example_datasets.py
[2024-10-16T04:02:45.653+0000] {logging_mixin.py:190} INFO - [2024-10-16T04:02:45.653+0000] {dag.py:3239} INFO - Sync 10 DAGs
[2024-10-16T04:02:45.665+0000] {logging_mixin.py:190} INFO - [2024-10-16T04:02:45.665+0000] {dag.py:4180} INFO - Setting next_dagrun for conditional_dataset_and_time_based_timetable to 2024-10-16 01:00:00+00:00, run_after=2024-10-16 01:00:00+00:00
[2024-10-16T04:02:45.666+0000] {logging_mixin.py:190} INFO - [2024-10-16T04:02:45.666+0000] {dag.py:4180} INFO - Setting next_dagrun for consume_1_and_2_with_dataset_expressions to None, run_after=None
[2024-10-16T04:02:45.667+0000] {logging_mixin.py:190} INFO - [2024-10-16T04:02:45.667+0000] {dag.py:4180} INFO - Setting next_dagrun for consume_1_or_2_with_dataset_expressions to None, run_after=None
[2024-10-16T04:02:45.667+0000] {logging_mixin.py:190} INFO - [2024-10-16T04:02:45.667+0000] {dag.py:4180} INFO - Setting next_dagrun for consume_1_or_both_2_and_3_with_dataset_expressions to None, run_after=None
[2024-10-16T04:02:45.668+0000] {logging_mixin.py:190} INFO - [2024-10-16T04:02:45.668+0000] {dag.py:4180} INFO - Setting next_dagrun for dataset_consumes_1 to None, run_after=None
[2024-10-16T04:02:45.669+0000] {logging_mixin.py:190} INFO - [2024-10-16T04:02:45.669+0000] {dag.py:4180} INFO - Setting next_dagrun for dataset_consumes_1_and_2 to None, run_after=None
[2024-10-16T04:02:45.670+0000] {logging_mixin.py:190} INFO - [2024-10-16T04:02:45.669+0000] {dag.py:4180} INFO - Setting next_dagrun for dataset_consumes_1_never_scheduled to None, run_after=None
[2024-10-16T04:02:45.670+0000] {logging_mixin.py:190} INFO - [2024-10-16T04:02:45.670+0000] {dag.py:4180} INFO - Setting next_dagrun for dataset_consumes_unknown_never_scheduled to None, run_after=None
[2024-10-16T04:02:45.671+0000] {logging_mixin.py:190} INFO - [2024-10-16T04:02:45.671+0000] {dag.py:4180} INFO - Setting next_dagrun for dataset_produces_1 to 2024-10-15 00:00:00+00:00, run_after=2024-10-16 00:00:00+00:00
[2024-10-16T04:02:45.671+0000] {logging_mixin.py:190} INFO - [2024-10-16T04:02:45.671+0000] {dag.py:4180} INFO - Setting next_dagrun for dataset_produces_2 to None, run_after=None
[2024-10-16T04:02:45.684+0000] {processor.py:208} INFO - Processing /home/airflow/.local/lib/python3.12/site-packages/airflow/example_dags/example_datasets.py took 0.122 seconds
[2024-10-16T04:03:16.449+0000] {processor.py:186} INFO - Started process (PID=1518) to work on /home/airflow/.local/lib/python3.12/site-packages/airflow/example_dags/example_datasets.py
[2024-10-16T04:03:16.452+0000] {processor.py:914} INFO - Processing file /home/airflow/.local/lib/python3.12/site-packages/airflow/example_dags/example_datasets.py for tasks to queue
[2024-10-16T04:03:16.453+0000] {logging_mixin.py:190} INFO - [2024-10-16T04:03:16.453+0000] {dagbag.py:588} INFO - Filling up the DagBag from /home/airflow/.local/lib/python3.12/site-packages/airflow/example_dags/example_datasets.py
[2024-10-16T04:03:16.524+0000] {processor.py:925} INFO - DAG(s) 'dataset_produces_1', 'dataset_consumes_1_and_2', 'dataset_consumes_unknown_never_scheduled', 'dataset_produces_2', 'consume_1_or_2_with_dataset_expressions', 'dataset_consumes_1', 'consume_1_and_2_with_dataset_expressions', 'dataset_consumes_1_never_scheduled', 'conditional_dataset_and_time_based_timetable', 'consume_1_or_both_2_and_3_with_dataset_expressions' retrieved from /home/airflow/.local/lib/python3.12/site-packages/airflow/example_dags/example_datasets.py
[2024-10-16T04:03:16.547+0000] {logging_mixin.py:190} INFO - [2024-10-16T04:03:16.547+0000] {dag.py:3239} INFO - Sync 10 DAGs
[2024-10-16T04:03:16.568+0000] {logging_mixin.py:190} INFO - [2024-10-16T04:03:16.568+0000] {dag.py:4180} INFO - Setting next_dagrun for conditional_dataset_and_time_based_timetable to 2024-10-16 01:00:00+00:00, run_after=2024-10-16 01:00:00+00:00
[2024-10-16T04:03:16.570+0000] {logging_mixin.py:190} INFO - [2024-10-16T04:03:16.570+0000] {dag.py:4180} INFO - Setting next_dagrun for consume_1_and_2_with_dataset_expressions to None, run_after=None
[2024-10-16T04:03:16.570+0000] {logging_mixin.py:190} INFO - [2024-10-16T04:03:16.570+0000] {dag.py:4180} INFO - Setting next_dagrun for consume_1_or_2_with_dataset_expressions to None, run_after=None
[2024-10-16T04:03:16.571+0000] {logging_mixin.py:190} INFO - [2024-10-16T04:03:16.571+0000] {dag.py:4180} INFO - Setting next_dagrun for consume_1_or_both_2_and_3_with_dataset_expressions to None, run_after=None
[2024-10-16T04:03:16.571+0000] {logging_mixin.py:190} INFO - [2024-10-16T04:03:16.571+0000] {dag.py:4180} INFO - Setting next_dagrun for dataset_consumes_1 to None, run_after=None
[2024-10-16T04:03:16.572+0000] {logging_mixin.py:190} INFO - [2024-10-16T04:03:16.572+0000] {dag.py:4180} INFO - Setting next_dagrun for dataset_consumes_1_and_2 to None, run_after=None
[2024-10-16T04:03:16.573+0000] {logging_mixin.py:190} INFO - [2024-10-16T04:03:16.573+0000] {dag.py:4180} INFO - Setting next_dagrun for dataset_consumes_1_never_scheduled to None, run_after=None
[2024-10-16T04:03:16.573+0000] {logging_mixin.py:190} INFO - [2024-10-16T04:03:16.573+0000] {dag.py:4180} INFO - Setting next_dagrun for dataset_consumes_unknown_never_scheduled to None, run_after=None
[2024-10-16T04:03:16.574+0000] {logging_mixin.py:190} INFO - [2024-10-16T04:03:16.574+0000] {dag.py:4180} INFO - Setting next_dagrun for dataset_produces_1 to 2024-10-15 00:00:00+00:00, run_after=2024-10-16 00:00:00+00:00
[2024-10-16T04:03:16.575+0000] {logging_mixin.py:190} INFO - [2024-10-16T04:03:16.575+0000] {dag.py:4180} INFO - Setting next_dagrun for dataset_produces_2 to None, run_after=None
[2024-10-16T04:03:16.589+0000] {processor.py:208} INFO - Processing /home/airflow/.local/lib/python3.12/site-packages/airflow/example_dags/example_datasets.py took 0.144 seconds
[2024-10-16T04:03:47.341+0000] {processor.py:186} INFO - Started process (PID=1579) to work on /home/airflow/.local/lib/python3.12/site-packages/airflow/example_dags/example_datasets.py
[2024-10-16T04:03:47.342+0000] {processor.py:914} INFO - Processing file /home/airflow/.local/lib/python3.12/site-packages/airflow/example_dags/example_datasets.py for tasks to queue
[2024-10-16T04:03:47.344+0000] {logging_mixin.py:190} INFO - [2024-10-16T04:03:47.344+0000] {dagbag.py:588} INFO - Filling up the DagBag from /home/airflow/.local/lib/python3.12/site-packages/airflow/example_dags/example_datasets.py
[2024-10-16T04:03:47.412+0000] {processor.py:925} INFO - DAG(s) 'consume_1_and_2_with_dataset_expressions', 'consume_1_or_2_with_dataset_expressions', 'dataset_consumes_1_never_scheduled', 'dataset_consumes_unknown_never_scheduled', 'conditional_dataset_and_time_based_timetable', 'dataset_consumes_1_and_2', 'dataset_produces_1', 'dataset_consumes_1', 'consume_1_or_both_2_and_3_with_dataset_expressions', 'dataset_produces_2' retrieved from /home/airflow/.local/lib/python3.12/site-packages/airflow/example_dags/example_datasets.py
[2024-10-16T04:03:47.429+0000] {logging_mixin.py:190} INFO - [2024-10-16T04:03:47.428+0000] {dag.py:3239} INFO - Sync 10 DAGs
[2024-10-16T04:03:47.440+0000] {logging_mixin.py:190} INFO - [2024-10-16T04:03:47.440+0000] {dag.py:4180} INFO - Setting next_dagrun for conditional_dataset_and_time_based_timetable to 2024-10-16 01:00:00+00:00, run_after=2024-10-16 01:00:00+00:00
[2024-10-16T04:03:47.441+0000] {logging_mixin.py:190} INFO - [2024-10-16T04:03:47.441+0000] {dag.py:4180} INFO - Setting next_dagrun for consume_1_and_2_with_dataset_expressions to None, run_after=None
[2024-10-16T04:03:47.442+0000] {logging_mixin.py:190} INFO - [2024-10-16T04:03:47.442+0000] {dag.py:4180} INFO - Setting next_dagrun for consume_1_or_2_with_dataset_expressions to None, run_after=None
[2024-10-16T04:03:47.442+0000] {logging_mixin.py:190} INFO - [2024-10-16T04:03:47.442+0000] {dag.py:4180} INFO - Setting next_dagrun for consume_1_or_both_2_and_3_with_dataset_expressions to None, run_after=None
[2024-10-16T04:03:47.443+0000] {logging_mixin.py:190} INFO - [2024-10-16T04:03:47.443+0000] {dag.py:4180} INFO - Setting next_dagrun for dataset_consumes_1 to None, run_after=None
[2024-10-16T04:03:47.444+0000] {logging_mixin.py:190} INFO - [2024-10-16T04:03:47.444+0000] {dag.py:4180} INFO - Setting next_dagrun for dataset_consumes_1_and_2 to None, run_after=None
[2024-10-16T04:03:47.444+0000] {logging_mixin.py:190} INFO - [2024-10-16T04:03:47.444+0000] {dag.py:4180} INFO - Setting next_dagrun for dataset_consumes_1_never_scheduled to None, run_after=None
[2024-10-16T04:03:47.445+0000] {logging_mixin.py:190} INFO - [2024-10-16T04:03:47.445+0000] {dag.py:4180} INFO - Setting next_dagrun for dataset_consumes_unknown_never_scheduled to None, run_after=None
[2024-10-16T04:03:47.446+0000] {logging_mixin.py:190} INFO - [2024-10-16T04:03:47.446+0000] {dag.py:4180} INFO - Setting next_dagrun for dataset_produces_1 to 2024-10-15 00:00:00+00:00, run_after=2024-10-16 00:00:00+00:00
[2024-10-16T04:03:47.446+0000] {logging_mixin.py:190} INFO - [2024-10-16T04:03:47.446+0000] {dag.py:4180} INFO - Setting next_dagrun for dataset_produces_2 to None, run_after=None
[2024-10-16T04:03:47.459+0000] {processor.py:208} INFO - Processing /home/airflow/.local/lib/python3.12/site-packages/airflow/example_dags/example_datasets.py took 0.122 seconds
[2024-10-16T04:04:18.315+0000] {processor.py:186} INFO - Started process (PID=1641) to work on /home/airflow/.local/lib/python3.12/site-packages/airflow/example_dags/example_datasets.py
[2024-10-16T04:04:18.319+0000] {processor.py:914} INFO - Processing file /home/airflow/.local/lib/python3.12/site-packages/airflow/example_dags/example_datasets.py for tasks to queue
[2024-10-16T04:04:18.320+0000] {logging_mixin.py:190} INFO - [2024-10-16T04:04:18.320+0000] {dagbag.py:588} INFO - Filling up the DagBag from /home/airflow/.local/lib/python3.12/site-packages/airflow/example_dags/example_datasets.py
[2024-10-16T04:04:18.399+0000] {processor.py:925} INFO - DAG(s) 'consume_1_and_2_with_dataset_expressions', 'dataset_consumes_1_and_2', 'dataset_consumes_1_never_scheduled', 'consume_1_or_both_2_and_3_with_dataset_expressions', 'conditional_dataset_and_time_based_timetable', 'consume_1_or_2_with_dataset_expressions', 'dataset_consumes_unknown_never_scheduled', 'dataset_produces_2', 'dataset_produces_1', 'dataset_consumes_1' retrieved from /home/airflow/.local/lib/python3.12/site-packages/airflow/example_dags/example_datasets.py
[2024-10-16T04:04:18.427+0000] {logging_mixin.py:190} INFO - [2024-10-16T04:04:18.427+0000] {dag.py:3239} INFO - Sync 10 DAGs
[2024-10-16T04:04:18.440+0000] {logging_mixin.py:190} INFO - [2024-10-16T04:04:18.440+0000] {dag.py:4180} INFO - Setting next_dagrun for conditional_dataset_and_time_based_timetable to 2024-10-16 01:00:00+00:00, run_after=2024-10-16 01:00:00+00:00
[2024-10-16T04:04:18.441+0000] {logging_mixin.py:190} INFO - [2024-10-16T04:04:18.441+0000] {dag.py:4180} INFO - Setting next_dagrun for consume_1_and_2_with_dataset_expressions to None, run_after=None
[2024-10-16T04:04:18.442+0000] {logging_mixin.py:190} INFO - [2024-10-16T04:04:18.442+0000] {dag.py:4180} INFO - Setting next_dagrun for consume_1_or_2_with_dataset_expressions to None, run_after=None
[2024-10-16T04:04:18.443+0000] {logging_mixin.py:190} INFO - [2024-10-16T04:04:18.443+0000] {dag.py:4180} INFO - Setting next_dagrun for consume_1_or_both_2_and_3_with_dataset_expressions to None, run_after=None
[2024-10-16T04:04:18.443+0000] {logging_mixin.py:190} INFO - [2024-10-16T04:04:18.443+0000] {dag.py:4180} INFO - Setting next_dagrun for dataset_consumes_1 to None, run_after=None
[2024-10-16T04:04:18.444+0000] {logging_mixin.py:190} INFO - [2024-10-16T04:04:18.444+0000] {dag.py:4180} INFO - Setting next_dagrun for dataset_consumes_1_and_2 to None, run_after=None
[2024-10-16T04:04:18.444+0000] {logging_mixin.py:190} INFO - [2024-10-16T04:04:18.444+0000] {dag.py:4180} INFO - Setting next_dagrun for dataset_consumes_1_never_scheduled to None, run_after=None
[2024-10-16T04:04:18.445+0000] {logging_mixin.py:190} INFO - [2024-10-16T04:04:18.445+0000] {dag.py:4180} INFO - Setting next_dagrun for dataset_consumes_unknown_never_scheduled to None, run_after=None
[2024-10-16T04:04:18.446+0000] {logging_mixin.py:190} INFO - [2024-10-16T04:04:18.446+0000] {dag.py:4180} INFO - Setting next_dagrun for dataset_produces_1 to 2024-10-15 00:00:00+00:00, run_after=2024-10-16 00:00:00+00:00
[2024-10-16T04:04:18.447+0000] {logging_mixin.py:190} INFO - [2024-10-16T04:04:18.446+0000] {dag.py:4180} INFO - Setting next_dagrun for dataset_produces_2 to None, run_after=None
[2024-10-16T04:04:18.459+0000] {processor.py:208} INFO - Processing /home/airflow/.local/lib/python3.12/site-packages/airflow/example_dags/example_datasets.py took 0.153 seconds
