[2024-10-16T03:51:26.729+0000] {processor.py:186} INFO - Started process (PID=65) to work on /home/airflow/.local/lib/python3.12/site-packages/airflow/example_dags/example_xcomargs.py
[2024-10-16T03:51:26.730+0000] {processor.py:914} INFO - Processing file /home/airflow/.local/lib/python3.12/site-packages/airflow/example_dags/example_xcomargs.py for tasks to queue
[2024-10-16T03:51:26.731+0000] {logging_mixin.py:190} INFO - [2024-10-16T03:51:26.730+0000] {dagbag.py:588} INFO - Filling up the DagBag from /home/airflow/.local/lib/python3.12/site-packages/airflow/example_dags/example_xcomargs.py
[2024-10-16T03:51:26.734+0000] {processor.py:925} INFO - DAG(s) 'example_xcom_args', 'example_xcom_args_with_operators' retrieved from /home/airflow/.local/lib/python3.12/site-packages/airflow/example_dags/example_xcomargs.py
[2024-10-16T03:51:26.743+0000] {logging_mixin.py:190} INFO - [2024-10-16T03:51:26.743+0000] {dag.py:3239} INFO - Sync 2 DAGs
[2024-10-16T03:51:26.748+0000] {logging_mixin.py:190} INFO - [2024-10-16T03:51:26.748+0000] {dag.py:4180} INFO - Setting next_dagrun for example_xcom_args to None, run_after=None
[2024-10-16T03:51:26.750+0000] {logging_mixin.py:190} INFO - [2024-10-16T03:51:26.750+0000] {dag.py:4180} INFO - Setting next_dagrun for example_xcom_args_with_operators to None, run_after=None
[2024-10-16T03:51:26.755+0000] {processor.py:208} INFO - Processing /home/airflow/.local/lib/python3.12/site-packages/airflow/example_dags/example_xcomargs.py took 0.028 seconds
[2024-10-16T03:51:56.928+0000] {processor.py:186} INFO - Started process (PID=126) to work on /home/airflow/.local/lib/python3.12/site-packages/airflow/example_dags/example_xcomargs.py
[2024-10-16T03:51:56.928+0000] {processor.py:914} INFO - Processing file /home/airflow/.local/lib/python3.12/site-packages/airflow/example_dags/example_xcomargs.py for tasks to queue
[2024-10-16T03:51:56.929+0000] {logging_mixin.py:190} INFO - [2024-10-16T03:51:56.929+0000] {dagbag.py:588} INFO - Filling up the DagBag from /home/airflow/.local/lib/python3.12/site-packages/airflow/example_dags/example_xcomargs.py
[2024-10-16T03:51:56.934+0000] {processor.py:925} INFO - DAG(s) 'example_xcom_args_with_operators', 'example_xcom_args' retrieved from /home/airflow/.local/lib/python3.12/site-packages/airflow/example_dags/example_xcomargs.py
[2024-10-16T03:51:56.944+0000] {logging_mixin.py:190} INFO - [2024-10-16T03:51:56.944+0000] {dag.py:3239} INFO - Sync 2 DAGs
[2024-10-16T03:51:56.951+0000] {logging_mixin.py:190} INFO - [2024-10-16T03:51:56.950+0000] {dag.py:4180} INFO - Setting next_dagrun for example_xcom_args to None, run_after=None
[2024-10-16T03:51:56.952+0000] {logging_mixin.py:190} INFO - [2024-10-16T03:51:56.952+0000] {dag.py:4180} INFO - Setting next_dagrun for example_xcom_args_with_operators to None, run_after=None
[2024-10-16T03:51:56.958+0000] {processor.py:208} INFO - Processing /home/airflow/.local/lib/python3.12/site-packages/airflow/example_dags/example_xcomargs.py took 0.032 seconds
[2024-10-16T03:52:27.249+0000] {processor.py:186} INFO - Started process (PID=188) to work on /home/airflow/.local/lib/python3.12/site-packages/airflow/example_dags/example_xcomargs.py
[2024-10-16T03:52:27.250+0000] {processor.py:914} INFO - Processing file /home/airflow/.local/lib/python3.12/site-packages/airflow/example_dags/example_xcomargs.py for tasks to queue
[2024-10-16T03:52:27.251+0000] {logging_mixin.py:190} INFO - [2024-10-16T03:52:27.250+0000] {dagbag.py:588} INFO - Filling up the DagBag from /home/airflow/.local/lib/python3.12/site-packages/airflow/example_dags/example_xcomargs.py
[2024-10-16T03:52:27.255+0000] {processor.py:925} INFO - DAG(s) 'example_xcom_args', 'example_xcom_args_with_operators' retrieved from /home/airflow/.local/lib/python3.12/site-packages/airflow/example_dags/example_xcomargs.py
[2024-10-16T03:52:27.264+0000] {logging_mixin.py:190} INFO - [2024-10-16T03:52:27.264+0000] {dag.py:3239} INFO - Sync 2 DAGs
[2024-10-16T03:52:27.270+0000] {logging_mixin.py:190} INFO - [2024-10-16T03:52:27.270+0000] {dag.py:4180} INFO - Setting next_dagrun for example_xcom_args to None, run_after=None
[2024-10-16T03:52:27.272+0000] {logging_mixin.py:190} INFO - [2024-10-16T03:52:27.272+0000] {dag.py:4180} INFO - Setting next_dagrun for example_xcom_args_with_operators to None, run_after=None
[2024-10-16T03:52:27.278+0000] {processor.py:208} INFO - Processing /home/airflow/.local/lib/python3.12/site-packages/airflow/example_dags/example_xcomargs.py took 0.032 seconds
[2024-10-16T03:52:58.410+0000] {processor.py:186} INFO - Started process (PID=250) to work on /home/airflow/.local/lib/python3.12/site-packages/airflow/example_dags/example_xcomargs.py
[2024-10-16T03:52:58.411+0000] {processor.py:914} INFO - Processing file /home/airflow/.local/lib/python3.12/site-packages/airflow/example_dags/example_xcomargs.py for tasks to queue
[2024-10-16T03:52:58.412+0000] {logging_mixin.py:190} INFO - [2024-10-16T03:52:58.412+0000] {dagbag.py:588} INFO - Filling up the DagBag from /home/airflow/.local/lib/python3.12/site-packages/airflow/example_dags/example_xcomargs.py
[2024-10-16T03:52:58.416+0000] {processor.py:925} INFO - DAG(s) 'example_xcom_args', 'example_xcom_args_with_operators' retrieved from /home/airflow/.local/lib/python3.12/site-packages/airflow/example_dags/example_xcomargs.py
[2024-10-16T03:52:58.426+0000] {logging_mixin.py:190} INFO - [2024-10-16T03:52:58.426+0000] {dag.py:3239} INFO - Sync 2 DAGs
[2024-10-16T03:52:58.432+0000] {logging_mixin.py:190} INFO - [2024-10-16T03:52:58.432+0000] {dag.py:4180} INFO - Setting next_dagrun for example_xcom_args to None, run_after=None
[2024-10-16T03:52:58.434+0000] {logging_mixin.py:190} INFO - [2024-10-16T03:52:58.434+0000] {dag.py:4180} INFO - Setting next_dagrun for example_xcom_args_with_operators to None, run_after=None
[2024-10-16T03:52:58.439+0000] {processor.py:208} INFO - Processing /home/airflow/.local/lib/python3.12/site-packages/airflow/example_dags/example_xcomargs.py took 0.032 seconds
[2024-10-16T03:53:29.417+0000] {processor.py:186} INFO - Started process (PID=312) to work on /home/airflow/.local/lib/python3.12/site-packages/airflow/example_dags/example_xcomargs.py
[2024-10-16T03:53:29.418+0000] {processor.py:914} INFO - Processing file /home/airflow/.local/lib/python3.12/site-packages/airflow/example_dags/example_xcomargs.py for tasks to queue
[2024-10-16T03:53:29.419+0000] {logging_mixin.py:190} INFO - [2024-10-16T03:53:29.418+0000] {dagbag.py:588} INFO - Filling up the DagBag from /home/airflow/.local/lib/python3.12/site-packages/airflow/example_dags/example_xcomargs.py
[2024-10-16T03:53:29.423+0000] {processor.py:925} INFO - DAG(s) 'example_xcom_args_with_operators', 'example_xcom_args' retrieved from /home/airflow/.local/lib/python3.12/site-packages/airflow/example_dags/example_xcomargs.py
[2024-10-16T03:53:29.431+0000] {logging_mixin.py:190} INFO - [2024-10-16T03:53:29.431+0000] {dag.py:3239} INFO - Sync 2 DAGs
[2024-10-16T03:53:29.437+0000] {logging_mixin.py:190} INFO - [2024-10-16T03:53:29.437+0000] {dag.py:4180} INFO - Setting next_dagrun for example_xcom_args to None, run_after=None
[2024-10-16T03:53:29.439+0000] {logging_mixin.py:190} INFO - [2024-10-16T03:53:29.438+0000] {dag.py:4180} INFO - Setting next_dagrun for example_xcom_args_with_operators to None, run_after=None
[2024-10-16T03:53:29.444+0000] {processor.py:208} INFO - Processing /home/airflow/.local/lib/python3.12/site-packages/airflow/example_dags/example_xcomargs.py took 0.030 seconds
[2024-10-16T03:54:00.399+0000] {processor.py:186} INFO - Started process (PID=374) to work on /home/airflow/.local/lib/python3.12/site-packages/airflow/example_dags/example_xcomargs.py
[2024-10-16T03:54:00.400+0000] {processor.py:914} INFO - Processing file /home/airflow/.local/lib/python3.12/site-packages/airflow/example_dags/example_xcomargs.py for tasks to queue
[2024-10-16T03:54:00.401+0000] {logging_mixin.py:190} INFO - [2024-10-16T03:54:00.401+0000] {dagbag.py:588} INFO - Filling up the DagBag from /home/airflow/.local/lib/python3.12/site-packages/airflow/example_dags/example_xcomargs.py
[2024-10-16T03:54:00.406+0000] {processor.py:925} INFO - DAG(s) 'example_xcom_args_with_operators', 'example_xcom_args' retrieved from /home/airflow/.local/lib/python3.12/site-packages/airflow/example_dags/example_xcomargs.py
[2024-10-16T03:54:00.416+0000] {logging_mixin.py:190} INFO - [2024-10-16T03:54:00.416+0000] {dag.py:3239} INFO - Sync 2 DAGs
[2024-10-16T03:54:00.422+0000] {logging_mixin.py:190} INFO - [2024-10-16T03:54:00.422+0000] {dag.py:4180} INFO - Setting next_dagrun for example_xcom_args to None, run_after=None
[2024-10-16T03:54:00.424+0000] {logging_mixin.py:190} INFO - [2024-10-16T03:54:00.424+0000] {dag.py:4180} INFO - Setting next_dagrun for example_xcom_args_with_operators to None, run_after=None
[2024-10-16T03:54:00.430+0000] {processor.py:208} INFO - Processing /home/airflow/.local/lib/python3.12/site-packages/airflow/example_dags/example_xcomargs.py took 0.033 seconds
[2024-10-16T03:54:31.301+0000] {processor.py:186} INFO - Started process (PID=436) to work on /home/airflow/.local/lib/python3.12/site-packages/airflow/example_dags/example_xcomargs.py
[2024-10-16T03:54:31.303+0000] {processor.py:914} INFO - Processing file /home/airflow/.local/lib/python3.12/site-packages/airflow/example_dags/example_xcomargs.py for tasks to queue
[2024-10-16T03:54:31.305+0000] {logging_mixin.py:190} INFO - [2024-10-16T03:54:31.305+0000] {dagbag.py:588} INFO - Filling up the DagBag from /home/airflow/.local/lib/python3.12/site-packages/airflow/example_dags/example_xcomargs.py
[2024-10-16T03:54:31.311+0000] {processor.py:925} INFO - DAG(s) 'example_xcom_args_with_operators', 'example_xcom_args' retrieved from /home/airflow/.local/lib/python3.12/site-packages/airflow/example_dags/example_xcomargs.py
[2024-10-16T03:54:31.323+0000] {logging_mixin.py:190} INFO - [2024-10-16T03:54:31.323+0000] {dag.py:3239} INFO - Sync 2 DAGs
[2024-10-16T03:54:31.332+0000] {logging_mixin.py:190} INFO - [2024-10-16T03:54:31.332+0000] {dag.py:4180} INFO - Setting next_dagrun for example_xcom_args to None, run_after=None
[2024-10-16T03:54:31.333+0000] {logging_mixin.py:190} INFO - [2024-10-16T03:54:31.333+0000] {dag.py:4180} INFO - Setting next_dagrun for example_xcom_args_with_operators to None, run_after=None
[2024-10-16T03:54:31.340+0000] {processor.py:208} INFO - Processing /home/airflow/.local/lib/python3.12/site-packages/airflow/example_dags/example_xcomargs.py took 0.043 seconds
[2024-10-16T03:55:02.333+0000] {processor.py:186} INFO - Started process (PID=498) to work on /home/airflow/.local/lib/python3.12/site-packages/airflow/example_dags/example_xcomargs.py
[2024-10-16T03:55:02.333+0000] {processor.py:914} INFO - Processing file /home/airflow/.local/lib/python3.12/site-packages/airflow/example_dags/example_xcomargs.py for tasks to queue
[2024-10-16T03:55:02.334+0000] {logging_mixin.py:190} INFO - [2024-10-16T03:55:02.334+0000] {dagbag.py:588} INFO - Filling up the DagBag from /home/airflow/.local/lib/python3.12/site-packages/airflow/example_dags/example_xcomargs.py
[2024-10-16T03:55:02.338+0000] {processor.py:925} INFO - DAG(s) 'example_xcom_args', 'example_xcom_args_with_operators' retrieved from /home/airflow/.local/lib/python3.12/site-packages/airflow/example_dags/example_xcomargs.py
[2024-10-16T03:55:02.348+0000] {logging_mixin.py:190} INFO - [2024-10-16T03:55:02.347+0000] {dag.py:3239} INFO - Sync 2 DAGs
[2024-10-16T03:55:02.354+0000] {logging_mixin.py:190} INFO - [2024-10-16T03:55:02.354+0000] {dag.py:4180} INFO - Setting next_dagrun for example_xcom_args to None, run_after=None
[2024-10-16T03:55:02.355+0000] {logging_mixin.py:190} INFO - [2024-10-16T03:55:02.355+0000] {dag.py:4180} INFO - Setting next_dagrun for example_xcom_args_with_operators to None, run_after=None
[2024-10-16T03:55:02.361+0000] {processor.py:208} INFO - Processing /home/airflow/.local/lib/python3.12/site-packages/airflow/example_dags/example_xcomargs.py took 0.031 seconds
[2024-10-16T03:55:33.403+0000] {processor.py:186} INFO - Started process (PID=560) to work on /home/airflow/.local/lib/python3.12/site-packages/airflow/example_dags/example_xcomargs.py
[2024-10-16T03:55:33.403+0000] {processor.py:914} INFO - Processing file /home/airflow/.local/lib/python3.12/site-packages/airflow/example_dags/example_xcomargs.py for tasks to queue
[2024-10-16T03:55:33.405+0000] {logging_mixin.py:190} INFO - [2024-10-16T03:55:33.405+0000] {dagbag.py:588} INFO - Filling up the DagBag from /home/airflow/.local/lib/python3.12/site-packages/airflow/example_dags/example_xcomargs.py
[2024-10-16T03:55:33.409+0000] {processor.py:925} INFO - DAG(s) 'example_xcom_args_with_operators', 'example_xcom_args' retrieved from /home/airflow/.local/lib/python3.12/site-packages/airflow/example_dags/example_xcomargs.py
[2024-10-16T03:55:33.418+0000] {logging_mixin.py:190} INFO - [2024-10-16T03:55:33.418+0000] {dag.py:3239} INFO - Sync 2 DAGs
[2024-10-16T03:55:33.424+0000] {logging_mixin.py:190} INFO - [2024-10-16T03:55:33.424+0000] {dag.py:4180} INFO - Setting next_dagrun for example_xcom_args to None, run_after=None
[2024-10-16T03:55:33.425+0000] {logging_mixin.py:190} INFO - [2024-10-16T03:55:33.425+0000] {dag.py:4180} INFO - Setting next_dagrun for example_xcom_args_with_operators to None, run_after=None
[2024-10-16T03:55:33.431+0000] {processor.py:208} INFO - Processing /home/airflow/.local/lib/python3.12/site-packages/airflow/example_dags/example_xcomargs.py took 0.031 seconds
[2024-10-16T03:56:03.583+0000] {processor.py:186} INFO - Started process (PID=622) to work on /home/airflow/.local/lib/python3.12/site-packages/airflow/example_dags/example_xcomargs.py
[2024-10-16T03:56:03.583+0000] {processor.py:914} INFO - Processing file /home/airflow/.local/lib/python3.12/site-packages/airflow/example_dags/example_xcomargs.py for tasks to queue
[2024-10-16T03:56:03.584+0000] {logging_mixin.py:190} INFO - [2024-10-16T03:56:03.584+0000] {dagbag.py:588} INFO - Filling up the DagBag from /home/airflow/.local/lib/python3.12/site-packages/airflow/example_dags/example_xcomargs.py
[2024-10-16T03:56:03.589+0000] {processor.py:925} INFO - DAG(s) 'example_xcom_args', 'example_xcom_args_with_operators' retrieved from /home/airflow/.local/lib/python3.12/site-packages/airflow/example_dags/example_xcomargs.py
[2024-10-16T03:56:03.598+0000] {logging_mixin.py:190} INFO - [2024-10-16T03:56:03.598+0000] {dag.py:3239} INFO - Sync 2 DAGs
[2024-10-16T03:56:03.606+0000] {logging_mixin.py:190} INFO - [2024-10-16T03:56:03.606+0000] {dag.py:4180} INFO - Setting next_dagrun for example_xcom_args to None, run_after=None
[2024-10-16T03:56:03.608+0000] {logging_mixin.py:190} INFO - [2024-10-16T03:56:03.608+0000] {dag.py:4180} INFO - Setting next_dagrun for example_xcom_args_with_operators to None, run_after=None
[2024-10-16T03:56:03.616+0000] {processor.py:208} INFO - Processing /home/airflow/.local/lib/python3.12/site-packages/airflow/example_dags/example_xcomargs.py took 0.036 seconds
[2024-10-16T03:56:34.761+0000] {processor.py:186} INFO - Started process (PID=684) to work on /home/airflow/.local/lib/python3.12/site-packages/airflow/example_dags/example_xcomargs.py
[2024-10-16T03:56:34.761+0000] {processor.py:914} INFO - Processing file /home/airflow/.local/lib/python3.12/site-packages/airflow/example_dags/example_xcomargs.py for tasks to queue
[2024-10-16T03:56:34.762+0000] {logging_mixin.py:190} INFO - [2024-10-16T03:56:34.762+0000] {dagbag.py:588} INFO - Filling up the DagBag from /home/airflow/.local/lib/python3.12/site-packages/airflow/example_dags/example_xcomargs.py
[2024-10-16T03:56:34.767+0000] {processor.py:925} INFO - DAG(s) 'example_xcom_args', 'example_xcom_args_with_operators' retrieved from /home/airflow/.local/lib/python3.12/site-packages/airflow/example_dags/example_xcomargs.py
[2024-10-16T03:56:34.777+0000] {logging_mixin.py:190} INFO - [2024-10-16T03:56:34.776+0000] {dag.py:3239} INFO - Sync 2 DAGs
[2024-10-16T03:56:34.783+0000] {logging_mixin.py:190} INFO - [2024-10-16T03:56:34.783+0000] {dag.py:4180} INFO - Setting next_dagrun for example_xcom_args to None, run_after=None
[2024-10-16T03:56:34.784+0000] {logging_mixin.py:190} INFO - [2024-10-16T03:56:34.784+0000] {dag.py:4180} INFO - Setting next_dagrun for example_xcom_args_with_operators to None, run_after=None
[2024-10-16T03:56:34.790+0000] {processor.py:208} INFO - Processing /home/airflow/.local/lib/python3.12/site-packages/airflow/example_dags/example_xcomargs.py took 0.032 seconds
[2024-10-16T03:57:05.043+0000] {processor.py:186} INFO - Started process (PID=746) to work on /home/airflow/.local/lib/python3.12/site-packages/airflow/example_dags/example_xcomargs.py
[2024-10-16T03:57:05.043+0000] {processor.py:914} INFO - Processing file /home/airflow/.local/lib/python3.12/site-packages/airflow/example_dags/example_xcomargs.py for tasks to queue
[2024-10-16T03:57:05.044+0000] {logging_mixin.py:190} INFO - [2024-10-16T03:57:05.044+0000] {dagbag.py:588} INFO - Filling up the DagBag from /home/airflow/.local/lib/python3.12/site-packages/airflow/example_dags/example_xcomargs.py
[2024-10-16T03:57:05.049+0000] {processor.py:925} INFO - DAG(s) 'example_xcom_args_with_operators', 'example_xcom_args' retrieved from /home/airflow/.local/lib/python3.12/site-packages/airflow/example_dags/example_xcomargs.py
[2024-10-16T03:57:05.060+0000] {logging_mixin.py:190} INFO - [2024-10-16T03:57:05.060+0000] {dag.py:3239} INFO - Sync 2 DAGs
[2024-10-16T03:57:05.067+0000] {logging_mixin.py:190} INFO - [2024-10-16T03:57:05.066+0000] {dag.py:4180} INFO - Setting next_dagrun for example_xcom_args to None, run_after=None
[2024-10-16T03:57:05.068+0000] {logging_mixin.py:190} INFO - [2024-10-16T03:57:05.068+0000] {dag.py:4180} INFO - Setting next_dagrun for example_xcom_args_with_operators to None, run_after=None
[2024-10-16T03:57:05.076+0000] {processor.py:208} INFO - Processing /home/airflow/.local/lib/python3.12/site-packages/airflow/example_dags/example_xcomargs.py took 0.036 seconds
[2024-10-16T03:57:36.057+0000] {processor.py:186} INFO - Started process (PID=808) to work on /home/airflow/.local/lib/python3.12/site-packages/airflow/example_dags/example_xcomargs.py
[2024-10-16T03:57:36.057+0000] {processor.py:914} INFO - Processing file /home/airflow/.local/lib/python3.12/site-packages/airflow/example_dags/example_xcomargs.py for tasks to queue
[2024-10-16T03:57:36.058+0000] {logging_mixin.py:190} INFO - [2024-10-16T03:57:36.058+0000] {dagbag.py:588} INFO - Filling up the DagBag from /home/airflow/.local/lib/python3.12/site-packages/airflow/example_dags/example_xcomargs.py
[2024-10-16T03:57:36.062+0000] {processor.py:925} INFO - DAG(s) 'example_xcom_args', 'example_xcom_args_with_operators' retrieved from /home/airflow/.local/lib/python3.12/site-packages/airflow/example_dags/example_xcomargs.py
[2024-10-16T03:57:36.071+0000] {logging_mixin.py:190} INFO - [2024-10-16T03:57:36.071+0000] {dag.py:3239} INFO - Sync 2 DAGs
[2024-10-16T03:57:36.077+0000] {logging_mixin.py:190} INFO - [2024-10-16T03:57:36.077+0000] {dag.py:4180} INFO - Setting next_dagrun for example_xcom_args to None, run_after=None
[2024-10-16T03:57:36.078+0000] {logging_mixin.py:190} INFO - [2024-10-16T03:57:36.078+0000] {dag.py:4180} INFO - Setting next_dagrun for example_xcom_args_with_operators to None, run_after=None
[2024-10-16T03:57:36.084+0000] {processor.py:208} INFO - Processing /home/airflow/.local/lib/python3.12/site-packages/airflow/example_dags/example_xcomargs.py took 0.031 seconds
[2024-10-16T03:58:07.163+0000] {processor.py:186} INFO - Started process (PID=870) to work on /home/airflow/.local/lib/python3.12/site-packages/airflow/example_dags/example_xcomargs.py
[2024-10-16T03:58:07.164+0000] {processor.py:914} INFO - Processing file /home/airflow/.local/lib/python3.12/site-packages/airflow/example_dags/example_xcomargs.py for tasks to queue
[2024-10-16T03:58:07.165+0000] {logging_mixin.py:190} INFO - [2024-10-16T03:58:07.165+0000] {dagbag.py:588} INFO - Filling up the DagBag from /home/airflow/.local/lib/python3.12/site-packages/airflow/example_dags/example_xcomargs.py
[2024-10-16T03:58:07.174+0000] {processor.py:925} INFO - DAG(s) 'example_xcom_args', 'example_xcom_args_with_operators' retrieved from /home/airflow/.local/lib/python3.12/site-packages/airflow/example_dags/example_xcomargs.py
[2024-10-16T03:58:07.187+0000] {logging_mixin.py:190} INFO - [2024-10-16T03:58:07.187+0000] {dag.py:3239} INFO - Sync 2 DAGs
[2024-10-16T03:58:07.195+0000] {logging_mixin.py:190} INFO - [2024-10-16T03:58:07.195+0000] {dag.py:4180} INFO - Setting next_dagrun for example_xcom_args to None, run_after=None
[2024-10-16T03:58:07.197+0000] {logging_mixin.py:190} INFO - [2024-10-16T03:58:07.197+0000] {dag.py:4180} INFO - Setting next_dagrun for example_xcom_args_with_operators to None, run_after=None
[2024-10-16T03:58:07.206+0000] {processor.py:208} INFO - Processing /home/airflow/.local/lib/python3.12/site-packages/airflow/example_dags/example_xcomargs.py took 0.048 seconds
[2024-10-16T03:58:37.651+0000] {processor.py:186} INFO - Started process (PID=932) to work on /home/airflow/.local/lib/python3.12/site-packages/airflow/example_dags/example_xcomargs.py
[2024-10-16T03:58:37.652+0000] {processor.py:914} INFO - Processing file /home/airflow/.local/lib/python3.12/site-packages/airflow/example_dags/example_xcomargs.py for tasks to queue
[2024-10-16T03:58:37.653+0000] {logging_mixin.py:190} INFO - [2024-10-16T03:58:37.653+0000] {dagbag.py:588} INFO - Filling up the DagBag from /home/airflow/.local/lib/python3.12/site-packages/airflow/example_dags/example_xcomargs.py
[2024-10-16T03:58:37.661+0000] {processor.py:925} INFO - DAG(s) 'example_xcom_args_with_operators', 'example_xcom_args' retrieved from /home/airflow/.local/lib/python3.12/site-packages/airflow/example_dags/example_xcomargs.py
[2024-10-16T03:58:37.673+0000] {logging_mixin.py:190} INFO - [2024-10-16T03:58:37.673+0000] {dag.py:3239} INFO - Sync 2 DAGs
[2024-10-16T03:58:37.679+0000] {logging_mixin.py:190} INFO - [2024-10-16T03:58:37.679+0000] {dag.py:4180} INFO - Setting next_dagrun for example_xcom_args to None, run_after=None
[2024-10-16T03:58:37.681+0000] {logging_mixin.py:190} INFO - [2024-10-16T03:58:37.681+0000] {dag.py:4180} INFO - Setting next_dagrun for example_xcom_args_with_operators to None, run_after=None
[2024-10-16T03:58:37.688+0000] {processor.py:208} INFO - Processing /home/airflow/.local/lib/python3.12/site-packages/airflow/example_dags/example_xcomargs.py took 0.041 seconds
[2024-10-16T03:59:08.657+0000] {processor.py:186} INFO - Started process (PID=994) to work on /home/airflow/.local/lib/python3.12/site-packages/airflow/example_dags/example_xcomargs.py
[2024-10-16T03:59:08.658+0000] {processor.py:914} INFO - Processing file /home/airflow/.local/lib/python3.12/site-packages/airflow/example_dags/example_xcomargs.py for tasks to queue
[2024-10-16T03:59:08.660+0000] {logging_mixin.py:190} INFO - [2024-10-16T03:59:08.659+0000] {dagbag.py:588} INFO - Filling up the DagBag from /home/airflow/.local/lib/python3.12/site-packages/airflow/example_dags/example_xcomargs.py
[2024-10-16T03:59:08.665+0000] {processor.py:925} INFO - DAG(s) 'example_xcom_args', 'example_xcom_args_with_operators' retrieved from /home/airflow/.local/lib/python3.12/site-packages/airflow/example_dags/example_xcomargs.py
[2024-10-16T03:59:08.680+0000] {logging_mixin.py:190} INFO - [2024-10-16T03:59:08.680+0000] {dag.py:3239} INFO - Sync 2 DAGs
[2024-10-16T03:59:08.688+0000] {logging_mixin.py:190} INFO - [2024-10-16T03:59:08.688+0000] {dag.py:4180} INFO - Setting next_dagrun for example_xcom_args to None, run_after=None
[2024-10-16T03:59:08.690+0000] {logging_mixin.py:190} INFO - [2024-10-16T03:59:08.690+0000] {dag.py:4180} INFO - Setting next_dagrun for example_xcom_args_with_operators to None, run_after=None
[2024-10-16T03:59:08.697+0000] {processor.py:208} INFO - Processing /home/airflow/.local/lib/python3.12/site-packages/airflow/example_dags/example_xcomargs.py took 0.044 seconds
[2024-10-16T03:59:38.776+0000] {processor.py:186} INFO - Started process (PID=1056) to work on /home/airflow/.local/lib/python3.12/site-packages/airflow/example_dags/example_xcomargs.py
[2024-10-16T03:59:38.777+0000] {processor.py:914} INFO - Processing file /home/airflow/.local/lib/python3.12/site-packages/airflow/example_dags/example_xcomargs.py for tasks to queue
[2024-10-16T03:59:38.778+0000] {logging_mixin.py:190} INFO - [2024-10-16T03:59:38.778+0000] {dagbag.py:588} INFO - Filling up the DagBag from /home/airflow/.local/lib/python3.12/site-packages/airflow/example_dags/example_xcomargs.py
[2024-10-16T03:59:38.782+0000] {processor.py:925} INFO - DAG(s) 'example_xcom_args', 'example_xcom_args_with_operators' retrieved from /home/airflow/.local/lib/python3.12/site-packages/airflow/example_dags/example_xcomargs.py
[2024-10-16T03:59:38.791+0000] {logging_mixin.py:190} INFO - [2024-10-16T03:59:38.790+0000] {dag.py:3239} INFO - Sync 2 DAGs
[2024-10-16T03:59:38.796+0000] {logging_mixin.py:190} INFO - [2024-10-16T03:59:38.796+0000] {dag.py:4180} INFO - Setting next_dagrun for example_xcom_args to None, run_after=None
[2024-10-16T03:59:38.797+0000] {logging_mixin.py:190} INFO - [2024-10-16T03:59:38.797+0000] {dag.py:4180} INFO - Setting next_dagrun for example_xcom_args_with_operators to None, run_after=None
[2024-10-16T03:59:38.803+0000] {processor.py:208} INFO - Processing /home/airflow/.local/lib/python3.12/site-packages/airflow/example_dags/example_xcomargs.py took 0.028 seconds
[2024-10-16T04:00:09.021+0000] {processor.py:186} INFO - Started process (PID=1118) to work on /home/airflow/.local/lib/python3.12/site-packages/airflow/example_dags/example_xcomargs.py
[2024-10-16T04:00:09.021+0000] {processor.py:914} INFO - Processing file /home/airflow/.local/lib/python3.12/site-packages/airflow/example_dags/example_xcomargs.py for tasks to queue
[2024-10-16T04:00:09.022+0000] {logging_mixin.py:190} INFO - [2024-10-16T04:00:09.022+0000] {dagbag.py:588} INFO - Filling up the DagBag from /home/airflow/.local/lib/python3.12/site-packages/airflow/example_dags/example_xcomargs.py
[2024-10-16T04:00:09.027+0000] {processor.py:925} INFO - DAG(s) 'example_xcom_args_with_operators', 'example_xcom_args' retrieved from /home/airflow/.local/lib/python3.12/site-packages/airflow/example_dags/example_xcomargs.py
[2024-10-16T04:00:09.048+0000] {logging_mixin.py:190} INFO - [2024-10-16T04:00:09.048+0000] {dag.py:3239} INFO - Sync 2 DAGs
[2024-10-16T04:00:09.054+0000] {logging_mixin.py:190} INFO - [2024-10-16T04:00:09.054+0000] {dag.py:4180} INFO - Setting next_dagrun for example_xcom_args to None, run_after=None
[2024-10-16T04:00:09.055+0000] {logging_mixin.py:190} INFO - [2024-10-16T04:00:09.055+0000] {dag.py:4180} INFO - Setting next_dagrun for example_xcom_args_with_operators to None, run_after=None
[2024-10-16T04:00:09.062+0000] {processor.py:208} INFO - Processing /home/airflow/.local/lib/python3.12/site-packages/airflow/example_dags/example_xcomargs.py took 0.044 seconds
[2024-10-16T04:00:40.177+0000] {processor.py:186} INFO - Started process (PID=1180) to work on /home/airflow/.local/lib/python3.12/site-packages/airflow/example_dags/example_xcomargs.py
[2024-10-16T04:00:40.179+0000] {processor.py:914} INFO - Processing file /home/airflow/.local/lib/python3.12/site-packages/airflow/example_dags/example_xcomargs.py for tasks to queue
[2024-10-16T04:00:40.180+0000] {logging_mixin.py:190} INFO - [2024-10-16T04:00:40.180+0000] {dagbag.py:588} INFO - Filling up the DagBag from /home/airflow/.local/lib/python3.12/site-packages/airflow/example_dags/example_xcomargs.py
[2024-10-16T04:00:40.186+0000] {processor.py:925} INFO - DAG(s) 'example_xcom_args', 'example_xcom_args_with_operators' retrieved from /home/airflow/.local/lib/python3.12/site-packages/airflow/example_dags/example_xcomargs.py
[2024-10-16T04:00:40.196+0000] {logging_mixin.py:190} INFO - [2024-10-16T04:00:40.196+0000] {dag.py:3239} INFO - Sync 2 DAGs
[2024-10-16T04:00:40.203+0000] {logging_mixin.py:190} INFO - [2024-10-16T04:00:40.203+0000] {dag.py:4180} INFO - Setting next_dagrun for example_xcom_args to None, run_after=None
[2024-10-16T04:00:40.205+0000] {logging_mixin.py:190} INFO - [2024-10-16T04:00:40.205+0000] {dag.py:4180} INFO - Setting next_dagrun for example_xcom_args_with_operators to None, run_after=None
[2024-10-16T04:00:40.215+0000] {processor.py:208} INFO - Processing /home/airflow/.local/lib/python3.12/site-packages/airflow/example_dags/example_xcomargs.py took 0.041 seconds
[2024-10-16T04:01:11.202+0000] {processor.py:186} INFO - Started process (PID=1242) to work on /home/airflow/.local/lib/python3.12/site-packages/airflow/example_dags/example_xcomargs.py
[2024-10-16T04:01:11.202+0000] {processor.py:914} INFO - Processing file /home/airflow/.local/lib/python3.12/site-packages/airflow/example_dags/example_xcomargs.py for tasks to queue
[2024-10-16T04:01:11.203+0000] {logging_mixin.py:190} INFO - [2024-10-16T04:01:11.203+0000] {dagbag.py:588} INFO - Filling up the DagBag from /home/airflow/.local/lib/python3.12/site-packages/airflow/example_dags/example_xcomargs.py
[2024-10-16T04:01:11.208+0000] {processor.py:925} INFO - DAG(s) 'example_xcom_args_with_operators', 'example_xcom_args' retrieved from /home/airflow/.local/lib/python3.12/site-packages/airflow/example_dags/example_xcomargs.py
[2024-10-16T04:01:11.217+0000] {logging_mixin.py:190} INFO - [2024-10-16T04:01:11.217+0000] {dag.py:3239} INFO - Sync 2 DAGs
[2024-10-16T04:01:11.223+0000] {logging_mixin.py:190} INFO - [2024-10-16T04:01:11.223+0000] {dag.py:4180} INFO - Setting next_dagrun for example_xcom_args to None, run_after=None
[2024-10-16T04:01:11.225+0000] {logging_mixin.py:190} INFO - [2024-10-16T04:01:11.225+0000] {dag.py:4180} INFO - Setting next_dagrun for example_xcom_args_with_operators to None, run_after=None
[2024-10-16T04:01:11.230+0000] {processor.py:208} INFO - Processing /home/airflow/.local/lib/python3.12/site-packages/airflow/example_dags/example_xcomargs.py took 0.031 seconds
[2024-10-16T04:01:42.188+0000] {processor.py:186} INFO - Started process (PID=1304) to work on /home/airflow/.local/lib/python3.12/site-packages/airflow/example_dags/example_xcomargs.py
[2024-10-16T04:01:42.188+0000] {processor.py:914} INFO - Processing file /home/airflow/.local/lib/python3.12/site-packages/airflow/example_dags/example_xcomargs.py for tasks to queue
[2024-10-16T04:01:42.189+0000] {logging_mixin.py:190} INFO - [2024-10-16T04:01:42.189+0000] {dagbag.py:588} INFO - Filling up the DagBag from /home/airflow/.local/lib/python3.12/site-packages/airflow/example_dags/example_xcomargs.py
[2024-10-16T04:01:42.193+0000] {processor.py:925} INFO - DAG(s) 'example_xcom_args', 'example_xcom_args_with_operators' retrieved from /home/airflow/.local/lib/python3.12/site-packages/airflow/example_dags/example_xcomargs.py
[2024-10-16T04:01:42.202+0000] {logging_mixin.py:190} INFO - [2024-10-16T04:01:42.202+0000] {dag.py:3239} INFO - Sync 2 DAGs
[2024-10-16T04:01:42.208+0000] {logging_mixin.py:190} INFO - [2024-10-16T04:01:42.208+0000] {dag.py:4180} INFO - Setting next_dagrun for example_xcom_args to None, run_after=None
[2024-10-16T04:01:42.209+0000] {logging_mixin.py:190} INFO - [2024-10-16T04:01:42.209+0000] {dag.py:4180} INFO - Setting next_dagrun for example_xcom_args_with_operators to None, run_after=None
[2024-10-16T04:01:42.215+0000] {processor.py:208} INFO - Processing /home/airflow/.local/lib/python3.12/site-packages/airflow/example_dags/example_xcomargs.py took 0.030 seconds
[2024-10-16T04:02:13.175+0000] {processor.py:186} INFO - Started process (PID=1366) to work on /home/airflow/.local/lib/python3.12/site-packages/airflow/example_dags/example_xcomargs.py
[2024-10-16T04:02:13.175+0000] {processor.py:914} INFO - Processing file /home/airflow/.local/lib/python3.12/site-packages/airflow/example_dags/example_xcomargs.py for tasks to queue
[2024-10-16T04:02:13.177+0000] {logging_mixin.py:190} INFO - [2024-10-16T04:02:13.177+0000] {dagbag.py:588} INFO - Filling up the DagBag from /home/airflow/.local/lib/python3.12/site-packages/airflow/example_dags/example_xcomargs.py
[2024-10-16T04:02:13.182+0000] {processor.py:925} INFO - DAG(s) 'example_xcom_args', 'example_xcom_args_with_operators' retrieved from /home/airflow/.local/lib/python3.12/site-packages/airflow/example_dags/example_xcomargs.py
[2024-10-16T04:02:13.191+0000] {logging_mixin.py:190} INFO - [2024-10-16T04:02:13.191+0000] {dag.py:3239} INFO - Sync 2 DAGs
[2024-10-16T04:02:13.197+0000] {logging_mixin.py:190} INFO - [2024-10-16T04:02:13.197+0000] {dag.py:4180} INFO - Setting next_dagrun for example_xcom_args to None, run_after=None
[2024-10-16T04:02:13.199+0000] {logging_mixin.py:190} INFO - [2024-10-16T04:02:13.199+0000] {dag.py:4180} INFO - Setting next_dagrun for example_xcom_args_with_operators to None, run_after=None
[2024-10-16T04:02:13.206+0000] {processor.py:208} INFO - Processing /home/airflow/.local/lib/python3.12/site-packages/airflow/example_dags/example_xcomargs.py took 0.033 seconds
[2024-10-16T04:02:43.940+0000] {processor.py:186} INFO - Started process (PID=1428) to work on /home/airflow/.local/lib/python3.12/site-packages/airflow/example_dags/example_xcomargs.py
[2024-10-16T04:02:43.941+0000] {processor.py:914} INFO - Processing file /home/airflow/.local/lib/python3.12/site-packages/airflow/example_dags/example_xcomargs.py for tasks to queue
[2024-10-16T04:02:43.942+0000] {logging_mixin.py:190} INFO - [2024-10-16T04:02:43.942+0000] {dagbag.py:588} INFO - Filling up the DagBag from /home/airflow/.local/lib/python3.12/site-packages/airflow/example_dags/example_xcomargs.py
[2024-10-16T04:02:43.947+0000] {processor.py:925} INFO - DAG(s) 'example_xcom_args', 'example_xcom_args_with_operators' retrieved from /home/airflow/.local/lib/python3.12/site-packages/airflow/example_dags/example_xcomargs.py
[2024-10-16T04:02:43.956+0000] {logging_mixin.py:190} INFO - [2024-10-16T04:02:43.956+0000] {dag.py:3239} INFO - Sync 2 DAGs
[2024-10-16T04:02:43.962+0000] {logging_mixin.py:190} INFO - [2024-10-16T04:02:43.962+0000] {dag.py:4180} INFO - Setting next_dagrun for example_xcom_args to None, run_after=None
[2024-10-16T04:02:43.964+0000] {logging_mixin.py:190} INFO - [2024-10-16T04:02:43.964+0000] {dag.py:4180} INFO - Setting next_dagrun for example_xcom_args_with_operators to None, run_after=None
[2024-10-16T04:02:43.969+0000] {processor.py:208} INFO - Processing /home/airflow/.local/lib/python3.12/site-packages/airflow/example_dags/example_xcomargs.py took 0.031 seconds
[2024-10-16T04:03:14.864+0000] {processor.py:186} INFO - Started process (PID=1490) to work on /home/airflow/.local/lib/python3.12/site-packages/airflow/example_dags/example_xcomargs.py
[2024-10-16T04:03:14.865+0000] {processor.py:914} INFO - Processing file /home/airflow/.local/lib/python3.12/site-packages/airflow/example_dags/example_xcomargs.py for tasks to queue
[2024-10-16T04:03:14.866+0000] {logging_mixin.py:190} INFO - [2024-10-16T04:03:14.866+0000] {dagbag.py:588} INFO - Filling up the DagBag from /home/airflow/.local/lib/python3.12/site-packages/airflow/example_dags/example_xcomargs.py
[2024-10-16T04:03:14.872+0000] {processor.py:925} INFO - DAG(s) 'example_xcom_args', 'example_xcom_args_with_operators' retrieved from /home/airflow/.local/lib/python3.12/site-packages/airflow/example_dags/example_xcomargs.py
[2024-10-16T04:03:14.884+0000] {logging_mixin.py:190} INFO - [2024-10-16T04:03:14.884+0000] {dag.py:3239} INFO - Sync 2 DAGs
[2024-10-16T04:03:14.891+0000] {logging_mixin.py:190} INFO - [2024-10-16T04:03:14.890+0000] {dag.py:4180} INFO - Setting next_dagrun for example_xcom_args to None, run_after=None
[2024-10-16T04:03:14.892+0000] {logging_mixin.py:190} INFO - [2024-10-16T04:03:14.892+0000] {dag.py:4180} INFO - Setting next_dagrun for example_xcom_args_with_operators to None, run_after=None
[2024-10-16T04:03:14.898+0000] {processor.py:208} INFO - Processing /home/airflow/.local/lib/python3.12/site-packages/airflow/example_dags/example_xcomargs.py took 0.036 seconds
[2024-10-16T04:03:45.804+0000] {processor.py:186} INFO - Started process (PID=1557) to work on /home/airflow/.local/lib/python3.12/site-packages/airflow/example_dags/example_xcomargs.py
[2024-10-16T04:03:45.805+0000] {processor.py:914} INFO - Processing file /home/airflow/.local/lib/python3.12/site-packages/airflow/example_dags/example_xcomargs.py for tasks to queue
[2024-10-16T04:03:45.806+0000] {logging_mixin.py:190} INFO - [2024-10-16T04:03:45.806+0000] {dagbag.py:588} INFO - Filling up the DagBag from /home/airflow/.local/lib/python3.12/site-packages/airflow/example_dags/example_xcomargs.py
[2024-10-16T04:03:45.811+0000] {processor.py:925} INFO - DAG(s) 'example_xcom_args', 'example_xcom_args_with_operators' retrieved from /home/airflow/.local/lib/python3.12/site-packages/airflow/example_dags/example_xcomargs.py
[2024-10-16T04:03:45.820+0000] {logging_mixin.py:190} INFO - [2024-10-16T04:03:45.820+0000] {dag.py:3239} INFO - Sync 2 DAGs
[2024-10-16T04:03:45.826+0000] {logging_mixin.py:190} INFO - [2024-10-16T04:03:45.826+0000] {dag.py:4180} INFO - Setting next_dagrun for example_xcom_args to None, run_after=None
[2024-10-16T04:03:45.828+0000] {logging_mixin.py:190} INFO - [2024-10-16T04:03:45.827+0000] {dag.py:4180} INFO - Setting next_dagrun for example_xcom_args_with_operators to None, run_after=None
[2024-10-16T04:03:45.833+0000] {processor.py:208} INFO - Processing /home/airflow/.local/lib/python3.12/site-packages/airflow/example_dags/example_xcomargs.py took 0.032 seconds
[2024-10-16T04:04:16.713+0000] {processor.py:186} INFO - Started process (PID=1619) to work on /home/airflow/.local/lib/python3.12/site-packages/airflow/example_dags/example_xcomargs.py
[2024-10-16T04:04:16.714+0000] {processor.py:914} INFO - Processing file /home/airflow/.local/lib/python3.12/site-packages/airflow/example_dags/example_xcomargs.py for tasks to queue
[2024-10-16T04:04:16.715+0000] {logging_mixin.py:190} INFO - [2024-10-16T04:04:16.715+0000] {dagbag.py:588} INFO - Filling up the DagBag from /home/airflow/.local/lib/python3.12/site-packages/airflow/example_dags/example_xcomargs.py
[2024-10-16T04:04:16.719+0000] {processor.py:925} INFO - DAG(s) 'example_xcom_args_with_operators', 'example_xcom_args' retrieved from /home/airflow/.local/lib/python3.12/site-packages/airflow/example_dags/example_xcomargs.py
[2024-10-16T04:04:16.728+0000] {logging_mixin.py:190} INFO - [2024-10-16T04:04:16.728+0000] {dag.py:3239} INFO - Sync 2 DAGs
[2024-10-16T04:04:16.734+0000] {logging_mixin.py:190} INFO - [2024-10-16T04:04:16.733+0000] {dag.py:4180} INFO - Setting next_dagrun for example_xcom_args to None, run_after=None
[2024-10-16T04:04:16.735+0000] {logging_mixin.py:190} INFO - [2024-10-16T04:04:16.735+0000] {dag.py:4180} INFO - Setting next_dagrun for example_xcom_args_with_operators to None, run_after=None
[2024-10-16T04:04:16.741+0000] {processor.py:208} INFO - Processing /home/airflow/.local/lib/python3.12/site-packages/airflow/example_dags/example_xcomargs.py took 0.030 seconds
