[2024-10-16T03:51:26.898+0000] {processor.py:186} INFO - Started process (PID=69) to work on /home/airflow/.local/lib/python3.12/site-packages/airflow/example_dags/example_inlet_event_extra.py
[2024-10-16T03:51:26.899+0000] {processor.py:914} INFO - Processing file /home/airflow/.local/lib/python3.12/site-packages/airflow/example_dags/example_inlet_event_extra.py for tasks to queue
[2024-10-16T03:51:26.900+0000] {logging_mixin.py:190} INFO - [2024-10-16T03:51:26.900+0000] {dagbag.py:588} INFO - Filling up the DagBag from /home/airflow/.local/lib/python3.12/site-packages/airflow/example_dags/example_inlet_event_extra.py
[2024-10-16T03:51:26.993+0000] {processor.py:925} INFO - DAG(s) 'read_dataset_event_from_classic', 'read_dataset_event' retrieved from /home/airflow/.local/lib/python3.12/site-packages/airflow/example_dags/example_inlet_event_extra.py
[2024-10-16T03:51:27.012+0000] {logging_mixin.py:190} INFO - [2024-10-16T03:51:27.012+0000] {dag.py:3239} INFO - Sync 2 DAGs
[2024-10-16T03:51:27.028+0000] {logging_mixin.py:190} INFO - [2024-10-16T03:51:27.028+0000] {dag.py:4180} INFO - Setting next_dagrun for read_dataset_event to 2024-10-15 00:00:00+00:00, run_after=2024-10-16 00:00:00+00:00
[2024-10-16T03:51:27.030+0000] {logging_mixin.py:190} INFO - [2024-10-16T03:51:27.030+0000] {dag.py:4180} INFO - Setting next_dagrun for read_dataset_event_from_classic to 2024-10-15 00:00:00+00:00, run_after=2024-10-16 00:00:00+00:00
[2024-10-16T03:51:27.037+0000] {processor.py:208} INFO - Processing /home/airflow/.local/lib/python3.12/site-packages/airflow/example_dags/example_inlet_event_extra.py took 0.141 seconds
[2024-10-16T03:51:57.053+0000] {processor.py:186} INFO - Started process (PID=130) to work on /home/airflow/.local/lib/python3.12/site-packages/airflow/example_dags/example_inlet_event_extra.py
[2024-10-16T03:51:57.054+0000] {processor.py:914} INFO - Processing file /home/airflow/.local/lib/python3.12/site-packages/airflow/example_dags/example_inlet_event_extra.py for tasks to queue
[2024-10-16T03:51:57.055+0000] {logging_mixin.py:190} INFO - [2024-10-16T03:51:57.055+0000] {dagbag.py:588} INFO - Filling up the DagBag from /home/airflow/.local/lib/python3.12/site-packages/airflow/example_dags/example_inlet_event_extra.py
[2024-10-16T03:51:57.160+0000] {processor.py:925} INFO - DAG(s) 'read_dataset_event_from_classic', 'read_dataset_event' retrieved from /home/airflow/.local/lib/python3.12/site-packages/airflow/example_dags/example_inlet_event_extra.py
[2024-10-16T03:51:57.171+0000] {logging_mixin.py:190} INFO - [2024-10-16T03:51:57.171+0000] {dag.py:3239} INFO - Sync 2 DAGs
[2024-10-16T03:51:57.182+0000] {logging_mixin.py:190} INFO - [2024-10-16T03:51:57.182+0000] {dag.py:4180} INFO - Setting next_dagrun for read_dataset_event to 2024-10-15 00:00:00+00:00, run_after=2024-10-16 00:00:00+00:00
[2024-10-16T03:51:57.184+0000] {logging_mixin.py:190} INFO - [2024-10-16T03:51:57.184+0000] {dag.py:4180} INFO - Setting next_dagrun for read_dataset_event_from_classic to 2024-10-15 00:00:00+00:00, run_after=2024-10-16 00:00:00+00:00
[2024-10-16T03:51:57.191+0000] {processor.py:208} INFO - Processing /home/airflow/.local/lib/python3.12/site-packages/airflow/example_dags/example_inlet_event_extra.py took 0.141 seconds
[2024-10-16T03:52:27.331+0000] {processor.py:186} INFO - Started process (PID=192) to work on /home/airflow/.local/lib/python3.12/site-packages/airflow/example_dags/example_inlet_event_extra.py
[2024-10-16T03:52:27.332+0000] {processor.py:914} INFO - Processing file /home/airflow/.local/lib/python3.12/site-packages/airflow/example_dags/example_inlet_event_extra.py for tasks to queue
[2024-10-16T03:52:27.333+0000] {logging_mixin.py:190} INFO - [2024-10-16T03:52:27.333+0000] {dagbag.py:588} INFO - Filling up the DagBag from /home/airflow/.local/lib/python3.12/site-packages/airflow/example_dags/example_inlet_event_extra.py
[2024-10-16T03:52:27.417+0000] {processor.py:925} INFO - DAG(s) 'read_dataset_event', 'read_dataset_event_from_classic' retrieved from /home/airflow/.local/lib/python3.12/site-packages/airflow/example_dags/example_inlet_event_extra.py
[2024-10-16T03:52:27.428+0000] {logging_mixin.py:190} INFO - [2024-10-16T03:52:27.428+0000] {dag.py:3239} INFO - Sync 2 DAGs
[2024-10-16T03:52:27.438+0000] {logging_mixin.py:190} INFO - [2024-10-16T03:52:27.438+0000] {dag.py:4180} INFO - Setting next_dagrun for read_dataset_event to 2024-10-15 00:00:00+00:00, run_after=2024-10-16 00:00:00+00:00
[2024-10-16T03:52:27.440+0000] {logging_mixin.py:190} INFO - [2024-10-16T03:52:27.440+0000] {dag.py:4180} INFO - Setting next_dagrun for read_dataset_event_from_classic to 2024-10-15 00:00:00+00:00, run_after=2024-10-16 00:00:00+00:00
[2024-10-16T03:52:27.446+0000] {processor.py:208} INFO - Processing /home/airflow/.local/lib/python3.12/site-packages/airflow/example_dags/example_inlet_event_extra.py took 0.117 seconds
[2024-10-16T03:52:58.493+0000] {processor.py:186} INFO - Started process (PID=254) to work on /home/airflow/.local/lib/python3.12/site-packages/airflow/example_dags/example_inlet_event_extra.py
[2024-10-16T03:52:58.493+0000] {processor.py:914} INFO - Processing file /home/airflow/.local/lib/python3.12/site-packages/airflow/example_dags/example_inlet_event_extra.py for tasks to queue
[2024-10-16T03:52:58.494+0000] {logging_mixin.py:190} INFO - [2024-10-16T03:52:58.494+0000] {dagbag.py:588} INFO - Filling up the DagBag from /home/airflow/.local/lib/python3.12/site-packages/airflow/example_dags/example_inlet_event_extra.py
[2024-10-16T03:52:58.596+0000] {processor.py:925} INFO - DAG(s) 'read_dataset_event', 'read_dataset_event_from_classic' retrieved from /home/airflow/.local/lib/python3.12/site-packages/airflow/example_dags/example_inlet_event_extra.py
[2024-10-16T03:52:58.610+0000] {logging_mixin.py:190} INFO - [2024-10-16T03:52:58.610+0000] {dag.py:3239} INFO - Sync 2 DAGs
[2024-10-16T03:52:58.621+0000] {logging_mixin.py:190} INFO - [2024-10-16T03:52:58.621+0000] {dag.py:4180} INFO - Setting next_dagrun for read_dataset_event to 2024-10-15 00:00:00+00:00, run_after=2024-10-16 00:00:00+00:00
[2024-10-16T03:52:58.623+0000] {logging_mixin.py:190} INFO - [2024-10-16T03:52:58.623+0000] {dag.py:4180} INFO - Setting next_dagrun for read_dataset_event_from_classic to 2024-10-15 00:00:00+00:00, run_after=2024-10-16 00:00:00+00:00
[2024-10-16T03:52:58.630+0000] {processor.py:208} INFO - Processing /home/airflow/.local/lib/python3.12/site-packages/airflow/example_dags/example_inlet_event_extra.py took 0.139 seconds
[2024-10-16T03:53:29.509+0000] {processor.py:186} INFO - Started process (PID=316) to work on /home/airflow/.local/lib/python3.12/site-packages/airflow/example_dags/example_inlet_event_extra.py
[2024-10-16T03:53:29.510+0000] {processor.py:914} INFO - Processing file /home/airflow/.local/lib/python3.12/site-packages/airflow/example_dags/example_inlet_event_extra.py for tasks to queue
[2024-10-16T03:53:29.511+0000] {logging_mixin.py:190} INFO - [2024-10-16T03:53:29.511+0000] {dagbag.py:588} INFO - Filling up the DagBag from /home/airflow/.local/lib/python3.12/site-packages/airflow/example_dags/example_inlet_event_extra.py
[2024-10-16T03:53:29.601+0000] {processor.py:925} INFO - DAG(s) 'read_dataset_event', 'read_dataset_event_from_classic' retrieved from /home/airflow/.local/lib/python3.12/site-packages/airflow/example_dags/example_inlet_event_extra.py
[2024-10-16T03:53:29.610+0000] {logging_mixin.py:190} INFO - [2024-10-16T03:53:29.610+0000] {dag.py:3239} INFO - Sync 2 DAGs
[2024-10-16T03:53:29.621+0000] {logging_mixin.py:190} INFO - [2024-10-16T03:53:29.621+0000] {dag.py:4180} INFO - Setting next_dagrun for read_dataset_event to 2024-10-15 00:00:00+00:00, run_after=2024-10-16 00:00:00+00:00
[2024-10-16T03:53:29.623+0000] {logging_mixin.py:190} INFO - [2024-10-16T03:53:29.623+0000] {dag.py:4180} INFO - Setting next_dagrun for read_dataset_event_from_classic to 2024-10-15 00:00:00+00:00, run_after=2024-10-16 00:00:00+00:00
[2024-10-16T03:53:29.629+0000] {processor.py:208} INFO - Processing /home/airflow/.local/lib/python3.12/site-packages/airflow/example_dags/example_inlet_event_extra.py took 0.122 seconds
[2024-10-16T03:54:00.484+0000] {processor.py:186} INFO - Started process (PID=378) to work on /home/airflow/.local/lib/python3.12/site-packages/airflow/example_dags/example_inlet_event_extra.py
[2024-10-16T03:54:00.484+0000] {processor.py:914} INFO - Processing file /home/airflow/.local/lib/python3.12/site-packages/airflow/example_dags/example_inlet_event_extra.py for tasks to queue
[2024-10-16T03:54:00.485+0000] {logging_mixin.py:190} INFO - [2024-10-16T03:54:00.485+0000] {dagbag.py:588} INFO - Filling up the DagBag from /home/airflow/.local/lib/python3.12/site-packages/airflow/example_dags/example_inlet_event_extra.py
[2024-10-16T03:54:00.577+0000] {processor.py:925} INFO - DAG(s) 'read_dataset_event_from_classic', 'read_dataset_event' retrieved from /home/airflow/.local/lib/python3.12/site-packages/airflow/example_dags/example_inlet_event_extra.py
[2024-10-16T03:54:00.586+0000] {logging_mixin.py:190} INFO - [2024-10-16T03:54:00.586+0000] {dag.py:3239} INFO - Sync 2 DAGs
[2024-10-16T03:54:00.607+0000] {logging_mixin.py:190} INFO - [2024-10-16T03:54:00.607+0000] {dag.py:4180} INFO - Setting next_dagrun for read_dataset_event to 2024-10-15 00:00:00+00:00, run_after=2024-10-16 00:00:00+00:00
[2024-10-16T03:54:00.610+0000] {logging_mixin.py:190} INFO - [2024-10-16T03:54:00.610+0000] {dag.py:4180} INFO - Setting next_dagrun for read_dataset_event_from_classic to 2024-10-15 00:00:00+00:00, run_after=2024-10-16 00:00:00+00:00
[2024-10-16T03:54:00.616+0000] {processor.py:208} INFO - Processing /home/airflow/.local/lib/python3.12/site-packages/airflow/example_dags/example_inlet_event_extra.py took 0.135 seconds
[2024-10-16T03:54:31.391+0000] {processor.py:186} INFO - Started process (PID=440) to work on /home/airflow/.local/lib/python3.12/site-packages/airflow/example_dags/example_inlet_event_extra.py
[2024-10-16T03:54:31.392+0000] {processor.py:914} INFO - Processing file /home/airflow/.local/lib/python3.12/site-packages/airflow/example_dags/example_inlet_event_extra.py for tasks to queue
[2024-10-16T03:54:31.392+0000] {logging_mixin.py:190} INFO - [2024-10-16T03:54:31.392+0000] {dagbag.py:588} INFO - Filling up the DagBag from /home/airflow/.local/lib/python3.12/site-packages/airflow/example_dags/example_inlet_event_extra.py
[2024-10-16T03:54:31.469+0000] {processor.py:925} INFO - DAG(s) 'read_dataset_event_from_classic', 'read_dataset_event' retrieved from /home/airflow/.local/lib/python3.12/site-packages/airflow/example_dags/example_inlet_event_extra.py
[2024-10-16T03:54:31.480+0000] {logging_mixin.py:190} INFO - [2024-10-16T03:54:31.480+0000] {dag.py:3239} INFO - Sync 2 DAGs
[2024-10-16T03:54:31.491+0000] {logging_mixin.py:190} INFO - [2024-10-16T03:54:31.491+0000] {dag.py:4180} INFO - Setting next_dagrun for read_dataset_event to 2024-10-15 00:00:00+00:00, run_after=2024-10-16 00:00:00+00:00
[2024-10-16T03:54:31.494+0000] {logging_mixin.py:190} INFO - [2024-10-16T03:54:31.494+0000] {dag.py:4180} INFO - Setting next_dagrun for read_dataset_event_from_classic to 2024-10-15 00:00:00+00:00, run_after=2024-10-16 00:00:00+00:00
[2024-10-16T03:54:31.500+0000] {processor.py:208} INFO - Processing /home/airflow/.local/lib/python3.12/site-packages/airflow/example_dags/example_inlet_event_extra.py took 0.111 seconds
[2024-10-16T03:55:02.414+0000] {processor.py:186} INFO - Started process (PID=502) to work on /home/airflow/.local/lib/python3.12/site-packages/airflow/example_dags/example_inlet_event_extra.py
[2024-10-16T03:55:02.415+0000] {processor.py:914} INFO - Processing file /home/airflow/.local/lib/python3.12/site-packages/airflow/example_dags/example_inlet_event_extra.py for tasks to queue
[2024-10-16T03:55:02.416+0000] {logging_mixin.py:190} INFO - [2024-10-16T03:55:02.415+0000] {dagbag.py:588} INFO - Filling up the DagBag from /home/airflow/.local/lib/python3.12/site-packages/airflow/example_dags/example_inlet_event_extra.py
[2024-10-16T03:55:02.501+0000] {processor.py:925} INFO - DAG(s) 'read_dataset_event_from_classic', 'read_dataset_event' retrieved from /home/airflow/.local/lib/python3.12/site-packages/airflow/example_dags/example_inlet_event_extra.py
[2024-10-16T03:55:02.511+0000] {logging_mixin.py:190} INFO - [2024-10-16T03:55:02.511+0000] {dag.py:3239} INFO - Sync 2 DAGs
[2024-10-16T03:55:02.522+0000] {logging_mixin.py:190} INFO - [2024-10-16T03:55:02.522+0000] {dag.py:4180} INFO - Setting next_dagrun for read_dataset_event to 2024-10-15 00:00:00+00:00, run_after=2024-10-16 00:00:00+00:00
[2024-10-16T03:55:02.524+0000] {logging_mixin.py:190} INFO - [2024-10-16T03:55:02.524+0000] {dag.py:4180} INFO - Setting next_dagrun for read_dataset_event_from_classic to 2024-10-15 00:00:00+00:00, run_after=2024-10-16 00:00:00+00:00
[2024-10-16T03:55:02.530+0000] {processor.py:208} INFO - Processing /home/airflow/.local/lib/python3.12/site-packages/airflow/example_dags/example_inlet_event_extra.py took 0.119 seconds
[2024-10-16T03:55:33.487+0000] {processor.py:186} INFO - Started process (PID=564) to work on /home/airflow/.local/lib/python3.12/site-packages/airflow/example_dags/example_inlet_event_extra.py
[2024-10-16T03:55:33.488+0000] {processor.py:914} INFO - Processing file /home/airflow/.local/lib/python3.12/site-packages/airflow/example_dags/example_inlet_event_extra.py for tasks to queue
[2024-10-16T03:55:33.489+0000] {logging_mixin.py:190} INFO - [2024-10-16T03:55:33.489+0000] {dagbag.py:588} INFO - Filling up the DagBag from /home/airflow/.local/lib/python3.12/site-packages/airflow/example_dags/example_inlet_event_extra.py
[2024-10-16T03:55:33.577+0000] {processor.py:925} INFO - DAG(s) 'read_dataset_event_from_classic', 'read_dataset_event' retrieved from /home/airflow/.local/lib/python3.12/site-packages/airflow/example_dags/example_inlet_event_extra.py
[2024-10-16T03:55:33.600+0000] {logging_mixin.py:190} INFO - [2024-10-16T03:55:33.600+0000] {dag.py:3239} INFO - Sync 2 DAGs
[2024-10-16T03:55:33.614+0000] {logging_mixin.py:190} INFO - [2024-10-16T03:55:33.614+0000] {dag.py:4180} INFO - Setting next_dagrun for read_dataset_event to 2024-10-15 00:00:00+00:00, run_after=2024-10-16 00:00:00+00:00
[2024-10-16T03:55:33.616+0000] {logging_mixin.py:190} INFO - [2024-10-16T03:55:33.616+0000] {dag.py:4180} INFO - Setting next_dagrun for read_dataset_event_from_classic to 2024-10-15 00:00:00+00:00, run_after=2024-10-16 00:00:00+00:00
[2024-10-16T03:55:33.625+0000] {processor.py:208} INFO - Processing /home/airflow/.local/lib/python3.12/site-packages/airflow/example_dags/example_inlet_event_extra.py took 0.140 seconds
[2024-10-16T03:56:03.678+0000] {processor.py:186} INFO - Started process (PID=626) to work on /home/airflow/.local/lib/python3.12/site-packages/airflow/example_dags/example_inlet_event_extra.py
[2024-10-16T03:56:03.679+0000] {processor.py:914} INFO - Processing file /home/airflow/.local/lib/python3.12/site-packages/airflow/example_dags/example_inlet_event_extra.py for tasks to queue
[2024-10-16T03:56:03.679+0000] {logging_mixin.py:190} INFO - [2024-10-16T03:56:03.679+0000] {dagbag.py:588} INFO - Filling up the DagBag from /home/airflow/.local/lib/python3.12/site-packages/airflow/example_dags/example_inlet_event_extra.py
[2024-10-16T03:56:03.762+0000] {processor.py:925} INFO - DAG(s) 'read_dataset_event_from_classic', 'read_dataset_event' retrieved from /home/airflow/.local/lib/python3.12/site-packages/airflow/example_dags/example_inlet_event_extra.py
[2024-10-16T03:56:03.776+0000] {logging_mixin.py:190} INFO - [2024-10-16T03:56:03.776+0000] {dag.py:3239} INFO - Sync 2 DAGs
[2024-10-16T03:56:03.790+0000] {logging_mixin.py:190} INFO - [2024-10-16T03:56:03.790+0000] {dag.py:4180} INFO - Setting next_dagrun for read_dataset_event to 2024-10-15 00:00:00+00:00, run_after=2024-10-16 00:00:00+00:00
[2024-10-16T03:56:03.794+0000] {logging_mixin.py:190} INFO - [2024-10-16T03:56:03.794+0000] {dag.py:4180} INFO - Setting next_dagrun for read_dataset_event_from_classic to 2024-10-15 00:00:00+00:00, run_after=2024-10-16 00:00:00+00:00
[2024-10-16T03:56:03.802+0000] {processor.py:208} INFO - Processing /home/airflow/.local/lib/python3.12/site-packages/airflow/example_dags/example_inlet_event_extra.py took 0.126 seconds
[2024-10-16T03:56:34.859+0000] {processor.py:186} INFO - Started process (PID=688) to work on /home/airflow/.local/lib/python3.12/site-packages/airflow/example_dags/example_inlet_event_extra.py
[2024-10-16T03:56:34.859+0000] {processor.py:914} INFO - Processing file /home/airflow/.local/lib/python3.12/site-packages/airflow/example_dags/example_inlet_event_extra.py for tasks to queue
[2024-10-16T03:56:34.861+0000] {logging_mixin.py:190} INFO - [2024-10-16T03:56:34.861+0000] {dagbag.py:588} INFO - Filling up the DagBag from /home/airflow/.local/lib/python3.12/site-packages/airflow/example_dags/example_inlet_event_extra.py
[2024-10-16T03:56:34.962+0000] {processor.py:925} INFO - DAG(s) 'read_dataset_event', 'read_dataset_event_from_classic' retrieved from /home/airflow/.local/lib/python3.12/site-packages/airflow/example_dags/example_inlet_event_extra.py
[2024-10-16T03:56:34.973+0000] {logging_mixin.py:190} INFO - [2024-10-16T03:56:34.972+0000] {dag.py:3239} INFO - Sync 2 DAGs
[2024-10-16T03:56:34.984+0000] {logging_mixin.py:190} INFO - [2024-10-16T03:56:34.984+0000] {dag.py:4180} INFO - Setting next_dagrun for read_dataset_event to 2024-10-15 00:00:00+00:00, run_after=2024-10-16 00:00:00+00:00
[2024-10-16T03:56:34.987+0000] {logging_mixin.py:190} INFO - [2024-10-16T03:56:34.987+0000] {dag.py:4180} INFO - Setting next_dagrun for read_dataset_event_from_classic to 2024-10-15 00:00:00+00:00, run_after=2024-10-16 00:00:00+00:00
[2024-10-16T03:56:34.993+0000] {processor.py:208} INFO - Processing /home/airflow/.local/lib/python3.12/site-packages/airflow/example_dags/example_inlet_event_extra.py took 0.140 seconds
[2024-10-16T03:57:05.133+0000] {processor.py:186} INFO - Started process (PID=750) to work on /home/airflow/.local/lib/python3.12/site-packages/airflow/example_dags/example_inlet_event_extra.py
[2024-10-16T03:57:05.134+0000] {processor.py:914} INFO - Processing file /home/airflow/.local/lib/python3.12/site-packages/airflow/example_dags/example_inlet_event_extra.py for tasks to queue
[2024-10-16T03:57:05.135+0000] {logging_mixin.py:190} INFO - [2024-10-16T03:57:05.135+0000] {dagbag.py:588} INFO - Filling up the DagBag from /home/airflow/.local/lib/python3.12/site-packages/airflow/example_dags/example_inlet_event_extra.py
[2024-10-16T03:57:05.232+0000] {processor.py:925} INFO - DAG(s) 'read_dataset_event', 'read_dataset_event_from_classic' retrieved from /home/airflow/.local/lib/python3.12/site-packages/airflow/example_dags/example_inlet_event_extra.py
[2024-10-16T03:57:05.244+0000] {logging_mixin.py:190} INFO - [2024-10-16T03:57:05.244+0000] {dag.py:3239} INFO - Sync 2 DAGs
[2024-10-16T03:57:05.254+0000] {logging_mixin.py:190} INFO - [2024-10-16T03:57:05.254+0000] {dag.py:4180} INFO - Setting next_dagrun for read_dataset_event to 2024-10-15 00:00:00+00:00, run_after=2024-10-16 00:00:00+00:00
[2024-10-16T03:57:05.257+0000] {logging_mixin.py:190} INFO - [2024-10-16T03:57:05.257+0000] {dag.py:4180} INFO - Setting next_dagrun for read_dataset_event_from_classic to 2024-10-15 00:00:00+00:00, run_after=2024-10-16 00:00:00+00:00
[2024-10-16T03:57:05.263+0000] {processor.py:208} INFO - Processing /home/airflow/.local/lib/python3.12/site-packages/airflow/example_dags/example_inlet_event_extra.py took 0.132 seconds
[2024-10-16T03:57:36.136+0000] {processor.py:186} INFO - Started process (PID=812) to work on /home/airflow/.local/lib/python3.12/site-packages/airflow/example_dags/example_inlet_event_extra.py
[2024-10-16T03:57:36.137+0000] {processor.py:914} INFO - Processing file /home/airflow/.local/lib/python3.12/site-packages/airflow/example_dags/example_inlet_event_extra.py for tasks to queue
[2024-10-16T03:57:36.138+0000] {logging_mixin.py:190} INFO - [2024-10-16T03:57:36.137+0000] {dagbag.py:588} INFO - Filling up the DagBag from /home/airflow/.local/lib/python3.12/site-packages/airflow/example_dags/example_inlet_event_extra.py
[2024-10-16T03:57:36.215+0000] {processor.py:925} INFO - DAG(s) 'read_dataset_event', 'read_dataset_event_from_classic' retrieved from /home/airflow/.local/lib/python3.12/site-packages/airflow/example_dags/example_inlet_event_extra.py
[2024-10-16T03:57:36.223+0000] {logging_mixin.py:190} INFO - [2024-10-16T03:57:36.223+0000] {dag.py:3239} INFO - Sync 2 DAGs
[2024-10-16T03:57:36.233+0000] {logging_mixin.py:190} INFO - [2024-10-16T03:57:36.233+0000] {dag.py:4180} INFO - Setting next_dagrun for read_dataset_event to 2024-10-15 00:00:00+00:00, run_after=2024-10-16 00:00:00+00:00
[2024-10-16T03:57:36.235+0000] {logging_mixin.py:190} INFO - [2024-10-16T03:57:36.234+0000] {dag.py:4180} INFO - Setting next_dagrun for read_dataset_event_from_classic to 2024-10-15 00:00:00+00:00, run_after=2024-10-16 00:00:00+00:00
[2024-10-16T03:57:36.241+0000] {processor.py:208} INFO - Processing /home/airflow/.local/lib/python3.12/site-packages/airflow/example_dags/example_inlet_event_extra.py took 0.107 seconds
[2024-10-16T03:58:07.280+0000] {processor.py:186} INFO - Started process (PID=874) to work on /home/airflow/.local/lib/python3.12/site-packages/airflow/example_dags/example_inlet_event_extra.py
[2024-10-16T03:58:07.280+0000] {processor.py:914} INFO - Processing file /home/airflow/.local/lib/python3.12/site-packages/airflow/example_dags/example_inlet_event_extra.py for tasks to queue
[2024-10-16T03:58:07.282+0000] {logging_mixin.py:190} INFO - [2024-10-16T03:58:07.282+0000] {dagbag.py:588} INFO - Filling up the DagBag from /home/airflow/.local/lib/python3.12/site-packages/airflow/example_dags/example_inlet_event_extra.py
[2024-10-16T03:58:07.383+0000] {processor.py:925} INFO - DAG(s) 'read_dataset_event_from_classic', 'read_dataset_event' retrieved from /home/airflow/.local/lib/python3.12/site-packages/airflow/example_dags/example_inlet_event_extra.py
[2024-10-16T03:58:07.392+0000] {logging_mixin.py:190} INFO - [2024-10-16T03:58:07.392+0000] {dag.py:3239} INFO - Sync 2 DAGs
[2024-10-16T03:58:07.402+0000] {logging_mixin.py:190} INFO - [2024-10-16T03:58:07.402+0000] {dag.py:4180} INFO - Setting next_dagrun for read_dataset_event to 2024-10-15 00:00:00+00:00, run_after=2024-10-16 00:00:00+00:00
[2024-10-16T03:58:07.404+0000] {logging_mixin.py:190} INFO - [2024-10-16T03:58:07.404+0000] {dag.py:4180} INFO - Setting next_dagrun for read_dataset_event_from_classic to 2024-10-15 00:00:00+00:00, run_after=2024-10-16 00:00:00+00:00
[2024-10-16T03:58:07.414+0000] {processor.py:208} INFO - Processing /home/airflow/.local/lib/python3.12/site-packages/airflow/example_dags/example_inlet_event_extra.py took 0.138 seconds
[2024-10-16T03:58:37.814+0000] {processor.py:186} INFO - Started process (PID=936) to work on /home/airflow/.local/lib/python3.12/site-packages/airflow/example_dags/example_inlet_event_extra.py
[2024-10-16T03:58:37.814+0000] {processor.py:914} INFO - Processing file /home/airflow/.local/lib/python3.12/site-packages/airflow/example_dags/example_inlet_event_extra.py for tasks to queue
[2024-10-16T03:58:37.815+0000] {logging_mixin.py:190} INFO - [2024-10-16T03:58:37.815+0000] {dagbag.py:588} INFO - Filling up the DagBag from /home/airflow/.local/lib/python3.12/site-packages/airflow/example_dags/example_inlet_event_extra.py
[2024-10-16T03:58:37.898+0000] {processor.py:925} INFO - DAG(s) 'read_dataset_event_from_classic', 'read_dataset_event' retrieved from /home/airflow/.local/lib/python3.12/site-packages/airflow/example_dags/example_inlet_event_extra.py
[2024-10-16T03:58:37.907+0000] {logging_mixin.py:190} INFO - [2024-10-16T03:58:37.907+0000] {dag.py:3239} INFO - Sync 2 DAGs
[2024-10-16T03:58:37.917+0000] {logging_mixin.py:190} INFO - [2024-10-16T03:58:37.917+0000] {dag.py:4180} INFO - Setting next_dagrun for read_dataset_event to 2024-10-15 00:00:00+00:00, run_after=2024-10-16 00:00:00+00:00
[2024-10-16T03:58:37.919+0000] {logging_mixin.py:190} INFO - [2024-10-16T03:58:37.919+0000] {dag.py:4180} INFO - Setting next_dagrun for read_dataset_event_from_classic to 2024-10-15 00:00:00+00:00, run_after=2024-10-16 00:00:00+00:00
[2024-10-16T03:58:37.925+0000] {processor.py:208} INFO - Processing /home/airflow/.local/lib/python3.12/site-packages/airflow/example_dags/example_inlet_event_extra.py took 0.113 seconds
[2024-10-16T03:59:08.762+0000] {processor.py:186} INFO - Started process (PID=998) to work on /home/airflow/.local/lib/python3.12/site-packages/airflow/example_dags/example_inlet_event_extra.py
[2024-10-16T03:59:08.763+0000] {processor.py:914} INFO - Processing file /home/airflow/.local/lib/python3.12/site-packages/airflow/example_dags/example_inlet_event_extra.py for tasks to queue
[2024-10-16T03:59:08.765+0000] {logging_mixin.py:190} INFO - [2024-10-16T03:59:08.764+0000] {dagbag.py:588} INFO - Filling up the DagBag from /home/airflow/.local/lib/python3.12/site-packages/airflow/example_dags/example_inlet_event_extra.py
[2024-10-16T03:59:08.873+0000] {processor.py:925} INFO - DAG(s) 'read_dataset_event', 'read_dataset_event_from_classic' retrieved from /home/airflow/.local/lib/python3.12/site-packages/airflow/example_dags/example_inlet_event_extra.py
[2024-10-16T03:59:08.888+0000] {logging_mixin.py:190} INFO - [2024-10-16T03:59:08.887+0000] {dag.py:3239} INFO - Sync 2 DAGs
[2024-10-16T03:59:08.899+0000] {logging_mixin.py:190} INFO - [2024-10-16T03:59:08.899+0000] {dag.py:4180} INFO - Setting next_dagrun for read_dataset_event to 2024-10-15 00:00:00+00:00, run_after=2024-10-16 00:00:00+00:00
[2024-10-16T03:59:08.903+0000] {logging_mixin.py:190} INFO - [2024-10-16T03:59:08.903+0000] {dag.py:4180} INFO - Setting next_dagrun for read_dataset_event_from_classic to 2024-10-15 00:00:00+00:00, run_after=2024-10-16 00:00:00+00:00
[2024-10-16T03:59:08.911+0000] {processor.py:208} INFO - Processing /home/airflow/.local/lib/python3.12/site-packages/airflow/example_dags/example_inlet_event_extra.py took 0.152 seconds
[2024-10-16T03:59:38.926+0000] {processor.py:186} INFO - Started process (PID=1061) to work on /home/airflow/.local/lib/python3.12/site-packages/airflow/example_dags/example_inlet_event_extra.py
[2024-10-16T03:59:38.927+0000] {processor.py:914} INFO - Processing file /home/airflow/.local/lib/python3.12/site-packages/airflow/example_dags/example_inlet_event_extra.py for tasks to queue
[2024-10-16T03:59:38.928+0000] {logging_mixin.py:190} INFO - [2024-10-16T03:59:38.928+0000] {dagbag.py:588} INFO - Filling up the DagBag from /home/airflow/.local/lib/python3.12/site-packages/airflow/example_dags/example_inlet_event_extra.py
[2024-10-16T03:59:39.007+0000] {processor.py:925} INFO - DAG(s) 'read_dataset_event_from_classic', 'read_dataset_event' retrieved from /home/airflow/.local/lib/python3.12/site-packages/airflow/example_dags/example_inlet_event_extra.py
[2024-10-16T03:59:39.016+0000] {logging_mixin.py:190} INFO - [2024-10-16T03:59:39.016+0000] {dag.py:3239} INFO - Sync 2 DAGs
[2024-10-16T03:59:39.041+0000] {logging_mixin.py:190} INFO - [2024-10-16T03:59:39.041+0000] {dag.py:4180} INFO - Setting next_dagrun for read_dataset_event to 2024-10-15 00:00:00+00:00, run_after=2024-10-16 00:00:00+00:00
[2024-10-16T03:59:39.050+0000] {logging_mixin.py:190} INFO - [2024-10-16T03:59:39.050+0000] {dag.py:4180} INFO - Setting next_dagrun for read_dataset_event_from_classic to 2024-10-15 00:00:00+00:00, run_after=2024-10-16 00:00:00+00:00
[2024-10-16T03:59:39.056+0000] {processor.py:208} INFO - Processing /home/airflow/.local/lib/python3.12/site-packages/airflow/example_dags/example_inlet_event_extra.py took 0.132 seconds
[2024-10-16T04:00:09.160+0000] {processor.py:186} INFO - Started process (PID=1123) to work on /home/airflow/.local/lib/python3.12/site-packages/airflow/example_dags/example_inlet_event_extra.py
[2024-10-16T04:00:09.160+0000] {processor.py:914} INFO - Processing file /home/airflow/.local/lib/python3.12/site-packages/airflow/example_dags/example_inlet_event_extra.py for tasks to queue
[2024-10-16T04:00:09.161+0000] {logging_mixin.py:190} INFO - [2024-10-16T04:00:09.161+0000] {dagbag.py:588} INFO - Filling up the DagBag from /home/airflow/.local/lib/python3.12/site-packages/airflow/example_dags/example_inlet_event_extra.py
[2024-10-16T04:00:09.246+0000] {processor.py:925} INFO - DAG(s) 'read_dataset_event_from_classic', 'read_dataset_event' retrieved from /home/airflow/.local/lib/python3.12/site-packages/airflow/example_dags/example_inlet_event_extra.py
[2024-10-16T04:00:09.255+0000] {logging_mixin.py:190} INFO - [2024-10-16T04:00:09.255+0000] {dag.py:3239} INFO - Sync 2 DAGs
[2024-10-16T04:00:09.268+0000] {logging_mixin.py:190} INFO - [2024-10-16T04:00:09.268+0000] {dag.py:4180} INFO - Setting next_dagrun for read_dataset_event to 2024-10-15 00:00:00+00:00, run_after=2024-10-16 00:00:00+00:00
[2024-10-16T04:00:09.270+0000] {logging_mixin.py:190} INFO - [2024-10-16T04:00:09.270+0000] {dag.py:4180} INFO - Setting next_dagrun for read_dataset_event_from_classic to 2024-10-15 00:00:00+00:00, run_after=2024-10-16 00:00:00+00:00
[2024-10-16T04:00:09.276+0000] {processor.py:208} INFO - Processing /home/airflow/.local/lib/python3.12/site-packages/airflow/example_dags/example_inlet_event_extra.py took 0.119 seconds
[2024-10-16T04:00:40.276+0000] {processor.py:186} INFO - Started process (PID=1184) to work on /home/airflow/.local/lib/python3.12/site-packages/airflow/example_dags/example_inlet_event_extra.py
[2024-10-16T04:00:40.277+0000] {processor.py:914} INFO - Processing file /home/airflow/.local/lib/python3.12/site-packages/airflow/example_dags/example_inlet_event_extra.py for tasks to queue
[2024-10-16T04:00:40.278+0000] {logging_mixin.py:190} INFO - [2024-10-16T04:00:40.277+0000] {dagbag.py:588} INFO - Filling up the DagBag from /home/airflow/.local/lib/python3.12/site-packages/airflow/example_dags/example_inlet_event_extra.py
[2024-10-16T04:00:40.394+0000] {processor.py:925} INFO - DAG(s) 'read_dataset_event', 'read_dataset_event_from_classic' retrieved from /home/airflow/.local/lib/python3.12/site-packages/airflow/example_dags/example_inlet_event_extra.py
[2024-10-16T04:00:40.412+0000] {logging_mixin.py:190} INFO - [2024-10-16T04:00:40.412+0000] {dag.py:3239} INFO - Sync 2 DAGs
[2024-10-16T04:00:40.424+0000] {logging_mixin.py:190} INFO - [2024-10-16T04:00:40.424+0000] {dag.py:4180} INFO - Setting next_dagrun for read_dataset_event to 2024-10-15 00:00:00+00:00, run_after=2024-10-16 00:00:00+00:00
[2024-10-16T04:00:40.427+0000] {logging_mixin.py:190} INFO - [2024-10-16T04:00:40.427+0000] {dag.py:4180} INFO - Setting next_dagrun for read_dataset_event_from_classic to 2024-10-15 00:00:00+00:00, run_after=2024-10-16 00:00:00+00:00
[2024-10-16T04:00:40.433+0000] {processor.py:208} INFO - Processing /home/airflow/.local/lib/python3.12/site-packages/airflow/example_dags/example_inlet_event_extra.py took 0.160 seconds
[2024-10-16T04:01:11.282+0000] {processor.py:186} INFO - Started process (PID=1246) to work on /home/airflow/.local/lib/python3.12/site-packages/airflow/example_dags/example_inlet_event_extra.py
[2024-10-16T04:01:11.283+0000] {processor.py:914} INFO - Processing file /home/airflow/.local/lib/python3.12/site-packages/airflow/example_dags/example_inlet_event_extra.py for tasks to queue
[2024-10-16T04:01:11.284+0000] {logging_mixin.py:190} INFO - [2024-10-16T04:01:11.284+0000] {dagbag.py:588} INFO - Filling up the DagBag from /home/airflow/.local/lib/python3.12/site-packages/airflow/example_dags/example_inlet_event_extra.py
[2024-10-16T04:01:11.370+0000] {processor.py:925} INFO - DAG(s) 'read_dataset_event_from_classic', 'read_dataset_event' retrieved from /home/airflow/.local/lib/python3.12/site-packages/airflow/example_dags/example_inlet_event_extra.py
[2024-10-16T04:01:11.379+0000] {logging_mixin.py:190} INFO - [2024-10-16T04:01:11.379+0000] {dag.py:3239} INFO - Sync 2 DAGs
[2024-10-16T04:01:11.391+0000] {logging_mixin.py:190} INFO - [2024-10-16T04:01:11.391+0000] {dag.py:4180} INFO - Setting next_dagrun for read_dataset_event to 2024-10-15 00:00:00+00:00, run_after=2024-10-16 00:00:00+00:00
[2024-10-16T04:01:11.393+0000] {logging_mixin.py:190} INFO - [2024-10-16T04:01:11.393+0000] {dag.py:4180} INFO - Setting next_dagrun for read_dataset_event_from_classic to 2024-10-15 00:00:00+00:00, run_after=2024-10-16 00:00:00+00:00
[2024-10-16T04:01:11.399+0000] {processor.py:208} INFO - Processing /home/airflow/.local/lib/python3.12/site-packages/airflow/example_dags/example_inlet_event_extra.py took 0.119 seconds
[2024-10-16T04:01:42.267+0000] {processor.py:186} INFO - Started process (PID=1308) to work on /home/airflow/.local/lib/python3.12/site-packages/airflow/example_dags/example_inlet_event_extra.py
[2024-10-16T04:01:42.268+0000] {processor.py:914} INFO - Processing file /home/airflow/.local/lib/python3.12/site-packages/airflow/example_dags/example_inlet_event_extra.py for tasks to queue
[2024-10-16T04:01:42.268+0000] {logging_mixin.py:190} INFO - [2024-10-16T04:01:42.268+0000] {dagbag.py:588} INFO - Filling up the DagBag from /home/airflow/.local/lib/python3.12/site-packages/airflow/example_dags/example_inlet_event_extra.py
[2024-10-16T04:01:42.356+0000] {processor.py:925} INFO - DAG(s) 'read_dataset_event', 'read_dataset_event_from_classic' retrieved from /home/airflow/.local/lib/python3.12/site-packages/airflow/example_dags/example_inlet_event_extra.py
[2024-10-16T04:01:42.367+0000] {logging_mixin.py:190} INFO - [2024-10-16T04:01:42.367+0000] {dag.py:3239} INFO - Sync 2 DAGs
[2024-10-16T04:01:42.378+0000] {logging_mixin.py:190} INFO - [2024-10-16T04:01:42.378+0000] {dag.py:4180} INFO - Setting next_dagrun for read_dataset_event to 2024-10-15 00:00:00+00:00, run_after=2024-10-16 00:00:00+00:00
[2024-10-16T04:01:42.380+0000] {logging_mixin.py:190} INFO - [2024-10-16T04:01:42.380+0000] {dag.py:4180} INFO - Setting next_dagrun for read_dataset_event_from_classic to 2024-10-15 00:00:00+00:00, run_after=2024-10-16 00:00:00+00:00
[2024-10-16T04:01:42.386+0000] {processor.py:208} INFO - Processing /home/airflow/.local/lib/python3.12/site-packages/airflow/example_dags/example_inlet_event_extra.py took 0.122 seconds
[2024-10-16T04:02:13.260+0000] {processor.py:186} INFO - Started process (PID=1370) to work on /home/airflow/.local/lib/python3.12/site-packages/airflow/example_dags/example_inlet_event_extra.py
[2024-10-16T04:02:13.261+0000] {processor.py:914} INFO - Processing file /home/airflow/.local/lib/python3.12/site-packages/airflow/example_dags/example_inlet_event_extra.py for tasks to queue
[2024-10-16T04:02:13.262+0000] {logging_mixin.py:190} INFO - [2024-10-16T04:02:13.262+0000] {dagbag.py:588} INFO - Filling up the DagBag from /home/airflow/.local/lib/python3.12/site-packages/airflow/example_dags/example_inlet_event_extra.py
[2024-10-16T04:02:13.350+0000] {processor.py:925} INFO - DAG(s) 'read_dataset_event', 'read_dataset_event_from_classic' retrieved from /home/airflow/.local/lib/python3.12/site-packages/airflow/example_dags/example_inlet_event_extra.py
[2024-10-16T04:02:13.359+0000] {logging_mixin.py:190} INFO - [2024-10-16T04:02:13.359+0000] {dag.py:3239} INFO - Sync 2 DAGs
[2024-10-16T04:02:13.369+0000] {logging_mixin.py:190} INFO - [2024-10-16T04:02:13.369+0000] {dag.py:4180} INFO - Setting next_dagrun for read_dataset_event to 2024-10-15 00:00:00+00:00, run_after=2024-10-16 00:00:00+00:00
[2024-10-16T04:02:13.371+0000] {logging_mixin.py:190} INFO - [2024-10-16T04:02:13.371+0000] {dag.py:4180} INFO - Setting next_dagrun for read_dataset_event_from_classic to 2024-10-15 00:00:00+00:00, run_after=2024-10-16 00:00:00+00:00
[2024-10-16T04:02:13.377+0000] {processor.py:208} INFO - Processing /home/airflow/.local/lib/python3.12/site-packages/airflow/example_dags/example_inlet_event_extra.py took 0.119 seconds
[2024-10-16T04:02:44.022+0000] {processor.py:186} INFO - Started process (PID=1432) to work on /home/airflow/.local/lib/python3.12/site-packages/airflow/example_dags/example_inlet_event_extra.py
[2024-10-16T04:02:44.023+0000] {processor.py:914} INFO - Processing file /home/airflow/.local/lib/python3.12/site-packages/airflow/example_dags/example_inlet_event_extra.py for tasks to queue
[2024-10-16T04:02:44.024+0000] {logging_mixin.py:190} INFO - [2024-10-16T04:02:44.024+0000] {dagbag.py:588} INFO - Filling up the DagBag from /home/airflow/.local/lib/python3.12/site-packages/airflow/example_dags/example_inlet_event_extra.py
[2024-10-16T04:02:44.113+0000] {processor.py:925} INFO - DAG(s) 'read_dataset_event_from_classic', 'read_dataset_event' retrieved from /home/airflow/.local/lib/python3.12/site-packages/airflow/example_dags/example_inlet_event_extra.py
[2024-10-16T04:02:44.124+0000] {logging_mixin.py:190} INFO - [2024-10-16T04:02:44.124+0000] {dag.py:3239} INFO - Sync 2 DAGs
[2024-10-16T04:02:44.135+0000] {logging_mixin.py:190} INFO - [2024-10-16T04:02:44.135+0000] {dag.py:4180} INFO - Setting next_dagrun for read_dataset_event to 2024-10-15 00:00:00+00:00, run_after=2024-10-16 00:00:00+00:00
[2024-10-16T04:02:44.137+0000] {logging_mixin.py:190} INFO - [2024-10-16T04:02:44.137+0000] {dag.py:4180} INFO - Setting next_dagrun for read_dataset_event_from_classic to 2024-10-15 00:00:00+00:00, run_after=2024-10-16 00:00:00+00:00
[2024-10-16T04:02:44.143+0000] {processor.py:208} INFO - Processing /home/airflow/.local/lib/python3.12/site-packages/airflow/example_dags/example_inlet_event_extra.py took 0.123 seconds
[2024-10-16T04:03:14.952+0000] {processor.py:186} INFO - Started process (PID=1494) to work on /home/airflow/.local/lib/python3.12/site-packages/airflow/example_dags/example_inlet_event_extra.py
[2024-10-16T04:03:14.952+0000] {processor.py:914} INFO - Processing file /home/airflow/.local/lib/python3.12/site-packages/airflow/example_dags/example_inlet_event_extra.py for tasks to queue
[2024-10-16T04:03:14.953+0000] {logging_mixin.py:190} INFO - [2024-10-16T04:03:14.953+0000] {dagbag.py:588} INFO - Filling up the DagBag from /home/airflow/.local/lib/python3.12/site-packages/airflow/example_dags/example_inlet_event_extra.py
[2024-10-16T04:03:15.030+0000] {processor.py:925} INFO - DAG(s) 'read_dataset_event_from_classic', 'read_dataset_event' retrieved from /home/airflow/.local/lib/python3.12/site-packages/airflow/example_dags/example_inlet_event_extra.py
[2024-10-16T04:03:15.040+0000] {logging_mixin.py:190} INFO - [2024-10-16T04:03:15.040+0000] {dag.py:3239} INFO - Sync 2 DAGs
[2024-10-16T04:03:15.050+0000] {logging_mixin.py:190} INFO - [2024-10-16T04:03:15.050+0000] {dag.py:4180} INFO - Setting next_dagrun for read_dataset_event to 2024-10-15 00:00:00+00:00, run_after=2024-10-16 00:00:00+00:00
[2024-10-16T04:03:15.056+0000] {logging_mixin.py:190} INFO - [2024-10-16T04:03:15.056+0000] {dag.py:4180} INFO - Setting next_dagrun for read_dataset_event_from_classic to 2024-10-15 00:00:00+00:00, run_after=2024-10-16 00:00:00+00:00
[2024-10-16T04:03:15.066+0000] {processor.py:208} INFO - Processing /home/airflow/.local/lib/python3.12/site-packages/airflow/example_dags/example_inlet_event_extra.py took 0.118 seconds
[2024-10-16T04:03:45.887+0000] {processor.py:186} INFO - Started process (PID=1561) to work on /home/airflow/.local/lib/python3.12/site-packages/airflow/example_dags/example_inlet_event_extra.py
[2024-10-16T04:03:45.887+0000] {processor.py:914} INFO - Processing file /home/airflow/.local/lib/python3.12/site-packages/airflow/example_dags/example_inlet_event_extra.py for tasks to queue
[2024-10-16T04:03:45.888+0000] {logging_mixin.py:190} INFO - [2024-10-16T04:03:45.888+0000] {dagbag.py:588} INFO - Filling up the DagBag from /home/airflow/.local/lib/python3.12/site-packages/airflow/example_dags/example_inlet_event_extra.py
[2024-10-16T04:03:45.974+0000] {processor.py:925} INFO - DAG(s) 'read_dataset_event_from_classic', 'read_dataset_event' retrieved from /home/airflow/.local/lib/python3.12/site-packages/airflow/example_dags/example_inlet_event_extra.py
[2024-10-16T04:03:45.985+0000] {logging_mixin.py:190} INFO - [2024-10-16T04:03:45.984+0000] {dag.py:3239} INFO - Sync 2 DAGs
[2024-10-16T04:03:45.995+0000] {logging_mixin.py:190} INFO - [2024-10-16T04:03:45.995+0000] {dag.py:4180} INFO - Setting next_dagrun for read_dataset_event to 2024-10-15 00:00:00+00:00, run_after=2024-10-16 00:00:00+00:00
[2024-10-16T04:03:45.997+0000] {logging_mixin.py:190} INFO - [2024-10-16T04:03:45.997+0000] {dag.py:4180} INFO - Setting next_dagrun for read_dataset_event_from_classic to 2024-10-15 00:00:00+00:00, run_after=2024-10-16 00:00:00+00:00
[2024-10-16T04:03:46.002+0000] {processor.py:208} INFO - Processing /home/airflow/.local/lib/python3.12/site-packages/airflow/example_dags/example_inlet_event_extra.py took 0.118 seconds
[2024-10-16T04:04:16.792+0000] {processor.py:186} INFO - Started process (PID=1623) to work on /home/airflow/.local/lib/python3.12/site-packages/airflow/example_dags/example_inlet_event_extra.py
[2024-10-16T04:04:16.792+0000] {processor.py:914} INFO - Processing file /home/airflow/.local/lib/python3.12/site-packages/airflow/example_dags/example_inlet_event_extra.py for tasks to queue
[2024-10-16T04:04:16.793+0000] {logging_mixin.py:190} INFO - [2024-10-16T04:04:16.793+0000] {dagbag.py:588} INFO - Filling up the DagBag from /home/airflow/.local/lib/python3.12/site-packages/airflow/example_dags/example_inlet_event_extra.py
[2024-10-16T04:04:16.881+0000] {processor.py:925} INFO - DAG(s) 'read_dataset_event', 'read_dataset_event_from_classic' retrieved from /home/airflow/.local/lib/python3.12/site-packages/airflow/example_dags/example_inlet_event_extra.py
[2024-10-16T04:04:16.890+0000] {logging_mixin.py:190} INFO - [2024-10-16T04:04:16.890+0000] {dag.py:3239} INFO - Sync 2 DAGs
[2024-10-16T04:04:16.902+0000] {logging_mixin.py:190} INFO - [2024-10-16T04:04:16.902+0000] {dag.py:4180} INFO - Setting next_dagrun for read_dataset_event to 2024-10-15 00:00:00+00:00, run_after=2024-10-16 00:00:00+00:00
[2024-10-16T04:04:16.904+0000] {logging_mixin.py:190} INFO - [2024-10-16T04:04:16.904+0000] {dag.py:4180} INFO - Setting next_dagrun for read_dataset_event_from_classic to 2024-10-15 00:00:00+00:00, run_after=2024-10-16 00:00:00+00:00
[2024-10-16T04:04:16.910+0000] {processor.py:208} INFO - Processing /home/airflow/.local/lib/python3.12/site-packages/airflow/example_dags/example_inlet_event_extra.py took 0.120 seconds
