[2024-10-16T03:51:27.038+0000] {processor.py:186} INFO - Started process (PID=73) to work on /home/airflow/.local/lib/python3.12/site-packages/airflow/example_dags/tutorial_taskflow_api.py
[2024-10-16T03:51:27.039+0000] {processor.py:914} INFO - Processing file /home/airflow/.local/lib/python3.12/site-packages/airflow/example_dags/tutorial_taskflow_api.py for tasks to queue
[2024-10-16T03:51:27.040+0000] {logging_mixin.py:190} INFO - [2024-10-16T03:51:27.040+0000] {dagbag.py:588} INFO - Filling up the DagBag from /home/airflow/.local/lib/python3.12/site-packages/airflow/example_dags/tutorial_taskflow_api.py
[2024-10-16T03:51:27.044+0000] {processor.py:925} INFO - DAG(s) 'tutorial_taskflow_api' retrieved from /home/airflow/.local/lib/python3.12/site-packages/airflow/example_dags/tutorial_taskflow_api.py
[2024-10-16T03:51:27.054+0000] {logging_mixin.py:190} INFO - [2024-10-16T03:51:27.054+0000] {dag.py:3239} INFO - Sync 1 DAGs
[2024-10-16T03:51:27.060+0000] {logging_mixin.py:190} INFO - [2024-10-16T03:51:27.060+0000] {dag.py:4180} INFO - Setting next_dagrun for tutorial_taskflow_api to None, run_after=None
[2024-10-16T03:51:27.067+0000] {processor.py:208} INFO - Processing /home/airflow/.local/lib/python3.12/site-packages/airflow/example_dags/tutorial_taskflow_api.py took 0.033 seconds
[2024-10-16T03:51:57.176+0000] {processor.py:186} INFO - Started process (PID=134) to work on /home/airflow/.local/lib/python3.12/site-packages/airflow/example_dags/tutorial_taskflow_api.py
[2024-10-16T03:51:57.177+0000] {processor.py:914} INFO - Processing file /home/airflow/.local/lib/python3.12/site-packages/airflow/example_dags/tutorial_taskflow_api.py for tasks to queue
[2024-10-16T03:51:57.178+0000] {logging_mixin.py:190} INFO - [2024-10-16T03:51:57.178+0000] {dagbag.py:588} INFO - Filling up the DagBag from /home/airflow/.local/lib/python3.12/site-packages/airflow/example_dags/tutorial_taskflow_api.py
[2024-10-16T03:51:57.182+0000] {processor.py:925} INFO - DAG(s) 'tutorial_taskflow_api' retrieved from /home/airflow/.local/lib/python3.12/site-packages/airflow/example_dags/tutorial_taskflow_api.py
[2024-10-16T03:51:57.191+0000] {logging_mixin.py:190} INFO - [2024-10-16T03:51:57.191+0000] {dag.py:3239} INFO - Sync 1 DAGs
[2024-10-16T03:51:57.198+0000] {logging_mixin.py:190} INFO - [2024-10-16T03:51:57.198+0000] {dag.py:4180} INFO - Setting next_dagrun for tutorial_taskflow_api to None, run_after=None
[2024-10-16T03:51:57.205+0000] {processor.py:208} INFO - Processing /home/airflow/.local/lib/python3.12/site-packages/airflow/example_dags/tutorial_taskflow_api.py took 0.031 seconds
[2024-10-16T03:52:27.458+0000] {processor.py:186} INFO - Started process (PID=196) to work on /home/airflow/.local/lib/python3.12/site-packages/airflow/example_dags/tutorial_taskflow_api.py
[2024-10-16T03:52:27.459+0000] {processor.py:914} INFO - Processing file /home/airflow/.local/lib/python3.12/site-packages/airflow/example_dags/tutorial_taskflow_api.py for tasks to queue
[2024-10-16T03:52:27.460+0000] {logging_mixin.py:190} INFO - [2024-10-16T03:52:27.460+0000] {dagbag.py:588} INFO - Filling up the DagBag from /home/airflow/.local/lib/python3.12/site-packages/airflow/example_dags/tutorial_taskflow_api.py
[2024-10-16T03:52:27.465+0000] {processor.py:925} INFO - DAG(s) 'tutorial_taskflow_api' retrieved from /home/airflow/.local/lib/python3.12/site-packages/airflow/example_dags/tutorial_taskflow_api.py
[2024-10-16T03:52:27.474+0000] {logging_mixin.py:190} INFO - [2024-10-16T03:52:27.474+0000] {dag.py:3239} INFO - Sync 1 DAGs
[2024-10-16T03:52:27.480+0000] {logging_mixin.py:190} INFO - [2024-10-16T03:52:27.479+0000] {dag.py:4180} INFO - Setting next_dagrun for tutorial_taskflow_api to None, run_after=None
[2024-10-16T03:52:27.487+0000] {processor.py:208} INFO - Processing /home/airflow/.local/lib/python3.12/site-packages/airflow/example_dags/tutorial_taskflow_api.py took 0.033 seconds
[2024-10-16T03:52:58.642+0000] {processor.py:186} INFO - Started process (PID=258) to work on /home/airflow/.local/lib/python3.12/site-packages/airflow/example_dags/tutorial_taskflow_api.py
[2024-10-16T03:52:58.644+0000] {processor.py:914} INFO - Processing file /home/airflow/.local/lib/python3.12/site-packages/airflow/example_dags/tutorial_taskflow_api.py for tasks to queue
[2024-10-16T03:52:58.645+0000] {logging_mixin.py:190} INFO - [2024-10-16T03:52:58.645+0000] {dagbag.py:588} INFO - Filling up the DagBag from /home/airflow/.local/lib/python3.12/site-packages/airflow/example_dags/tutorial_taskflow_api.py
[2024-10-16T03:52:58.649+0000] {processor.py:925} INFO - DAG(s) 'tutorial_taskflow_api' retrieved from /home/airflow/.local/lib/python3.12/site-packages/airflow/example_dags/tutorial_taskflow_api.py
[2024-10-16T03:52:58.656+0000] {logging_mixin.py:190} INFO - [2024-10-16T03:52:58.656+0000] {dag.py:3239} INFO - Sync 1 DAGs
[2024-10-16T03:52:58.662+0000] {logging_mixin.py:190} INFO - [2024-10-16T03:52:58.662+0000] {dag.py:4180} INFO - Setting next_dagrun for tutorial_taskflow_api to None, run_after=None
[2024-10-16T03:52:58.668+0000] {processor.py:208} INFO - Processing /home/airflow/.local/lib/python3.12/site-packages/airflow/example_dags/tutorial_taskflow_api.py took 0.029 seconds
[2024-10-16T03:53:29.640+0000] {processor.py:186} INFO - Started process (PID=320) to work on /home/airflow/.local/lib/python3.12/site-packages/airflow/example_dags/tutorial_taskflow_api.py
[2024-10-16T03:53:29.640+0000] {processor.py:914} INFO - Processing file /home/airflow/.local/lib/python3.12/site-packages/airflow/example_dags/tutorial_taskflow_api.py for tasks to queue
[2024-10-16T03:53:29.641+0000] {logging_mixin.py:190} INFO - [2024-10-16T03:53:29.641+0000] {dagbag.py:588} INFO - Filling up the DagBag from /home/airflow/.local/lib/python3.12/site-packages/airflow/example_dags/tutorial_taskflow_api.py
[2024-10-16T03:53:29.645+0000] {processor.py:925} INFO - DAG(s) 'tutorial_taskflow_api' retrieved from /home/airflow/.local/lib/python3.12/site-packages/airflow/example_dags/tutorial_taskflow_api.py
[2024-10-16T03:53:29.654+0000] {logging_mixin.py:190} INFO - [2024-10-16T03:53:29.654+0000] {dag.py:3239} INFO - Sync 1 DAGs
[2024-10-16T03:53:29.662+0000] {logging_mixin.py:190} INFO - [2024-10-16T03:53:29.662+0000] {dag.py:4180} INFO - Setting next_dagrun for tutorial_taskflow_api to None, run_after=None
[2024-10-16T03:53:29.670+0000] {processor.py:208} INFO - Processing /home/airflow/.local/lib/python3.12/site-packages/airflow/example_dags/tutorial_taskflow_api.py took 0.033 seconds
[2024-10-16T03:54:00.628+0000] {processor.py:186} INFO - Started process (PID=382) to work on /home/airflow/.local/lib/python3.12/site-packages/airflow/example_dags/tutorial_taskflow_api.py
[2024-10-16T03:54:00.628+0000] {processor.py:914} INFO - Processing file /home/airflow/.local/lib/python3.12/site-packages/airflow/example_dags/tutorial_taskflow_api.py for tasks to queue
[2024-10-16T03:54:00.629+0000] {logging_mixin.py:190} INFO - [2024-10-16T03:54:00.629+0000] {dagbag.py:588} INFO - Filling up the DagBag from /home/airflow/.local/lib/python3.12/site-packages/airflow/example_dags/tutorial_taskflow_api.py
[2024-10-16T03:54:00.633+0000] {processor.py:925} INFO - DAG(s) 'tutorial_taskflow_api' retrieved from /home/airflow/.local/lib/python3.12/site-packages/airflow/example_dags/tutorial_taskflow_api.py
[2024-10-16T03:54:00.640+0000] {logging_mixin.py:190} INFO - [2024-10-16T03:54:00.640+0000] {dag.py:3239} INFO - Sync 1 DAGs
[2024-10-16T03:54:00.646+0000] {logging_mixin.py:190} INFO - [2024-10-16T03:54:00.645+0000] {dag.py:4180} INFO - Setting next_dagrun for tutorial_taskflow_api to None, run_after=None
[2024-10-16T03:54:00.652+0000] {processor.py:208} INFO - Processing /home/airflow/.local/lib/python3.12/site-packages/airflow/example_dags/tutorial_taskflow_api.py took 0.027 seconds
[2024-10-16T03:54:31.521+0000] {processor.py:186} INFO - Started process (PID=444) to work on /home/airflow/.local/lib/python3.12/site-packages/airflow/example_dags/tutorial_taskflow_api.py
[2024-10-16T03:54:31.521+0000] {processor.py:914} INFO - Processing file /home/airflow/.local/lib/python3.12/site-packages/airflow/example_dags/tutorial_taskflow_api.py for tasks to queue
[2024-10-16T03:54:31.522+0000] {logging_mixin.py:190} INFO - [2024-10-16T03:54:31.522+0000] {dagbag.py:588} INFO - Filling up the DagBag from /home/airflow/.local/lib/python3.12/site-packages/airflow/example_dags/tutorial_taskflow_api.py
[2024-10-16T03:54:31.526+0000] {processor.py:925} INFO - DAG(s) 'tutorial_taskflow_api' retrieved from /home/airflow/.local/lib/python3.12/site-packages/airflow/example_dags/tutorial_taskflow_api.py
[2024-10-16T03:54:31.533+0000] {logging_mixin.py:190} INFO - [2024-10-16T03:54:31.533+0000] {dag.py:3239} INFO - Sync 1 DAGs
[2024-10-16T03:54:31.538+0000] {logging_mixin.py:190} INFO - [2024-10-16T03:54:31.538+0000] {dag.py:4180} INFO - Setting next_dagrun for tutorial_taskflow_api to None, run_after=None
[2024-10-16T03:54:31.545+0000] {processor.py:208} INFO - Processing /home/airflow/.local/lib/python3.12/site-packages/airflow/example_dags/tutorial_taskflow_api.py took 0.027 seconds
[2024-10-16T03:55:02.542+0000] {processor.py:186} INFO - Started process (PID=506) to work on /home/airflow/.local/lib/python3.12/site-packages/airflow/example_dags/tutorial_taskflow_api.py
[2024-10-16T03:55:02.543+0000] {processor.py:914} INFO - Processing file /home/airflow/.local/lib/python3.12/site-packages/airflow/example_dags/tutorial_taskflow_api.py for tasks to queue
[2024-10-16T03:55:02.544+0000] {logging_mixin.py:190} INFO - [2024-10-16T03:55:02.543+0000] {dagbag.py:588} INFO - Filling up the DagBag from /home/airflow/.local/lib/python3.12/site-packages/airflow/example_dags/tutorial_taskflow_api.py
[2024-10-16T03:55:02.547+0000] {processor.py:925} INFO - DAG(s) 'tutorial_taskflow_api' retrieved from /home/airflow/.local/lib/python3.12/site-packages/airflow/example_dags/tutorial_taskflow_api.py
[2024-10-16T03:55:02.555+0000] {logging_mixin.py:190} INFO - [2024-10-16T03:55:02.555+0000] {dag.py:3239} INFO - Sync 1 DAGs
[2024-10-16T03:55:02.561+0000] {logging_mixin.py:190} INFO - [2024-10-16T03:55:02.561+0000] {dag.py:4180} INFO - Setting next_dagrun for tutorial_taskflow_api to None, run_after=None
[2024-10-16T03:55:02.567+0000] {processor.py:208} INFO - Processing /home/airflow/.local/lib/python3.12/site-packages/airflow/example_dags/tutorial_taskflow_api.py took 0.028 seconds
[2024-10-16T03:55:33.678+0000] {processor.py:186} INFO - Started process (PID=568) to work on /home/airflow/.local/lib/python3.12/site-packages/airflow/example_dags/tutorial_taskflow_api.py
[2024-10-16T03:55:33.678+0000] {processor.py:914} INFO - Processing file /home/airflow/.local/lib/python3.12/site-packages/airflow/example_dags/tutorial_taskflow_api.py for tasks to queue
[2024-10-16T03:55:33.679+0000] {logging_mixin.py:190} INFO - [2024-10-16T03:55:33.679+0000] {dagbag.py:588} INFO - Filling up the DagBag from /home/airflow/.local/lib/python3.12/site-packages/airflow/example_dags/tutorial_taskflow_api.py
[2024-10-16T03:55:33.683+0000] {processor.py:925} INFO - DAG(s) 'tutorial_taskflow_api' retrieved from /home/airflow/.local/lib/python3.12/site-packages/airflow/example_dags/tutorial_taskflow_api.py
[2024-10-16T03:55:33.692+0000] {logging_mixin.py:190} INFO - [2024-10-16T03:55:33.691+0000] {dag.py:3239} INFO - Sync 1 DAGs
[2024-10-16T03:55:33.697+0000] {logging_mixin.py:190} INFO - [2024-10-16T03:55:33.697+0000] {dag.py:4180} INFO - Setting next_dagrun for tutorial_taskflow_api to None, run_after=None
[2024-10-16T03:55:33.704+0000] {processor.py:208} INFO - Processing /home/airflow/.local/lib/python3.12/site-packages/airflow/example_dags/tutorial_taskflow_api.py took 0.029 seconds
[2024-10-16T03:56:03.819+0000] {processor.py:186} INFO - Started process (PID=630) to work on /home/airflow/.local/lib/python3.12/site-packages/airflow/example_dags/tutorial_taskflow_api.py
[2024-10-16T03:56:03.819+0000] {processor.py:914} INFO - Processing file /home/airflow/.local/lib/python3.12/site-packages/airflow/example_dags/tutorial_taskflow_api.py for tasks to queue
[2024-10-16T03:56:03.821+0000] {logging_mixin.py:190} INFO - [2024-10-16T03:56:03.821+0000] {dagbag.py:588} INFO - Filling up the DagBag from /home/airflow/.local/lib/python3.12/site-packages/airflow/example_dags/tutorial_taskflow_api.py
[2024-10-16T03:56:03.825+0000] {processor.py:925} INFO - DAG(s) 'tutorial_taskflow_api' retrieved from /home/airflow/.local/lib/python3.12/site-packages/airflow/example_dags/tutorial_taskflow_api.py
[2024-10-16T03:56:03.833+0000] {logging_mixin.py:190} INFO - [2024-10-16T03:56:03.833+0000] {dag.py:3239} INFO - Sync 1 DAGs
[2024-10-16T03:56:03.840+0000] {logging_mixin.py:190} INFO - [2024-10-16T03:56:03.839+0000] {dag.py:4180} INFO - Setting next_dagrun for tutorial_taskflow_api to None, run_after=None
[2024-10-16T03:56:03.847+0000] {processor.py:208} INFO - Processing /home/airflow/.local/lib/python3.12/site-packages/airflow/example_dags/tutorial_taskflow_api.py took 0.031 seconds
[2024-10-16T03:56:35.005+0000] {processor.py:186} INFO - Started process (PID=692) to work on /home/airflow/.local/lib/python3.12/site-packages/airflow/example_dags/tutorial_taskflow_api.py
[2024-10-16T03:56:35.006+0000] {processor.py:914} INFO - Processing file /home/airflow/.local/lib/python3.12/site-packages/airflow/example_dags/tutorial_taskflow_api.py for tasks to queue
[2024-10-16T03:56:35.007+0000] {logging_mixin.py:190} INFO - [2024-10-16T03:56:35.007+0000] {dagbag.py:588} INFO - Filling up the DagBag from /home/airflow/.local/lib/python3.12/site-packages/airflow/example_dags/tutorial_taskflow_api.py
[2024-10-16T03:56:35.011+0000] {processor.py:925} INFO - DAG(s) 'tutorial_taskflow_api' retrieved from /home/airflow/.local/lib/python3.12/site-packages/airflow/example_dags/tutorial_taskflow_api.py
[2024-10-16T03:56:35.019+0000] {logging_mixin.py:190} INFO - [2024-10-16T03:56:35.018+0000] {dag.py:3239} INFO - Sync 1 DAGs
[2024-10-16T03:56:35.025+0000] {logging_mixin.py:190} INFO - [2024-10-16T03:56:35.024+0000] {dag.py:4180} INFO - Setting next_dagrun for tutorial_taskflow_api to None, run_after=None
[2024-10-16T03:56:35.034+0000] {processor.py:208} INFO - Processing /home/airflow/.local/lib/python3.12/site-packages/airflow/example_dags/tutorial_taskflow_api.py took 0.031 seconds
[2024-10-16T03:57:05.274+0000] {processor.py:186} INFO - Started process (PID=754) to work on /home/airflow/.local/lib/python3.12/site-packages/airflow/example_dags/tutorial_taskflow_api.py
[2024-10-16T03:57:05.275+0000] {processor.py:914} INFO - Processing file /home/airflow/.local/lib/python3.12/site-packages/airflow/example_dags/tutorial_taskflow_api.py for tasks to queue
[2024-10-16T03:57:05.276+0000] {logging_mixin.py:190} INFO - [2024-10-16T03:57:05.276+0000] {dagbag.py:588} INFO - Filling up the DagBag from /home/airflow/.local/lib/python3.12/site-packages/airflow/example_dags/tutorial_taskflow_api.py
[2024-10-16T03:57:05.280+0000] {processor.py:925} INFO - DAG(s) 'tutorial_taskflow_api' retrieved from /home/airflow/.local/lib/python3.12/site-packages/airflow/example_dags/tutorial_taskflow_api.py
[2024-10-16T03:57:05.288+0000] {logging_mixin.py:190} INFO - [2024-10-16T03:57:05.288+0000] {dag.py:3239} INFO - Sync 1 DAGs
[2024-10-16T03:57:05.295+0000] {logging_mixin.py:190} INFO - [2024-10-16T03:57:05.294+0000] {dag.py:4180} INFO - Setting next_dagrun for tutorial_taskflow_api to None, run_after=None
[2024-10-16T03:57:05.303+0000] {processor.py:208} INFO - Processing /home/airflow/.local/lib/python3.12/site-packages/airflow/example_dags/tutorial_taskflow_api.py took 0.031 seconds
[2024-10-16T03:57:36.286+0000] {processor.py:186} INFO - Started process (PID=816) to work on /home/airflow/.local/lib/python3.12/site-packages/airflow/example_dags/tutorial_taskflow_api.py
[2024-10-16T03:57:36.286+0000] {processor.py:914} INFO - Processing file /home/airflow/.local/lib/python3.12/site-packages/airflow/example_dags/tutorial_taskflow_api.py for tasks to queue
[2024-10-16T03:57:36.287+0000] {logging_mixin.py:190} INFO - [2024-10-16T03:57:36.287+0000] {dagbag.py:588} INFO - Filling up the DagBag from /home/airflow/.local/lib/python3.12/site-packages/airflow/example_dags/tutorial_taskflow_api.py
[2024-10-16T03:57:36.291+0000] {processor.py:925} INFO - DAG(s) 'tutorial_taskflow_api' retrieved from /home/airflow/.local/lib/python3.12/site-packages/airflow/example_dags/tutorial_taskflow_api.py
[2024-10-16T03:57:36.299+0000] {logging_mixin.py:190} INFO - [2024-10-16T03:57:36.299+0000] {dag.py:3239} INFO - Sync 1 DAGs
[2024-10-16T03:57:36.305+0000] {logging_mixin.py:190} INFO - [2024-10-16T03:57:36.305+0000] {dag.py:4180} INFO - Setting next_dagrun for tutorial_taskflow_api to None, run_after=None
[2024-10-16T03:57:36.312+0000] {processor.py:208} INFO - Processing /home/airflow/.local/lib/python3.12/site-packages/airflow/example_dags/tutorial_taskflow_api.py took 0.029 seconds
[2024-10-16T03:58:07.444+0000] {processor.py:186} INFO - Started process (PID=878) to work on /home/airflow/.local/lib/python3.12/site-packages/airflow/example_dags/tutorial_taskflow_api.py
[2024-10-16T03:58:07.445+0000] {processor.py:914} INFO - Processing file /home/airflow/.local/lib/python3.12/site-packages/airflow/example_dags/tutorial_taskflow_api.py for tasks to queue
[2024-10-16T03:58:07.446+0000] {logging_mixin.py:190} INFO - [2024-10-16T03:58:07.446+0000] {dagbag.py:588} INFO - Filling up the DagBag from /home/airflow/.local/lib/python3.12/site-packages/airflow/example_dags/tutorial_taskflow_api.py
[2024-10-16T03:58:07.450+0000] {processor.py:925} INFO - DAG(s) 'tutorial_taskflow_api' retrieved from /home/airflow/.local/lib/python3.12/site-packages/airflow/example_dags/tutorial_taskflow_api.py
[2024-10-16T03:58:07.460+0000] {logging_mixin.py:190} INFO - [2024-10-16T03:58:07.459+0000] {dag.py:3239} INFO - Sync 1 DAGs
[2024-10-16T03:58:07.466+0000] {logging_mixin.py:190} INFO - [2024-10-16T03:58:07.466+0000] {dag.py:4180} INFO - Setting next_dagrun for tutorial_taskflow_api to None, run_after=None
[2024-10-16T03:58:07.474+0000] {processor.py:208} INFO - Processing /home/airflow/.local/lib/python3.12/site-packages/airflow/example_dags/tutorial_taskflow_api.py took 0.032 seconds
[2024-10-16T03:58:37.936+0000] {processor.py:186} INFO - Started process (PID=940) to work on /home/airflow/.local/lib/python3.12/site-packages/airflow/example_dags/tutorial_taskflow_api.py
[2024-10-16T03:58:37.936+0000] {processor.py:914} INFO - Processing file /home/airflow/.local/lib/python3.12/site-packages/airflow/example_dags/tutorial_taskflow_api.py for tasks to queue
[2024-10-16T03:58:37.937+0000] {logging_mixin.py:190} INFO - [2024-10-16T03:58:37.937+0000] {dagbag.py:588} INFO - Filling up the DagBag from /home/airflow/.local/lib/python3.12/site-packages/airflow/example_dags/tutorial_taskflow_api.py
[2024-10-16T03:58:37.941+0000] {processor.py:925} INFO - DAG(s) 'tutorial_taskflow_api' retrieved from /home/airflow/.local/lib/python3.12/site-packages/airflow/example_dags/tutorial_taskflow_api.py
[2024-10-16T03:58:37.949+0000] {logging_mixin.py:190} INFO - [2024-10-16T03:58:37.949+0000] {dag.py:3239} INFO - Sync 1 DAGs
[2024-10-16T03:58:37.956+0000] {logging_mixin.py:190} INFO - [2024-10-16T03:58:37.956+0000] {dag.py:4180} INFO - Setting next_dagrun for tutorial_taskflow_api to None, run_after=None
[2024-10-16T03:58:37.963+0000] {processor.py:208} INFO - Processing /home/airflow/.local/lib/python3.12/site-packages/airflow/example_dags/tutorial_taskflow_api.py took 0.030 seconds
[2024-10-16T03:59:08.924+0000] {processor.py:186} INFO - Started process (PID=1002) to work on /home/airflow/.local/lib/python3.12/site-packages/airflow/example_dags/tutorial_taskflow_api.py
[2024-10-16T03:59:08.925+0000] {processor.py:914} INFO - Processing file /home/airflow/.local/lib/python3.12/site-packages/airflow/example_dags/tutorial_taskflow_api.py for tasks to queue
[2024-10-16T03:59:08.926+0000] {logging_mixin.py:190} INFO - [2024-10-16T03:59:08.926+0000] {dagbag.py:588} INFO - Filling up the DagBag from /home/airflow/.local/lib/python3.12/site-packages/airflow/example_dags/tutorial_taskflow_api.py
[2024-10-16T03:59:08.930+0000] {processor.py:925} INFO - DAG(s) 'tutorial_taskflow_api' retrieved from /home/airflow/.local/lib/python3.12/site-packages/airflow/example_dags/tutorial_taskflow_api.py
[2024-10-16T03:59:08.940+0000] {logging_mixin.py:190} INFO - [2024-10-16T03:59:08.939+0000] {dag.py:3239} INFO - Sync 1 DAGs
[2024-10-16T03:59:08.949+0000] {logging_mixin.py:190} INFO - [2024-10-16T03:59:08.949+0000] {dag.py:4180} INFO - Setting next_dagrun for tutorial_taskflow_api to None, run_after=None
[2024-10-16T03:59:08.958+0000] {processor.py:208} INFO - Processing /home/airflow/.local/lib/python3.12/site-packages/airflow/example_dags/tutorial_taskflow_api.py took 0.037 seconds
[2024-10-16T03:59:39.005+0000] {processor.py:186} INFO - Started process (PID=1064) to work on /home/airflow/.local/lib/python3.12/site-packages/airflow/example_dags/tutorial_taskflow_api.py
[2024-10-16T03:59:39.006+0000] {processor.py:914} INFO - Processing file /home/airflow/.local/lib/python3.12/site-packages/airflow/example_dags/tutorial_taskflow_api.py for tasks to queue
[2024-10-16T03:59:39.007+0000] {logging_mixin.py:190} INFO - [2024-10-16T03:59:39.006+0000] {dagbag.py:588} INFO - Filling up the DagBag from /home/airflow/.local/lib/python3.12/site-packages/airflow/example_dags/tutorial_taskflow_api.py
[2024-10-16T03:59:39.010+0000] {processor.py:925} INFO - DAG(s) 'tutorial_taskflow_api' retrieved from /home/airflow/.local/lib/python3.12/site-packages/airflow/example_dags/tutorial_taskflow_api.py
[2024-10-16T03:59:39.018+0000] {logging_mixin.py:190} INFO - [2024-10-16T03:59:39.018+0000] {dag.py:3239} INFO - Sync 1 DAGs
[2024-10-16T03:59:39.036+0000] {logging_mixin.py:190} INFO - [2024-10-16T03:59:39.035+0000] {dag.py:4180} INFO - Setting next_dagrun for tutorial_taskflow_api to None, run_after=None
[2024-10-16T03:59:39.051+0000] {processor.py:208} INFO - Processing /home/airflow/.local/lib/python3.12/site-packages/airflow/example_dags/tutorial_taskflow_api.py took 0.049 seconds
[2024-10-16T04:00:09.246+0000] {processor.py:186} INFO - Started process (PID=1126) to work on /home/airflow/.local/lib/python3.12/site-packages/airflow/example_dags/tutorial_taskflow_api.py
[2024-10-16T04:00:09.246+0000] {processor.py:914} INFO - Processing file /home/airflow/.local/lib/python3.12/site-packages/airflow/example_dags/tutorial_taskflow_api.py for tasks to queue
[2024-10-16T04:00:09.247+0000] {logging_mixin.py:190} INFO - [2024-10-16T04:00:09.247+0000] {dagbag.py:588} INFO - Filling up the DagBag from /home/airflow/.local/lib/python3.12/site-packages/airflow/example_dags/tutorial_taskflow_api.py
[2024-10-16T04:00:09.251+0000] {processor.py:925} INFO - DAG(s) 'tutorial_taskflow_api' retrieved from /home/airflow/.local/lib/python3.12/site-packages/airflow/example_dags/tutorial_taskflow_api.py
[2024-10-16T04:00:09.260+0000] {logging_mixin.py:190} INFO - [2024-10-16T04:00:09.260+0000] {dag.py:3239} INFO - Sync 1 DAGs
[2024-10-16T04:00:09.267+0000] {logging_mixin.py:190} INFO - [2024-10-16T04:00:09.267+0000] {dag.py:4180} INFO - Setting next_dagrun for tutorial_taskflow_api to None, run_after=None
[2024-10-16T04:00:09.274+0000] {processor.py:208} INFO - Processing /home/airflow/.local/lib/python3.12/site-packages/airflow/example_dags/tutorial_taskflow_api.py took 0.031 seconds
[2024-10-16T04:00:40.447+0000] {processor.py:186} INFO - Started process (PID=1188) to work on /home/airflow/.local/lib/python3.12/site-packages/airflow/example_dags/tutorial_taskflow_api.py
[2024-10-16T04:00:40.448+0000] {processor.py:914} INFO - Processing file /home/airflow/.local/lib/python3.12/site-packages/airflow/example_dags/tutorial_taskflow_api.py for tasks to queue
[2024-10-16T04:00:40.449+0000] {logging_mixin.py:190} INFO - [2024-10-16T04:00:40.449+0000] {dagbag.py:588} INFO - Filling up the DagBag from /home/airflow/.local/lib/python3.12/site-packages/airflow/example_dags/tutorial_taskflow_api.py
[2024-10-16T04:00:40.454+0000] {processor.py:925} INFO - DAG(s) 'tutorial_taskflow_api' retrieved from /home/airflow/.local/lib/python3.12/site-packages/airflow/example_dags/tutorial_taskflow_api.py
[2024-10-16T04:00:40.463+0000] {logging_mixin.py:190} INFO - [2024-10-16T04:00:40.463+0000] {dag.py:3239} INFO - Sync 1 DAGs
[2024-10-16T04:00:40.470+0000] {logging_mixin.py:190} INFO - [2024-10-16T04:00:40.470+0000] {dag.py:4180} INFO - Setting next_dagrun for tutorial_taskflow_api to None, run_after=None
[2024-10-16T04:00:40.477+0000] {processor.py:208} INFO - Processing /home/airflow/.local/lib/python3.12/site-packages/airflow/example_dags/tutorial_taskflow_api.py took 0.033 seconds
[2024-10-16T04:01:11.410+0000] {processor.py:186} INFO - Started process (PID=1250) to work on /home/airflow/.local/lib/python3.12/site-packages/airflow/example_dags/tutorial_taskflow_api.py
[2024-10-16T04:01:11.411+0000] {processor.py:914} INFO - Processing file /home/airflow/.local/lib/python3.12/site-packages/airflow/example_dags/tutorial_taskflow_api.py for tasks to queue
[2024-10-16T04:01:11.412+0000] {logging_mixin.py:190} INFO - [2024-10-16T04:01:11.412+0000] {dagbag.py:588} INFO - Filling up the DagBag from /home/airflow/.local/lib/python3.12/site-packages/airflow/example_dags/tutorial_taskflow_api.py
[2024-10-16T04:01:11.416+0000] {processor.py:925} INFO - DAG(s) 'tutorial_taskflow_api' retrieved from /home/airflow/.local/lib/python3.12/site-packages/airflow/example_dags/tutorial_taskflow_api.py
[2024-10-16T04:01:11.424+0000] {logging_mixin.py:190} INFO - [2024-10-16T04:01:11.424+0000] {dag.py:3239} INFO - Sync 1 DAGs
[2024-10-16T04:01:11.430+0000] {logging_mixin.py:190} INFO - [2024-10-16T04:01:11.430+0000] {dag.py:4180} INFO - Setting next_dagrun for tutorial_taskflow_api to None, run_after=None
[2024-10-16T04:01:11.437+0000] {processor.py:208} INFO - Processing /home/airflow/.local/lib/python3.12/site-packages/airflow/example_dags/tutorial_taskflow_api.py took 0.029 seconds
[2024-10-16T04:01:42.398+0000] {processor.py:186} INFO - Started process (PID=1312) to work on /home/airflow/.local/lib/python3.12/site-packages/airflow/example_dags/tutorial_taskflow_api.py
[2024-10-16T04:01:42.398+0000] {processor.py:914} INFO - Processing file /home/airflow/.local/lib/python3.12/site-packages/airflow/example_dags/tutorial_taskflow_api.py for tasks to queue
[2024-10-16T04:01:42.399+0000] {logging_mixin.py:190} INFO - [2024-10-16T04:01:42.399+0000] {dagbag.py:588} INFO - Filling up the DagBag from /home/airflow/.local/lib/python3.12/site-packages/airflow/example_dags/tutorial_taskflow_api.py
[2024-10-16T04:01:42.403+0000] {processor.py:925} INFO - DAG(s) 'tutorial_taskflow_api' retrieved from /home/airflow/.local/lib/python3.12/site-packages/airflow/example_dags/tutorial_taskflow_api.py
[2024-10-16T04:01:42.410+0000] {logging_mixin.py:190} INFO - [2024-10-16T04:01:42.410+0000] {dag.py:3239} INFO - Sync 1 DAGs
[2024-10-16T04:01:42.415+0000] {logging_mixin.py:190} INFO - [2024-10-16T04:01:42.415+0000] {dag.py:4180} INFO - Setting next_dagrun for tutorial_taskflow_api to None, run_after=None
[2024-10-16T04:01:42.421+0000] {processor.py:208} INFO - Processing /home/airflow/.local/lib/python3.12/site-packages/airflow/example_dags/tutorial_taskflow_api.py took 0.026 seconds
[2024-10-16T04:02:13.389+0000] {processor.py:186} INFO - Started process (PID=1374) to work on /home/airflow/.local/lib/python3.12/site-packages/airflow/example_dags/tutorial_taskflow_api.py
[2024-10-16T04:02:13.390+0000] {processor.py:914} INFO - Processing file /home/airflow/.local/lib/python3.12/site-packages/airflow/example_dags/tutorial_taskflow_api.py for tasks to queue
[2024-10-16T04:02:13.391+0000] {logging_mixin.py:190} INFO - [2024-10-16T04:02:13.390+0000] {dagbag.py:588} INFO - Filling up the DagBag from /home/airflow/.local/lib/python3.12/site-packages/airflow/example_dags/tutorial_taskflow_api.py
[2024-10-16T04:02:13.394+0000] {processor.py:925} INFO - DAG(s) 'tutorial_taskflow_api' retrieved from /home/airflow/.local/lib/python3.12/site-packages/airflow/example_dags/tutorial_taskflow_api.py
[2024-10-16T04:02:13.402+0000] {logging_mixin.py:190} INFO - [2024-10-16T04:02:13.402+0000] {dag.py:3239} INFO - Sync 1 DAGs
[2024-10-16T04:02:13.408+0000] {logging_mixin.py:190} INFO - [2024-10-16T04:02:13.408+0000] {dag.py:4180} INFO - Setting next_dagrun for tutorial_taskflow_api to None, run_after=None
[2024-10-16T04:02:13.415+0000] {processor.py:208} INFO - Processing /home/airflow/.local/lib/python3.12/site-packages/airflow/example_dags/tutorial_taskflow_api.py took 0.029 seconds
[2024-10-16T04:02:44.155+0000] {processor.py:186} INFO - Started process (PID=1436) to work on /home/airflow/.local/lib/python3.12/site-packages/airflow/example_dags/tutorial_taskflow_api.py
[2024-10-16T04:02:44.156+0000] {processor.py:914} INFO - Processing file /home/airflow/.local/lib/python3.12/site-packages/airflow/example_dags/tutorial_taskflow_api.py for tasks to queue
[2024-10-16T04:02:44.157+0000] {logging_mixin.py:190} INFO - [2024-10-16T04:02:44.157+0000] {dagbag.py:588} INFO - Filling up the DagBag from /home/airflow/.local/lib/python3.12/site-packages/airflow/example_dags/tutorial_taskflow_api.py
[2024-10-16T04:02:44.161+0000] {processor.py:925} INFO - DAG(s) 'tutorial_taskflow_api' retrieved from /home/airflow/.local/lib/python3.12/site-packages/airflow/example_dags/tutorial_taskflow_api.py
[2024-10-16T04:02:44.169+0000] {logging_mixin.py:190} INFO - [2024-10-16T04:02:44.169+0000] {dag.py:3239} INFO - Sync 1 DAGs
[2024-10-16T04:02:44.175+0000] {logging_mixin.py:190} INFO - [2024-10-16T04:02:44.175+0000] {dag.py:4180} INFO - Setting next_dagrun for tutorial_taskflow_api to None, run_after=None
[2024-10-16T04:02:44.182+0000] {processor.py:208} INFO - Processing /home/airflow/.local/lib/python3.12/site-packages/airflow/example_dags/tutorial_taskflow_api.py took 0.029 seconds
[2024-10-16T04:03:15.077+0000] {processor.py:186} INFO - Started process (PID=1498) to work on /home/airflow/.local/lib/python3.12/site-packages/airflow/example_dags/tutorial_taskflow_api.py
[2024-10-16T04:03:15.078+0000] {processor.py:914} INFO - Processing file /home/airflow/.local/lib/python3.12/site-packages/airflow/example_dags/tutorial_taskflow_api.py for tasks to queue
[2024-10-16T04:03:15.079+0000] {logging_mixin.py:190} INFO - [2024-10-16T04:03:15.079+0000] {dagbag.py:588} INFO - Filling up the DagBag from /home/airflow/.local/lib/python3.12/site-packages/airflow/example_dags/tutorial_taskflow_api.py
[2024-10-16T04:03:15.082+0000] {processor.py:925} INFO - DAG(s) 'tutorial_taskflow_api' retrieved from /home/airflow/.local/lib/python3.12/site-packages/airflow/example_dags/tutorial_taskflow_api.py
[2024-10-16T04:03:15.089+0000] {logging_mixin.py:190} INFO - [2024-10-16T04:03:15.089+0000] {dag.py:3239} INFO - Sync 1 DAGs
[2024-10-16T04:03:15.095+0000] {logging_mixin.py:190} INFO - [2024-10-16T04:03:15.095+0000] {dag.py:4180} INFO - Setting next_dagrun for tutorial_taskflow_api to None, run_after=None
[2024-10-16T04:03:15.101+0000] {processor.py:208} INFO - Processing /home/airflow/.local/lib/python3.12/site-packages/airflow/example_dags/tutorial_taskflow_api.py took 0.026 seconds
[2024-10-16T04:03:46.013+0000] {processor.py:186} INFO - Started process (PID=1565) to work on /home/airflow/.local/lib/python3.12/site-packages/airflow/example_dags/tutorial_taskflow_api.py
[2024-10-16T04:03:46.014+0000] {processor.py:914} INFO - Processing file /home/airflow/.local/lib/python3.12/site-packages/airflow/example_dags/tutorial_taskflow_api.py for tasks to queue
[2024-10-16T04:03:46.015+0000] {logging_mixin.py:190} INFO - [2024-10-16T04:03:46.015+0000] {dagbag.py:588} INFO - Filling up the DagBag from /home/airflow/.local/lib/python3.12/site-packages/airflow/example_dags/tutorial_taskflow_api.py
[2024-10-16T04:03:46.019+0000] {processor.py:925} INFO - DAG(s) 'tutorial_taskflow_api' retrieved from /home/airflow/.local/lib/python3.12/site-packages/airflow/example_dags/tutorial_taskflow_api.py
[2024-10-16T04:03:46.026+0000] {logging_mixin.py:190} INFO - [2024-10-16T04:03:46.026+0000] {dag.py:3239} INFO - Sync 1 DAGs
[2024-10-16T04:03:46.032+0000] {logging_mixin.py:190} INFO - [2024-10-16T04:03:46.032+0000] {dag.py:4180} INFO - Setting next_dagrun for tutorial_taskflow_api to None, run_after=None
[2024-10-16T04:03:46.038+0000] {processor.py:208} INFO - Processing /home/airflow/.local/lib/python3.12/site-packages/airflow/example_dags/tutorial_taskflow_api.py took 0.028 seconds
[2024-10-16T04:04:16.921+0000] {processor.py:186} INFO - Started process (PID=1627) to work on /home/airflow/.local/lib/python3.12/site-packages/airflow/example_dags/tutorial_taskflow_api.py
[2024-10-16T04:04:16.921+0000] {processor.py:914} INFO - Processing file /home/airflow/.local/lib/python3.12/site-packages/airflow/example_dags/tutorial_taskflow_api.py for tasks to queue
[2024-10-16T04:04:16.922+0000] {logging_mixin.py:190} INFO - [2024-10-16T04:04:16.922+0000] {dagbag.py:588} INFO - Filling up the DagBag from /home/airflow/.local/lib/python3.12/site-packages/airflow/example_dags/tutorial_taskflow_api.py
[2024-10-16T04:04:16.925+0000] {processor.py:925} INFO - DAG(s) 'tutorial_taskflow_api' retrieved from /home/airflow/.local/lib/python3.12/site-packages/airflow/example_dags/tutorial_taskflow_api.py
[2024-10-16T04:04:16.932+0000] {logging_mixin.py:190} INFO - [2024-10-16T04:04:16.932+0000] {dag.py:3239} INFO - Sync 1 DAGs
[2024-10-16T04:04:16.937+0000] {logging_mixin.py:190} INFO - [2024-10-16T04:04:16.937+0000] {dag.py:4180} INFO - Setting next_dagrun for tutorial_taskflow_api to None, run_after=None
[2024-10-16T04:04:16.944+0000] {processor.py:208} INFO - Processing /home/airflow/.local/lib/python3.12/site-packages/airflow/example_dags/tutorial_taskflow_api.py took 0.026 seconds
