[2024-10-16T03:51:26.766+0000] {processor.py:186} INFO - Started process (PID=66) to work on /home/airflow/.local/lib/python3.12/site-packages/airflow/example_dags/tutorial.py
[2024-10-16T03:51:26.767+0000] {processor.py:914} INFO - Processing file /home/airflow/.local/lib/python3.12/site-packages/airflow/example_dags/tutorial.py for tasks to queue
[2024-10-16T03:51:26.769+0000] {logging_mixin.py:190} INFO - [2024-10-16T03:51:26.769+0000] {dagbag.py:588} INFO - Filling up the DagBag from /home/airflow/.local/lib/python3.12/site-packages/airflow/example_dags/tutorial.py
[2024-10-16T03:51:26.775+0000] {processor.py:925} INFO - DAG(s) 'tutorial' retrieved from /home/airflow/.local/lib/python3.12/site-packages/airflow/example_dags/tutorial.py
[2024-10-16T03:51:26.787+0000] {logging_mixin.py:190} INFO - [2024-10-16T03:51:26.787+0000] {dag.py:3239} INFO - Sync 1 DAGs
[2024-10-16T03:51:26.797+0000] {logging_mixin.py:190} INFO - [2024-10-16T03:51:26.797+0000] {dag.py:4180} INFO - Setting next_dagrun for tutorial to 2024-10-15 00:00:00+00:00, run_after=2024-10-16 00:00:00+00:00
[2024-10-16T03:51:26.804+0000] {processor.py:208} INFO - Processing /home/airflow/.local/lib/python3.12/site-packages/airflow/example_dags/tutorial.py took 0.042 seconds
[2024-10-16T03:51:56.968+0000] {processor.py:186} INFO - Started process (PID=127) to work on /home/airflow/.local/lib/python3.12/site-packages/airflow/example_dags/tutorial.py
[2024-10-16T03:51:56.968+0000] {processor.py:914} INFO - Processing file /home/airflow/.local/lib/python3.12/site-packages/airflow/example_dags/tutorial.py for tasks to queue
[2024-10-16T03:51:56.969+0000] {logging_mixin.py:190} INFO - [2024-10-16T03:51:56.969+0000] {dagbag.py:588} INFO - Filling up the DagBag from /home/airflow/.local/lib/python3.12/site-packages/airflow/example_dags/tutorial.py
[2024-10-16T03:51:56.973+0000] {processor.py:925} INFO - DAG(s) 'tutorial' retrieved from /home/airflow/.local/lib/python3.12/site-packages/airflow/example_dags/tutorial.py
[2024-10-16T03:51:56.982+0000] {logging_mixin.py:190} INFO - [2024-10-16T03:51:56.982+0000] {dag.py:3239} INFO - Sync 1 DAGs
[2024-10-16T03:51:56.991+0000] {logging_mixin.py:190} INFO - [2024-10-16T03:51:56.991+0000] {dag.py:4180} INFO - Setting next_dagrun for tutorial to 2024-10-15 00:00:00+00:00, run_after=2024-10-16 00:00:00+00:00
[2024-10-16T03:51:56.998+0000] {processor.py:208} INFO - Processing /home/airflow/.local/lib/python3.12/site-packages/airflow/example_dags/tutorial.py took 0.033 seconds
[2024-10-16T03:52:27.268+0000] {processor.py:186} INFO - Started process (PID=189) to work on /home/airflow/.local/lib/python3.12/site-packages/airflow/example_dags/tutorial.py
[2024-10-16T03:52:27.268+0000] {processor.py:914} INFO - Processing file /home/airflow/.local/lib/python3.12/site-packages/airflow/example_dags/tutorial.py for tasks to queue
[2024-10-16T03:52:27.269+0000] {logging_mixin.py:190} INFO - [2024-10-16T03:52:27.269+0000] {dagbag.py:588} INFO - Filling up the DagBag from /home/airflow/.local/lib/python3.12/site-packages/airflow/example_dags/tutorial.py
[2024-10-16T03:52:27.273+0000] {processor.py:925} INFO - DAG(s) 'tutorial' retrieved from /home/airflow/.local/lib/python3.12/site-packages/airflow/example_dags/tutorial.py
[2024-10-16T03:52:27.281+0000] {logging_mixin.py:190} INFO - [2024-10-16T03:52:27.281+0000] {dag.py:3239} INFO - Sync 1 DAGs
[2024-10-16T03:52:27.290+0000] {logging_mixin.py:190} INFO - [2024-10-16T03:52:27.290+0000] {dag.py:4180} INFO - Setting next_dagrun for tutorial to 2024-10-15 00:00:00+00:00, run_after=2024-10-16 00:00:00+00:00
[2024-10-16T03:52:27.297+0000] {processor.py:208} INFO - Processing /home/airflow/.local/lib/python3.12/site-packages/airflow/example_dags/tutorial.py took 0.032 seconds
[2024-10-16T03:52:58.426+0000] {processor.py:186} INFO - Started process (PID=251) to work on /home/airflow/.local/lib/python3.12/site-packages/airflow/example_dags/tutorial.py
[2024-10-16T03:52:58.426+0000] {processor.py:914} INFO - Processing file /home/airflow/.local/lib/python3.12/site-packages/airflow/example_dags/tutorial.py for tasks to queue
[2024-10-16T03:52:58.427+0000] {logging_mixin.py:190} INFO - [2024-10-16T03:52:58.427+0000] {dagbag.py:588} INFO - Filling up the DagBag from /home/airflow/.local/lib/python3.12/site-packages/airflow/example_dags/tutorial.py
[2024-10-16T03:52:58.431+0000] {processor.py:925} INFO - DAG(s) 'tutorial' retrieved from /home/airflow/.local/lib/python3.12/site-packages/airflow/example_dags/tutorial.py
[2024-10-16T03:52:58.439+0000] {logging_mixin.py:190} INFO - [2024-10-16T03:52:58.439+0000] {dag.py:3239} INFO - Sync 1 DAGs
[2024-10-16T03:52:58.448+0000] {logging_mixin.py:190} INFO - [2024-10-16T03:52:58.448+0000] {dag.py:4180} INFO - Setting next_dagrun for tutorial to 2024-10-15 00:00:00+00:00, run_after=2024-10-16 00:00:00+00:00
[2024-10-16T03:52:58.454+0000] {processor.py:208} INFO - Processing /home/airflow/.local/lib/python3.12/site-packages/airflow/example_dags/tutorial.py took 0.031 seconds
[2024-10-16T03:53:29.447+0000] {processor.py:186} INFO - Started process (PID=313) to work on /home/airflow/.local/lib/python3.12/site-packages/airflow/example_dags/tutorial.py
[2024-10-16T03:53:29.448+0000] {processor.py:914} INFO - Processing file /home/airflow/.local/lib/python3.12/site-packages/airflow/example_dags/tutorial.py for tasks to queue
[2024-10-16T03:53:29.449+0000] {logging_mixin.py:190} INFO - [2024-10-16T03:53:29.449+0000] {dagbag.py:588} INFO - Filling up the DagBag from /home/airflow/.local/lib/python3.12/site-packages/airflow/example_dags/tutorial.py
[2024-10-16T03:53:29.454+0000] {processor.py:925} INFO - DAG(s) 'tutorial' retrieved from /home/airflow/.local/lib/python3.12/site-packages/airflow/example_dags/tutorial.py
[2024-10-16T03:53:29.467+0000] {logging_mixin.py:190} INFO - [2024-10-16T03:53:29.467+0000] {dag.py:3239} INFO - Sync 1 DAGs
[2024-10-16T03:53:29.477+0000] {logging_mixin.py:190} INFO - [2024-10-16T03:53:29.477+0000] {dag.py:4180} INFO - Setting next_dagrun for tutorial to 2024-10-15 00:00:00+00:00, run_after=2024-10-16 00:00:00+00:00
[2024-10-16T03:53:29.484+0000] {processor.py:208} INFO - Processing /home/airflow/.local/lib/python3.12/site-packages/airflow/example_dags/tutorial.py took 0.040 seconds
[2024-10-16T03:54:00.431+0000] {processor.py:186} INFO - Started process (PID=375) to work on /home/airflow/.local/lib/python3.12/site-packages/airflow/example_dags/tutorial.py
[2024-10-16T03:54:00.431+0000] {processor.py:914} INFO - Processing file /home/airflow/.local/lib/python3.12/site-packages/airflow/example_dags/tutorial.py for tasks to queue
[2024-10-16T03:54:00.432+0000] {logging_mixin.py:190} INFO - [2024-10-16T03:54:00.432+0000] {dagbag.py:588} INFO - Filling up the DagBag from /home/airflow/.local/lib/python3.12/site-packages/airflow/example_dags/tutorial.py
[2024-10-16T03:54:00.436+0000] {processor.py:925} INFO - DAG(s) 'tutorial' retrieved from /home/airflow/.local/lib/python3.12/site-packages/airflow/example_dags/tutorial.py
[2024-10-16T03:54:00.444+0000] {logging_mixin.py:190} INFO - [2024-10-16T03:54:00.444+0000] {dag.py:3239} INFO - Sync 1 DAGs
[2024-10-16T03:54:00.452+0000] {logging_mixin.py:190} INFO - [2024-10-16T03:54:00.452+0000] {dag.py:4180} INFO - Setting next_dagrun for tutorial to 2024-10-15 00:00:00+00:00, run_after=2024-10-16 00:00:00+00:00
[2024-10-16T03:54:00.459+0000] {processor.py:208} INFO - Processing /home/airflow/.local/lib/python3.12/site-packages/airflow/example_dags/tutorial.py took 0.031 seconds
[2024-10-16T03:54:31.313+0000] {processor.py:186} INFO - Started process (PID=437) to work on /home/airflow/.local/lib/python3.12/site-packages/airflow/example_dags/tutorial.py
[2024-10-16T03:54:31.314+0000] {processor.py:914} INFO - Processing file /home/airflow/.local/lib/python3.12/site-packages/airflow/example_dags/tutorial.py for tasks to queue
[2024-10-16T03:54:31.315+0000] {logging_mixin.py:190} INFO - [2024-10-16T03:54:31.315+0000] {dagbag.py:588} INFO - Filling up the DagBag from /home/airflow/.local/lib/python3.12/site-packages/airflow/example_dags/tutorial.py
[2024-10-16T03:54:31.319+0000] {processor.py:925} INFO - DAG(s) 'tutorial' retrieved from /home/airflow/.local/lib/python3.12/site-packages/airflow/example_dags/tutorial.py
[2024-10-16T03:54:31.326+0000] {logging_mixin.py:190} INFO - [2024-10-16T03:54:31.326+0000] {dag.py:3239} INFO - Sync 1 DAGs
[2024-10-16T03:54:31.335+0000] {logging_mixin.py:190} INFO - [2024-10-16T03:54:31.335+0000] {dag.py:4180} INFO - Setting next_dagrun for tutorial to 2024-10-15 00:00:00+00:00, run_after=2024-10-16 00:00:00+00:00
[2024-10-16T03:54:31.342+0000] {processor.py:208} INFO - Processing /home/airflow/.local/lib/python3.12/site-packages/airflow/example_dags/tutorial.py took 0.031 seconds
[2024-10-16T03:55:02.358+0000] {processor.py:186} INFO - Started process (PID=499) to work on /home/airflow/.local/lib/python3.12/site-packages/airflow/example_dags/tutorial.py
[2024-10-16T03:55:02.358+0000] {processor.py:914} INFO - Processing file /home/airflow/.local/lib/python3.12/site-packages/airflow/example_dags/tutorial.py for tasks to queue
[2024-10-16T03:55:02.359+0000] {logging_mixin.py:190} INFO - [2024-10-16T03:55:02.359+0000] {dagbag.py:588} INFO - Filling up the DagBag from /home/airflow/.local/lib/python3.12/site-packages/airflow/example_dags/tutorial.py
[2024-10-16T03:55:02.363+0000] {processor.py:925} INFO - DAG(s) 'tutorial' retrieved from /home/airflow/.local/lib/python3.12/site-packages/airflow/example_dags/tutorial.py
[2024-10-16T03:55:02.371+0000] {logging_mixin.py:190} INFO - [2024-10-16T03:55:02.371+0000] {dag.py:3239} INFO - Sync 1 DAGs
[2024-10-16T03:55:02.380+0000] {logging_mixin.py:190} INFO - [2024-10-16T03:55:02.380+0000] {dag.py:4180} INFO - Setting next_dagrun for tutorial to 2024-10-15 00:00:00+00:00, run_after=2024-10-16 00:00:00+00:00
[2024-10-16T03:55:02.386+0000] {processor.py:208} INFO - Processing /home/airflow/.local/lib/python3.12/site-packages/airflow/example_dags/tutorial.py took 0.031 seconds
[2024-10-16T03:55:33.434+0000] {processor.py:186} INFO - Started process (PID=561) to work on /home/airflow/.local/lib/python3.12/site-packages/airflow/example_dags/tutorial.py
[2024-10-16T03:55:33.435+0000] {processor.py:914} INFO - Processing file /home/airflow/.local/lib/python3.12/site-packages/airflow/example_dags/tutorial.py for tasks to queue
[2024-10-16T03:55:33.436+0000] {logging_mixin.py:190} INFO - [2024-10-16T03:55:33.436+0000] {dagbag.py:588} INFO - Filling up the DagBag from /home/airflow/.local/lib/python3.12/site-packages/airflow/example_dags/tutorial.py
[2024-10-16T03:55:33.440+0000] {processor.py:925} INFO - DAG(s) 'tutorial' retrieved from /home/airflow/.local/lib/python3.12/site-packages/airflow/example_dags/tutorial.py
[2024-10-16T03:55:33.448+0000] {logging_mixin.py:190} INFO - [2024-10-16T03:55:33.448+0000] {dag.py:3239} INFO - Sync 1 DAGs
[2024-10-16T03:55:33.459+0000] {logging_mixin.py:190} INFO - [2024-10-16T03:55:33.459+0000] {dag.py:4180} INFO - Setting next_dagrun for tutorial to 2024-10-15 00:00:00+00:00, run_after=2024-10-16 00:00:00+00:00
[2024-10-16T03:55:33.466+0000] {processor.py:208} INFO - Processing /home/airflow/.local/lib/python3.12/site-packages/airflow/example_dags/tutorial.py took 0.034 seconds
[2024-10-16T03:56:03.596+0000] {processor.py:186} INFO - Started process (PID=623) to work on /home/airflow/.local/lib/python3.12/site-packages/airflow/example_dags/tutorial.py
[2024-10-16T03:56:03.596+0000] {processor.py:914} INFO - Processing file /home/airflow/.local/lib/python3.12/site-packages/airflow/example_dags/tutorial.py for tasks to queue
[2024-10-16T03:56:03.597+0000] {logging_mixin.py:190} INFO - [2024-10-16T03:56:03.597+0000] {dagbag.py:588} INFO - Filling up the DagBag from /home/airflow/.local/lib/python3.12/site-packages/airflow/example_dags/tutorial.py
[2024-10-16T03:56:03.601+0000] {processor.py:925} INFO - DAG(s) 'tutorial' retrieved from /home/airflow/.local/lib/python3.12/site-packages/airflow/example_dags/tutorial.py
[2024-10-16T03:56:03.611+0000] {logging_mixin.py:190} INFO - [2024-10-16T03:56:03.611+0000] {dag.py:3239} INFO - Sync 1 DAGs
[2024-10-16T03:56:03.627+0000] {logging_mixin.py:190} INFO - [2024-10-16T03:56:03.627+0000] {dag.py:4180} INFO - Setting next_dagrun for tutorial to 2024-10-15 00:00:00+00:00, run_after=2024-10-16 00:00:00+00:00
[2024-10-16T03:56:03.635+0000] {processor.py:208} INFO - Processing /home/airflow/.local/lib/python3.12/site-packages/airflow/example_dags/tutorial.py took 0.042 seconds
[2024-10-16T03:56:34.779+0000] {processor.py:186} INFO - Started process (PID=685) to work on /home/airflow/.local/lib/python3.12/site-packages/airflow/example_dags/tutorial.py
[2024-10-16T03:56:34.779+0000] {processor.py:914} INFO - Processing file /home/airflow/.local/lib/python3.12/site-packages/airflow/example_dags/tutorial.py for tasks to queue
[2024-10-16T03:56:34.780+0000] {logging_mixin.py:190} INFO - [2024-10-16T03:56:34.780+0000] {dagbag.py:588} INFO - Filling up the DagBag from /home/airflow/.local/lib/python3.12/site-packages/airflow/example_dags/tutorial.py
[2024-10-16T03:56:34.784+0000] {processor.py:925} INFO - DAG(s) 'tutorial' retrieved from /home/airflow/.local/lib/python3.12/site-packages/airflow/example_dags/tutorial.py
[2024-10-16T03:56:34.792+0000] {logging_mixin.py:190} INFO - [2024-10-16T03:56:34.792+0000] {dag.py:3239} INFO - Sync 1 DAGs
[2024-10-16T03:56:34.802+0000] {logging_mixin.py:190} INFO - [2024-10-16T03:56:34.802+0000] {dag.py:4180} INFO - Setting next_dagrun for tutorial to 2024-10-15 00:00:00+00:00, run_after=2024-10-16 00:00:00+00:00
[2024-10-16T03:56:34.808+0000] {processor.py:208} INFO - Processing /home/airflow/.local/lib/python3.12/site-packages/airflow/example_dags/tutorial.py took 0.032 seconds
[2024-10-16T03:57:05.062+0000] {processor.py:186} INFO - Started process (PID=747) to work on /home/airflow/.local/lib/python3.12/site-packages/airflow/example_dags/tutorial.py
[2024-10-16T03:57:05.063+0000] {processor.py:914} INFO - Processing file /home/airflow/.local/lib/python3.12/site-packages/airflow/example_dags/tutorial.py for tasks to queue
[2024-10-16T03:57:05.063+0000] {logging_mixin.py:190} INFO - [2024-10-16T03:57:05.063+0000] {dagbag.py:588} INFO - Filling up the DagBag from /home/airflow/.local/lib/python3.12/site-packages/airflow/example_dags/tutorial.py
[2024-10-16T03:57:05.067+0000] {processor.py:925} INFO - DAG(s) 'tutorial' retrieved from /home/airflow/.local/lib/python3.12/site-packages/airflow/example_dags/tutorial.py
[2024-10-16T03:57:05.077+0000] {logging_mixin.py:190} INFO - [2024-10-16T03:57:05.077+0000] {dag.py:3239} INFO - Sync 1 DAGs
[2024-10-16T03:57:05.087+0000] {logging_mixin.py:190} INFO - [2024-10-16T03:57:05.087+0000] {dag.py:4180} INFO - Setting next_dagrun for tutorial to 2024-10-15 00:00:00+00:00, run_after=2024-10-16 00:00:00+00:00
[2024-10-16T03:57:05.093+0000] {processor.py:208} INFO - Processing /home/airflow/.local/lib/python3.12/site-packages/airflow/example_dags/tutorial.py took 0.034 seconds
[2024-10-16T03:57:36.087+0000] {processor.py:186} INFO - Started process (PID=809) to work on /home/airflow/.local/lib/python3.12/site-packages/airflow/example_dags/tutorial.py
[2024-10-16T03:57:36.088+0000] {processor.py:914} INFO - Processing file /home/airflow/.local/lib/python3.12/site-packages/airflow/example_dags/tutorial.py for tasks to queue
[2024-10-16T03:57:36.089+0000] {logging_mixin.py:190} INFO - [2024-10-16T03:57:36.089+0000] {dagbag.py:588} INFO - Filling up the DagBag from /home/airflow/.local/lib/python3.12/site-packages/airflow/example_dags/tutorial.py
[2024-10-16T03:57:36.093+0000] {processor.py:925} INFO - DAG(s) 'tutorial' retrieved from /home/airflow/.local/lib/python3.12/site-packages/airflow/example_dags/tutorial.py
[2024-10-16T03:57:36.101+0000] {logging_mixin.py:190} INFO - [2024-10-16T03:57:36.101+0000] {dag.py:3239} INFO - Sync 1 DAGs
[2024-10-16T03:57:36.110+0000] {logging_mixin.py:190} INFO - [2024-10-16T03:57:36.110+0000] {dag.py:4180} INFO - Setting next_dagrun for tutorial to 2024-10-15 00:00:00+00:00, run_after=2024-10-16 00:00:00+00:00
[2024-10-16T03:57:36.117+0000] {processor.py:208} INFO - Processing /home/airflow/.local/lib/python3.12/site-packages/airflow/example_dags/tutorial.py took 0.032 seconds
[2024-10-16T03:58:07.166+0000] {processor.py:186} INFO - Started process (PID=871) to work on /home/airflow/.local/lib/python3.12/site-packages/airflow/example_dags/tutorial.py
[2024-10-16T03:58:07.167+0000] {processor.py:914} INFO - Processing file /home/airflow/.local/lib/python3.12/site-packages/airflow/example_dags/tutorial.py for tasks to queue
[2024-10-16T03:58:07.168+0000] {logging_mixin.py:190} INFO - [2024-10-16T03:58:07.168+0000] {dagbag.py:588} INFO - Filling up the DagBag from /home/airflow/.local/lib/python3.12/site-packages/airflow/example_dags/tutorial.py
[2024-10-16T03:58:07.176+0000] {processor.py:925} INFO - DAG(s) 'tutorial' retrieved from /home/airflow/.local/lib/python3.12/site-packages/airflow/example_dags/tutorial.py
[2024-10-16T03:58:07.185+0000] {logging_mixin.py:190} INFO - [2024-10-16T03:58:07.185+0000] {dag.py:3239} INFO - Sync 1 DAGs
[2024-10-16T03:58:07.199+0000] {logging_mixin.py:190} INFO - [2024-10-16T03:58:07.199+0000] {dag.py:4180} INFO - Setting next_dagrun for tutorial to 2024-10-15 00:00:00+00:00, run_after=2024-10-16 00:00:00+00:00
[2024-10-16T03:58:07.211+0000] {processor.py:208} INFO - Processing /home/airflow/.local/lib/python3.12/site-packages/airflow/example_dags/tutorial.py took 0.049 seconds
[2024-10-16T03:58:37.701+0000] {processor.py:186} INFO - Started process (PID=933) to work on /home/airflow/.local/lib/python3.12/site-packages/airflow/example_dags/tutorial.py
[2024-10-16T03:58:37.701+0000] {processor.py:914} INFO - Processing file /home/airflow/.local/lib/python3.12/site-packages/airflow/example_dags/tutorial.py for tasks to queue
[2024-10-16T03:58:37.703+0000] {logging_mixin.py:190} INFO - [2024-10-16T03:58:37.703+0000] {dagbag.py:588} INFO - Filling up the DagBag from /home/airflow/.local/lib/python3.12/site-packages/airflow/example_dags/tutorial.py
[2024-10-16T03:58:37.708+0000] {processor.py:925} INFO - DAG(s) 'tutorial' retrieved from /home/airflow/.local/lib/python3.12/site-packages/airflow/example_dags/tutorial.py
[2024-10-16T03:58:37.720+0000] {logging_mixin.py:190} INFO - [2024-10-16T03:58:37.720+0000] {dag.py:3239} INFO - Sync 1 DAGs
[2024-10-16T03:58:37.732+0000] {logging_mixin.py:190} INFO - [2024-10-16T03:58:37.732+0000] {dag.py:4180} INFO - Setting next_dagrun for tutorial to 2024-10-15 00:00:00+00:00, run_after=2024-10-16 00:00:00+00:00
[2024-10-16T03:58:37.741+0000] {processor.py:208} INFO - Processing /home/airflow/.local/lib/python3.12/site-packages/airflow/example_dags/tutorial.py took 0.043 seconds
[2024-10-16T03:59:08.696+0000] {processor.py:186} INFO - Started process (PID=995) to work on /home/airflow/.local/lib/python3.12/site-packages/airflow/example_dags/tutorial.py
[2024-10-16T03:59:08.696+0000] {processor.py:914} INFO - Processing file /home/airflow/.local/lib/python3.12/site-packages/airflow/example_dags/tutorial.py for tasks to queue
[2024-10-16T03:59:08.698+0000] {logging_mixin.py:190} INFO - [2024-10-16T03:59:08.698+0000] {dagbag.py:588} INFO - Filling up the DagBag from /home/airflow/.local/lib/python3.12/site-packages/airflow/example_dags/tutorial.py
[2024-10-16T03:59:08.703+0000] {processor.py:925} INFO - DAG(s) 'tutorial' retrieved from /home/airflow/.local/lib/python3.12/site-packages/airflow/example_dags/tutorial.py
[2024-10-16T03:59:08.712+0000] {logging_mixin.py:190} INFO - [2024-10-16T03:59:08.712+0000] {dag.py:3239} INFO - Sync 1 DAGs
[2024-10-16T03:59:08.723+0000] {logging_mixin.py:190} INFO - [2024-10-16T03:59:08.723+0000] {dag.py:4180} INFO - Setting next_dagrun for tutorial to 2024-10-15 00:00:00+00:00, run_after=2024-10-16 00:00:00+00:00
[2024-10-16T03:59:08.730+0000] {processor.py:208} INFO - Processing /home/airflow/.local/lib/python3.12/site-packages/airflow/example_dags/tutorial.py took 0.038 seconds
[2024-10-16T03:59:38.812+0000] {processor.py:186} INFO - Started process (PID=1057) to work on /home/airflow/.local/lib/python3.12/site-packages/airflow/example_dags/tutorial.py
[2024-10-16T03:59:38.813+0000] {processor.py:914} INFO - Processing file /home/airflow/.local/lib/python3.12/site-packages/airflow/example_dags/tutorial.py for tasks to queue
[2024-10-16T03:59:38.814+0000] {logging_mixin.py:190} INFO - [2024-10-16T03:59:38.814+0000] {dagbag.py:588} INFO - Filling up the DagBag from /home/airflow/.local/lib/python3.12/site-packages/airflow/example_dags/tutorial.py
[2024-10-16T03:59:38.818+0000] {processor.py:925} INFO - DAG(s) 'tutorial' retrieved from /home/airflow/.local/lib/python3.12/site-packages/airflow/example_dags/tutorial.py
[2024-10-16T03:59:38.826+0000] {logging_mixin.py:190} INFO - [2024-10-16T03:59:38.826+0000] {dag.py:3239} INFO - Sync 1 DAGs
[2024-10-16T03:59:38.834+0000] {logging_mixin.py:190} INFO - [2024-10-16T03:59:38.834+0000] {dag.py:4180} INFO - Setting next_dagrun for tutorial to 2024-10-15 00:00:00+00:00, run_after=2024-10-16 00:00:00+00:00
[2024-10-16T03:59:38.841+0000] {processor.py:208} INFO - Processing /home/airflow/.local/lib/python3.12/site-packages/airflow/example_dags/tutorial.py took 0.031 seconds
[2024-10-16T04:00:09.025+0000] {processor.py:186} INFO - Started process (PID=1119) to work on /home/airflow/.local/lib/python3.12/site-packages/airflow/example_dags/tutorial.py
[2024-10-16T04:00:09.025+0000] {processor.py:914} INFO - Processing file /home/airflow/.local/lib/python3.12/site-packages/airflow/example_dags/tutorial.py for tasks to queue
[2024-10-16T04:00:09.026+0000] {logging_mixin.py:190} INFO - [2024-10-16T04:00:09.026+0000] {dagbag.py:588} INFO - Filling up the DagBag from /home/airflow/.local/lib/python3.12/site-packages/airflow/example_dags/tutorial.py
[2024-10-16T04:00:09.029+0000] {processor.py:925} INFO - DAG(s) 'tutorial' retrieved from /home/airflow/.local/lib/python3.12/site-packages/airflow/example_dags/tutorial.py
[2024-10-16T04:00:09.049+0000] {logging_mixin.py:190} INFO - [2024-10-16T04:00:09.049+0000] {dag.py:3239} INFO - Sync 1 DAGs
[2024-10-16T04:00:09.057+0000] {logging_mixin.py:190} INFO - [2024-10-16T04:00:09.057+0000] {dag.py:4180} INFO - Setting next_dagrun for tutorial to 2024-10-15 00:00:00+00:00, run_after=2024-10-16 00:00:00+00:00
[2024-10-16T04:00:09.065+0000] {processor.py:208} INFO - Processing /home/airflow/.local/lib/python3.12/site-packages/airflow/example_dags/tutorial.py took 0.043 seconds
[2024-10-16T04:00:40.195+0000] {processor.py:186} INFO - Started process (PID=1181) to work on /home/airflow/.local/lib/python3.12/site-packages/airflow/example_dags/tutorial.py
[2024-10-16T04:00:40.196+0000] {processor.py:914} INFO - Processing file /home/airflow/.local/lib/python3.12/site-packages/airflow/example_dags/tutorial.py for tasks to queue
[2024-10-16T04:00:40.197+0000] {logging_mixin.py:190} INFO - [2024-10-16T04:00:40.196+0000] {dagbag.py:588} INFO - Filling up the DagBag from /home/airflow/.local/lib/python3.12/site-packages/airflow/example_dags/tutorial.py
[2024-10-16T04:00:40.201+0000] {processor.py:925} INFO - DAG(s) 'tutorial' retrieved from /home/airflow/.local/lib/python3.12/site-packages/airflow/example_dags/tutorial.py
[2024-10-16T04:00:40.213+0000] {logging_mixin.py:190} INFO - [2024-10-16T04:00:40.213+0000] {dag.py:3239} INFO - Sync 1 DAGs
[2024-10-16T04:00:40.225+0000] {logging_mixin.py:190} INFO - [2024-10-16T04:00:40.225+0000] {dag.py:4180} INFO - Setting next_dagrun for tutorial to 2024-10-15 00:00:00+00:00, run_after=2024-10-16 00:00:00+00:00
[2024-10-16T04:00:40.232+0000] {processor.py:208} INFO - Processing /home/airflow/.local/lib/python3.12/site-packages/airflow/example_dags/tutorial.py took 0.040 seconds
[2024-10-16T04:01:11.219+0000] {processor.py:186} INFO - Started process (PID=1243) to work on /home/airflow/.local/lib/python3.12/site-packages/airflow/example_dags/tutorial.py
[2024-10-16T04:01:11.220+0000] {processor.py:914} INFO - Processing file /home/airflow/.local/lib/python3.12/site-packages/airflow/example_dags/tutorial.py for tasks to queue
[2024-10-16T04:01:11.221+0000] {logging_mixin.py:190} INFO - [2024-10-16T04:01:11.221+0000] {dagbag.py:588} INFO - Filling up the DagBag from /home/airflow/.local/lib/python3.12/site-packages/airflow/example_dags/tutorial.py
[2024-10-16T04:01:11.224+0000] {processor.py:925} INFO - DAG(s) 'tutorial' retrieved from /home/airflow/.local/lib/python3.12/site-packages/airflow/example_dags/tutorial.py
[2024-10-16T04:01:11.232+0000] {logging_mixin.py:190} INFO - [2024-10-16T04:01:11.232+0000] {dag.py:3239} INFO - Sync 1 DAGs
[2024-10-16T04:01:11.241+0000] {logging_mixin.py:190} INFO - [2024-10-16T04:01:11.241+0000] {dag.py:4180} INFO - Setting next_dagrun for tutorial to 2024-10-15 00:00:00+00:00, run_after=2024-10-16 00:00:00+00:00
[2024-10-16T04:01:11.248+0000] {processor.py:208} INFO - Processing /home/airflow/.local/lib/python3.12/site-packages/airflow/example_dags/tutorial.py took 0.031 seconds
[2024-10-16T04:01:42.219+0000] {processor.py:186} INFO - Started process (PID=1305) to work on /home/airflow/.local/lib/python3.12/site-packages/airflow/example_dags/tutorial.py
[2024-10-16T04:01:42.220+0000] {processor.py:914} INFO - Processing file /home/airflow/.local/lib/python3.12/site-packages/airflow/example_dags/tutorial.py for tasks to queue
[2024-10-16T04:01:42.221+0000] {logging_mixin.py:190} INFO - [2024-10-16T04:01:42.221+0000] {dagbag.py:588} INFO - Filling up the DagBag from /home/airflow/.local/lib/python3.12/site-packages/airflow/example_dags/tutorial.py
[2024-10-16T04:01:42.225+0000] {processor.py:925} INFO - DAG(s) 'tutorial' retrieved from /home/airflow/.local/lib/python3.12/site-packages/airflow/example_dags/tutorial.py
[2024-10-16T04:01:42.232+0000] {logging_mixin.py:190} INFO - [2024-10-16T04:01:42.232+0000] {dag.py:3239} INFO - Sync 1 DAGs
[2024-10-16T04:01:42.242+0000] {logging_mixin.py:190} INFO - [2024-10-16T04:01:42.241+0000] {dag.py:4180} INFO - Setting next_dagrun for tutorial to 2024-10-15 00:00:00+00:00, run_after=2024-10-16 00:00:00+00:00
[2024-10-16T04:01:42.248+0000] {processor.py:208} INFO - Processing /home/airflow/.local/lib/python3.12/site-packages/airflow/example_dags/tutorial.py took 0.032 seconds
[2024-10-16T04:02:13.200+0000] {processor.py:186} INFO - Started process (PID=1367) to work on /home/airflow/.local/lib/python3.12/site-packages/airflow/example_dags/tutorial.py
[2024-10-16T04:02:13.200+0000] {processor.py:914} INFO - Processing file /home/airflow/.local/lib/python3.12/site-packages/airflow/example_dags/tutorial.py for tasks to queue
[2024-10-16T04:02:13.201+0000] {logging_mixin.py:190} INFO - [2024-10-16T04:02:13.201+0000] {dagbag.py:588} INFO - Filling up the DagBag from /home/airflow/.local/lib/python3.12/site-packages/airflow/example_dags/tutorial.py
[2024-10-16T04:02:13.205+0000] {processor.py:925} INFO - DAG(s) 'tutorial' retrieved from /home/airflow/.local/lib/python3.12/site-packages/airflow/example_dags/tutorial.py
[2024-10-16T04:02:13.214+0000] {logging_mixin.py:190} INFO - [2024-10-16T04:02:13.213+0000] {dag.py:3239} INFO - Sync 1 DAGs
[2024-10-16T04:02:13.223+0000] {logging_mixin.py:190} INFO - [2024-10-16T04:02:13.223+0000] {dag.py:4180} INFO - Setting next_dagrun for tutorial to 2024-10-15 00:00:00+00:00, run_after=2024-10-16 00:00:00+00:00
[2024-10-16T04:02:13.230+0000] {processor.py:208} INFO - Processing /home/airflow/.local/lib/python3.12/site-packages/airflow/example_dags/tutorial.py took 0.033 seconds
[2024-10-16T04:02:43.952+0000] {processor.py:186} INFO - Started process (PID=1429) to work on /home/airflow/.local/lib/python3.12/site-packages/airflow/example_dags/tutorial.py
[2024-10-16T04:02:43.952+0000] {processor.py:914} INFO - Processing file /home/airflow/.local/lib/python3.12/site-packages/airflow/example_dags/tutorial.py for tasks to queue
[2024-10-16T04:02:43.954+0000] {logging_mixin.py:190} INFO - [2024-10-16T04:02:43.953+0000] {dagbag.py:588} INFO - Filling up the DagBag from /home/airflow/.local/lib/python3.12/site-packages/airflow/example_dags/tutorial.py
[2024-10-16T04:02:43.957+0000] {processor.py:925} INFO - DAG(s) 'tutorial' retrieved from /home/airflow/.local/lib/python3.12/site-packages/airflow/example_dags/tutorial.py
[2024-10-16T04:02:43.965+0000] {logging_mixin.py:190} INFO - [2024-10-16T04:02:43.965+0000] {dag.py:3239} INFO - Sync 1 DAGs
[2024-10-16T04:02:43.974+0000] {logging_mixin.py:190} INFO - [2024-10-16T04:02:43.974+0000] {dag.py:4180} INFO - Setting next_dagrun for tutorial to 2024-10-15 00:00:00+00:00, run_after=2024-10-16 00:00:00+00:00
[2024-10-16T04:02:43.980+0000] {processor.py:208} INFO - Processing /home/airflow/.local/lib/python3.12/site-packages/airflow/example_dags/tutorial.py took 0.031 seconds
[2024-10-16T04:03:14.895+0000] {processor.py:186} INFO - Started process (PID=1491) to work on /home/airflow/.local/lib/python3.12/site-packages/airflow/example_dags/tutorial.py
[2024-10-16T04:03:14.896+0000] {processor.py:914} INFO - Processing file /home/airflow/.local/lib/python3.12/site-packages/airflow/example_dags/tutorial.py for tasks to queue
[2024-10-16T04:03:14.897+0000] {logging_mixin.py:190} INFO - [2024-10-16T04:03:14.897+0000] {dagbag.py:588} INFO - Filling up the DagBag from /home/airflow/.local/lib/python3.12/site-packages/airflow/example_dags/tutorial.py
[2024-10-16T04:03:14.901+0000] {processor.py:925} INFO - DAG(s) 'tutorial' retrieved from /home/airflow/.local/lib/python3.12/site-packages/airflow/example_dags/tutorial.py
[2024-10-16T04:03:14.909+0000] {logging_mixin.py:190} INFO - [2024-10-16T04:03:14.909+0000] {dag.py:3239} INFO - Sync 1 DAGs
[2024-10-16T04:03:14.918+0000] {logging_mixin.py:190} INFO - [2024-10-16T04:03:14.918+0000] {dag.py:4180} INFO - Setting next_dagrun for tutorial to 2024-10-15 00:00:00+00:00, run_after=2024-10-16 00:00:00+00:00
[2024-10-16T04:03:14.925+0000] {processor.py:208} INFO - Processing /home/airflow/.local/lib/python3.12/site-packages/airflow/example_dags/tutorial.py took 0.032 seconds
[2024-10-16T04:03:45.823+0000] {processor.py:186} INFO - Started process (PID=1558) to work on /home/airflow/.local/lib/python3.12/site-packages/airflow/example_dags/tutorial.py
[2024-10-16T04:03:45.824+0000] {processor.py:914} INFO - Processing file /home/airflow/.local/lib/python3.12/site-packages/airflow/example_dags/tutorial.py for tasks to queue
[2024-10-16T04:03:45.825+0000] {logging_mixin.py:190} INFO - [2024-10-16T04:03:45.824+0000] {dagbag.py:588} INFO - Filling up the DagBag from /home/airflow/.local/lib/python3.12/site-packages/airflow/example_dags/tutorial.py
[2024-10-16T04:03:45.828+0000] {processor.py:925} INFO - DAG(s) 'tutorial' retrieved from /home/airflow/.local/lib/python3.12/site-packages/airflow/example_dags/tutorial.py
[2024-10-16T04:03:45.836+0000] {logging_mixin.py:190} INFO - [2024-10-16T04:03:45.836+0000] {dag.py:3239} INFO - Sync 1 DAGs
[2024-10-16T04:03:45.845+0000] {logging_mixin.py:190} INFO - [2024-10-16T04:03:45.845+0000] {dag.py:4180} INFO - Setting next_dagrun for tutorial to 2024-10-15 00:00:00+00:00, run_after=2024-10-16 00:00:00+00:00
[2024-10-16T04:03:45.852+0000] {processor.py:208} INFO - Processing /home/airflow/.local/lib/python3.12/site-packages/airflow/example_dags/tutorial.py took 0.031 seconds
[2024-10-16T04:04:16.743+0000] {processor.py:186} INFO - Started process (PID=1620) to work on /home/airflow/.local/lib/python3.12/site-packages/airflow/example_dags/tutorial.py
[2024-10-16T04:04:16.745+0000] {processor.py:914} INFO - Processing file /home/airflow/.local/lib/python3.12/site-packages/airflow/example_dags/tutorial.py for tasks to queue
[2024-10-16T04:04:16.746+0000] {logging_mixin.py:190} INFO - [2024-10-16T04:04:16.746+0000] {dagbag.py:588} INFO - Filling up the DagBag from /home/airflow/.local/lib/python3.12/site-packages/airflow/example_dags/tutorial.py
[2024-10-16T04:04:16.749+0000] {processor.py:925} INFO - DAG(s) 'tutorial' retrieved from /home/airflow/.local/lib/python3.12/site-packages/airflow/example_dags/tutorial.py
[2024-10-16T04:04:16.757+0000] {logging_mixin.py:190} INFO - [2024-10-16T04:04:16.757+0000] {dag.py:3239} INFO - Sync 1 DAGs
[2024-10-16T04:04:16.766+0000] {logging_mixin.py:190} INFO - [2024-10-16T04:04:16.766+0000] {dag.py:4180} INFO - Setting next_dagrun for tutorial to 2024-10-15 00:00:00+00:00, run_after=2024-10-16 00:00:00+00:00
[2024-10-16T04:04:16.773+0000] {processor.py:208} INFO - Processing /home/airflow/.local/lib/python3.12/site-packages/airflow/example_dags/tutorial.py took 0.032 seconds
